# JRE version: Java(TM) SE Runtime Environment (8.0_91-b15) (build 1.8.0_91-b15)
# Java VM: Java HotSpot(TM) 64-Bit Server VM (25.91-b15 mixed mode windows-amd64 compressed oops)
Heap:
 PSYoungGen      total 34816K, used 773K [0x00000000eb180000, 0x00000000ed600000, 0x0000000100000000)
  eden space 33280K, 2% used [0x00000000eb180000,0x00000000eb241560,0x00000000ed200000)
  from space 1536K, 0% used [0x00000000ed480000,0x00000000ed480000,0x00000000ed600000)
  to   space 2048K, 0% used [0x00000000ed200000,0x00000000ed200000,0x00000000ed400000)
 ParOldGen       total 29184K, used 7627K [0x00000000c1400000, 0x00000000c3080000, 0x00000000eb180000)
  object space 29184K, 26% used [0x00000000c1400000,0x00000000c1b72c78,0x00000000c3080000)
 Metaspace       used 19086K, capacity 19272K, committed 19584K, reserved 1069056K
  class space    used 2388K, capacity 2417K, committed 2432K, reserved 1048576K
GC Heap History (10 events):
Event: 19.041 GC heap before
{Heap before GC invocations=6 (full 1):
 PSYoungGen      total 35328K, used 2532K [0x00000000eb180000, 0x00000000ed680000, 0x0000000100000000)
  eden space 32768K, 0% used [0x00000000eb180000,0x00000000eb180000,0x00000000ed180000)
  from space 2560K, 98% used [0x00000000ed180000,0x00000000ed3f93f8,0x00000000ed400000)
  to   space 2560K, 0% used [0x00000000ed400000,0x00000000ed400000,0x00000000ed680000)
 ParOldGen       total 44032K, used 10615K [0x00000000c1400000, 0x00000000c3f00000, 0x00000000eb180000)
  object space 44032K, 24% used [0x00000000c1400000,0x00000000c1e5dd78,0x00000000c3f00000)
 Metaspace       used 15607K, capacity 15788K, committed 15872K, reserved 1069056K
  class space    used 1966K, capacity 2016K, committed 2048K, reserved 1048576K
Event: 19.076 GC heap after
Heap after GC invocations=6 (full 1):
 PSYoungGen      total 35328K, used 0K [0x00000000eb180000, 0x00000000ed680000, 0x0000000100000000)
  eden space 32768K, 0% used [0x00000000eb180000,0x00000000eb180000,0x00000000ed180000)
  from space 2560K, 0% used [0x00000000ed180000,0x00000000ed180000,0x00000000ed400000)
  to   space 2560K, 0% used [0x00000000ed400000,0x00000000ed400000,0x00000000ed680000)
 ParOldGen       total 29184K, used 7173K [0x00000000c1400000, 0x00000000c3080000, 0x00000000eb180000)
  object space 29184K, 24% used [0x00000000c1400000,0x00000000c1b016b0,0x00000000c3080000)
 Metaspace       used 15607K, capacity 15788K, committed 15872K, reserved 1064960K
  class space    used 1966K, capacity 2016K, committed 2048K, reserved 1048576K
}
Event: 20.367 GC heap before
{Heap before GC invocations=7 (full 1):
 PSYoungGen      total 35328K, used 16075K [0x00000000eb180000, 0x00000000ed680000, 0x0000000100000000)
  eden space 32768K, 49% used [0x00000000eb180000,0x00000000ec132fe8,0x00000000ed180000)
  from space 2560K, 0% used [0x00000000ed180000,0x00000000ed180000,0x00000000ed400000)
  to   space 2560K, 0% used [0x00000000ed400000,0x00000000ed400000,0x00000000ed680000)
 ParOldGen       total 29184K, used 7173K [0x00000000c1400000, 0x00000000c3080000, 0x00000000eb180000)
  object space 29184K, 24% used [0x00000000c1400000,0x00000000c1b016b0,0x00000000c3080000)
 Metaspace       used 17635K, capacity 17790K, committed 17920K, reserved 1069056K
  class space    used 2222K, capacity 2275K, committed 2304K, reserved 1048576K
Event: 20.372 GC heap after
Heap after GC invocations=7 (full 1):
 PSYoungGen      total 35328K, used 2169K [0x00000000eb180000, 0x00000000ed680000, 0x0000000100000000)
  eden space 32768K, 0% used [0x00000000eb180000,0x00000000eb180000,0x00000000ed180000)
  from space 2560K, 84% used [0x00000000ed400000,0x00000000ed61e7f8,0x00000000ed680000)
  to   space 2560K, 0% used [0x00000000ed180000,0x00000000ed180000,0x00000000ed400000)
 ParOldGen       total 29184K, used 7173K [0x00000000c1400000, 0x00000000c3080000, 0x00000000eb180000)
  object space 29184K, 24% used [0x00000000c1400000,0x00000000c1b016b0,0x00000000c3080000)
 Metaspace       used 17635K, capacity 17790K, committed 17920K, reserved 1069056K
  class space    used 2222K, capacity 2275K, committed 2304K, reserved 1048576K
}
Event: 20.372 GC heap before
{Heap before GC invocations=8 (full 2):
 PSYoungGen      total 35328K, used 2169K [0x00000000eb180000, 0x00000000ed680000, 0x0000000100000000)
  eden space 32768K, 0% used [0x00000000eb180000,0x00000000eb180000,0x00000000ed180000)
  from space 2560K, 84% used [0x00000000ed400000,0x00000000ed61e7f8,0x00000000ed680000)
  to   space 2560K, 0% used [0x00000000ed180000,0x00000000ed180000,0x00000000ed400000)
 ParOldGen       total 29184K, used 7173K [0x00000000c1400000, 0x00000000c3080000, 0x00000000eb180000)
  object space 29184K, 24% used [0x00000000c1400000,0x00000000c1b016b0,0x00000000c3080000)
 Metaspace       used 17635K, capacity 17790K, committed 17920K, reserved 1069056K
  class space    used 2222K, capacity 2275K, committed 2304K, reserved 1048576K
Event: 20.420 GC heap after
Heap after GC invocations=8 (full 2):
 PSYoungGen      total 35328K, used 0K [0x00000000eb180000, 0x00000000ed680000, 0x0000000100000000)
  eden space 32768K, 0% used [0x00000000eb180000,0x00000000eb180000,0x00000000ed180000)
  from space 2560K, 0% used [0x00000000ed400000,0x00000000ed400000,0x00000000ed680000)
  to   space 2560K, 0% used [0x00000000ed180000,0x00000000ed180000,0x00000000ed400000)
 ParOldGen       total 29184K, used 8551K [0x00000000c1400000, 0x00000000c3080000, 0x00000000eb180000)
  object space 29184K, 29% used [0x00000000c1400000,0x00000000c1c59f48,0x00000000c3080000)
 Metaspace       used 17635K, capacity 17790K, committed 17920K, reserved 1067008K
  class space    used 2222K, capacity 2275K, committed 2304K, reserved 1048576K
}
Event: 20.420 GC heap before
{Heap before GC invocations=9 (full 2):
 PSYoungGen      total 35328K, used 0K [0x00000000eb180000, 0x00000000ed680000, 0x0000000100000000)
  eden space 32768K, 0% used [0x00000000eb180000,0x00000000eb180000,0x00000000ed180000)
  from space 2560K, 0% used [0x00000000ed400000,0x00000000ed400000,0x00000000ed680000)
  to   space 2560K, 0% used [0x00000000ed180000,0x00000000ed180000,0x00000000ed400000)
 ParOldGen       total 29184K, used 8551K [0x00000000c1400000, 0x00000000c3080000, 0x00000000eb180000)
  object space 29184K, 29% used [0x00000000c1400000,0x00000000c1c59f48,0x00000000c3080000)
 Metaspace       used 17635K, capacity 17790K, committed 17920K, reserved 1071104K
  class space    used 2222K, capacity 2275K, committed 2304K, reserved 1048576K
Event: 20.421 GC heap after
Heap after GC invocations=9 (full 2):
 PSYoungGen      total 35328K, used 0K [0x00000000eb180000, 0x00000000ed680000, 0x0000000100000000)
  eden space 32768K, 0% used [0x00000000eb180000,0x00000000eb180000,0x00000000ed180000)
  from space 2560K, 0% used [0x00000000ed180000,0x00000000ed180000,0x00000000ed400000)
  to   space 2560K, 0% used [0x00000000ed400000,0x00000000ed400000,0x00000000ed680000)
 ParOldGen       total 29184K, used 8551K [0x00000000c1400000, 0x00000000c3080000, 0x00000000eb180000)
  object space 29184K, 29% used [0x00000000c1400000,0x00000000c1c59f48,0x00000000c3080000)
 Metaspace       used 17635K, capacity 17790K, committed 17920K, reserved 1071104K
  class space    used 2222K, capacity 2275K, committed 2304K, reserved 1048576K
}
Event: 20.421 GC heap before
{Heap before GC invocations=10 (full 3):
 PSYoungGen      total 35328K, used 0K [0x00000000eb180000, 0x00000000ed680000, 0x0000000100000000)
  eden space 32768K, 0% used [0x00000000eb180000,0x00000000eb180000,0x00000000ed180000)
  from space 2560K, 0% used [0x00000000ed180000,0x00000000ed180000,0x00000000ed400000)
  to   space 2560K, 0% used [0x00000000ed400000,0x00000000ed400000,0x00000000ed680000)
 ParOldGen       total 29184K, used 8551K [0x00000000c1400000, 0x00000000c3080000, 0x00000000eb180000)
  object space 29184K, 29% used [0x00000000c1400000,0x00000000c1c59f48,0x00000000c3080000)
 Metaspace       used 17635K, capacity 17790K, committed 17920K, reserved 1071104K
  class space    used 2222K, capacity 2275K, committed 2304K, reserved 1048576K
Event: 20.493 GC heap after
Heap after GC invocations=10 (full 3):
 PSYoungGen      total 35328K, used 0K [0x00000000eb180000, 0x00000000ed680000, 0x0000000100000000)
  eden space 32768K, 0% used [0x00000000eb180000,0x00000000eb180000,0x00000000ed180000)
  from space 2560K, 0% used [0x00000000ed180000,0x00000000ed180000,0x00000000ed400000)
  to   space 2560K, 0% used [0x00000000ed400000,0x00000000ed400000,0x00000000ed680000)
 ParOldGen       total 29184K, used 8183K [0x00000000c1400000, 0x00000000c3080000, 0x00000000eb180000)
  object space 29184K, 28% used [0x00000000c1400000,0x00000000c1bfdfc8,0x00000000c3080000)
 Metaspace       used 17605K, capacity 17742K, committed 17920K, reserved 1067008K
  class space    used 2217K, capacity 2267K, committed 2304K, reserved 1048576K
}

