# JRE version: Java(TM) SE Runtime Environment (8.0_91-b15) (build 1.8.0_91-b15)
# Java VM: Java HotSpot(TM) 64-Bit Server VM (25.91-b15 mixed mode windows-amd64 compressed oops)
Heap:
 PSYoungGen      total 318976K, used 99026K [0x00000000eb180000, 0x0000000100000000, 0x0000000100000000)
  eden space 301568K, 27% used [0x00000000eb180000,0x00000000f014c518,0x00000000fd800000)
  from space 17408K, 99% used [0x00000000fd800000,0x00000000fe8e8560,0x00000000fe900000)
  to   space 22016K, 0% used [0x00000000fea80000,0x00000000fea80000,0x0000000100000000)
 ParOldGen       total 62464K, used 30376K [0x00000000c1400000, 0x00000000c5100000, 0x00000000eb180000)
  object space 62464K, 48% used [0x00000000c1400000,0x00000000c31aa090,0x00000000c5100000)
 Metaspace       used 50443K, capacity 51281K, committed 51712K, reserved 1093632K
  class space    used 6447K, capacity 6635K, committed 6656K, reserved 1048576K
GC Heap History (10 events):
Event: 9.235 GC heap before
{Heap before GC invocations=11 (full 1):
 PSYoungGen      total 194560K, used 86558K [0x00000000eb180000, 0x00000000fc780000, 0x0000000100000000)
  eden space 183296K, 41% used [0x00000000eb180000,0x00000000efb09870,0x00000000f6480000)
  from space 11264K, 99% used [0x00000000f6480000,0x00000000f6f7e380,0x00000000f6f80000)
  to   space 16384K, 0% used [0x00000000fb780000,0x00000000fb780000,0x00000000fc780000)
 ParOldGen       total 38400K, used 21261K [0x00000000c1400000, 0x00000000c3980000, 0x00000000eb180000)
  object space 38400K, 55% used [0x00000000c1400000,0x00000000c28c3450,0x00000000c3980000)
 Metaspace       used 34897K, capacity 35327K, committed 35456K, reserved 1081344K
  class space    used 4347K, capacity 4447K, committed 4480K, reserved 1048576K
Event: 9.253 GC heap after
Heap after GC invocations=11 (full 1):
 PSYoungGen      total 264192K, used 8302K [0x00000000eb180000, 0x00000000fc500000, 0x0000000100000000)
  eden space 250368K, 0% used [0x00000000eb180000,0x00000000eb180000,0x00000000fa600000)
  from space 13824K, 60% used [0x00000000fb780000,0x00000000fbf9b980,0x00000000fc500000)
  to   space 15872K, 0% used [0x00000000fa600000,0x00000000fa600000,0x00000000fb580000)
 ParOldGen       total 38400K, used 26105K [0x00000000c1400000, 0x00000000c3980000, 0x00000000eb180000)
  object space 38400K, 67% used [0x00000000c1400000,0x00000000c2d7e4c0,0x00000000c3980000)
 Metaspace       used 34897K, capacity 35327K, committed 35456K, reserved 1081344K
  class space    used 4347K, capacity 4447K, committed 4480K, reserved 1048576K
}
Event: 9.253 GC heap before
{Heap before GC invocations=12 (full 2):
 PSYoungGen      total 264192K, used 8302K [0x00000000eb180000, 0x00000000fc500000, 0x0000000100000000)
  eden space 250368K, 0% used [0x00000000eb180000,0x00000000eb180000,0x00000000fa600000)
  from space 13824K, 60% used [0x00000000fb780000,0x00000000fbf9b980,0x00000000fc500000)
  to   space 15872K, 0% used [0x00000000fa600000,0x00000000fa600000,0x00000000fb580000)
 ParOldGen       total 38400K, used 26105K [0x00000000c1400000, 0x00000000c3980000, 0x00000000eb180000)
  object space 38400K, 67% used [0x00000000c1400000,0x00000000c2d7e4c0,0x00000000c3980000)
 Metaspace       used 34897K, capacity 35327K, committed 35456K, reserved 1081344K
  class space    used 4347K, capacity 4447K, committed 4480K, reserved 1048576K
Event: 9.368 GC heap after
Heap after GC invocations=12 (full 2):
 PSYoungGen      total 264192K, used 0K [0x00000000eb180000, 0x00000000fc500000, 0x0000000100000000)
  eden space 250368K, 0% used [0x00000000eb180000,0x00000000eb180000,0x00000000fa600000)
  from space 13824K, 0% used [0x00000000fb780000,0x00000000fb780000,0x00000000fc500000)
  to   space 15872K, 0% used [0x00000000fa600000,0x00000000fa600000,0x00000000fb580000)
 ParOldGen       total 62464K, used 22816K [0x00000000c1400000, 0x00000000c5100000, 0x00000000eb180000)
  object space 62464K, 36% used [0x00000000c1400000,0x00000000c2a481a0,0x00000000c5100000)
 Metaspace       used 34897K, capacity 35327K, committed 35456K, reserved 1081344K
  class space    used 4347K, capacity 4447K, committed 4480K, reserved 1048576K
}
Event: 11.887 GC heap before
{Heap before GC invocations=13 (full 2):
 PSYoungGen      total 264192K, used 250368K [0x00000000eb180000, 0x00000000fc500000, 0x0000000100000000)
  eden space 250368K, 100% used [0x00000000eb180000,0x00000000fa600000,0x00000000fa600000)
  from space 13824K, 0% used [0x00000000fb780000,0x00000000fb780000,0x00000000fc500000)
  to   space 15872K, 0% used [0x00000000fa600000,0x00000000fa600000,0x00000000fb580000)
 ParOldGen       total 62464K, used 22816K [0x00000000c1400000, 0x00000000c5100000, 0x00000000eb180000)
  object space 62464K, 36% used [0x00000000c1400000,0x00000000c2a481a0,0x00000000c5100000)
 Metaspace       used 37460K, capacity 37919K, committed 38272K, reserved 1083392K
  class space    used 4726K, capacity 4876K, committed 4992K, reserved 1048576K
Event: 12.004 GC heap after
Heap after GC invocations=13 (full 2):
 PSYoungGen      total 266240K, used 15837K [0x00000000eb180000, 0x0000000100000000, 0x0000000100000000)
  eden space 250368K, 0% used [0x00000000eb180000,0x00000000eb180000,0x00000000fa600000)
  from space 15872K, 99% used [0x00000000fa600000,0x00000000fb577520,0x00000000fb580000)
  to   space 17920K, 0% used [0x00000000fee80000,0x00000000fee80000,0x0000000100000000)
 ParOldGen       total 62464K, used 22824K [0x00000000c1400000, 0x00000000c5100000, 0x00000000eb180000)
  object space 62464K, 36% used [0x00000000c1400000,0x00000000c2a4a1a0,0x00000000c5100000)
 Metaspace       used 37460K, capacity 37919K, committed 38272K, reserved 1083392K
  class space    used 4726K, capacity 4876K, committed 4992K, reserved 1048576K
}
Event: 14.237 GC heap before
{Heap before GC invocations=14 (full 2):
 PSYoungGen      total 266240K, used 266205K [0x00000000eb180000, 0x0000000100000000, 0x0000000100000000)
  eden space 250368K, 100% used [0x00000000eb180000,0x00000000fa600000,0x00000000fa600000)
  from space 15872K, 99% used [0x00000000fa600000,0x00000000fb577520,0x00000000fb580000)
  to   space 17920K, 0% used [0x00000000fee80000,0x00000000fee80000,0x0000000100000000)
 ParOldGen       total 62464K, used 22824K [0x00000000c1400000, 0x00000000c5100000, 0x00000000eb180000)
  object space 62464K, 36% used [0x00000000c1400000,0x00000000c2a4a1a0,0x00000000c5100000)
 Metaspace       used 39814K, capacity 40303K, committed 40576K, reserved 1085440K
  class space    used 5036K, capacity 5172K, committed 5248K, reserved 1048576K
Event: 14.358 GC heap after
Heap after GC invocations=14 (full 2):
 PSYoungGen      total 319488K, used 17253K [0x00000000eb180000, 0x0000000100000000, 0x0000000100000000)
  eden space 301568K, 0% used [0x00000000eb180000,0x00000000eb180000,0x00000000fd800000)
  from space 17920K, 96% used [0x00000000fee80000,0x00000000fff59638,0x0000000100000000)
  to   space 20480K, 0% used [0x00000000fd800000,0x00000000fd800000,0x00000000fec00000)
 ParOldGen       total 62464K, used 27032K [0x00000000c1400000, 0x00000000c5100000, 0x00000000eb180000)
  object space 62464K, 43% used [0x00000000c1400000,0x00000000c2e661c0,0x00000000c5100000)
 Metaspace       used 39814K, capacity 40303K, committed 40576K, reserved 1085440K
  class space    used 5036K, capacity 5172K, committed 5248K, reserved 1048576K
}
Event: 69.878 GC heap before
{Heap before GC invocations=15 (full 2):
 PSYoungGen      total 319488K, used 318821K [0x00000000eb180000, 0x0000000100000000, 0x0000000100000000)
  eden space 301568K, 100% used [0x00000000eb180000,0x00000000fd800000,0x00000000fd800000)
  from space 17920K, 96% used [0x00000000fee80000,0x00000000fff59638,0x0000000100000000)
  to   space 20480K, 0% used [0x00000000fd800000,0x00000000fd800000,0x00000000fec00000)
 ParOldGen       total 62464K, used 27032K [0x00000000c1400000, 0x00000000c5100000, 0x00000000eb180000)
  object space 62464K, 43% used [0x00000000c1400000,0x00000000c2e661c0,0x00000000c5100000)
 Metaspace       used 48346K, capacity 49121K, committed 49408K, reserved 1091584K
  class space    used 6170K, capacity 6371K, committed 6400K, reserved 1048576K
Event: 69.909 GC heap after
Heap after GC invocations=15 (full 2):
 PSYoungGen      total 318976K, used 17313K [0x00000000eb180000, 0x0000000100000000, 0x0000000100000000)
  eden space 301568K, 0% used [0x00000000eb180000,0x00000000eb180000,0x00000000fd800000)
  from space 17408K, 99% used [0x00000000fd800000,0x00000000fe8e8560,0x00000000fe900000)
  to   space 22016K, 0% used [0x00000000fea80000,0x00000000fea80000,0x0000000100000000)
 ParOldGen       total 62464K, used 30376K [0x00000000c1400000, 0x00000000c5100000, 0x00000000eb180000)
  object space 62464K, 48% used [0x00000000c1400000,0x00000000c31aa090,0x00000000c5100000)
 Metaspace       used 48346K, capacity 49121K, committed 49408K, reserved 1091584K
  class space    used 6170K, capacity 6371K, committed 6400K, reserved 1048576K
}

