# JRE version: Java(TM) SE Runtime Environment (8.0_91-b15) (build 1.8.0_91-b15)
# Java VM: Java HotSpot(TM) 64-Bit Server VM (25.91-b15 mixed mode windows-amd64 compressed oops)
Heap:
 PSYoungGen      total 245248K, used 120215K [0x00000000eb180000, 0x00000000fc600000, 0x0000000100000000)
  eden space 235520K, 46% used [0x00000000eb180000,0x00000000f1d6d0c0,0x00000000f9780000)
  from space 9728K, 99% used [0x00000000fbc80000,0x00000000fc5f8bd0,0x00000000fc600000)
  to   space 22016K, 0% used [0x00000000f9b00000,0x00000000f9b00000,0x00000000fb080000)
 ParOldGen       total 59904K, used 33464K [0x00000000c1400000, 0x00000000c4e80000, 0x00000000eb180000)
  object space 59904K, 55% used [0x00000000c1400000,0x00000000c34ae280,0x00000000c4e80000)
 Metaspace       used 40567K, capacity 41272K, committed 41472K, reserved 1085440K
  class space    used 5123K, capacity 5306K, committed 5376K, reserved 1048576K
GC Heap History (10 events):
Event: 47.774 GC heap before
{Heap before GC invocations=10 (full 1):
 PSYoungGen      total 198144K, used 198136K [0x00000000eb180000, 0x00000000f9700000, 0x0000000100000000)
  eden space 189440K, 100% used [0x00000000eb180000,0x00000000f6a80000,0x00000000f6a80000)
  from space 8704K, 99% used [0x00000000f7580000,0x00000000f7dfe3b8,0x00000000f7e00000)
  to   space 11264K, 0% used [0x00000000f6a80000,0x00000000f6a80000,0x00000000f7580000)
 ParOldGen       total 37376K, used 13512K [0x00000000c1400000, 0x00000000c3880000, 0x00000000eb180000)
  object space 37376K, 36% used [0x00000000c1400000,0x00000000c21321c8,0x00000000c3880000)
 Metaspace       used 33480K, capacity 33880K, committed 34048K, reserved 1079296K
  class space    used 4183K, capacity 4285K, committed 4352K, reserved 1048576K
Event: 47.805 GC heap after
Heap after GC invocations=10 (full 1):
 PSYoungGen      total 200704K, used 11257K [0x00000000eb180000, 0x00000000fd080000, 0x0000000100000000)
  eden space 189440K, 0% used [0x00000000eb180000,0x00000000eb180000,0x00000000f6a80000)
  from space 11264K, 99% used [0x00000000f6a80000,0x00000000f757e720,0x00000000f7580000)
  to   space 16896K, 0% used [0x00000000fc000000,0x00000000fc000000,0x00000000fd080000)
 ParOldGen       total 37376K, used 23747K [0x00000000c1400000, 0x00000000c3880000, 0x00000000eb180000)
  object space 37376K, 63% used [0x00000000c1400000,0x00000000c2b30d30,0x00000000c3880000)
 Metaspace       used 33480K, capacity 33880K, committed 34048K, reserved 1079296K
  class space    used 4183K, capacity 4285K, committed 4352K, reserved 1048576K
}
Event: 53.778 GC heap before
{Heap before GC invocations=11 (full 1):
 PSYoungGen      total 200704K, used 70674K [0x00000000eb180000, 0x00000000fd080000, 0x0000000100000000)
  eden space 189440K, 31% used [0x00000000eb180000,0x00000000eeb862e0,0x00000000f6a80000)
  from space 11264K, 99% used [0x00000000f6a80000,0x00000000f757e720,0x00000000f7580000)
  to   space 16896K, 0% used [0x00000000fc000000,0x00000000fc000000,0x00000000fd080000)
 ParOldGen       total 37376K, used 23747K [0x00000000c1400000, 0x00000000c3880000, 0x00000000eb180000)
  object space 37376K, 63% used [0x00000000c1400000,0x00000000c2b30d30,0x00000000c3880000)
 Metaspace       used 34908K, capacity 35326K, committed 35456K, reserved 1081344K
  class space    used 4354K, capacity 4446K, committed 4480K, reserved 1048576K
Event: 53.806 GC heap after
Heap after GC invocations=11 (full 1):
 PSYoungGen      total 269824K, used 6934K [0x00000000eb180000, 0x00000000fcc00000, 0x0000000100000000)
  eden space 257536K, 0% used [0x00000000eb180000,0x00000000eb180000,0x00000000fad00000)
  from space 12288K, 56% used [0x00000000fc000000,0x00000000fc6c5968,0x00000000fcc00000)
  to   space 15872K, 0% used [0x00000000fad00000,0x00000000fad00000,0x00000000fbc80000)
 ParOldGen       total 37376K, used 28462K [0x00000000c1400000, 0x00000000c3880000, 0x00000000eb180000)
  object space 37376K, 76% used [0x00000000c1400000,0x00000000c2fcbb10,0x00000000c3880000)
 Metaspace       used 34908K, capacity 35326K, committed 35456K, reserved 1081344K
  class space    used 4354K, capacity 4446K, committed 4480K, reserved 1048576K
}
Event: 53.806 GC heap before
{Heap before GC invocations=12 (full 2):
 PSYoungGen      total 269824K, used 6934K [0x00000000eb180000, 0x00000000fcc00000, 0x0000000100000000)
  eden space 257536K, 0% used [0x00000000eb180000,0x00000000eb180000,0x00000000fad00000)
  from space 12288K, 56% used [0x00000000fc000000,0x00000000fc6c5968,0x00000000fcc00000)
  to   space 15872K, 0% used [0x00000000fad00000,0x00000000fad00000,0x00000000fbc80000)
 ParOldGen       total 37376K, used 28462K [0x00000000c1400000, 0x00000000c3880000, 0x00000000eb180000)
  object space 37376K, 76% used [0x00000000c1400000,0x00000000c2fcbb10,0x00000000c3880000)
 Metaspace       used 34908K, capacity 35326K, committed 35456K, reserved 1081344K
  class space    used 4354K, capacity 4446K, committed 4480K, reserved 1048576K
Event: 53.944 GC heap after
Heap after GC invocations=12 (full 2):
 PSYoungGen      total 269824K, used 0K [0x00000000eb180000, 0x00000000fcc00000, 0x0000000100000000)
  eden space 257536K, 0% used [0x00000000eb180000,0x00000000eb180000,0x00000000fad00000)
  from space 12288K, 0% used [0x00000000fc000000,0x00000000fc000000,0x00000000fcc00000)
  to   space 15872K, 0% used [0x00000000fad00000,0x00000000fad00000,0x00000000fbc80000)
 ParOldGen       total 59904K, used 21710K [0x00000000c1400000, 0x00000000c4e80000, 0x00000000eb180000)
  object space 59904K, 36% used [0x00000000c1400000,0x00000000c2933938,0x00000000c4e80000)
 Metaspace       used 34908K, capacity 35326K, committed 35456K, reserved 1081344K
  class space    used 4354K, capacity 4446K, committed 4480K, reserved 1048576K
}
Event: 73.919 GC heap before
{Heap before GC invocations=13 (full 2):
 PSYoungGen      total 269824K, used 257536K [0x00000000eb180000, 0x00000000fcc00000, 0x0000000100000000)
  eden space 257536K, 100% used [0x00000000eb180000,0x00000000fad00000,0x00000000fad00000)
  from space 12288K, 0% used [0x00000000fc000000,0x00000000fc000000,0x00000000fcc00000)
  to   space 15872K, 0% used [0x00000000fad00000,0x00000000fad00000,0x00000000fbc80000)
 ParOldGen       total 59904K, used 21710K [0x00000000c1400000, 0x00000000c4e80000, 0x00000000eb180000)
  object space 59904K, 36% used [0x00000000c1400000,0x00000000c2933938,0x00000000c4e80000)
 Metaspace       used 37471K, capacity 37982K, committed 38272K, reserved 1083392K
  class space    used 4729K, capacity 4875K, committed 4992K, reserved 1048576K
Event: 73.944 GC heap after
Heap after GC invocations=13 (full 2):
 PSYoungGen      total 262144K, used 15848K [0x00000000eb180000, 0x00000000fc600000, 0x0000000100000000)
  eden space 246272K, 0% used [0x00000000eb180000,0x00000000eb180000,0x00000000fa200000)
  from space 15872K, 99% used [0x00000000fad00000,0x00000000fbc7a210,0x00000000fbc80000)
  to   space 9728K, 0% used [0x00000000fbc80000,0x00000000fbc80000,0x00000000fc600000)
 ParOldGen       total 59904K, used 22167K [0x00000000c1400000, 0x00000000c4e80000, 0x00000000eb180000)
  object space 59904K, 37% used [0x00000000c1400000,0x00000000c29a5ee8,0x00000000c4e80000)
 Metaspace       used 37471K, capacity 37982K, committed 38272K, reserved 1083392K
  class space    used 4729K, capacity 4875K, committed 4992K, reserved 1048576K
}
Event: 88.159 GC heap before
{Heap before GC invocations=14 (full 2):
 PSYoungGen      total 262144K, used 262120K [0x00000000eb180000, 0x00000000fc600000, 0x0000000100000000)
  eden space 246272K, 100% used [0x00000000eb180000,0x00000000fa200000,0x00000000fa200000)
  from space 15872K, 99% used [0x00000000fad00000,0x00000000fbc7a210,0x00000000fbc80000)
  to   space 9728K, 0% used [0x00000000fbc80000,0x00000000fbc80000,0x00000000fc600000)
 ParOldGen       total 59904K, used 22167K [0x00000000c1400000, 0x00000000c4e80000, 0x00000000eb180000)
  object space 59904K, 37% used [0x00000000c1400000,0x00000000c29a5ee8,0x00000000c4e80000)
 Metaspace       used 39871K, capacity 40366K, committed 40832K, reserved 1085440K
  class space    used 5043K, capacity 5171K, committed 5248K, reserved 1048576K
Event: 88.198 GC heap after
Heap after GC invocations=14 (full 2):
 PSYoungGen      total 245248K, used 9698K [0x00000000eb180000, 0x00000000fc600000, 0x0000000100000000)
  eden space 235520K, 0% used [0x00000000eb180000,0x00000000eb180000,0x00000000f9780000)
  from space 9728K, 99% used [0x00000000fbc80000,0x00000000fc5f8bd0,0x00000000fc600000)
  to   space 22016K, 0% used [0x00000000f9b00000,0x00000000f9b00000,0x00000000fb080000)
 ParOldGen       total 59904K, used 33464K [0x00000000c1400000, 0x00000000c4e80000, 0x00000000eb180000)
  object space 59904K, 55% used [0x00000000c1400000,0x00000000c34ae280,0x00000000c4e80000)
 Metaspace       used 39871K, capacity 40366K, committed 40832K, reserved 1085440K
  class space    used 5043K, capacity 5171K, committed 5248K, reserved 1048576K
}

