# JRE version: Java(TM) SE Runtime Environment (8.0_91-b15) (build 1.8.0_91-b15)
# Java VM: Java HotSpot(TM) 64-Bit Server VM (25.91-b15 mixed mode windows-amd64 compressed oops)
Heap:
 PSYoungGen      total 236032K, used 111218K [0x00000000eb180000, 0x0000000100000000, 0x0000000100000000)
  eden space 223232K, 44% used [0x00000000eb180000,0x00000000f1232508,0x00000000f8b80000)
  from space 12800K, 95% used [0x00000000f8b80000,0x00000000f976a340,0x00000000f9800000)
  to   space 14336K, 0% used [0x00000000ff200000,0x00000000ff200000,0x0000000100000000)
 ParOldGen       total 52224K, used 22422K [0x00000000c1400000, 0x00000000c4700000, 0x00000000eb180000)
  object space 52224K, 42% used [0x00000000c1400000,0x00000000c29e5ae0,0x00000000c4700000)
 Metaspace       used 48903K, capacity 49740K, committed 50176K, reserved 1093632K
  class space    used 6370K, capacity 6560K, committed 6656K, reserved 1048576K
GC Heap History (10 events):
Event: 35.355 GC heap before
{Heap before GC invocations=11 (full 1):
 PSYoungGen      total 121856K, used 121850K [0x00000000eb180000, 0x00000000f6380000, 0x0000000100000000)
  eden space 114176K, 100% used [0x00000000eb180000,0x00000000f2100000,0x00000000f2100000)
  from space 7680K, 99% used [0x00000000f2100000,0x00000000f287e978,0x00000000f2880000)
  to   space 9216K, 0% used [0x00000000f5a80000,0x00000000f5a80000,0x00000000f6380000)
 ParOldGen       total 36352K, used 12244K [0x00000000c1400000, 0x00000000c3780000, 0x00000000eb180000)
  object space 36352K, 33% used [0x00000000c1400000,0x00000000c1ff52c0,0x00000000c3780000)
 Metaspace       used 31436K, capacity 31872K, committed 32000K, reserved 1077248K
  class space    used 3939K, capacity 4053K, committed 4096K, reserved 1048576K
Event: 35.378 GC heap after
Heap after GC invocations=11 (full 1):
 PSYoungGen      total 169984K, used 9211K [0x00000000eb180000, 0x00000000f6680000, 0x0000000100000000)
  eden space 160768K, 0% used [0x00000000eb180000,0x00000000eb180000,0x00000000f4e80000)
  from space 9216K, 99% used [0x00000000f5a80000,0x00000000f637ec68,0x00000000f6380000)
  to   space 12288K, 0% used [0x00000000f4e80000,0x00000000f4e80000,0x00000000f5a80000)
 ParOldGen       total 36352K, used 17085K [0x00000000c1400000, 0x00000000c3780000, 0x00000000eb180000)
  object space 36352K, 47% used [0x00000000c1400000,0x00000000c24af6d8,0x00000000c3780000)
 Metaspace       used 31436K, capacity 31872K, committed 32000K, reserved 1077248K
  class space    used 3939K, capacity 4053K, committed 4096K, reserved 1048576K
}
Event: 45.243 GC heap before
{Heap before GC invocations=12 (full 1):
 PSYoungGen      total 169984K, used 169979K [0x00000000eb180000, 0x00000000f6680000, 0x0000000100000000)
  eden space 160768K, 100% used [0x00000000eb180000,0x00000000f4e80000,0x00000000f4e80000)
  from space 9216K, 99% used [0x00000000f5a80000,0x00000000f637ec68,0x00000000f6380000)
  to   space 12288K, 0% used [0x00000000f4e80000,0x00000000f4e80000,0x00000000f5a80000)
 ParOldGen       total 36352K, used 17085K [0x00000000c1400000, 0x00000000c3780000, 0x00000000eb180000)
  object space 36352K, 47% used [0x00000000c1400000,0x00000000c24af6d8,0x00000000c3780000)
 Metaspace       used 34687K, capacity 35194K, committed 35496K, reserved 1081344K
  class space    used 4376K, capacity 4484K, committed 4608K, reserved 1048576K
Event: 45.287 GC heap after
Heap after GC invocations=12 (full 1):
 PSYoungGen      total 173056K, used 8350K [0x00000000eb180000, 0x00000000fa400000, 0x0000000100000000)
  eden space 160768K, 0% used [0x00000000eb180000,0x00000000eb180000,0x00000000f4e80000)
  from space 12288K, 67% used [0x00000000f4e80000,0x00000000f56a79d0,0x00000000f5a80000)
  to   space 12288K, 0% used [0x00000000f9800000,0x00000000f9800000,0x00000000fa400000)
 ParOldGen       total 36352K, used 22866K [0x00000000c1400000, 0x00000000c3780000, 0x00000000eb180000)
  object space 36352K, 62% used [0x00000000c1400000,0x00000000c2a54840,0x00000000c3780000)
 Metaspace       used 34687K, capacity 35194K, committed 35496K, reserved 1081344K
  class space    used 4376K, capacity 4484K, committed 4608K, reserved 1048576K
}
Event: 45.471 GC heap before
{Heap before GC invocations=13 (full 1):
 PSYoungGen      total 173056K, used 35583K [0x00000000eb180000, 0x00000000fa400000, 0x0000000100000000)
  eden space 160768K, 16% used [0x00000000eb180000,0x00000000ecc18430,0x00000000f4e80000)
  from space 12288K, 67% used [0x00000000f4e80000,0x00000000f56a79d0,0x00000000f5a80000)
  to   space 12288K, 0% used [0x00000000f9800000,0x00000000f9800000,0x00000000fa400000)
 ParOldGen       total 36352K, used 22866K [0x00000000c1400000, 0x00000000c3780000, 0x00000000eb180000)
  object space 36352K, 62% used [0x00000000c1400000,0x00000000c2a54840,0x00000000c3780000)
 Metaspace       used 34823K, capacity 35282K, committed 35496K, reserved 1081344K
  class space    used 4391K, capacity 4488K, committed 4608K, reserved 1048576K
Event: 45.516 GC heap after
Heap after GC invocations=13 (full 1):
 PSYoungGen      total 235520K, used 1280K [0x00000000eb180000, 0x00000000fc000000, 0x0000000100000000)
  eden space 223232K, 0% used [0x00000000eb180000,0x00000000eb180000,0x00000000f8b80000)
  from space 12288K, 10% used [0x00000000f9800000,0x00000000f9940000,0x00000000fa400000)
  to   space 12800K, 0% used [0x00000000f8b80000,0x00000000f8b80000,0x00000000f9800000)
 ParOldGen       total 36352K, used 28545K [0x00000000c1400000, 0x00000000c3780000, 0x00000000eb180000)
  object space 36352K, 78% used [0x00000000c1400000,0x00000000c2fe06f0,0x00000000c3780000)
 Metaspace       used 34823K, capacity 35282K, committed 35496K, reserved 1081344K
  class space    used 4391K, capacity 4488K, committed 4608K, reserved 1048576K
}
Event: 45.516 GC heap before
{Heap before GC invocations=14 (full 2):
 PSYoungGen      total 235520K, used 1280K [0x00000000eb180000, 0x00000000fc000000, 0x0000000100000000)
  eden space 223232K, 0% used [0x00000000eb180000,0x00000000eb180000,0x00000000f8b80000)
  from space 12288K, 10% used [0x00000000f9800000,0x00000000f9940000,0x00000000fa400000)
  to   space 12800K, 0% used [0x00000000f8b80000,0x00000000f8b80000,0x00000000f9800000)
 ParOldGen       total 36352K, used 28545K [0x00000000c1400000, 0x00000000c3780000, 0x00000000eb180000)
  object space 36352K, 78% used [0x00000000c1400000,0x00000000c2fe06f0,0x00000000c3780000)
 Metaspace       used 34823K, capacity 35282K, committed 35496K, reserved 1081344K
  class space    used 4391K, capacity 4488K, committed 4608K, reserved 1048576K
Event: 45.652 GC heap after
Heap after GC invocations=14 (full 2):
 PSYoungGen      total 235520K, used 0K [0x00000000eb180000, 0x00000000fc000000, 0x0000000100000000)
  eden space 223232K, 0% used [0x00000000eb180000,0x00000000eb180000,0x00000000f8b80000)
  from space 12288K, 0% used [0x00000000f9800000,0x00000000f9800000,0x00000000fa400000)
  to   space 12800K, 0% used [0x00000000f8b80000,0x00000000f8b80000,0x00000000f9800000)
 ParOldGen       total 52224K, used 22414K [0x00000000c1400000, 0x00000000c4700000, 0x00000000eb180000)
  object space 52224K, 42% used [0x00000000c1400000,0x00000000c29e3ae0,0x00000000c4700000)
 Metaspace       used 34823K, capacity 35282K, committed 35496K, reserved 1081344K
  class space    used 4391K, capacity 4488K, committed 4608K, reserved 1048576K
}
Event: 170.303 GC heap before
{Heap before GC invocations=15 (full 2):
 PSYoungGen      total 235520K, used 223232K [0x00000000eb180000, 0x00000000fc000000, 0x0000000100000000)
  eden space 223232K, 100% used [0x00000000eb180000,0x00000000f8b80000,0x00000000f8b80000)
  from space 12288K, 0% used [0x00000000f9800000,0x00000000f9800000,0x00000000fa400000)
  to   space 12800K, 0% used [0x00000000f8b80000,0x00000000f8b80000,0x00000000f9800000)
 ParOldGen       total 52224K, used 22414K [0x00000000c1400000, 0x00000000c4700000, 0x00000000eb180000)
  object space 52224K, 42% used [0x00000000c1400000,0x00000000c29e3ae0,0x00000000c4700000)
 Metaspace       used 44563K, capacity 45264K, committed 45568K, reserved 1089536K
  class space    used 5693K, capacity 5846K, committed 5888K, reserved 1048576K
Event: 170.346 GC heap after
Heap after GC invocations=15 (full 2):
 PSYoungGen      total 236032K, used 12200K [0x00000000eb180000, 0x0000000100000000, 0x0000000100000000)
  eden space 223232K, 0% used [0x00000000eb180000,0x00000000eb180000,0x00000000f8b80000)
  from space 12800K, 95% used [0x00000000f8b80000,0x00000000f976a340,0x00000000f9800000)
  to   space 14336K, 0% used [0x00000000ff200000,0x00000000ff200000,0x0000000100000000)
 ParOldGen       total 52224K, used 22422K [0x00000000c1400000, 0x00000000c4700000, 0x00000000eb180000)
  object space 52224K, 42% used [0x00000000c1400000,0x00000000c29e5ae0,0x00000000c4700000)
 Metaspace       used 44563K, capacity 45264K, committed 45568K, reserved 1089536K
  class space    used 5693K, capacity 5846K, committed 5888K, reserved 1048576K
}

