# JRE version: Java(TM) SE Runtime Environment (8.0_91-b15) (build 1.8.0_91-b15)
# Java VM: Java HotSpot(TM) 64-Bit Server VM (25.91-b15 mixed mode windows-amd64 compressed oops)
Heap:
 PSYoungGen      total 97280K, used 10357K [0x00000000eb180000, 0x00000000f4180000, 0x0000000100000000)
  eden space 92160K, 11% used [0x00000000eb180000,0x00000000ebb9d568,0x00000000f0b80000)
  from space 5120K, 0% used [0x00000000f3300000,0x00000000f3300000,0x00000000f3800000)
  to   space 8192K, 0% used [0x00000000f3980000,0x00000000f3980000,0x00000000f4180000)
 ParOldGen       total 32256K, used 16757K [0x00000000c1400000, 0x00000000c3380000, 0x00000000eb180000)
  object space 32256K, 51% used [0x00000000c1400000,0x00000000c245d4e0,0x00000000c3380000)
 Metaspace       used 28628K, capacity 28986K, committed 29312K, reserved 1079296K
  class space    used 3596K, capacity 3684K, committed 3712K, reserved 1048576K
GC Heap History (10 events):
Event: 48.313 GC heap after
Heap after GC invocations=10 (full 1):
 PSYoungGen      total 72704K, used 0K [0x00000000eb180000, 0x00000000f2780000, 0x0000000100000000)
  eden space 64512K, 0% used [0x00000000eb180000,0x00000000eb180000,0x00000000ef080000)
  from space 8192K, 0% used [0x00000000ef080000,0x00000000ef080000,0x00000000ef880000)
  to   space 8704K, 0% used [0x00000000f1f00000,0x00000000f1f00000,0x00000000f2780000)
 ParOldGen       total 32256K, used 9702K [0x00000000c1400000, 0x00000000c3380000, 0x00000000eb180000)
  object space 32256K, 30% used [0x00000000c1400000,0x00000000c1d799e0,0x00000000c3380000)
 Metaspace       used 21005K, capacity 21182K, committed 21296K, reserved 1069056K
  class space    used 2633K, capacity 2682K, committed 2688K, reserved 1048576K
}
Event: 84.899 GC heap before
{Heap before GC invocations=11 (full 1):
 PSYoungGen      total 72704K, used 64512K [0x00000000eb180000, 0x00000000f2780000, 0x0000000100000000)
  eden space 64512K, 100% used [0x00000000eb180000,0x00000000ef080000,0x00000000ef080000)
  from space 8192K, 0% used [0x00000000ef080000,0x00000000ef080000,0x00000000ef880000)
  to   space 8704K, 0% used [0x00000000f1f00000,0x00000000f1f00000,0x00000000f2780000)
 ParOldGen       total 32256K, used 9702K [0x00000000c1400000, 0x00000000c3380000, 0x00000000eb180000)
  object space 32256K, 30% used [0x00000000c1400000,0x00000000c1d799e0,0x00000000c3380000)
 Metaspace       used 24371K, capacity 24706K, committed 24960K, reserved 1071104K
  class space    used 3070K, capacity 3152K, committed 3200K, reserved 1048576K
Event: 84.927 GC heap after
Heap after GC invocations=11 (full 1):
 PSYoungGen      total 99328K, used 3978K [0x00000000eb180000, 0x00000000f2300000, 0x0000000100000000)
  eden space 95232K, 0% used [0x00000000eb180000,0x00000000eb180000,0x00000000f0e80000)
  from space 4096K, 97% used [0x00000000f1f00000,0x00000000f22e2868,0x00000000f2300000)
  to   space 8192K, 0% used [0x00000000f1300000,0x00000000f1300000,0x00000000f1b00000)
 ParOldGen       total 32256K, used 9710K [0x00000000c1400000, 0x00000000c3380000, 0x00000000eb180000)
  object space 32256K, 30% used [0x00000000c1400000,0x00000000c1d7b9e0,0x00000000c3380000)
 Metaspace       used 24371K, capacity 24706K, committed 24960K, reserved 1071104K
  class space    used 3070K, capacity 3152K, committed 3200K, reserved 1048576K
}
Event: 91.069 GC heap before
{Heap before GC invocations=12 (full 1):
 PSYoungGen      total 99328K, used 99210K [0x00000000eb180000, 0x00000000f2300000, 0x0000000100000000)
  eden space 95232K, 100% used [0x00000000eb180000,0x00000000f0e80000,0x00000000f0e80000)
  from space 4096K, 97% used [0x00000000f1f00000,0x00000000f22e2868,0x00000000f2300000)
  to   space 8192K, 0% used [0x00000000f1300000,0x00000000f1300000,0x00000000f1b00000)
 ParOldGen       total 32256K, used 9710K [0x00000000c1400000, 0x00000000c3380000, 0x00000000eb180000)
  object space 32256K, 30% used [0x00000000c1400000,0x00000000c1d7b9e0,0x00000000c3380000)
 Metaspace       used 24900K, capacity 25224K, committed 25600K, reserved 1071104K
  class space    used 3126K, capacity 3217K, committed 3328K, reserved 1048576K
Event: 91.079 GC heap after
Heap after GC invocations=12 (full 1):
 PSYoungGen      total 108032K, used 2499K [0x00000000eb180000, 0x00000000f4980000, 0x0000000100000000)
  eden space 99840K, 0% used [0x00000000eb180000,0x00000000eb180000,0x00000000f1300000)
  from space 8192K, 30% used [0x00000000f1300000,0x00000000f1570ed0,0x00000000f1b00000)
  to   space 8704K, 0% used [0x00000000f4100000,0x00000000f4100000,0x00000000f4980000)
 ParOldGen       total 32256K, used 11487K [0x00000000c1400000, 0x00000000c3380000, 0x00000000eb180000)
  object space 32256K, 35% used [0x00000000c1400000,0x00000000c1f37f40,0x00000000c3380000)
 Metaspace       used 24900K, capacity 25224K, committed 25600K, reserved 1071104K
  class space    used 3126K, capacity 3217K, committed 3328K, reserved 1048576K
}
Event: 107.767 GC heap before
{Heap before GC invocations=13 (full 1):
 PSYoungGen      total 108032K, used 102339K [0x00000000eb180000, 0x00000000f4980000, 0x0000000100000000)
  eden space 99840K, 100% used [0x00000000eb180000,0x00000000f1300000,0x00000000f1300000)
  from space 8192K, 30% used [0x00000000f1300000,0x00000000f1570ed0,0x00000000f1b00000)
  to   space 8704K, 0% used [0x00000000f4100000,0x00000000f4100000,0x00000000f4980000)
 ParOldGen       total 32256K, used 11487K [0x00000000c1400000, 0x00000000c3380000, 0x00000000eb180000)
  object space 32256K, 35% used [0x00000000c1400000,0x00000000c1f37f40,0x00000000c3380000)
 Metaspace       used 25600K, capacity 25976K, committed 26112K, reserved 1073152K
  class space    used 3215K, capacity 3289K, committed 3328K, reserved 1048576K
Event: 107.775 GC heap after
Heap after GC invocations=13 (full 1):
 PSYoungGen      total 98816K, used 2620K [0x00000000eb180000, 0x00000000f4400000, 0x0000000100000000)
  eden space 95744K, 0% used [0x00000000eb180000,0x00000000eb180000,0x00000000f0f00000)
  from space 3072K, 85% used [0x00000000f4100000,0x00000000f438f210,0x00000000f4400000)
  to   space 8704K, 0% used [0x00000000f3300000,0x00000000f3300000,0x00000000f3b80000)
 ParOldGen       total 32256K, used 12863K [0x00000000c1400000, 0x00000000c3380000, 0x00000000eb180000)
  object space 32256K, 39% used [0x00000000c1400000,0x00000000c208fc30,0x00000000c3380000)
 Metaspace       used 25600K, capacity 25976K, committed 26112K, reserved 1073152K
  class space    used 3215K, capacity 3289K, committed 3328K, reserved 1048576K
}
Event: 119.356 GC heap before
{Heap before GC invocations=14 (full 1):
 PSYoungGen      total 98816K, used 74473K [0x00000000eb180000, 0x00000000f4400000, 0x0000000100000000)
  eden space 95744K, 75% used [0x00000000eb180000,0x00000000ef7ab330,0x00000000f0f00000)
  from space 3072K, 85% used [0x00000000f4100000,0x00000000f438f210,0x00000000f4400000)
  to   space 8704K, 0% used [0x00000000f3300000,0x00000000f3300000,0x00000000f3b80000)
 ParOldGen       total 32256K, used 12863K [0x00000000c1400000, 0x00000000c3380000, 0x00000000eb180000)
  object space 32256K, 39% used [0x00000000c1400000,0x00000000c208fc30,0x00000000c3380000)
 Metaspace       used 28600K, capacity 28922K, committed 29056K, reserved 1081344K
  class space    used 3595K, capacity 3684K, committed 3712K, reserved 1048576K
Event: 119.364 GC heap after
Heap after GC invocations=14 (full 1):
 PSYoungGen      total 97280K, used 4690K [0x00000000eb180000, 0x00000000f4180000, 0x0000000100000000)
  eden space 92160K, 0% used [0x00000000eb180000,0x00000000eb180000,0x00000000f0b80000)
  from space 5120K, 91% used [0x00000000f3300000,0x00000000f3794868,0x00000000f3800000)
  to   space 8192K, 0% used [0x00000000f3980000,0x00000000f3980000,0x00000000f4180000)
 ParOldGen       total 32256K, used 14203K [0x00000000c1400000, 0x00000000c3380000, 0x00000000eb180000)
  object space 32256K, 44% used [0x00000000c1400000,0x00000000c21dec60,0x00000000c3380000)
 Metaspace       used 28600K, capacity 28922K, committed 29056K, reserved 1081344K
  class space    used 3595K, capacity 3684K, committed 3712K, reserved 1048576K
}
Event: 119.364 GC heap before
{Heap before GC invocations=15 (full 2):
 PSYoungGen      total 97280K, used 4690K [0x00000000eb180000, 0x00000000f4180000, 0x0000000100000000)
  eden space 92160K, 0% used [0x00000000eb180000,0x00000000eb180000,0x00000000f0b80000)
  from space 5120K, 91% used [0x00000000f3300000,0x00000000f3794868,0x00000000f3800000)
  to   space 8192K, 0% used [0x00000000f3980000,0x00000000f3980000,0x00000000f4180000)
 ParOldGen       total 32256K, used 14203K [0x00000000c1400000, 0x00000000c3380000, 0x00000000eb180000)
  object space 32256K, 44% used [0x00000000c1400000,0x00000000c21dec60,0x00000000c3380000)
 Metaspace       used 28600K, capacity 28922K, committed 29056K, reserved 1081344K
  class space    used 3595K, capacity 3684K, committed 3712K, reserved 1048576K

