# JRE version: Java(TM) SE Runtime Environment (8.0_91-b15) (build 1.8.0_91-b15)
# Java VM: Java HotSpot(TM) 64-Bit Server VM (25.91-b15 mixed mode windows-amd64 compressed oops)
Heap:
 PSYoungGen      total 203264K, used 107591K [0x00000000eb180000, 0x00000000f8280000, 0x0000000100000000)
  eden space 195072K, 51% used [0x00000000eb180000,0x00000000f139ddc0,0x00000000f7000000)
  from space 8192K, 86% used [0x00000000f7880000,0x00000000f7f74028,0x00000000f8080000)
  to   space 8704K, 0% used [0x00000000f7000000,0x00000000f7000000,0x00000000f7880000)
 ParOldGen       total 33280K, used 13573K [0x00000000c1400000, 0x00000000c3480000, 0x00000000eb180000)
  object space 33280K, 40% used [0x00000000c1400000,0x00000000c21416a8,0x00000000c3480000)
 Metaspace       used 32000K, capacity 32396K, committed 32768K, reserved 1077248K
  class space    used 3989K, capacity 4071K, committed 4096K, reserved 1048576K
GC Heap History (10 events):
Event: 24.818 GC heap before
{Heap before GC invocations=7 (full 0):
 PSYoungGen      total 70656K, used 67715K [0x00000000eb180000, 0x00000000efd80000, 0x0000000100000000)
  eden space 65024K, 95% used [0x00000000eb180000,0x00000000eee6d388,0x00000000ef100000)
  from space 5632K, 94% used [0x00000000ef700000,0x00000000efc33bf8,0x00000000efc80000)
  to   space 6144K, 0% used [0x00000000ef100000,0x00000000ef100000,0x00000000ef700000)
 ParOldGen       total 44032K, used 6853K [0x00000000c1400000, 0x00000000c3f00000, 0x00000000eb180000)
  object space 44032K, 15% used [0x00000000c1400000,0x00000000c1ab1620,0x00000000c3f00000)
 Metaspace       used 20846K, capacity 21062K, committed 21296K, reserved 1069056K
  class space    used 2649K, capacity 2662K, committed 2688K, reserved 1048576K
Event: 24.832 GC heap after
Heap after GC invocations=7 (full 0):
 PSYoungGen      total 71168K, used 6118K [0x00000000eb180000, 0x00000000f4180000, 0x0000000100000000)
  eden space 65024K, 0% used [0x00000000eb180000,0x00000000eb180000,0x00000000ef100000)
  from space 6144K, 99% used [0x00000000ef100000,0x00000000ef6f9b18,0x00000000ef700000)
  to   space 8704K, 0% used [0x00000000f3900000,0x00000000f3900000,0x00000000f4180000)
 ParOldGen       total 44032K, used 11136K [0x00000000c1400000, 0x00000000c3f00000, 0x00000000eb180000)
  object space 44032K, 25% used [0x00000000c1400000,0x00000000c1ee0108,0x00000000c3f00000)
 Metaspace       used 20846K, capacity 21062K, committed 21296K, reserved 1069056K
  class space    used 2649K, capacity 2662K, committed 2688K, reserved 1048576K
}
Event: 24.832 GC heap before
{Heap before GC invocations=8 (full 1):
 PSYoungGen      total 71168K, used 6118K [0x00000000eb180000, 0x00000000f4180000, 0x0000000100000000)
  eden space 65024K, 0% used [0x00000000eb180000,0x00000000eb180000,0x00000000ef100000)
  from space 6144K, 99% used [0x00000000ef100000,0x00000000ef6f9b18,0x00000000ef700000)
  to   space 8704K, 0% used [0x00000000f3900000,0x00000000f3900000,0x00000000f4180000)
 ParOldGen       total 44032K, used 11136K [0x00000000c1400000, 0x00000000c3f00000, 0x00000000eb180000)
  object space 44032K, 25% used [0x00000000c1400000,0x00000000c1ee0108,0x00000000c3f00000)
 Metaspace       used 20846K, capacity 21062K, committed 21296K, reserved 1069056K
  class space    used 2649K, capacity 2662K, committed 2688K, reserved 1048576K
Event: 24.873 GC heap after
Heap after GC invocations=8 (full 1):
 PSYoungGen      total 71168K, used 0K [0x00000000eb180000, 0x00000000f4180000, 0x0000000100000000)
  eden space 65024K, 0% used [0x00000000eb180000,0x00000000eb180000,0x00000000ef100000)
  from space 6144K, 0% used [0x00000000ef100000,0x00000000ef100000,0x00000000ef700000)
  to   space 8704K, 0% used [0x00000000f3900000,0x00000000f3900000,0x00000000f4180000)
 ParOldGen       total 33280K, used 10868K [0x00000000c1400000, 0x00000000c3480000, 0x00000000eb180000)
  object space 33280K, 32% used [0x00000000c1400000,0x00000000c1e9d108,0x00000000c3480000)
 Metaspace       used 20846K, capacity 21062K, committed 21296K, reserved 1069056K
  class space    used 2649K, capacity 2662K, committed 2688K, reserved 1048576K
}
Event: 25.654 GC heap before
{Heap before GC invocations=9 (full 1):
 PSYoungGen      total 71168K, used 65024K [0x00000000eb180000, 0x00000000f4180000, 0x0000000100000000)
  eden space 65024K, 100% used [0x00000000eb180000,0x00000000ef100000,0x00000000ef100000)
  from space 6144K, 0% used [0x00000000ef100000,0x00000000ef100000,0x00000000ef700000)
  to   space 8704K, 0% used [0x00000000f3900000,0x00000000f3900000,0x00000000f4180000)
 ParOldGen       total 33280K, used 10868K [0x00000000c1400000, 0x00000000c3480000, 0x00000000eb180000)
  object space 33280K, 32% used [0x00000000c1400000,0x00000000c1e9d108,0x00000000c3480000)
 Metaspace       used 24458K, capacity 24802K, committed 24960K, reserved 1071104K
  class space    used 3085K, capacity 3184K, committed 3200K, reserved 1048576K
Event: 25.663 GC heap after
Heap after GC invocations=9 (full 1):
 PSYoungGen      total 130048K, used 4765K [0x00000000eb180000, 0x00000000f3e00000, 0x0000000100000000)
  eden space 124928K, 0% used [0x00000000eb180000,0x00000000eb180000,0x00000000f2b80000)
  from space 5120K, 93% used [0x00000000f3900000,0x00000000f3da75e8,0x00000000f3e00000)
  to   space 8704K, 0% used [0x00000000f2d00000,0x00000000f2d00000,0x00000000f3580000)
 ParOldGen       total 33280K, used 10876K [0x00000000c1400000, 0x00000000c3480000, 0x00000000eb180000)
  object space 33280K, 32% used [0x00000000c1400000,0x00000000c1e9f108,0x00000000c3480000)
 Metaspace       used 24458K, capacity 24802K, committed 24960K, reserved 1071104K
  class space    used 3085K, capacity 3184K, committed 3200K, reserved 1048576K
}
Event: 26.709 GC heap before
{Heap before GC invocations=10 (full 1):
 PSYoungGen      total 130048K, used 129693K [0x00000000eb180000, 0x00000000f3e00000, 0x0000000100000000)
  eden space 124928K, 100% used [0x00000000eb180000,0x00000000f2b80000,0x00000000f2b80000)
  from space 5120K, 93% used [0x00000000f3900000,0x00000000f3da75e8,0x00000000f3e00000)
  to   space 8704K, 0% used [0x00000000f2d00000,0x00000000f2d00000,0x00000000f3580000)
 ParOldGen       total 33280K, used 10876K [0x00000000c1400000, 0x00000000c3480000, 0x00000000eb180000)
  object space 33280K, 32% used [0x00000000c1400000,0x00000000c1e9f108,0x00000000c3480000)
 Metaspace       used 25150K, capacity 25478K, committed 25600K, reserved 1071104K
  class space    used 3167K, capacity 3254K, committed 3328K, reserved 1048576K
Event: 26.770 GC heap after
Heap after GC invocations=10 (full 1):
 PSYoungGen      total 135168K, used 5345K [0x00000000eb180000, 0x00000000f8080000, 0x0000000100000000)
  eden space 126464K, 0% used [0x00000000eb180000,0x00000000eb180000,0x00000000f2d00000)
  from space 8704K, 61% used [0x00000000f2d00000,0x00000000f3238508,0x00000000f3580000)
  to   space 8192K, 0% used [0x00000000f7880000,0x00000000f7880000,0x00000000f8080000)
 ParOldGen       total 33280K, used 10876K [0x00000000c1400000, 0x00000000c3480000, 0x00000000eb180000)
  object space 33280K, 32% used [0x00000000c1400000,0x00000000c1e9f108,0x00000000c3480000)
 Metaspace       used 25150K, capacity 25478K, committed 25600K, reserved 1071104K
  class space    used 3167K, capacity 3254K, committed 3328K, reserved 1048576K
}
Event: 44.791 GC heap before
{Heap before GC invocations=11 (full 1):
 PSYoungGen      total 135168K, used 131809K [0x00000000eb180000, 0x00000000f8080000, 0x0000000100000000)
  eden space 126464K, 100% used [0x00000000eb180000,0x00000000f2d00000,0x00000000f2d00000)
  from space 8704K, 61% used [0x00000000f2d00000,0x00000000f3238508,0x00000000f3580000)
  to   space 8192K, 0% used [0x00000000f7880000,0x00000000f7880000,0x00000000f8080000)
 ParOldGen       total 33280K, used 10876K [0x00000000c1400000, 0x00000000c3480000, 0x00000000eb180000)
  object space 33280K, 32% used [0x00000000c1400000,0x00000000c1e9f108,0x00000000c3480000)
 Metaspace       used 28598K, capacity 28928K, committed 29056K, reserved 1075200K
  class space    used 3598K, capacity 3685K, committed 3712K, reserved 1048576K
Event: 44.810 GC heap after
Heap after GC invocations=11 (full 1):
 PSYoungGen      total 203264K, used 7120K [0x00000000eb180000, 0x00000000f8280000, 0x0000000100000000)
  eden space 195072K, 0% used [0x00000000eb180000,0x00000000eb180000,0x00000000f7000000)
  from space 8192K, 86% used [0x00000000f7880000,0x00000000f7f74028,0x00000000f8080000)
  to   space 8704K, 0% used [0x00000000f7000000,0x00000000f7000000,0x00000000f7880000)
 ParOldGen       total 33280K, used 13573K [0x00000000c1400000, 0x00000000c3480000, 0x00000000eb180000)
  object space 33280K, 40% used [0x00000000c1400000,0x00000000c21416a8,0x00000000c3480000)
 Metaspace       used 28598K, capacity 28928K, committed 29056K, reserved 1075200K
  class space    used 3598K, capacity 3685K, committed 3712K, reserved 1048576K
}

