# JRE version: Java(TM) SE Runtime Environment (8.0_91-b15) (build 1.8.0_91-b15)
# Java VM: Java HotSpot(TM) 64-Bit Server VM (25.91-b15 mixed mode windows-amd64 compressed oops)
Heap:
 PSYoungGen      total 177152K, used 118577K [0x00000000eb180000, 0x00000000f6900000, 0x0000000100000000)
  eden space 167936K, 67% used [0x00000000eb180000,0x00000000f1f6ab30,0x00000000f5580000)
  from space 9216K, 65% used [0x00000000f5f00000,0x00000000f64e1c68,0x00000000f6800000)
  to   space 9728K, 0% used [0x00000000f5580000,0x00000000f5580000,0x00000000f5f00000)
 ParOldGen       total 45056K, used 34028K [0x00000000c1400000, 0x00000000c4000000, 0x00000000eb180000)
  object space 45056K, 75% used [0x00000000c1400000,0x00000000c353b1a8,0x00000000c4000000)
 Metaspace       used 51068K, capacity 51845K, committed 52008K, reserved 1093632K
  class space    used 6708K, capacity 6888K, committed 6952K, reserved 1048576K
GC Heap History (10 events):
Event: 51.338 GC heap before
{Heap before GC invocations=28 (full 2):
 PSYoungGen      total 116224K, used 3411K [0x00000000eb180000, 0x00000000f2a80000, 0x0000000100000000)
  eden space 108544K, 0% used [0x00000000eb180000,0x00000000eb180000,0x00000000f1b80000)
  from space 7680K, 44% used [0x00000000f2300000,0x00000000f2654d20,0x00000000f2a80000)
  to   space 7680K, 0% used [0x00000000f1b80000,0x00000000f1b80000,0x00000000f2300000)
 ParOldGen       total 28672K, used 20625K [0x00000000c1400000, 0x00000000c3000000, 0x00000000eb180000)
  object space 28672K, 71% used [0x00000000c1400000,0x00000000c28245b8,0x00000000c3000000)
 Metaspace       used 34914K, capacity 35216K, committed 35496K, reserved 1081344K
  class space    used 4419K, capacity 4493K, committed 4520K, reserved 1048576K
Event: 51.482 GC heap after
Heap after GC invocations=28 (full 2):
 PSYoungGen      total 116224K, used 0K [0x00000000eb180000, 0x00000000f2a80000, 0x0000000100000000)
  eden space 108544K, 0% used [0x00000000eb180000,0x00000000eb180000,0x00000000f1b80000)
  from space 7680K, 0% used [0x00000000f2300000,0x00000000f2300000,0x00000000f2a80000)
  to   space 7680K, 0% used [0x00000000f1b80000,0x00000000f1b80000,0x00000000f2300000)
 ParOldGen       total 45056K, used 22426K [0x00000000c1400000, 0x00000000c4000000, 0x00000000eb180000)
  object space 45056K, 49% used [0x00000000c1400000,0x00000000c29e6858,0x00000000c4000000)
 Metaspace       used 34914K, capacity 35216K, committed 35496K, reserved 1081344K
  class space    used 4419K, capacity 4493K, committed 4520K, reserved 1048576K
}
Event: 55.834 GC heap before
{Heap before GC invocations=29 (full 2):
 PSYoungGen      total 116224K, used 108544K [0x00000000eb180000, 0x00000000f2a80000, 0x0000000100000000)
  eden space 108544K, 100% used [0x00000000eb180000,0x00000000f1b80000,0x00000000f1b80000)
  from space 7680K, 0% used [0x00000000f2300000,0x00000000f2300000,0x00000000f2a80000)
  to   space 7680K, 0% used [0x00000000f1b80000,0x00000000f1b80000,0x00000000f2300000)
 ParOldGen       total 45056K, used 22426K [0x00000000c1400000, 0x00000000c4000000, 0x00000000eb180000)
  object space 45056K, 49% used [0x00000000c1400000,0x00000000c29e6858,0x00000000c4000000)
 Metaspace       used 41239K, capacity 41784K, committed 42280K, reserved 1085440K
  class space    used 5388K, capacity 5558K, committed 5672K, reserved 1048576K
Event: 55.895 GC heap after
Heap after GC invocations=29 (full 2):
 PSYoungGen      total 116224K, used 7587K [0x00000000eb180000, 0x00000000f4680000, 0x0000000100000000)
  eden space 108544K, 0% used [0x00000000eb180000,0x00000000eb180000,0x00000000f1b80000)
  from space 7680K, 98% used [0x00000000f1b80000,0x00000000f22e8f40,0x00000000f2300000)
  to   space 8704K, 0% used [0x00000000f3e00000,0x00000000f3e00000,0x00000000f4680000)
 ParOldGen       total 45056K, used 22434K [0x00000000c1400000, 0x00000000c4000000, 0x00000000eb180000)
  object space 45056K, 49% used [0x00000000c1400000,0x00000000c29e8858,0x00000000c4000000)
 Metaspace       used 41239K, capacity 41784K, committed 42280K, reserved 1085440K
  class space    used 5388K, capacity 5558K, committed 5672K, reserved 1048576K
}
Event: 57.060 GC heap before
{Heap before GC invocations=30 (full 2):
 PSYoungGen      total 116224K, used 116131K [0x00000000eb180000, 0x00000000f4680000, 0x0000000100000000)
  eden space 108544K, 100% used [0x00000000eb180000,0x00000000f1b80000,0x00000000f1b80000)
  from space 7680K, 98% used [0x00000000f1b80000,0x00000000f22e8f40,0x00000000f2300000)
  to   space 8704K, 0% used [0x00000000f3e00000,0x00000000f3e00000,0x00000000f4680000)
 ParOldGen       total 45056K, used 22434K [0x00000000c1400000, 0x00000000c4000000, 0x00000000eb180000)
  object space 45056K, 49% used [0x00000000c1400000,0x00000000c29e8858,0x00000000c4000000)
 Metaspace       used 43020K, capacity 43536K, committed 43944K, reserved 1087488K
  class space    used 5628K, capacity 5754K, committed 5800K, reserved 1048576K
Event: 57.096 GC heap after
Heap after GC invocations=30 (full 2):
 PSYoungGen      total 143360K, used 5524K [0x00000000eb180000, 0x00000000f4800000, 0x0000000100000000)
  eden space 134656K, 0% used [0x00000000eb180000,0x00000000eb180000,0x00000000f3500000)
  from space 8704K, 63% used [0x00000000f3e00000,0x00000000f43652e0,0x00000000f4680000)
  to   space 9216K, 0% used [0x00000000f3500000,0x00000000f3500000,0x00000000f3e00000)
 ParOldGen       total 45056K, used 26688K [0x00000000c1400000, 0x00000000c4000000, 0x00000000eb180000)
  object space 45056K, 59% used [0x00000000c1400000,0x00000000c2e102f8,0x00000000c4000000)
 Metaspace       used 43020K, capacity 43536K, committed 43944K, reserved 1087488K
  class space    used 5628K, capacity 5754K, committed 5800K, reserved 1048576K
}
Event: 58.593 GC heap before
{Heap before GC invocations=31 (full 2):
 PSYoungGen      total 143360K, used 140180K [0x00000000eb180000, 0x00000000f4800000, 0x0000000100000000)
  eden space 134656K, 100% used [0x00000000eb180000,0x00000000f3500000,0x00000000f3500000)
  from space 8704K, 63% used [0x00000000f3e00000,0x00000000f43652e0,0x00000000f4680000)
  to   space 9216K, 0% used [0x00000000f3500000,0x00000000f3500000,0x00000000f3e00000)
 ParOldGen       total 45056K, used 26688K [0x00000000c1400000, 0x00000000c4000000, 0x00000000eb180000)
  object space 45056K, 59% used [0x00000000c1400000,0x00000000c2e102f8,0x00000000c4000000)
 Metaspace       used 45003K, capacity 45538K, committed 46120K, reserved 1089536K
  class space    used 5916K, capacity 6077K, committed 6184K, reserved 1048576K
Event: 58.637 GC heap after
Heap after GC invocations=31 (full 2):
 PSYoungGen      total 143872K, used 5252K [0x00000000eb180000, 0x00000000f6800000, 0x0000000100000000)
  eden space 134656K, 0% used [0x00000000eb180000,0x00000000eb180000,0x00000000f3500000)
  from space 9216K, 56% used [0x00000000f3500000,0x00000000f3a21088,0x00000000f3e00000)
  to   space 9216K, 0% used [0x00000000f5f00000,0x00000000f5f00000,0x00000000f6800000)
 ParOldGen       total 45056K, used 30700K [0x00000000c1400000, 0x00000000c4000000, 0x00000000eb180000)
  object space 45056K, 68% used [0x00000000c1400000,0x00000000c31fb318,0x00000000c4000000)
 Metaspace       used 45003K, capacity 45538K, committed 46120K, reserved 1089536K
  class space    used 5916K, capacity 6077K, committed 6184K, reserved 1048576K
}
Event: 60.609 GC heap before
{Heap before GC invocations=32 (full 2):
 PSYoungGen      total 143872K, used 139908K [0x00000000eb180000, 0x00000000f6800000, 0x0000000100000000)
  eden space 134656K, 100% used [0x00000000eb180000,0x00000000f3500000,0x00000000f3500000)
  from space 9216K, 56% used [0x00000000f3500000,0x00000000f3a21088,0x00000000f3e00000)
  to   space 9216K, 0% used [0x00000000f5f00000,0x00000000f5f00000,0x00000000f6800000)
 ParOldGen       total 45056K, used 30700K [0x00000000c1400000, 0x00000000c4000000, 0x00000000eb180000)
  object space 45056K, 68% used [0x00000000c1400000,0x00000000c31fb318,0x00000000c4000000)
 Metaspace       used 47033K, capacity 47772K, committed 47912K, reserved 1091584K
  class space    used 6167K, capacity 6332K, committed 6440K, reserved 1048576K
Event: 60.666 GC heap after
Heap after GC invocations=32 (full 2):
 PSYoungGen      total 177152K, used 6023K [0x00000000eb180000, 0x00000000f6900000, 0x0000000100000000)
  eden space 167936K, 0% used [0x00000000eb180000,0x00000000eb180000,0x00000000f5580000)
  from space 9216K, 65% used [0x00000000f5f00000,0x00000000f64e1c68,0x00000000f6800000)
  to   space 9728K, 0% used [0x00000000f5580000,0x00000000f5580000,0x00000000f5f00000)
 ParOldGen       total 45056K, used 34028K [0x00000000c1400000, 0x00000000c4000000, 0x00000000eb180000)
  object space 45056K, 75% used [0x00000000c1400000,0x00000000c353b1a8,0x00000000c4000000)
 Metaspace       used 47033K, capacity 47772K, committed 47912K, reserved 1091584K
  class space    used 6167K, capacity 6332K, committed 6440K, reserved 1048576K
}

