# JRE version: Java(TM) SE Runtime Environment (8.0_91-b15) (build 1.8.0_91-b15)
# Java VM: Java HotSpot(TM) 64-Bit Server VM (25.91-b15 mixed mode windows-amd64 compressed oops)
Heap:
 PSYoungGen      total 328192K, used 114010K [0x00000000eb180000, 0x0000000100000000, 0x0000000100000000)
  eden space 314880K, 33% used [0x00000000eb180000,0x00000000f176ffa8,0x00000000fe500000)
  from space 13312K, 72% used [0x00000000ff300000,0x00000000ffc66b10,0x0000000100000000)
  to   space 13824K, 0% used [0x00000000fe500000,0x00000000fe500000,0x00000000ff280000)
 ParOldGen       total 56832K, used 33823K [0x00000000c1400000, 0x00000000c4b80000, 0x00000000eb180000)
  object space 56832K, 59% used [0x00000000c1400000,0x00000000c3507f10,0x00000000c4b80000)
 Metaspace       used 49203K, capacity 50032K, committed 50176K, reserved 1093632K
  class space    used 6429K, capacity 6630K, committed 6656K, reserved 1048576K
GC Heap History (10 events):
Event: 23.961 GC heap before
{Heap before GC invocations=12 (full 1):
 PSYoungGen      total 177152K, used 176528K [0x00000000eb180000, 0x00000000f7200000, 0x0000000100000000)
  eden space 169984K, 100% used [0x00000000eb180000,0x00000000f5780000,0x00000000f5780000)
  from space 7168K, 91% used [0x00000000f5f00000,0x00000000f6564010,0x00000000f6600000)
  to   space 7680K, 0% used [0x00000000f5780000,0x00000000f5780000,0x00000000f5f00000)
 ParOldGen       total 33792K, used 11335K [0x00000000c1400000, 0x00000000c3500000, 0x00000000eb180000)
  object space 33792K, 33% used [0x00000000c1400000,0x00000000c1f11d08,0x00000000c3500000)
 Metaspace       used 32257K, capacity 32632K, committed 32896K, reserved 1077248K
  class space    used 4027K, capacity 4105K, committed 4224K, reserved 1048576K
Event: 23.981 GC heap after
Heap after GC invocations=12 (full 1):
 PSYoungGen      total 177664K, used 7659K [0x00000000eb180000, 0x00000000fb080000, 0x0000000100000000)
  eden space 169984K, 0% used [0x00000000eb180000,0x00000000eb180000,0x00000000f5780000)
  from space 7680K, 99% used [0x00000000f5780000,0x00000000f5efadb0,0x00000000f5f00000)
  to   space 11264K, 0% used [0x00000000fa580000,0x00000000fa580000,0x00000000fb080000)
 ParOldGen       total 33792K, used 19194K [0x00000000c1400000, 0x00000000c3500000, 0x00000000eb180000)
  object space 33792K, 56% used [0x00000000c1400000,0x00000000c26be928,0x00000000c3500000)
 Metaspace       used 32257K, capacity 32632K, committed 32896K, reserved 1077248K
  class space    used 4027K, capacity 4105K, committed 4224K, reserved 1048576K
}
Event: 29.350 GC heap before
{Heap before GC invocations=13 (full 1):
 PSYoungGen      total 177664K, used 81382K [0x00000000eb180000, 0x00000000fb080000, 0x0000000100000000)
  eden space 169984K, 43% used [0x00000000eb180000,0x00000000ef97ec50,0x00000000f5780000)
  from space 7680K, 99% used [0x00000000f5780000,0x00000000f5efadb0,0x00000000f5f00000)
  to   space 11264K, 0% used [0x00000000fa580000,0x00000000fa580000,0x00000000fb080000)
 ParOldGen       total 33792K, used 19194K [0x00000000c1400000, 0x00000000c3500000, 0x00000000eb180000)
  object space 33792K, 56% used [0x00000000c1400000,0x00000000c26be928,0x00000000c3500000)
 Metaspace       used 34845K, capacity 35152K, committed 35496K, reserved 1081344K
  class space    used 4417K, capacity 4493K, committed 4608K, reserved 1048576K
Event: 29.364 GC heap after
Heap after GC invocations=13 (full 1):
 PSYoungGen      total 238592K, used 4730K [0x00000000eb180000, 0x00000000fab00000, 0x0000000100000000)
  eden space 232960K, 0% used [0x00000000eb180000,0x00000000eb180000,0x00000000f9500000)
  from space 5632K, 83% used [0x00000000fa580000,0x00000000faa1e970,0x00000000fab00000)
  to   space 11264K, 0% used [0x00000000f9500000,0x00000000f9500000,0x00000000fa000000)
 ParOldGen       total 33792K, used 24749K [0x00000000c1400000, 0x00000000c3500000, 0x00000000eb180000)
  object space 33792K, 73% used [0x00000000c1400000,0x00000000c2c2b6c0,0x00000000c3500000)
 Metaspace       used 34845K, capacity 35152K, committed 35496K, reserved 1081344K
  class space    used 4417K, capacity 4493K, committed 4608K, reserved 1048576K
}
Event: 29.365 GC heap before
{Heap before GC invocations=14 (full 2):
 PSYoungGen      total 238592K, used 4730K [0x00000000eb180000, 0x00000000fab00000, 0x0000000100000000)
  eden space 232960K, 0% used [0x00000000eb180000,0x00000000eb180000,0x00000000f9500000)
  from space 5632K, 83% used [0x00000000fa580000,0x00000000faa1e970,0x00000000fab00000)
  to   space 11264K, 0% used [0x00000000f9500000,0x00000000f9500000,0x00000000fa000000)
 ParOldGen       total 33792K, used 24749K [0x00000000c1400000, 0x00000000c3500000, 0x00000000eb180000)
  object space 33792K, 73% used [0x00000000c1400000,0x00000000c2c2b6c0,0x00000000c3500000)
 Metaspace       used 34845K, capacity 35152K, committed 35496K, reserved 1081344K
  class space    used 4417K, capacity 4493K, committed 4608K, reserved 1048576K
Event: 29.502 GC heap after
Heap after GC invocations=14 (full 2):
 PSYoungGen      total 238592K, used 0K [0x00000000eb180000, 0x00000000fab00000, 0x0000000100000000)
  eden space 232960K, 0% used [0x00000000eb180000,0x00000000eb180000,0x00000000f9500000)
  from space 5632K, 0% used [0x00000000fa580000,0x00000000fa580000,0x00000000fab00000)
  to   space 11264K, 0% used [0x00000000f9500000,0x00000000f9500000,0x00000000fa000000)
 ParOldGen       total 56832K, used 22882K [0x00000000c1400000, 0x00000000c4b80000, 0x00000000eb180000)
  object space 56832K, 40% used [0x00000000c1400000,0x00000000c2a58848,0x00000000c4b80000)
 Metaspace       used 34845K, capacity 35152K, committed 35496K, reserved 1081344K
  class space    used 4417K, capacity 4493K, committed 4608K, reserved 1048576K
}
Event: 35.302 GC heap before
{Heap before GC invocations=15 (full 2):
 PSYoungGen      total 238592K, used 232960K [0x00000000eb180000, 0x00000000fab00000, 0x0000000100000000)
  eden space 232960K, 100% used [0x00000000eb180000,0x00000000f9500000,0x00000000f9500000)
  from space 5632K, 0% used [0x00000000fa580000,0x00000000fa580000,0x00000000fab00000)
  to   space 11264K, 0% used [0x00000000f9500000,0x00000000f9500000,0x00000000fa000000)
 ParOldGen       total 56832K, used 22882K [0x00000000c1400000, 0x00000000c4b80000, 0x00000000eb180000)
  object space 56832K, 40% used [0x00000000c1400000,0x00000000c2a58848,0x00000000c4b80000)
 Metaspace       used 43100K, capacity 43632K, committed 44032K, reserved 1087488K
  class space    used 5637K, capacity 5786K, committed 5888K, reserved 1048576K
Event: 35.360 GC heap after
Heap after GC invocations=15 (full 2):
 PSYoungGen      total 244224K, used 11238K [0x00000000eb180000, 0x0000000100000000, 0x0000000100000000)
  eden space 232960K, 0% used [0x00000000eb180000,0x00000000eb180000,0x00000000f9500000)
  from space 11264K, 99% used [0x00000000f9500000,0x00000000f9ff9a58,0x00000000fa000000)
  to   space 13312K, 0% used [0x00000000ff300000,0x00000000ff300000,0x0000000100000000)
 ParOldGen       total 56832K, used 25185K [0x00000000c1400000, 0x00000000c4b80000, 0x00000000eb180000)
  object space 56832K, 44% used [0x00000000c1400000,0x00000000c2c98440,0x00000000c4b80000)
 Metaspace       used 43100K, capacity 43632K, committed 44032K, reserved 1087488K
  class space    used 5637K, capacity 5786K, committed 5888K, reserved 1048576K
}
Event: 37.437 GC heap before
{Heap before GC invocations=16 (full 2):
 PSYoungGen      total 244224K, used 244198K [0x00000000eb180000, 0x0000000100000000, 0x0000000100000000)
  eden space 232960K, 100% used [0x00000000eb180000,0x00000000f9500000,0x00000000f9500000)
  from space 11264K, 99% used [0x00000000f9500000,0x00000000f9ff9a58,0x00000000fa000000)
  to   space 13312K, 0% used [0x00000000ff300000,0x00000000ff300000,0x0000000100000000)
 ParOldGen       total 56832K, used 25185K [0x00000000c1400000, 0x00000000c4b80000, 0x00000000eb180000)
  object space 56832K, 44% used [0x00000000c1400000,0x00000000c2c98440,0x00000000c4b80000)
 Metaspace       used 47002K, capacity 47772K, committed 47872K, reserved 1091584K
  class space    used 6166K, capacity 6332K, committed 6400K, reserved 1048576K
Event: 37.505 GC heap after
Heap after GC invocations=16 (full 2):
 PSYoungGen      total 328192K, used 9626K [0x00000000eb180000, 0x0000000100000000, 0x0000000100000000)
  eden space 314880K, 0% used [0x00000000eb180000,0x00000000eb180000,0x00000000fe500000)
  from space 13312K, 72% used [0x00000000ff300000,0x00000000ffc66b10,0x0000000100000000)
  to   space 13824K, 0% used [0x00000000fe500000,0x00000000fe500000,0x00000000ff280000)
 ParOldGen       total 56832K, used 33823K [0x00000000c1400000, 0x00000000c4b80000, 0x00000000eb180000)
  object space 56832K, 59% used [0x00000000c1400000,0x00000000c3507f10,0x00000000c4b80000)
 Metaspace       used 47002K, capacity 47772K, committed 47872K, reserved 1091584K
  class space    used 6166K, capacity 6332K, committed 6400K, reserved 1048576K
}

