# JRE version: Java(TM) SE Runtime Environment (8.0_91-b15) (build 1.8.0_91-b15)
# Java VM: Java HotSpot(TM) 64-Bit Server VM (25.91-b15 mixed mode windows-amd64 compressed oops)
Heap:
 PSYoungGen      total 215040K, used 81993K [0x00000000eb180000, 0x00000000fec80000, 0x0000000100000000)
  eden space 204800K, 35% used [0x00000000eb180000,0x00000000ef799b78,0x00000000f7980000)
  from space 10240K, 99% used [0x00000000f7980000,0x00000000f8378a70,0x00000000f8380000)
  to   space 12288K, 0% used [0x00000000fe080000,0x00000000fe080000,0x00000000fec80000)
 ParOldGen       total 52736K, used 26075K [0x00000000c1400000, 0x00000000c4780000, 0x00000000eb180000)
  object space 52736K, 49% used [0x00000000c1400000,0x00000000c2d76ee8,0x00000000c4780000)
 Metaspace       used 43239K, capacity 43696K, committed 43944K, reserved 1087488K
  class space    used 5651K, capacity 5786K, committed 5800K, reserved 1048576K
GC Heap History (10 events):
Event: 52.268 GC heap before
{Heap before GC invocations=13 (full 1):
 PSYoungGen      total 99328K, used 93613K [0x00000000eb180000, 0x00000000f4a00000, 0x0000000100000000)
  eden space 91136K, 100% used [0x00000000eb180000,0x00000000f0a80000,0x00000000f0a80000)
  from space 8192K, 30% used [0x00000000f0a80000,0x00000000f0ceb5a8,0x00000000f1280000)
  to   space 8192K, 0% used [0x00000000f4200000,0x00000000f4200000,0x00000000f4a00000)
 ParOldGen       total 31232K, used 12904K [0x00000000c1400000, 0x00000000c3280000, 0x00000000eb180000)
  object space 31232K, 41% used [0x00000000c1400000,0x00000000c209a210,0x00000000c3280000)
 Metaspace       used 27267K, capacity 27612K, committed 27904K, reserved 1073152K
  class space    used 3472K, capacity 3551K, committed 3584K, reserved 1048576K
Event: 52.277 GC heap after
Heap after GC invocations=13 (full 1):
 PSYoungGen      total 143872K, used 4200K [0x00000000eb180000, 0x00000000f4780000, 0x0000000100000000)
  eden space 138240K, 0% used [0x00000000eb180000,0x00000000eb180000,0x00000000f3880000)
  from space 5632K, 74% used [0x00000000f4200000,0x00000000f461a320,0x00000000f4780000)
  to   space 7680K, 0% used [0x00000000f3880000,0x00000000f3880000,0x00000000f4000000)
 ParOldGen       total 31232K, used 14115K [0x00000000c1400000, 0x00000000c3280000, 0x00000000eb180000)
  object space 31232K, 45% used [0x00000000c1400000,0x00000000c21c8f30,0x00000000c3280000)
 Metaspace       used 27267K, capacity 27612K, committed 27904K, reserved 1073152K
  class space    used 3472K, capacity 3551K, committed 3584K, reserved 1048576K
}
Event: 68.634 GC heap before
{Heap before GC invocations=14 (full 1):
 PSYoungGen      total 143872K, used 142440K [0x00000000eb180000, 0x00000000f4780000, 0x0000000100000000)
  eden space 138240K, 100% used [0x00000000eb180000,0x00000000f3880000,0x00000000f3880000)
  from space 5632K, 74% used [0x00000000f4200000,0x00000000f461a320,0x00000000f4780000)
  to   space 7680K, 0% used [0x00000000f3880000,0x00000000f3880000,0x00000000f4000000)
 ParOldGen       total 31232K, used 14115K [0x00000000c1400000, 0x00000000c3280000, 0x00000000eb180000)
  object space 31232K, 45% used [0x00000000c1400000,0x00000000c21c8f30,0x00000000c3280000)
 Metaspace       used 32095K, capacity 32460K, committed 32768K, reserved 1077248K
  class space    used 3992K, capacity 4071K, committed 4096K, reserved 1048576K
Event: 68.683 GC heap after
Heap after GC invocations=14 (full 1):
 PSYoungGen      total 145920K, used 7654K [0x00000000eb180000, 0x00000000f8f80000, 0x0000000100000000)
  eden space 138240K, 0% used [0x00000000eb180000,0x00000000eb180000,0x00000000f3880000)
  from space 7680K, 99% used [0x00000000f3880000,0x00000000f3ff98b0,0x00000000f4000000)
  to   space 10240K, 0% used [0x00000000f8580000,0x00000000f8580000,0x00000000f8f80000)
 ParOldGen       total 31232K, used 18188K [0x00000000c1400000, 0x00000000c3280000, 0x00000000eb180000)
  object space 31232K, 58% used [0x00000000c1400000,0x00000000c25c31a8,0x00000000c3280000)
 Metaspace       used 32095K, capacity 32460K, committed 32768K, reserved 1077248K
  class space    used 3992K, capacity 4071K, committed 4096K, reserved 1048576K
}
Event: 73.214 GC heap before
{Heap before GC invocations=15 (full 1):
 PSYoungGen      total 145920K, used 101540K [0x00000000eb180000, 0x00000000f8f80000, 0x0000000100000000)
  eden space 138240K, 67% used [0x00000000eb180000,0x00000000f0d2f8b0,0x00000000f3880000)
  from space 7680K, 99% used [0x00000000f3880000,0x00000000f3ff98b0,0x00000000f4000000)
  to   space 10240K, 0% used [0x00000000f8580000,0x00000000f8580000,0x00000000f8f80000)
 ParOldGen       total 31232K, used 18188K [0x00000000c1400000, 0x00000000c3280000, 0x00000000eb180000)
  object space 31232K, 58% used [0x00000000c1400000,0x00000000c25c31a8,0x00000000c3280000)
 Metaspace       used 34899K, capacity 35216K, committed 35496K, reserved 1081344K
  class space    used 4419K, capacity 4493K, committed 4520K, reserved 1048576K
Event: 73.239 GC heap after
Heap after GC invocations=15 (full 1):
 PSYoungGen      total 212992K, used 6569K [0x00000000eb180000, 0x00000000f8d80000, 0x0000000100000000)
  eden space 204800K, 0% used [0x00000000eb180000,0x00000000eb180000,0x00000000f7980000)
  from space 8192K, 80% used [0x00000000f8580000,0x00000000f8bea548,0x00000000f8d80000)
  to   space 10240K, 0% used [0x00000000f7980000,0x00000000f7980000,0x00000000f8380000)
 ParOldGen       total 31232K, used 23359K [0x00000000c1400000, 0x00000000c3280000, 0x00000000eb180000)
  object space 31232K, 74% used [0x00000000c1400000,0x00000000c2acff40,0x00000000c3280000)
 Metaspace       used 34899K, capacity 35216K, committed 35496K, reserved 1081344K
  class space    used 4419K, capacity 4493K, committed 4520K, reserved 1048576K
}
Event: 73.239 GC heap before
{Heap before GC invocations=16 (full 2):
 PSYoungGen      total 212992K, used 6569K [0x00000000eb180000, 0x00000000f8d80000, 0x0000000100000000)
  eden space 204800K, 0% used [0x00000000eb180000,0x00000000eb180000,0x00000000f7980000)
  from space 8192K, 80% used [0x00000000f8580000,0x00000000f8bea548,0x00000000f8d80000)
  to   space 10240K, 0% used [0x00000000f7980000,0x00000000f7980000,0x00000000f8380000)
 ParOldGen       total 31232K, used 23359K [0x00000000c1400000, 0x00000000c3280000, 0x00000000eb180000)
  object space 31232K, 74% used [0x00000000c1400000,0x00000000c2acff40,0x00000000c3280000)
 Metaspace       used 34899K, capacity 35216K, committed 35496K, reserved 1081344K
  class space    used 4419K, capacity 4493K, committed 4520K, reserved 1048576K
Event: 73.416 GC heap after
Heap after GC invocations=16 (full 2):
 PSYoungGen      total 212992K, used 0K [0x00000000eb180000, 0x00000000f8d80000, 0x0000000100000000)
  eden space 204800K, 0% used [0x00000000eb180000,0x00000000eb180000,0x00000000f7980000)
  from space 8192K, 0% used [0x00000000f8580000,0x00000000f8580000,0x00000000f8d80000)
  to   space 10240K, 0% used [0x00000000f7980000,0x00000000f7980000,0x00000000f8380000)
 ParOldGen       total 52736K, used 24533K [0x00000000c1400000, 0x00000000c4780000, 0x00000000eb180000)
  object space 52736K, 46% used [0x00000000c1400000,0x00000000c2bf5768,0x00000000c4780000)
 Metaspace       used 34899K, capacity 35216K, committed 35496K, reserved 1081344K
  class space    used 4419K, capacity 4493K, committed 4520K, reserved 1048576K
}
Event: 87.711 GC heap before
{Heap before GC invocations=17 (full 2):
 PSYoungGen      total 212992K, used 204800K [0x00000000eb180000, 0x00000000f8d80000, 0x0000000100000000)
  eden space 204800K, 100% used [0x00000000eb180000,0x00000000f7980000,0x00000000f7980000)
  from space 8192K, 0% used [0x00000000f8580000,0x00000000f8580000,0x00000000f8d80000)
  to   space 10240K, 0% used [0x00000000f7980000,0x00000000f7980000,0x00000000f8380000)
 ParOldGen       total 52736K, used 24533K [0x00000000c1400000, 0x00000000c4780000, 0x00000000eb180000)
  object space 52736K, 46% used [0x00000000c1400000,0x00000000c2bf5768,0x00000000c4780000)
 Metaspace       used 42689K, capacity 43178K, committed 43688K, reserved 1087488K
  class space    used 5585K, capacity 5721K, committed 5800K, reserved 1048576K
Event: 87.815 GC heap after
Heap after GC invocations=17 (full 2):
 PSYoungGen      total 215040K, used 10210K [0x00000000eb180000, 0x00000000fec80000, 0x0000000100000000)
  eden space 204800K, 0% used [0x00000000eb180000,0x00000000eb180000,0x00000000f7980000)
  from space 10240K, 99% used [0x00000000f7980000,0x00000000f8378a70,0x00000000f8380000)
  to   space 12288K, 0% used [0x00000000fe080000,0x00000000fe080000,0x00000000fec80000)
 ParOldGen       total 52736K, used 26075K [0x00000000c1400000, 0x00000000c4780000, 0x00000000eb180000)
  object space 52736K, 49% used [0x00000000c1400000,0x00000000c2d76ee8,0x00000000c4780000)
 Metaspace       used 42689K, capacity 43178K, committed 43688K, reserved 1087488K
  class space    used 5585K, capacity 5721K, committed 5800K, reserved 1048576K
}

