# JRE version: Java(TM) SE Runtime Environment (8.0_91-b15) (build 1.8.0_91-b15)
# Java VM: Java HotSpot(TM) 64-Bit Server VM (25.91-b15 mixed mode windows-amd64 compressed oops)
Heap:
 PSYoungGen      total 314880K, used 291865K [0x00000000eb180000, 0x00000000ff580000, 0x0000000100000000)
  eden space 304128K, 92% used [0x00000000eb180000,0x00000000fc53be30,0x00000000fda80000)
  from space 10752K, 88% used [0x00000000feb00000,0x00000000ff44a748,0x00000000ff580000)
  to   space 13824K, 0% used [0x00000000fda80000,0x00000000fda80000,0x00000000fe800000)
 ParOldGen       total 56832K, used 36191K [0x00000000c1400000, 0x00000000c4b80000, 0x00000000eb180000)
  object space 56832K, 63% used [0x00000000c1400000,0x00000000c3757d98,0x00000000c4b80000)
 Metaspace       used 55456K, capacity 56361K, committed 56576K, reserved 1097728K
  class space    used 7093K, capacity 7310K, committed 7424K, reserved 1048576K
GC Heap History (10 events):
Event: 21.831 GC heap before
{Heap before GC invocations=14 (full 1):
 PSYoungGen      total 162304K, used 156359K [0x00000000eb180000, 0x00000000f5a80000, 0x0000000100000000)
  eden space 153600K, 100% used [0x00000000eb180000,0x00000000f4780000,0x00000000f4780000)
  from space 8704K, 31% used [0x00000000f5000000,0x00000000f52b1c90,0x00000000f5880000)
  to   space 8704K, 0% used [0x00000000f4780000,0x00000000f4780000,0x00000000f5000000)
 ParOldGen       total 31744K, used 12833K [0x00000000c1400000, 0x00000000c3300000, 0x00000000eb180000)
  object space 31744K, 40% used [0x00000000c1400000,0x00000000c2088530,0x00000000c3300000)
 Metaspace       used 31892K, capacity 32204K, committed 32512K, reserved 1077248K
  class space    used 3978K, capacity 4071K, committed 4096K, reserved 1048576K
Event: 21.903 GC heap after
Heap after GC invocations=14 (full 1):
 PSYoungGen      total 162304K, used 8673K [0x00000000eb180000, 0x00000000fae00000, 0x0000000100000000)
  eden space 153600K, 0% used [0x00000000eb180000,0x00000000eb180000,0x00000000f4780000)
  from space 8704K, 99% used [0x00000000f4780000,0x00000000f4ff85f0,0x00000000f5000000)
  to   space 10752K, 0% used [0x00000000fa380000,0x00000000fa380000,0x00000000fae00000)
 ParOldGen       total 31744K, used 15316K [0x00000000c1400000, 0x00000000c3300000, 0x00000000eb180000)
  object space 31744K, 48% used [0x00000000c1400000,0x00000000c22f5108,0x00000000c3300000)
 Metaspace       used 31892K, capacity 32204K, committed 32512K, reserved 1077248K
  class space    used 3978K, capacity 4071K, committed 4096K, reserved 1048576K
}
Event: 25.183 GC heap before
{Heap before GC invocations=15 (full 1):
 PSYoungGen      total 162304K, used 123528K [0x00000000eb180000, 0x00000000fae00000, 0x0000000100000000)
  eden space 153600K, 74% used [0x00000000eb180000,0x00000000f21a9bc8,0x00000000f4780000)
  from space 8704K, 99% used [0x00000000f4780000,0x00000000f4ff85f0,0x00000000f5000000)
  to   space 10752K, 0% used [0x00000000fa380000,0x00000000fa380000,0x00000000fae00000)
 ParOldGen       total 31744K, used 15316K [0x00000000c1400000, 0x00000000c3300000, 0x00000000eb180000)
  object space 31744K, 48% used [0x00000000c1400000,0x00000000c22f5108,0x00000000c3300000)
 Metaspace       used 34757K, capacity 35088K, committed 35496K, reserved 1081344K
  class space    used 4391K, capacity 4493K, committed 4608K, reserved 1048576K
Event: 25.320 GC heap after
Heap after GC invocations=15 (full 1):
 PSYoungGen      total 247808K, used 7639K [0x00000000eb180000, 0x00000000faf00000, 0x0000000100000000)
  eden space 237056K, 0% used [0x00000000eb180000,0x00000000eb180000,0x00000000f9900000)
  from space 10752K, 71% used [0x00000000fa380000,0x00000000faaf5c48,0x00000000fae00000)
  to   space 10752K, 0% used [0x00000000f9900000,0x00000000f9900000,0x00000000fa380000)
 ParOldGen       total 31744K, used 20143K [0x00000000c1400000, 0x00000000c3300000, 0x00000000eb180000)
  object space 31744K, 63% used [0x00000000c1400000,0x00000000c27abec0,0x00000000c3300000)
 Metaspace       used 34757K, capacity 35088K, committed 35496K, reserved 1081344K
  class space    used 4391K, capacity 4493K, committed 4608K, reserved 1048576K
}
Event: 25.320 GC heap before
{Heap before GC invocations=16 (full 2):
 PSYoungGen      total 247808K, used 7639K [0x00000000eb180000, 0x00000000faf00000, 0x0000000100000000)
  eden space 237056K, 0% used [0x00000000eb180000,0x00000000eb180000,0x00000000f9900000)
  from space 10752K, 71% used [0x00000000fa380000,0x00000000faaf5c48,0x00000000fae00000)
  to   space 10752K, 0% used [0x00000000f9900000,0x00000000f9900000,0x00000000fa380000)
 ParOldGen       total 31744K, used 20143K [0x00000000c1400000, 0x00000000c3300000, 0x00000000eb180000)
  object space 31744K, 63% used [0x00000000c1400000,0x00000000c27abec0,0x00000000c3300000)
 Metaspace       used 34757K, capacity 35088K, committed 35496K, reserved 1081344K
  class space    used 4391K, capacity 4493K, committed 4608K, reserved 1048576K
Event: 25.857 GC heap after
Heap after GC invocations=16 (full 2):
 PSYoungGen      total 247808K, used 0K [0x00000000eb180000, 0x00000000faf00000, 0x0000000100000000)
  eden space 237056K, 0% used [0x00000000eb180000,0x00000000eb180000,0x00000000f9900000)
  from space 10752K, 0% used [0x00000000fa380000,0x00000000fa380000,0x00000000fae00000)
  to   space 10752K, 0% used [0x00000000f9900000,0x00000000f9900000,0x00000000fa380000)
 ParOldGen       total 56832K, used 24523K [0x00000000c1400000, 0x00000000c4b80000, 0x00000000eb180000)
  object space 56832K, 43% used [0x00000000c1400000,0x00000000c2bf2f38,0x00000000c4b80000)
 Metaspace       used 34757K, capacity 35088K, committed 35496K, reserved 1081344K
  class space    used 4391K, capacity 4493K, committed 4608K, reserved 1048576K
}
Event: 36.568 GC heap before
{Heap before GC invocations=17 (full 2):
 PSYoungGen      total 247808K, used 237056K [0x00000000eb180000, 0x00000000faf00000, 0x0000000100000000)
  eden space 237056K, 100% used [0x00000000eb180000,0x00000000f9900000,0x00000000f9900000)
  from space 10752K, 0% used [0x00000000fa380000,0x00000000fa380000,0x00000000fae00000)
  to   space 10752K, 0% used [0x00000000f9900000,0x00000000f9900000,0x00000000fa380000)
 ParOldGen       total 56832K, used 24523K [0x00000000c1400000, 0x00000000c4b80000, 0x00000000eb180000)
  object space 56832K, 43% used [0x00000000c1400000,0x00000000c2bf2f38,0x00000000c4b80000)
 Metaspace       used 43150K, capacity 43632K, committed 44032K, reserved 1087488K
  class space    used 5634K, capacity 5786K, committed 5888K, reserved 1048576K
Event: 36.627 GC heap after
Heap after GC invocations=17 (full 2):
 PSYoungGen      total 247808K, used 10728K [0x00000000eb180000, 0x00000000ff800000, 0x0000000100000000)
  eden space 237056K, 0% used [0x00000000eb180000,0x00000000eb180000,0x00000000f9900000)
  from space 10752K, 99% used [0x00000000f9900000,0x00000000fa37a340,0x00000000fa380000)
  to   space 13312K, 0% used [0x00000000feb00000,0x00000000feb00000,0x00000000ff800000)
 ParOldGen       total 56832K, used 27504K [0x00000000c1400000, 0x00000000c4b80000, 0x00000000eb180000)
  object space 56832K, 48% used [0x00000000c1400000,0x00000000c2edc2c8,0x00000000c4b80000)
 Metaspace       used 43150K, capacity 43632K, committed 44032K, reserved 1087488K
  class space    used 5634K, capacity 5786K, committed 5888K, reserved 1048576K
}
Event: 43.578 GC heap before
{Heap before GC invocations=18 (full 2):
 PSYoungGen      total 247808K, used 247784K [0x00000000eb180000, 0x00000000ff800000, 0x0000000100000000)
  eden space 237056K, 100% used [0x00000000eb180000,0x00000000f9900000,0x00000000f9900000)
  from space 10752K, 99% used [0x00000000f9900000,0x00000000fa37a340,0x00000000fa380000)
  to   space 13312K, 0% used [0x00000000feb00000,0x00000000feb00000,0x00000000ff800000)
 ParOldGen       total 56832K, used 27504K [0x00000000c1400000, 0x00000000c4b80000, 0x00000000eb180000)
  object space 56832K, 48% used [0x00000000c1400000,0x00000000c2edc2c8,0x00000000c4b80000)
 Metaspace       used 46909K, capacity 47612K, committed 47872K, reserved 1091584K
  class space    used 6154K, capacity 6316K, committed 6400K, reserved 1048576K
Event: 43.685 GC heap after
Heap after GC invocations=18 (full 2):
 PSYoungGen      total 314880K, used 9513K [0x00000000eb180000, 0x00000000ff580000, 0x0000000100000000)
  eden space 304128K, 0% used [0x00000000eb180000,0x00000000eb180000,0x00000000fda80000)
  from space 10752K, 88% used [0x00000000feb00000,0x00000000ff44a748,0x00000000ff580000)
  to   space 13824K, 0% used [0x00000000fda80000,0x00000000fda80000,0x00000000fe800000)
 ParOldGen       total 56832K, used 36191K [0x00000000c1400000, 0x00000000c4b80000, 0x00000000eb180000)
  object space 56832K, 63% used [0x00000000c1400000,0x00000000c3757d98,0x00000000c4b80000)
 Metaspace       used 46909K, capacity 47612K, committed 47872K, reserved 1091584K
  class space    used 6154K, capacity 6316K, committed 6400K, reserved 1048576K
}

