# JRE version: Java(TM) SE Runtime Environment (8.0_91-b15) (build 1.8.0_91-b15)
# Java VM: Java HotSpot(TM) 64-Bit Server VM (25.91-b15 mixed mode windows-amd64 compressed oops)
Heap:
 PSYoungGen      total 312832K, used 1661K [0x00000000eb180000, 0x0000000100000000, 0x0000000100000000)
  eden space 310784K, 0% used [0x00000000eb180000,0x00000000eb180000,0x00000000fe100000)
  from space 2048K, 81% used [0x00000000fe100000,0x00000000fe29f7e8,0x00000000fe300000)
  to   space 16384K, 0% used [0x00000000ff000000,0x00000000ff000000,0x0000000100000000)
 ParOldGen       total 60928K, used 35263K [0x00000000c1400000, 0x00000000c4f80000, 0x00000000eb180000)
  object space 60928K, 57% used [0x00000000c1400000,0x00000000c366fd88,0x00000000c4f80000)
 Metaspace       used 48246K, capacity 49002K, committed 49280K, reserved 1091584K
  class space    used 6317K, capacity 6501K, committed 6528K, reserved 1048576K
GC Heap History (10 events):
Event: 20.609 GC heap before
{Heap before GC invocations=10 (full 1):
 PSYoungGen      total 189440K, used 187143K [0x00000000eb180000, 0x00000000f9080000, 0x0000000100000000)
  eden space 180224K, 100% used [0x00000000eb180000,0x00000000f6180000,0x00000000f6180000)
  from space 9216K, 75% used [0x00000000f6b00000,0x00000000f71c1ef8,0x00000000f7400000)
  to   space 9728K, 0% used [0x00000000f6180000,0x00000000f6180000,0x00000000f6b00000)
 ParOldGen       total 40448K, used 11541K [0x00000000c1400000, 0x00000000c3b80000, 0x00000000eb180000)
  object space 40448K, 28% used [0x00000000c1400000,0x00000000c1f455f8,0x00000000c3b80000)
 Metaspace       used 32272K, capacity 32626K, committed 33152K, reserved 1079296K
  class space    used 4014K, capacity 4104K, committed 4224K, reserved 1048576K
Event: 20.638 GC heap after
Heap after GC invocations=10 (full 1):
 PSYoungGen      total 189952K, used 9724K [0x00000000eb180000, 0x00000000fbb80000, 0x0000000100000000)
  eden space 180224K, 0% used [0x00000000eb180000,0x00000000eb180000,0x00000000f6180000)
  from space 9728K, 99% used [0x00000000f6180000,0x00000000f6aff250,0x00000000f6b00000)
  to   space 13312K, 0% used [0x00000000fae80000,0x00000000fae80000,0x00000000fbb80000)
 ParOldGen       total 40448K, used 18326K [0x00000000c1400000, 0x00000000c3b80000, 0x00000000eb180000)
  object space 40448K, 45% used [0x00000000c1400000,0x00000000c25e59d8,0x00000000c3b80000)
 Metaspace       used 32272K, capacity 32626K, committed 33152K, reserved 1079296K
  class space    used 4014K, capacity 4104K, committed 4224K, reserved 1048576K
}
Event: 31.823 GC heap before
{Heap before GC invocations=11 (full 1):
 PSYoungGen      total 189952K, used 88480K [0x00000000eb180000, 0x00000000fbb80000, 0x0000000100000000)
  eden space 180224K, 43% used [0x00000000eb180000,0x00000000efe68ea8,0x00000000f6180000)
  from space 9728K, 99% used [0x00000000f6180000,0x00000000f6aff250,0x00000000f6b00000)
  to   space 13312K, 0% used [0x00000000fae80000,0x00000000fae80000,0x00000000fbb80000)
 ParOldGen       total 40448K, used 18326K [0x00000000c1400000, 0x00000000c3b80000, 0x00000000eb180000)
  object space 40448K, 45% used [0x00000000c1400000,0x00000000c25e59d8,0x00000000c3b80000)
 Metaspace       used 34680K, capacity 35024K, committed 35416K, reserved 1081344K
  class space    used 4380K, capacity 4493K, committed 4608K, reserved 1048576K
Event: 31.921 GC heap after
Heap after GC invocations=11 (full 1):
 PSYoungGen      total 251392K, used 11070K [0x00000000eb180000, 0x00000000fb980000, 0x0000000100000000)
  eden space 240128K, 0% used [0x00000000eb180000,0x00000000eb180000,0x00000000f9c00000)
  from space 11264K, 98% used [0x00000000fae80000,0x00000000fb94f820,0x00000000fb980000)
  to   space 14336K, 0% used [0x00000000f9d80000,0x00000000f9d80000,0x00000000fab80000)
 ParOldGen       total 40448K, used 21611K [0x00000000c1400000, 0x00000000c3b80000, 0x00000000eb180000)
  object space 40448K, 53% used [0x00000000c1400000,0x00000000c291ac58,0x00000000c3b80000)
 Metaspace       used 34680K, capacity 35024K, committed 35416K, reserved 1081344K
  class space    used 4380K, capacity 4493K, committed 4608K, reserved 1048576K
}
Event: 31.921 GC heap before
{Heap before GC invocations=12 (full 2):
 PSYoungGen      total 251392K, used 11070K [0x00000000eb180000, 0x00000000fb980000, 0x0000000100000000)
  eden space 240128K, 0% used [0x00000000eb180000,0x00000000eb180000,0x00000000f9c00000)
  from space 11264K, 98% used [0x00000000fae80000,0x00000000fb94f820,0x00000000fb980000)
  to   space 14336K, 0% used [0x00000000f9d80000,0x00000000f9d80000,0x00000000fab80000)
 ParOldGen       total 40448K, used 21611K [0x00000000c1400000, 0x00000000c3b80000, 0x00000000eb180000)
  object space 40448K, 53% used [0x00000000c1400000,0x00000000c291ac58,0x00000000c3b80000)
 Metaspace       used 34680K, capacity 35024K, committed 35416K, reserved 1081344K
  class space    used 4380K, capacity 4493K, committed 4608K, reserved 1048576K
Event: 32.157 GC heap after
Heap after GC invocations=12 (full 2):
 PSYoungGen      total 251392K, used 0K [0x00000000eb180000, 0x00000000fb980000, 0x0000000100000000)
  eden space 240128K, 0% used [0x00000000eb180000,0x00000000eb180000,0x00000000f9c00000)
  from space 11264K, 0% used [0x00000000fae80000,0x00000000fae80000,0x00000000fb980000)
  to   space 14336K, 0% used [0x00000000f9d80000,0x00000000f9d80000,0x00000000fab80000)
 ParOldGen       total 60928K, used 23373K [0x00000000c1400000, 0x00000000c4f80000, 0x00000000eb180000)
  object space 60928K, 38% used [0x00000000c1400000,0x00000000c2ad3438,0x00000000c4f80000)
 Metaspace       used 34680K, capacity 35024K, committed 35416K, reserved 1081344K
  class space    used 4380K, capacity 4493K, committed 4608K, reserved 1048576K
}
Event: 83.526 GC heap before
{Heap before GC invocations=13 (full 2):
 PSYoungGen      total 251392K, used 240128K [0x00000000eb180000, 0x00000000fb980000, 0x0000000100000000)
  eden space 240128K, 100% used [0x00000000eb180000,0x00000000f9c00000,0x00000000f9c00000)
  from space 11264K, 0% used [0x00000000fae80000,0x00000000fae80000,0x00000000fb980000)
  to   space 14336K, 0% used [0x00000000f9d80000,0x00000000f9d80000,0x00000000fab80000)
 ParOldGen       total 60928K, used 23373K [0x00000000c1400000, 0x00000000c4f80000, 0x00000000eb180000)
  object space 60928K, 38% used [0x00000000c1400000,0x00000000c2ad3438,0x00000000c4f80000)
 Metaspace       used 42862K, capacity 43402K, committed 43648K, reserved 1087488K
  class space    used 5605K, capacity 5753K, committed 5760K, reserved 1048576K
Event: 83.611 GC heap after
Heap after GC invocations=13 (full 2):
 PSYoungGen      total 256000K, used 12416K [0x00000000eb180000, 0x0000000100000000, 0x0000000100000000)
  eden space 241664K, 0% used [0x00000000eb180000,0x00000000eb180000,0x00000000f9d80000)
  from space 14336K, 86% used [0x00000000f9d80000,0x00000000fa9a02a8,0x00000000fab80000)
  to   space 15872K, 0% used [0x00000000ff080000,0x00000000ff080000,0x0000000100000000)
 ParOldGen       total 60928K, used 23381K [0x00000000c1400000, 0x00000000c4f80000, 0x00000000eb180000)
  object space 60928K, 38% used [0x00000000c1400000,0x00000000c2ad5438,0x00000000c4f80000)
 Metaspace       used 42862K, capacity 43402K, committed 43648K, reserved 1087488K
  class space    used 5605K, capacity 5753K, committed 5760K, reserved 1048576K
}
Event: 90.449 GC heap before
{Heap before GC invocations=14 (full 2):
 PSYoungGen      total 256000K, used 254080K [0x00000000eb180000, 0x0000000100000000, 0x0000000100000000)
  eden space 241664K, 100% used [0x00000000eb180000,0x00000000f9d80000,0x00000000f9d80000)
  from space 14336K, 86% used [0x00000000f9d80000,0x00000000fa9a02a8,0x00000000fab80000)
  to   space 15872K, 0% used [0x00000000ff080000,0x00000000ff080000,0x0000000100000000)
 ParOldGen       total 60928K, used 23381K [0x00000000c1400000, 0x00000000c4f80000, 0x00000000eb180000)
  object space 60928K, 38% used [0x00000000c1400000,0x00000000c2ad5438,0x00000000c4f80000)
 Metaspace       used 46700K, capacity 47448K, committed 47616K, reserved 1091584K
  class space    used 6133K, capacity 6310K, committed 6400K, reserved 1048576K
Event: 91.376 GC heap after
Heap after GC invocations=14 (full 2):
 PSYoungGen      total 326656K, used 10522K [0x00000000eb180000, 0x0000000100000000, 0x0000000100000000)
  eden space 310784K, 0% used [0x00000000eb180000,0x00000000eb180000,0x00000000fe100000)
  from space 15872K, 66% used [0x00000000ff080000,0x00000000ffac6b10,0x0000000100000000)
  to   space 15872K, 0% used [0x00000000fe100000,0x00000000fe100000,0x00000000ff080000)
 ParOldGen       total 60928K, used 30963K [0x00000000c1400000, 0x00000000c4f80000, 0x00000000eb180000)
  object space 60928K, 50% used [0x00000000c1400000,0x00000000c323cee8,0x00000000c4f80000)
 Metaspace       used 46700K, capacity 47448K, committed 47616K, reserved 1091584K
  class space    used 6133K, capacity 6310K, committed 6400K, reserved 1048576K
}

