# JRE version: Java(TM) SE Runtime Environment (8.0_91-b15) (build 1.8.0_91-b15)
# Java VM: Java HotSpot(TM) 64-Bit Server VM (25.91-b15 mixed mode windows-amd64 compressed oops)
Heap:
 PSYoungGen      total 328704K, used 243806K [0x00000000eb180000, 0x0000000100000000, 0x0000000100000000)
  eden space 315904K, 74% used [0x00000000eb180000,0x00000000f9641cc0,0x00000000fe600000)
  from space 12800K, 74% used [0x00000000ff380000,0x00000000ffcd5d40,0x0000000100000000)
  to   space 13312K, 0% used [0x00000000fe600000,0x00000000fe600000,0x00000000ff300000)
 ParOldGen       total 58368K, used 36246K [0x00000000c1400000, 0x00000000c4d00000, 0x00000000eb180000)
  object space 58368K, 62% used [0x00000000c1400000,0x00000000c3765be0,0x00000000c4d00000)
 Metaspace       used 54821K, capacity 55689K, committed 55936K, reserved 1097728K
  class space    used 7066K, capacity 7278K, committed 7296K, reserved 1048576K
GC Heap History (10 events):
Event: 10.935 GC heap before
{Heap before GC invocations=12 (full 1):
 PSYoungGen      total 169984K, used 168738K [0x00000000eb180000, 0x00000000f7680000, 0x0000000100000000)
  eden space 162304K, 100% used [0x00000000eb180000,0x00000000f5000000,0x00000000f5000000)
  from space 7680K, 83% used [0x00000000f5780000,0x00000000f5dc8a38,0x00000000f5f00000)
  to   space 7680K, 0% used [0x00000000f5000000,0x00000000f5000000,0x00000000f5780000)
 ParOldGen       total 34816K, used 11545K [0x00000000c1400000, 0x00000000c3600000, 0x00000000eb180000)
  object space 34816K, 33% used [0x00000000c1400000,0x00000000c1f46420,0x00000000c3600000)
 Metaspace       used 32227K, capacity 32626K, committed 33152K, reserved 1079296K
  class space    used 4008K, capacity 4104K, committed 4224K, reserved 1048576K
Event: 10.963 GC heap after
Heap after GC invocations=12 (full 1):
 PSYoungGen      total 169984K, used 7667K [0x00000000eb180000, 0x00000000fae80000, 0x0000000100000000)
  eden space 162304K, 0% used [0x00000000eb180000,0x00000000eb180000,0x00000000f5000000)
  from space 7680K, 99% used [0x00000000f5000000,0x00000000f577cde0,0x00000000f5780000)
  to   space 10752K, 0% used [0x00000000fa400000,0x00000000fa400000,0x00000000fae80000)
 ParOldGen       total 34816K, used 17730K [0x00000000c1400000, 0x00000000c3600000, 0x00000000eb180000)
  object space 34816K, 50% used [0x00000000c1400000,0x00000000c25508b0,0x00000000c3600000)
 Metaspace       used 32227K, capacity 32626K, committed 33152K, reserved 1079296K
  class space    used 4008K, capacity 4104K, committed 4224K, reserved 1048576K
}
Event: 12.389 GC heap before
{Heap before GC invocations=13 (full 1):
 PSYoungGen      total 169984K, used 92231K [0x00000000eb180000, 0x00000000fae80000, 0x0000000100000000)
  eden space 162304K, 52% used [0x00000000eb180000,0x00000000f0414ff8,0x00000000f5000000)
  from space 7680K, 99% used [0x00000000f5000000,0x00000000f577cde0,0x00000000f5780000)
  to   space 10752K, 0% used [0x00000000fa400000,0x00000000fa400000,0x00000000fae80000)
 ParOldGen       total 34816K, used 17730K [0x00000000c1400000, 0x00000000c3600000, 0x00000000eb180000)
  object space 34816K, 50% used [0x00000000c1400000,0x00000000c25508b0,0x00000000c3600000)
 Metaspace       used 34798K, capacity 35088K, committed 35496K, reserved 1081344K
  class space    used 4402K, capacity 4493K, committed 4608K, reserved 1048576K
Event: 12.449 GC heap after
Heap after GC invocations=13 (full 1):
 PSYoungGen      total 248832K, used 5941K [0x00000000eb180000, 0x00000000fae80000, 0x0000000100000000)
  eden space 238080K, 0% used [0x00000000eb180000,0x00000000eb180000,0x00000000f9a00000)
  from space 10752K, 55% used [0x00000000fa400000,0x00000000fa9cd448,0x00000000fae80000)
  to   space 10240K, 0% used [0x00000000f9a00000,0x00000000f9a00000,0x00000000fa400000)
 ParOldGen       total 34816K, used 23269K [0x00000000c1400000, 0x00000000c3600000, 0x00000000eb180000)
  object space 34816K, 66% used [0x00000000c1400000,0x00000000c2ab9648,0x00000000c3600000)
 Metaspace       used 34798K, capacity 35088K, committed 35496K, reserved 1081344K
  class space    used 4402K, capacity 4493K, committed 4608K, reserved 1048576K
}
Event: 12.449 GC heap before
{Heap before GC invocations=14 (full 2):
 PSYoungGen      total 248832K, used 5941K [0x00000000eb180000, 0x00000000fae80000, 0x0000000100000000)
  eden space 238080K, 0% used [0x00000000eb180000,0x00000000eb180000,0x00000000f9a00000)
  from space 10752K, 55% used [0x00000000fa400000,0x00000000fa9cd448,0x00000000fae80000)
  to   space 10240K, 0% used [0x00000000f9a00000,0x00000000f9a00000,0x00000000fa400000)
 ParOldGen       total 34816K, used 23269K [0x00000000c1400000, 0x00000000c3600000, 0x00000000eb180000)
  object space 34816K, 66% used [0x00000000c1400000,0x00000000c2ab9648,0x00000000c3600000)
 Metaspace       used 34798K, capacity 35088K, committed 35496K, reserved 1081344K
  class space    used 4402K, capacity 4493K, committed 4608K, reserved 1048576K
Event: 12.620 GC heap after
Heap after GC invocations=14 (full 2):
 PSYoungGen      total 248832K, used 0K [0x00000000eb180000, 0x00000000fae80000, 0x0000000100000000)
  eden space 238080K, 0% used [0x00000000eb180000,0x00000000eb180000,0x00000000f9a00000)
  from space 10752K, 0% used [0x00000000fa400000,0x00000000fa400000,0x00000000fae80000)
  to   space 10240K, 0% used [0x00000000f9a00000,0x00000000f9a00000,0x00000000fa400000)
 ParOldGen       total 58368K, used 23949K [0x00000000c1400000, 0x00000000c4d00000, 0x00000000eb180000)
  object space 58368K, 41% used [0x00000000c1400000,0x00000000c2b63758,0x00000000c4d00000)
 Metaspace       used 34798K, capacity 35088K, committed 35496K, reserved 1081344K
  class space    used 4402K, capacity 4493K, committed 4608K, reserved 1048576K
}
Event: 17.436 GC heap before
{Heap before GC invocations=15 (full 2):
 PSYoungGen      total 248832K, used 238080K [0x00000000eb180000, 0x00000000fae80000, 0x0000000100000000)
  eden space 238080K, 100% used [0x00000000eb180000,0x00000000f9a00000,0x00000000f9a00000)
  from space 10752K, 0% used [0x00000000fa400000,0x00000000fa400000,0x00000000fae80000)
  to   space 10240K, 0% used [0x00000000f9a00000,0x00000000f9a00000,0x00000000fa400000)
 ParOldGen       total 58368K, used 23949K [0x00000000c1400000, 0x00000000c4d00000, 0x00000000eb180000)
  object space 58368K, 41% used [0x00000000c1400000,0x00000000c2b63758,0x00000000c4d00000)
 Metaspace       used 43142K, capacity 43632K, committed 44032K, reserved 1087488K
  class space    used 5636K, capacity 5786K, committed 5888K, reserved 1048576K
Event: 17.581 GC heap after
Heap after GC invocations=15 (full 2):
 PSYoungGen      total 248320K, used 10230K [0x00000000eb180000, 0x0000000100000000, 0x0000000100000000)
  eden space 238080K, 0% used [0x00000000eb180000,0x00000000eb180000,0x00000000f9a00000)
  from space 10240K, 99% used [0x00000000f9a00000,0x00000000fa3fd8d8,0x00000000fa400000)
  to   space 12800K, 0% used [0x00000000ff380000,0x00000000ff380000,0x0000000100000000)
 ParOldGen       total 58368K, used 27472K [0x00000000c1400000, 0x00000000c4d00000, 0x00000000eb180000)
  object space 58368K, 47% used [0x00000000c1400000,0x00000000c2ed4110,0x00000000c4d00000)
 Metaspace       used 43142K, capacity 43632K, committed 44032K, reserved 1087488K
  class space    used 5636K, capacity 5786K, committed 5888K, reserved 1048576K
}
Event: 20.047 GC heap before
{Heap before GC invocations=16 (full 2):
 PSYoungGen      total 248320K, used 248310K [0x00000000eb180000, 0x0000000100000000, 0x0000000100000000)
  eden space 238080K, 100% used [0x00000000eb180000,0x00000000f9a00000,0x00000000f9a00000)
  from space 10240K, 99% used [0x00000000f9a00000,0x00000000fa3fd8d8,0x00000000fa400000)
  to   space 12800K, 0% used [0x00000000ff380000,0x00000000ff380000,0x0000000100000000)
 ParOldGen       total 58368K, used 27472K [0x00000000c1400000, 0x00000000c4d00000, 0x00000000eb180000)
  object space 58368K, 47% used [0x00000000c1400000,0x00000000c2ed4110,0x00000000c4d00000)
 Metaspace       used 47009K, capacity 47772K, committed 47872K, reserved 1091584K
  class space    used 6164K, capacity 6332K, committed 6400K, reserved 1048576K
Event: 20.143 GC heap after
Heap after GC invocations=16 (full 2):
 PSYoungGen      total 328704K, used 9559K [0x00000000eb180000, 0x0000000100000000, 0x0000000100000000)
  eden space 315904K, 0% used [0x00000000eb180000,0x00000000eb180000,0x00000000fe600000)
  from space 12800K, 74% used [0x00000000ff380000,0x00000000ffcd5d40,0x0000000100000000)
  to   space 13312K, 0% used [0x00000000fe600000,0x00000000fe600000,0x00000000ff300000)
 ParOldGen       total 58368K, used 36246K [0x00000000c1400000, 0x00000000c4d00000, 0x00000000eb180000)
  object space 58368K, 62% used [0x00000000c1400000,0x00000000c3765be0,0x00000000c4d00000)
 Metaspace       used 47009K, capacity 47772K, committed 47872K, reserved 1091584K
  class space    used 6164K, capacity 6332K, committed 6400K, reserved 1048576K
}

