# JRE version: Java(TM) SE Runtime Environment (8.0_91-b15) (build 1.8.0_91-b15)
# Java VM: Java HotSpot(TM) 64-Bit Server VM (25.91-b15 mixed mode windows-amd64 compressed oops)
Heap:
 PSYoungGen      total 327680K, used 169190K [0x00000000eb180000, 0x0000000100000000, 0x0000000100000000)
  eden space 313856K, 50% used [0x00000000eb180000,0x00000000f4d57158,0x00000000fe400000)
  from space 13824K, 69% used [0x00000000ff280000,0x00000000ffbe2a28,0x0000000100000000)
  to   space 14336K, 0% used [0x00000000fe400000,0x00000000fe400000,0x00000000ff200000)
 ParOldGen       total 56320K, used 33604K [0x00000000c1400000, 0x00000000c4b00000, 0x00000000eb180000)
  object space 56320K, 59% used [0x00000000c1400000,0x00000000c34d1030,0x00000000c4b00000)
 Metaspace       used 53498K, capacity 54315K, committed 54656K, reserved 1097728K
  class space    used 7043K, capacity 7241K, committed 7296K, reserved 1048576K
GC Heap History (10 events):
Event: 14.883 GC heap before
{Heap before GC invocations=12 (full 1):
 PSYoungGen      total 175616K, used 173739K [0x00000000eb180000, 0x00000000f7180000, 0x0000000100000000)
  eden space 167424K, 100% used [0x00000000eb180000,0x00000000f5500000,0x00000000f5500000)
  from space 8192K, 77% used [0x00000000f5d00000,0x00000000f632aca8,0x00000000f6500000)
  to   space 8192K, 0% used [0x00000000f5500000,0x00000000f5500000,0x00000000f5d00000)
 ParOldGen       total 34304K, used 12627K [0x00000000c1400000, 0x00000000c3580000, 0x00000000eb180000)
  object space 34304K, 36% used [0x00000000c1400000,0x00000000c2054cb8,0x00000000c3580000)
 Metaspace       used 32400K, capacity 32810K, committed 33152K, reserved 1079296K
  class space    used 4038K, capacity 4140K, committed 4224K, reserved 1048576K
Event: 14.951 GC heap after
Heap after GC invocations=12 (full 1):
 PSYoungGen      total 175616K, used 8169K [0x00000000eb180000, 0x00000000fb880000, 0x0000000100000000)
  eden space 167424K, 0% used [0x00000000eb180000,0x00000000eb180000,0x00000000f5500000)
  from space 8192K, 99% used [0x00000000f5500000,0x00000000f5cfa6f0,0x00000000f5d00000)
  to   space 11776K, 0% used [0x00000000fad00000,0x00000000fad00000,0x00000000fb880000)
 ParOldGen       total 34304K, used 19090K [0x00000000c1400000, 0x00000000c3580000, 0x00000000eb180000)
  object space 34304K, 55% used [0x00000000c1400000,0x00000000c26a4b18,0x00000000c3580000)
 Metaspace       used 32400K, capacity 32810K, committed 33152K, reserved 1079296K
  class space    used 4038K, capacity 4140K, committed 4224K, reserved 1048576K
}
Event: 16.256 GC heap before
{Heap before GC invocations=13 (full 1):
 PSYoungGen      total 175616K, used 76316K [0x00000000eb180000, 0x00000000fb880000, 0x0000000100000000)
  eden space 167424K, 40% used [0x00000000eb180000,0x00000000ef40ca38,0x00000000f5500000)
  from space 8192K, 99% used [0x00000000f5500000,0x00000000f5cfa6f0,0x00000000f5d00000)
  to   space 11776K, 0% used [0x00000000fad00000,0x00000000fad00000,0x00000000fb880000)
 ParOldGen       total 34304K, used 19090K [0x00000000c1400000, 0x00000000c3580000, 0x00000000eb180000)
  object space 34304K, 55% used [0x00000000c1400000,0x00000000c26a4b18,0x00000000c3580000)
 Metaspace       used 34743K, capacity 35088K, committed 35496K, reserved 1081344K
  class space    used 4391K, capacity 4493K, committed 4608K, reserved 1048576K
Event: 16.274 GC heap after
Heap after GC invocations=13 (full 1):
 PSYoungGen      total 251392K, used 4051K [0x00000000eb180000, 0x00000000fb500000, 0x0000000100000000)
  eden space 243200K, 0% used [0x00000000eb180000,0x00000000eb180000,0x00000000f9f00000)
  from space 8192K, 49% used [0x00000000fad00000,0x00000000fb0f4d20,0x00000000fb500000)
  to   space 11264K, 0% used [0x00000000f9f00000,0x00000000f9f00000,0x00000000faa00000)
 ParOldGen       total 34304K, used 24678K [0x00000000c1400000, 0x00000000c3580000, 0x00000000eb180000)
  object space 34304K, 71% used [0x00000000c1400000,0x00000000c2c198b0,0x00000000c3580000)
 Metaspace       used 34743K, capacity 35088K, committed 35496K, reserved 1081344K
  class space    used 4391K, capacity 4493K, committed 4608K, reserved 1048576K
}
Event: 16.274 GC heap before
{Heap before GC invocations=14 (full 2):
 PSYoungGen      total 251392K, used 4051K [0x00000000eb180000, 0x00000000fb500000, 0x0000000100000000)
  eden space 243200K, 0% used [0x00000000eb180000,0x00000000eb180000,0x00000000f9f00000)
  from space 8192K, 49% used [0x00000000fad00000,0x00000000fb0f4d20,0x00000000fb500000)
  to   space 11264K, 0% used [0x00000000f9f00000,0x00000000f9f00000,0x00000000faa00000)
 ParOldGen       total 34304K, used 24678K [0x00000000c1400000, 0x00000000c3580000, 0x00000000eb180000)
  object space 34304K, 71% used [0x00000000c1400000,0x00000000c2c198b0,0x00000000c3580000)
 Metaspace       used 34743K, capacity 35088K, committed 35496K, reserved 1081344K
  class space    used 4391K, capacity 4493K, committed 4608K, reserved 1048576K
Event: 16.422 GC heap after
Heap after GC invocations=14 (full 2):
 PSYoungGen      total 251392K, used 0K [0x00000000eb180000, 0x00000000fb500000, 0x0000000100000000)
  eden space 243200K, 0% used [0x00000000eb180000,0x00000000eb180000,0x00000000f9f00000)
  from space 8192K, 0% used [0x00000000fad00000,0x00000000fad00000,0x00000000fb500000)
  to   space 11264K, 0% used [0x00000000f9f00000,0x00000000f9f00000,0x00000000faa00000)
 ParOldGen       total 56320K, used 22419K [0x00000000c1400000, 0x00000000c4b00000, 0x00000000eb180000)
  object space 56320K, 39% used [0x00000000c1400000,0x00000000c29e4ee0,0x00000000c4b00000)
 Metaspace       used 34743K, capacity 35088K, committed 35496K, reserved 1081344K
  class space    used 4391K, capacity 4493K, committed 4608K, reserved 1048576K
}
Event: 21.906 GC heap before
{Heap before GC invocations=15 (full 2):
 PSYoungGen      total 251392K, used 243200K [0x00000000eb180000, 0x00000000fb500000, 0x0000000100000000)
  eden space 243200K, 100% used [0x00000000eb180000,0x00000000f9f00000,0x00000000f9f00000)
  from space 8192K, 0% used [0x00000000fad00000,0x00000000fad00000,0x00000000fb500000)
  to   space 11264K, 0% used [0x00000000f9f00000,0x00000000f9f00000,0x00000000faa00000)
 ParOldGen       total 56320K, used 22419K [0x00000000c1400000, 0x00000000c4b00000, 0x00000000eb180000)
  object space 56320K, 39% used [0x00000000c1400000,0x00000000c29e4f00,0x00000000c4b00000)
 Metaspace       used 43153K, capacity 43632K, committed 44032K, reserved 1087488K
  class space    used 5634K, capacity 5786K, committed 5888K, reserved 1048576K
Event: 21.972 GC heap after
Heap after GC invocations=15 (full 2):
 PSYoungGen      total 254464K, used 11247K [0x00000000eb180000, 0x0000000100000000, 0x0000000100000000)
  eden space 243200K, 0% used [0x00000000eb180000,0x00000000eb180000,0x00000000f9f00000)
  from space 11264K, 99% used [0x00000000f9f00000,0x00000000fa9fbd38,0x00000000faa00000)
  to   space 13824K, 0% used [0x00000000ff280000,0x00000000ff280000,0x0000000100000000)
 ParOldGen       total 56320K, used 24917K [0x00000000c1400000, 0x00000000c4b00000, 0x00000000eb180000)
  object space 56320K, 44% used [0x00000000c1400000,0x00000000c2c55658,0x00000000c4b00000)
 Metaspace       used 43153K, capacity 43632K, committed 44032K, reserved 1087488K
  class space    used 5634K, capacity 5786K, committed 5888K, reserved 1048576K
}
Event: 24.501 GC heap before
{Heap before GC invocations=16 (full 2):
 PSYoungGen      total 254464K, used 254447K [0x00000000eb180000, 0x0000000100000000, 0x0000000100000000)
  eden space 243200K, 100% used [0x00000000eb180000,0x00000000f9f00000,0x00000000f9f00000)
  from space 11264K, 99% used [0x00000000f9f00000,0x00000000fa9fbd38,0x00000000faa00000)
  to   space 13824K, 0% used [0x00000000ff280000,0x00000000ff280000,0x0000000100000000)
 ParOldGen       total 56320K, used 24920K [0x00000000c1400000, 0x00000000c4b00000, 0x00000000eb180000)
  object space 56320K, 44% used [0x00000000c1400000,0x00000000c2c561f8,0x00000000c4b00000)
 Metaspace       used 46979K, capacity 47708K, committed 47872K, reserved 1091584K
  class space    used 6164K, capacity 6332K, committed 6400K, reserved 1048576K
Event: 24.559 GC heap after
Heap after GC invocations=16 (full 2):
 PSYoungGen      total 327680K, used 9610K [0x00000000eb180000, 0x0000000100000000, 0x0000000100000000)
  eden space 313856K, 0% used [0x00000000eb180000,0x00000000eb180000,0x00000000fe400000)
  from space 13824K, 69% used [0x00000000ff280000,0x00000000ffbe2a28,0x0000000100000000)
  to   space 14336K, 0% used [0x00000000fe400000,0x00000000fe400000,0x00000000ff200000)
 ParOldGen       total 56320K, used 33604K [0x00000000c1400000, 0x00000000c4b00000, 0x00000000eb180000)
  object space 56320K, 59% used [0x00000000c1400000,0x00000000c34d1030,0x00000000c4b00000)
 Metaspace       used 46979K, capacity 47708K, committed 47872K, reserved 1091584K
  class space    used 6164K, capacity 6332K, committed 6400K, reserved 1048576K
}

