# JRE version: Java(TM) SE Runtime Environment (8.0_91-b15) (build 1.8.0_91-b15)
# Java VM: Java HotSpot(TM) 64-Bit Server VM (25.91-b15 mixed mode windows-amd64 compressed oops)
Heap:
 PSYoungGen      total 176640K, used 87271K [0x00000000eb180000, 0x00000000f7180000, 0x0000000100000000)
  eden space 168960K, 47% used [0x00000000eb180000,0x00000000f008a1b0,0x00000000f5680000)
  from space 7680K, 82% used [0x00000000f5e80000,0x00000000f64afcc8,0x00000000f6600000)
  to   space 8192K, 0% used [0x00000000f5680000,0x00000000f5680000,0x00000000f5e80000)
 ParOldGen       total 33280K, used 11597K [0x00000000c1400000, 0x00000000c3480000, 0x00000000eb180000)
  object space 33280K, 34% used [0x00000000c1400000,0x00000000c1f53648,0x00000000c3480000)
 Metaspace       used 29719K, capacity 30118K, committed 30592K, reserved 1075200K
  class space    used 3721K, capacity 3846K, committed 3968K, reserved 1048576K
GC Heap History (10 events):
Event: 18.538 GC heap before
{Heap before GC invocations=7 (full 0):
 PSYoungGen      total 69120K, used 42038K [0x00000000eb180000, 0x00000000f0080000, 0x0000000100000000)
  eden space 63488K, 57% used [0x00000000eb180000,0x00000000ed50e358,0x00000000eef80000)
  from space 5632K, 99% used [0x00000000ef700000,0x00000000efc7f520,0x00000000efc80000)
  to   space 7680K, 0% used [0x00000000eef80000,0x00000000eef80000,0x00000000ef700000)
 ParOldGen       total 44032K, used 9912K [0x00000000c1400000, 0x00000000c3f00000, 0x00000000eb180000)
  object space 44032K, 22% used [0x00000000c1400000,0x00000000c1dae300,0x00000000c3f00000)
 Metaspace       used 20986K, capacity 21206K, committed 21296K, reserved 1069056K
  class space    used 2603K, capacity 2680K, committed 2688K, reserved 1048576K
Event: 18.636 GC heap after
Heap after GC invocations=7 (full 0):
 PSYoungGen      total 71168K, used 6609K [0x00000000eb180000, 0x00000000f3d80000, 0x0000000100000000)
  eden space 63488K, 0% used [0x00000000eb180000,0x00000000eb180000,0x00000000eef80000)
  from space 7680K, 86% used [0x00000000eef80000,0x00000000ef5f4508,0x00000000ef700000)
  to   space 8192K, 0% used [0x00000000f3580000,0x00000000f3580000,0x00000000f3d80000)
 ParOldGen       total 44032K, used 11713K [0x00000000c1400000, 0x00000000c3f00000, 0x00000000eb180000)
  object space 44032K, 26% used [0x00000000c1400000,0x00000000c1f70420,0x00000000c3f00000)
 Metaspace       used 20986K, capacity 21206K, committed 21296K, reserved 1069056K
  class space    used 2603K, capacity 2680K, committed 2688K, reserved 1048576K
}
Event: 18.636 GC heap before
{Heap before GC invocations=8 (full 1):
 PSYoungGen      total 71168K, used 6609K [0x00000000eb180000, 0x00000000f3d80000, 0x0000000100000000)
  eden space 63488K, 0% used [0x00000000eb180000,0x00000000eb180000,0x00000000eef80000)
  from space 7680K, 86% used [0x00000000eef80000,0x00000000ef5f4508,0x00000000ef700000)
  to   space 8192K, 0% used [0x00000000f3580000,0x00000000f3580000,0x00000000f3d80000)
 ParOldGen       total 44032K, used 11713K [0x00000000c1400000, 0x00000000c3f00000, 0x00000000eb180000)
  object space 44032K, 26% used [0x00000000c1400000,0x00000000c1f70420,0x00000000c3f00000)
 Metaspace       used 20986K, capacity 21206K, committed 21296K, reserved 1069056K
  class space    used 2603K, capacity 2680K, committed 2688K, reserved 1048576K
Event: 18.697 GC heap after
Heap after GC invocations=8 (full 1):
 PSYoungGen      total 71168K, used 0K [0x00000000eb180000, 0x00000000f3d80000, 0x0000000100000000)
  eden space 63488K, 0% used [0x00000000eb180000,0x00000000eb180000,0x00000000eef80000)
  from space 7680K, 0% used [0x00000000eef80000,0x00000000eef80000,0x00000000ef700000)
  to   space 8192K, 0% used [0x00000000f3580000,0x00000000f3580000,0x00000000f3d80000)
 ParOldGen       total 33280K, used 10164K [0x00000000c1400000, 0x00000000c3480000, 0x00000000eb180000)
  object space 33280K, 30% used [0x00000000c1400000,0x00000000c1ded0e8,0x00000000c3480000)
 Metaspace       used 20986K, capacity 21206K, committed 21296K, reserved 1069056K
  class space    used 2603K, capacity 2680K, committed 2688K, reserved 1048576K
}
Event: 22.217 GC heap before
{Heap before GC invocations=9 (full 1):
 PSYoungGen      total 71168K, used 63488K [0x00000000eb180000, 0x00000000f3d80000, 0x0000000100000000)
  eden space 63488K, 100% used [0x00000000eb180000,0x00000000eef80000,0x00000000eef80000)
  from space 7680K, 0% used [0x00000000eef80000,0x00000000eef80000,0x00000000ef700000)
  to   space 8192K, 0% used [0x00000000f3580000,0x00000000f3580000,0x00000000f3d80000)
 ParOldGen       total 33280K, used 10164K [0x00000000c1400000, 0x00000000c3480000, 0x00000000eb180000)
  object space 33280K, 30% used [0x00000000c1400000,0x00000000c1ded0e8,0x00000000c3480000)
 Metaspace       used 24317K, capacity 24642K, committed 24960K, reserved 1071104K
  class space    used 3070K, capacity 3152K, committed 3200K, reserved 1048576K
Event: 22.254 GC heap after
Heap after GC invocations=9 (full 1):
 PSYoungGen      total 117760K, used 3946K [0x00000000eb180000, 0x00000000f3980000, 0x0000000100000000)
  eden space 113664K, 0% used [0x00000000eb180000,0x00000000eb180000,0x00000000f2080000)
  from space 4096K, 96% used [0x00000000f3580000,0x00000000f395a890,0x00000000f3980000)
  to   space 8192K, 0% used [0x00000000f2980000,0x00000000f2980000,0x00000000f3180000)
 ParOldGen       total 33280K, used 10172K [0x00000000c1400000, 0x00000000c3480000, 0x00000000eb180000)
  object space 33280K, 30% used [0x00000000c1400000,0x00000000c1def0e8,0x00000000c3480000)
 Metaspace       used 24317K, capacity 24642K, committed 24960K, reserved 1071104K
  class space    used 3070K, capacity 3152K, committed 3200K, reserved 1048576K
}
Event: 23.706 GC heap before
{Heap before GC invocations=10 (full 1):
 PSYoungGen      total 117760K, used 117610K [0x00000000eb180000, 0x00000000f3980000, 0x0000000100000000)
  eden space 113664K, 100% used [0x00000000eb180000,0x00000000f2080000,0x00000000f2080000)
  from space 4096K, 96% used [0x00000000f3580000,0x00000000f395a890,0x00000000f3980000)
  to   space 8192K, 0% used [0x00000000f2980000,0x00000000f2980000,0x00000000f3180000)
 ParOldGen       total 33280K, used 10172K [0x00000000c1400000, 0x00000000c3480000, 0x00000000eb180000)
  object space 33280K, 30% used [0x00000000c1400000,0x00000000c1def0e8,0x00000000c3480000)
 Metaspace       used 24996K, capacity 25306K, committed 25600K, reserved 1071104K
  class space    used 3140K, capacity 3220K, committed 3328K, reserved 1048576K
Event: 23.736 GC heap after
Heap after GC invocations=10 (full 1):
 PSYoungGen      total 131072K, used 4605K [0x00000000eb180000, 0x00000000f6600000, 0x0000000100000000)
  eden space 122880K, 0% used [0x00000000eb180000,0x00000000eb180000,0x00000000f2980000)
  from space 8192K, 56% used [0x00000000f2980000,0x00000000f2dff4b8,0x00000000f3180000)
  to   space 7680K, 0% used [0x00000000f5e80000,0x00000000f5e80000,0x00000000f6600000)
 ParOldGen       total 33280K, used 10180K [0x00000000c1400000, 0x00000000c3480000, 0x00000000eb180000)
  object space 33280K, 30% used [0x00000000c1400000,0x00000000c1df10e8,0x00000000c3480000)
 Metaspace       used 24996K, capacity 25306K, committed 25600K, reserved 1071104K
  class space    used 3140K, capacity 3220K, committed 3328K, reserved 1048576K
}
Event: 31.261 GC heap before
{Heap before GC invocations=11 (full 1):
 PSYoungGen      total 131072K, used 127485K [0x00000000eb180000, 0x00000000f6600000, 0x0000000100000000)
  eden space 122880K, 100% used [0x00000000eb180000,0x00000000f2980000,0x00000000f2980000)
  from space 8192K, 56% used [0x00000000f2980000,0x00000000f2dff4b8,0x00000000f3180000)
  to   space 7680K, 0% used [0x00000000f5e80000,0x00000000f5e80000,0x00000000f6600000)
 ParOldGen       total 33280K, used 10180K [0x00000000c1400000, 0x00000000c3480000, 0x00000000eb180000)
  object space 33280K, 30% used [0x00000000c1400000,0x00000000c1df10e8,0x00000000c3480000)
 Metaspace       used 26816K, capacity 27146K, committed 27392K, reserved 1073152K
  class space    used 3392K, capacity 3484K, committed 3584K, reserved 1048576K
Event: 31.277 GC heap after
Heap after GC invocations=11 (full 1):
 PSYoungGen      total 176640K, used 6335K [0x00000000eb180000, 0x00000000f7180000, 0x0000000100000000)
  eden space 168960K, 0% used [0x00000000eb180000,0x00000000eb180000,0x00000000f5680000)
  from space 7680K, 82% used [0x00000000f5e80000,0x00000000f64afcc8,0x00000000f6600000)
  to   space 8192K, 0% used [0x00000000f5680000,0x00000000f5680000,0x00000000f5e80000)
 ParOldGen       total 33280K, used 11597K [0x00000000c1400000, 0x00000000c3480000, 0x00000000eb180000)
  object space 33280K, 34% used [0x00000000c1400000,0x00000000c1f53648,0x00000000c3480000)
 Metaspace       used 26816K, capacity 27146K, committed 27392K, reserved 1073152K
  class space    used 3392K, capacity 3484K, committed 3584K, reserved 1048576K
}

