# JRE version: Java(TM) SE Runtime Environment (8.0_91-b15) (build 1.8.0_91-b15)
# Java VM: Java HotSpot(TM) 64-Bit Server VM (25.91-b15 mixed mode windows-amd64 compressed oops)
Heap:
 PSYoungGen      total 328192K, used 68407K [0x00000000eb180000, 0x0000000100000000, 0x0000000100000000)
  eden space 313856K, 19% used [0x00000000eb180000,0x00000000eebbfbf8,0x00000000fe400000)
  from space 14336K, 61% used [0x00000000ff200000,0x00000000ffa8e3a8,0x0000000100000000)
  to   space 14336K, 0% used [0x00000000fe400000,0x00000000fe400000,0x00000000ff200000)
 ParOldGen       total 55296K, used 34557K [0x00000000c1400000, 0x00000000c4a00000, 0x00000000eb180000)
  object space 55296K, 62% used [0x00000000c1400000,0x00000000c35bf518,0x00000000c4a00000)
 Metaspace       used 48443K, capacity 49194K, committed 49280K, reserved 1091584K
  class space    used 6337K, capacity 6501K, committed 6528K, reserved 1048576K
GC Heap History (10 events):
Event: 14.636 GC heap before
{Heap before GC invocations=12 (full 1):
 PSYoungGen      total 183296K, used 181353K [0x00000000eb180000, 0x00000000f7600000, 0x0000000100000000)
  eden space 175104K, 100% used [0x00000000eb180000,0x00000000f5c80000,0x00000000f5c80000)
  from space 8192K, 76% used [0x00000000f6480000,0x00000000f6a9a4d0,0x00000000f6c80000)
  to   space 8192K, 0% used [0x00000000f5c80000,0x00000000f5c80000,0x00000000f6480000)
 ParOldGen       total 33792K, used 12574K [0x00000000c1400000, 0x00000000c3500000, 0x00000000eb180000)
  object space 33792K, 37% used [0x00000000c1400000,0x00000000c2047b38,0x00000000c3500000)
 Metaspace       used 32482K, capacity 32874K, committed 33408K, reserved 1079296K
  class space    used 4050K, capacity 4140K, committed 4224K, reserved 1048576K
Event: 14.703 GC heap after
Heap after GC invocations=12 (full 1):
 PSYoungGen      total 183296K, used 8166K [0x00000000eb180000, 0x00000000fc980000, 0x0000000100000000)
  eden space 175104K, 0% used [0x00000000eb180000,0x00000000eb180000,0x00000000f5c80000)
  from space 8192K, 99% used [0x00000000f5c80000,0x00000000f6479948,0x00000000f6480000)
  to   space 11776K, 0% used [0x00000000fbe00000,0x00000000fbe00000,0x00000000fc980000)
 ParOldGen       total 33792K, used 19541K [0x00000000c1400000, 0x00000000c3500000, 0x00000000eb180000)
  object space 33792K, 57% used [0x00000000c1400000,0x00000000c2715518,0x00000000c3500000)
 Metaspace       used 32482K, capacity 32874K, committed 33408K, reserved 1079296K
  class space    used 4050K, capacity 4140K, committed 4224K, reserved 1048576K
}
Event: 15.918 GC heap before
{Heap before GC invocations=13 (full 1):
 PSYoungGen      total 183296K, used 68359K [0x00000000eb180000, 0x00000000fc980000, 0x0000000100000000)
  eden space 175104K, 34% used [0x00000000eb180000,0x00000000eec48580,0x00000000f5c80000)
  from space 8192K, 99% used [0x00000000f5c80000,0x00000000f6479948,0x00000000f6480000)
  to   space 11776K, 0% used [0x00000000fbe00000,0x00000000fbe00000,0x00000000fc980000)
 ParOldGen       total 33792K, used 19541K [0x00000000c1400000, 0x00000000c3500000, 0x00000000eb180000)
  object space 33792K, 57% used [0x00000000c1400000,0x00000000c2715518,0x00000000c3500000)
 Metaspace       used 34735K, capacity 35088K, committed 35496K, reserved 1081344K
  class space    used 4390K, capacity 4493K, committed 4608K, reserved 1048576K
Event: 15.935 GC heap after
Heap after GC invocations=13 (full 1):
 PSYoungGen      total 270848K, used 3699K [0x00000000eb180000, 0x00000000fc780000, 0x0000000100000000)
  eden space 261120K, 0% used [0x00000000eb180000,0x00000000eb180000,0x00000000fb080000)
  from space 9728K, 38% used [0x00000000fbe00000,0x00000000fc19cd20,0x00000000fc780000)
  to   space 11776K, 0% used [0x00000000fb080000,0x00000000fb080000,0x00000000fbc00000)
 ParOldGen       total 33792K, used 25469K [0x00000000c1400000, 0x00000000c3500000, 0x00000000eb180000)
  object space 33792K, 75% used [0x00000000c1400000,0x00000000c2cdf548,0x00000000c3500000)
 Metaspace       used 34735K, capacity 35088K, committed 35496K, reserved 1081344K
  class space    used 4390K, capacity 4493K, committed 4608K, reserved 1048576K
}
Event: 15.935 GC heap before
{Heap before GC invocations=14 (full 2):
 PSYoungGen      total 270848K, used 3699K [0x00000000eb180000, 0x00000000fc780000, 0x0000000100000000)
  eden space 261120K, 0% used [0x00000000eb180000,0x00000000eb180000,0x00000000fb080000)
  from space 9728K, 38% used [0x00000000fbe00000,0x00000000fc19cd20,0x00000000fc780000)
  to   space 11776K, 0% used [0x00000000fb080000,0x00000000fb080000,0x00000000fbc00000)
 ParOldGen       total 33792K, used 25469K [0x00000000c1400000, 0x00000000c3500000, 0x00000000eb180000)
  object space 33792K, 75% used [0x00000000c1400000,0x00000000c2cdf548,0x00000000c3500000)
 Metaspace       used 34735K, capacity 35088K, committed 35496K, reserved 1081344K
  class space    used 4390K, capacity 4493K, committed 4608K, reserved 1048576K
Event: 16.078 GC heap after
Heap after GC invocations=14 (full 2):
 PSYoungGen      total 270848K, used 0K [0x00000000eb180000, 0x00000000fc780000, 0x0000000100000000)
  eden space 261120K, 0% used [0x00000000eb180000,0x00000000eb180000,0x00000000fb080000)
  from space 9728K, 0% used [0x00000000fbe00000,0x00000000fbe00000,0x00000000fc780000)
  to   space 11776K, 0% used [0x00000000fb080000,0x00000000fb080000,0x00000000fbc00000)
 ParOldGen       total 55296K, used 22377K [0x00000000c1400000, 0x00000000c4a00000, 0x00000000eb180000)
  object space 55296K, 40% used [0x00000000c1400000,0x00000000c29da790,0x00000000c4a00000)
 Metaspace       used 34735K, capacity 35088K, committed 35496K, reserved 1081344K
  class space    used 4390K, capacity 4493K, committed 4608K, reserved 1048576K
}
Event: 22.768 GC heap before
{Heap before GC invocations=15 (full 2):
 PSYoungGen      total 270848K, used 261120K [0x00000000eb180000, 0x00000000fc780000, 0x0000000100000000)
  eden space 261120K, 100% used [0x00000000eb180000,0x00000000fb080000,0x00000000fb080000)
  from space 9728K, 0% used [0x00000000fbe00000,0x00000000fbe00000,0x00000000fc780000)
  to   space 11776K, 0% used [0x00000000fb080000,0x00000000fb080000,0x00000000fbc00000)
 ParOldGen       total 55296K, used 22377K [0x00000000c1400000, 0x00000000c4a00000, 0x00000000eb180000)
  object space 55296K, 40% used [0x00000000c1400000,0x00000000c29da790,0x00000000c4a00000)
 Metaspace       used 43328K, capacity 43824K, committed 44288K, reserved 1087488K
  class space    used 5663K, capacity 5786K, committed 5888K, reserved 1048576K
Event: 23.230 GC heap after
Heap after GC invocations=15 (full 2):
 PSYoungGen      total 272896K, used 11770K [0x00000000eb180000, 0x0000000100000000, 0x0000000100000000)
  eden space 261120K, 0% used [0x00000000eb180000,0x00000000eb180000,0x00000000fb080000)
  from space 11776K, 99% used [0x00000000fb080000,0x00000000fbbfeba0,0x00000000fbc00000)
  to   space 14336K, 0% used [0x00000000ff200000,0x00000000ff200000,0x0000000100000000)
 ParOldGen       total 55296K, used 25154K [0x00000000c1400000, 0x00000000c4a00000, 0x00000000eb180000)
  object space 55296K, 45% used [0x00000000c1400000,0x00000000c2c90bc8,0x00000000c4a00000)
 Metaspace       used 43328K, capacity 43824K, committed 44288K, reserved 1087488K
  class space    used 5663K, capacity 5786K, committed 5888K, reserved 1048576K
}
Event: 28.346 GC heap before
{Heap before GC invocations=16 (full 2):
 PSYoungGen      total 272896K, used 272890K [0x00000000eb180000, 0x0000000100000000, 0x0000000100000000)
  eden space 261120K, 100% used [0x00000000eb180000,0x00000000fb080000,0x00000000fb080000)
  from space 11776K, 99% used [0x00000000fb080000,0x00000000fbbfeba0,0x00000000fbc00000)
  to   space 14336K, 0% used [0x00000000ff200000,0x00000000ff200000,0x0000000100000000)
 ParOldGen       total 55296K, used 25154K [0x00000000c1400000, 0x00000000c4a00000, 0x00000000eb180000)
  object space 55296K, 45% used [0x00000000c1400000,0x00000000c2c90bc8,0x00000000c4a00000)
 Metaspace       used 47045K, capacity 47772K, committed 47872K, reserved 1091584K
  class space    used 6163K, capacity 6332K, committed 6400K, reserved 1048576K
Event: 28.422 GC heap after
Heap after GC invocations=16 (full 2):
 PSYoungGen      total 328192K, used 8760K [0x00000000eb180000, 0x0000000100000000, 0x0000000100000000)
  eden space 313856K, 0% used [0x00000000eb180000,0x00000000eb180000,0x00000000fe400000)
  from space 14336K, 61% used [0x00000000ff200000,0x00000000ffa8e3a8,0x0000000100000000)
  to   space 14336K, 0% used [0x00000000fe400000,0x00000000fe400000,0x00000000ff200000)
 ParOldGen       total 55296K, used 34557K [0x00000000c1400000, 0x00000000c4a00000, 0x00000000eb180000)
  object space 55296K, 62% used [0x00000000c1400000,0x00000000c35bf518,0x00000000c4a00000)
 Metaspace       used 47045K, capacity 47772K, committed 47872K, reserved 1091584K
  class space    used 6163K, capacity 6332K, committed 6400K, reserved 1048576K
}

