# JRE version: Java(TM) SE Runtime Environment (8.0_91-b15) (build 1.8.0_91-b15)
# Java VM: Java HotSpot(TM) 64-Bit Server VM (25.91-b15 mixed mode windows-amd64 compressed oops)
Heap:
 PSYoungGen      total 18944K, used 4439K [0x00000000eb180000, 0x00000000ec680000, 0x0000000100000000)
  eden space 16384K, 15% used [0x00000000eb180000,0x00000000eb40dc38,0x00000000ec180000)
  from space 2560K, 71% used [0x00000000ec400000,0x00000000ec5c8000,0x00000000ec680000)
  to   space 2560K, 0% used [0x00000000ec180000,0x00000000ec180000,0x00000000ec400000)
 ParOldGen       total 30208K, used 9925K [0x00000000c1400000, 0x00000000c3180000, 0x00000000eb180000)
  object space 30208K, 32% used [0x00000000c1400000,0x00000000c1db1590,0x00000000c3180000)
 Metaspace       used 23090K, capacity 23396K, committed 23552K, reserved 1071104K
  class space    used 2910K, capacity 3017K, committed 3072K, reserved 1048576K
GC Heap History (10 events):
Event: 8.907 GC heap before
{Heap before GC invocations=9 (full 1):
 PSYoungGen      total 18944K, used 2272K [0x00000000eb180000, 0x00000000ec680000, 0x0000000100000000)
  eden space 16384K, 0% used [0x00000000eb180000,0x00000000eb180000,0x00000000ec180000)
  from space 2560K, 88% used [0x00000000ec400000,0x00000000ec638000,0x00000000ec680000)
  to   space 2560K, 0% used [0x00000000ec180000,0x00000000ec180000,0x00000000ec400000)
 ParOldGen       total 44032K, used 15010K [0x00000000c1400000, 0x00000000c3f00000, 0x00000000eb180000)
  object space 44032K, 34% used [0x00000000c1400000,0x00000000c22a88a0,0x00000000c3f00000)
 Metaspace       used 19616K, capacity 19852K, committed 19968K, reserved 1071104K
  class space    used 2429K, capacity 2493K, committed 2560K, reserved 1048576K
Event: 8.948 GC heap after
Heap after GC invocations=9 (full 1):
 PSYoungGen      total 18944K, used 0K [0x00000000eb180000, 0x00000000ec680000, 0x0000000100000000)
  eden space 16384K, 0% used [0x00000000eb180000,0x00000000eb180000,0x00000000ec180000)
  from space 2560K, 0% used [0x00000000ec400000,0x00000000ec400000,0x00000000ec680000)
  to   space 2560K, 0% used [0x00000000ec180000,0x00000000ec180000,0x00000000ec400000)
 ParOldGen       total 30208K, used 8516K [0x00000000c1400000, 0x00000000c3180000, 0x00000000eb180000)
  object space 30208K, 28% used [0x00000000c1400000,0x00000000c1c51030,0x00000000c3180000)
 Metaspace       used 19616K, capacity 19852K, committed 19968K, reserved 1069056K
  class space    used 2429K, capacity 2493K, committed 2560K, reserved 1048576K
}
Event: 9.137 GC heap before
{Heap before GC invocations=10 (full 1):
 PSYoungGen      total 18944K, used 16384K [0x00000000eb180000, 0x00000000ec680000, 0x0000000100000000)
  eden space 16384K, 100% used [0x00000000eb180000,0x00000000ec180000,0x00000000ec180000)
  from space 2560K, 0% used [0x00000000ec400000,0x00000000ec400000,0x00000000ec680000)
  to   space 2560K, 0% used [0x00000000ec180000,0x00000000ec180000,0x00000000ec400000)
 ParOldGen       total 30208K, used 8516K [0x00000000c1400000, 0x00000000c3180000, 0x00000000eb180000)
  object space 30208K, 28% used [0x00000000c1400000,0x00000000c1c51030,0x00000000c3180000)
 Metaspace       used 21355K, capacity 21580K, committed 21760K, reserved 1069056K
  class space    used 2680K, capacity 2757K, committed 2816K, reserved 1048576K
Event: 9.140 GC heap after
Heap after GC invocations=10 (full 1):
 PSYoungGen      total 18944K, used 1748K [0x00000000eb180000, 0x00000000ec680000, 0x0000000100000000)
  eden space 16384K, 0% used [0x00000000eb180000,0x00000000eb180000,0x00000000ec180000)
  from space 2560K, 68% used [0x00000000ec180000,0x00000000ec3350c8,0x00000000ec400000)
  to   space 2560K, 0% used [0x00000000ec400000,0x00000000ec400000,0x00000000ec680000)
 ParOldGen       total 30208K, used 8524K [0x00000000c1400000, 0x00000000c3180000, 0x00000000eb180000)
  object space 30208K, 28% used [0x00000000c1400000,0x00000000c1c53030,0x00000000c3180000)
 Metaspace       used 21355K, capacity 21580K, committed 21760K, reserved 1069056K
  class space    used 2680K, capacity 2757K, committed 2816K, reserved 1048576K
}
Event: 9.802 GC heap before
{Heap before GC invocations=11 (full 1):
 PSYoungGen      total 18944K, used 18132K [0x00000000eb180000, 0x00000000ec680000, 0x0000000100000000)
  eden space 16384K, 100% used [0x00000000eb180000,0x00000000ec180000,0x00000000ec180000)
  from space 2560K, 68% used [0x00000000ec180000,0x00000000ec3350c8,0x00000000ec400000)
  to   space 2560K, 0% used [0x00000000ec400000,0x00000000ec400000,0x00000000ec680000)
 ParOldGen       total 30208K, used 8524K [0x00000000c1400000, 0x00000000c3180000, 0x00000000eb180000)
  object space 30208K, 28% used [0x00000000c1400000,0x00000000c1c53030,0x00000000c3180000)
 Metaspace       used 22349K, capacity 22636K, committed 22912K, reserved 1071104K
  class space    used 2820K, capacity 2917K, committed 2944K, reserved 1048576K
Event: 9.805 GC heap after
Heap after GC invocations=11 (full 1):
 PSYoungGen      total 18944K, used 1808K [0x00000000eb180000, 0x00000000ec680000, 0x0000000100000000)
  eden space 16384K, 0% used [0x00000000eb180000,0x00000000eb180000,0x00000000ec180000)
  from space 2560K, 70% used [0x00000000ec400000,0x00000000ec5c4280,0x00000000ec680000)
  to   space 2560K, 0% used [0x00000000ec180000,0x00000000ec180000,0x00000000ec400000)
 ParOldGen       total 30208K, used 8532K [0x00000000c1400000, 0x00000000c3180000, 0x00000000eb180000)
  object space 30208K, 28% used [0x00000000c1400000,0x00000000c1c55030,0x00000000c3180000)
 Metaspace       used 22349K, capacity 22636K, committed 22912K, reserved 1071104K
  class space    used 2820K, capacity 2917K, committed 2944K, reserved 1048576K
}
Event: 10.301 GC heap before
{Heap before GC invocations=12 (full 1):
 PSYoungGen      total 18944K, used 18192K [0x00000000eb180000, 0x00000000ec680000, 0x0000000100000000)
  eden space 16384K, 100% used [0x00000000eb180000,0x00000000ec180000,0x00000000ec180000)
  from space 2560K, 70% used [0x00000000ec400000,0x00000000ec5c4280,0x00000000ec680000)
  to   space 2560K, 0% used [0x00000000ec180000,0x00000000ec180000,0x00000000ec400000)
 ParOldGen       total 30208K, used 8532K [0x00000000c1400000, 0x00000000c3180000, 0x00000000eb180000)
  object space 30208K, 28% used [0x00000000c1400000,0x00000000c1c55030,0x00000000c3180000)
 Metaspace       used 22883K, capacity 23166K, committed 23552K, reserved 1071104K
  class space    used 2895K, capacity 2984K, committed 3072K, reserved 1048576K
Event: 10.316 GC heap after
Heap after GC invocations=12 (full 1):
 PSYoungGen      total 18944K, used 1081K [0x00000000eb180000, 0x00000000ec680000, 0x0000000100000000)
  eden space 16384K, 0% used [0x00000000eb180000,0x00000000eb180000,0x00000000ec180000)
  from space 2560K, 42% used [0x00000000ec180000,0x00000000ec28e5e8,0x00000000ec400000)
  to   space 2560K, 0% used [0x00000000ec400000,0x00000000ec400000,0x00000000ec680000)
 ParOldGen       total 30208K, used 9444K [0x00000000c1400000, 0x00000000c3180000, 0x00000000eb180000)
  object space 30208K, 31% used [0x00000000c1400000,0x00000000c1d39030,0x00000000c3180000)
 Metaspace       used 22883K, capacity 23166K, committed 23552K, reserved 1071104K
  class space    used 2895K, capacity 2984K, committed 3072K, reserved 1048576K
}
Event: 10.506 GC heap before
{Heap before GC invocations=13 (full 1):
 PSYoungGen      total 18944K, used 17465K [0x00000000eb180000, 0x00000000ec680000, 0x0000000100000000)
  eden space 16384K, 100% used [0x00000000eb180000,0x00000000ec180000,0x00000000ec180000)
  from space 2560K, 42% used [0x00000000ec180000,0x00000000ec28e5e8,0x00000000ec400000)
  to   space 2560K, 0% used [0x00000000ec400000,0x00000000ec400000,0x00000000ec680000)
 ParOldGen       total 30208K, used 9444K [0x00000000c1400000, 0x00000000c3180000, 0x00000000eb180000)
  object space 30208K, 31% used [0x00000000c1400000,0x00000000c1d39030,0x00000000c3180000)
 Metaspace       used 23065K, capacity 23364K, committed 23552K, reserved 1071104K
  class space    used 2906K, capacity 2985K, committed 3072K, reserved 1048576K
Event: 10.515 GC heap after
Heap after GC invocations=13 (full 1):
 PSYoungGen      total 18944K, used 1824K [0x00000000eb180000, 0x00000000ec680000, 0x0000000100000000)
  eden space 16384K, 0% used [0x00000000eb180000,0x00000000eb180000,0x00000000ec180000)
  from space 2560K, 71% used [0x00000000ec400000,0x00000000ec5c8000,0x00000000ec680000)
  to   space 2560K, 0% used [0x00000000ec180000,0x00000000ec180000,0x00000000ec400000)
 ParOldGen       total 30208K, used 9925K [0x00000000c1400000, 0x00000000c3180000, 0x00000000eb180000)
  object space 30208K, 32% used [0x00000000c1400000,0x00000000c1db1590,0x00000000c3180000)
 Metaspace       used 23065K, capacity 23364K, committed 23552K, reserved 1071104K
  class space    used 2906K, capacity 2985K, committed 3072K, reserved 1048576K
}

