# JRE version: Java(TM) SE Runtime Environment (8.0_91-b15) (build 1.8.0_91-b15)
# Java VM: Java HotSpot(TM) 64-Bit Server VM (25.91-b15 mixed mode windows-amd64 compressed oops)
Heap:
 PSYoungGen      total 275456K, used 183231K [0x00000000eb180000, 0x00000000fcd00000, 0x0000000100000000)
  eden space 264704K, 65% used [0x00000000eb180000,0x00000000f5b7fd20,0x00000000fb400000)
  from space 10752K, 85% used [0x00000000fc280000,0x00000000fcb701d0,0x00000000fcd00000)
  to   space 12800K, 0% used [0x00000000fb400000,0x00000000fb400000,0x00000000fc080000)
 ParOldGen       total 56320K, used 30017K [0x00000000c1400000, 0x00000000c4b00000, 0x00000000eb180000)
  object space 56320K, 53% used [0x00000000c1400000,0x00000000c3150408,0x00000000c4b00000)
 Metaspace       used 51274K, capacity 52060K, committed 52352K, reserved 1095680K
  class space    used 6728K, capacity 6920K, committed 7040K, reserved 1048576K
GC Heap History (10 events):
Event: 33.520 GC heap before
{Heap before GC invocations=14 (full 1):
 PSYoungGen      total 150016K, used 149261K [0x00000000eb180000, 0x00000000f4d80000, 0x0000000100000000)
  eden space 142336K, 100% used [0x00000000eb180000,0x00000000f3c80000,0x00000000f3c80000)
  from space 7680K, 90% used [0x00000000f4600000,0x00000000f4cc3520,0x00000000f4d80000)
  to   space 8704K, 0% used [0x00000000f3c80000,0x00000000f3c80000,0x00000000f4500000)
 ParOldGen       total 34304K, used 15737K [0x00000000c1400000, 0x00000000c3580000, 0x00000000eb180000)
  object space 34304K, 45% used [0x00000000c1400000,0x00000000c235e4b8,0x00000000c3580000)
 Metaspace       used 33879K, capacity 34256K, committed 34688K, reserved 1079296K
  class space    used 4265K, capacity 4365K, committed 4480K, reserved 1048576K
Event: 33.596 GC heap after
Heap after GC invocations=14 (full 1):
 PSYoungGen      total 151040K, used 8299K [0x00000000eb180000, 0x00000000f9580000, 0x0000000100000000)
  eden space 142336K, 0% used [0x00000000eb180000,0x00000000eb180000,0x00000000f3c80000)
  from space 8704K, 95% used [0x00000000f3c80000,0x00000000f449aeb0,0x00000000f4500000)
  to   space 9728K, 0% used [0x00000000f8c00000,0x00000000f8c00000,0x00000000f9580000)
 ParOldGen       total 34304K, used 19525K [0x00000000c1400000, 0x00000000c3580000, 0x00000000eb180000)
  object space 34304K, 56% used [0x00000000c1400000,0x00000000c2711608,0x00000000c3580000)
 Metaspace       used 33879K, capacity 34256K, committed 34688K, reserved 1079296K
  class space    used 4265K, capacity 4365K, committed 4480K, reserved 1048576K
}
Event: 34.363 GC heap before
{Heap before GC invocations=15 (full 1):
 PSYoungGen      total 151040K, used 18960K [0x00000000eb180000, 0x00000000f9580000, 0x0000000100000000)
  eden space 142336K, 7% used [0x00000000eb180000,0x00000000ebbe9418,0x00000000f3c80000)
  from space 8704K, 95% used [0x00000000f3c80000,0x00000000f449aeb0,0x00000000f4500000)
  to   space 9728K, 0% used [0x00000000f8c00000,0x00000000f8c00000,0x00000000f9580000)
 ParOldGen       total 34304K, used 19525K [0x00000000c1400000, 0x00000000c3580000, 0x00000000eb180000)
  object space 34304K, 56% used [0x00000000c1400000,0x00000000c2711608,0x00000000c3580000)
 Metaspace       used 34757K, capacity 35088K, committed 35496K, reserved 1081344K
  class space    used 4393K, capacity 4493K, committed 4608K, reserved 1048576K
Event: 34.403 GC heap after
Heap after GC invocations=15 (full 1):
 PSYoungGen      total 223744K, used 981K [0x00000000eb180000, 0x00000000f9a80000, 0x0000000100000000)
  eden space 214016K, 0% used [0x00000000eb180000,0x00000000eb180000,0x00000000f8280000)
  from space 9728K, 10% used [0x00000000f8c00000,0x00000000f8cf5498,0x00000000f9580000)
  to   space 9728K, 0% used [0x00000000f8280000,0x00000000f8280000,0x00000000f8c00000)
 ParOldGen       total 34304K, used 23389K [0x00000000c1400000, 0x00000000c3580000, 0x00000000eb180000)
  object space 34304K, 68% used [0x00000000c1400000,0x00000000c2ad74f8,0x00000000c3580000)
 Metaspace       used 34757K, capacity 35088K, committed 35496K, reserved 1081344K
  class space    used 4393K, capacity 4493K, committed 4608K, reserved 1048576K
}
Event: 34.403 GC heap before
{Heap before GC invocations=16 (full 2):
 PSYoungGen      total 223744K, used 981K [0x00000000eb180000, 0x00000000f9a80000, 0x0000000100000000)
  eden space 214016K, 0% used [0x00000000eb180000,0x00000000eb180000,0x00000000f8280000)
  from space 9728K, 10% used [0x00000000f8c00000,0x00000000f8cf5498,0x00000000f9580000)
  to   space 9728K, 0% used [0x00000000f8280000,0x00000000f8280000,0x00000000f8c00000)
 ParOldGen       total 34304K, used 23389K [0x00000000c1400000, 0x00000000c3580000, 0x00000000eb180000)
  object space 34304K, 68% used [0x00000000c1400000,0x00000000c2ad74f8,0x00000000c3580000)
 Metaspace       used 34757K, capacity 35088K, committed 35496K, reserved 1081344K
  class space    used 4393K, capacity 4493K, committed 4608K, reserved 1048576K
Event: 35.138 GC heap after
Heap after GC invocations=16 (full 2):
 PSYoungGen      total 223744K, used 0K [0x00000000eb180000, 0x00000000f9a80000, 0x0000000100000000)
  eden space 214016K, 0% used [0x00000000eb180000,0x00000000eb180000,0x00000000f8280000)
  from space 9728K, 0% used [0x00000000f8c00000,0x00000000f8c00000,0x00000000f9580000)
  to   space 9728K, 0% used [0x00000000f8280000,0x00000000f8280000,0x00000000f8c00000)
 ParOldGen       total 56320K, used 21233K [0x00000000c1400000, 0x00000000c4b00000, 0x00000000eb180000)
  object space 56320K, 37% used [0x00000000c1400000,0x00000000c28bc6e0,0x00000000c4b00000)
 Metaspace       used 34757K, capacity 35088K, committed 35496K, reserved 1081344K
  class space    used 4393K, capacity 4493K, committed 4608K, reserved 1048576K
}
Event: 56.812 GC heap before
{Heap before GC invocations=17 (full 2):
 PSYoungGen      total 223744K, used 214016K [0x00000000eb180000, 0x00000000f9a80000, 0x0000000100000000)
  eden space 214016K, 100% used [0x00000000eb180000,0x00000000f8280000,0x00000000f8280000)
  from space 9728K, 0% used [0x00000000f8c00000,0x00000000f8c00000,0x00000000f9580000)
  to   space 9728K, 0% used [0x00000000f8280000,0x00000000f8280000,0x00000000f8c00000)
 ParOldGen       total 56320K, used 21233K [0x00000000c1400000, 0x00000000c4b00000, 0x00000000eb180000)
  object space 56320K, 37% used [0x00000000c1400000,0x00000000c28bc6e0,0x00000000c4b00000)
 Metaspace       used 42147K, capacity 42666K, committed 43136K, reserved 1087488K
  class space    used 5498K, capacity 5657K, committed 5760K, reserved 1048576K
Event: 56.888 GC heap after
Heap after GC invocations=17 (full 2):
 PSYoungGen      total 223744K, used 9724K [0x00000000eb180000, 0x00000000fce00000, 0x0000000100000000)
  eden space 214016K, 0% used [0x00000000eb180000,0x00000000eb180000,0x00000000f8280000)
  from space 9728K, 99% used [0x00000000f8280000,0x00000000f8bff270,0x00000000f8c00000)
  to   space 11776K, 0% used [0x00000000fc280000,0x00000000fc280000,0x00000000fce00000)
 ParOldGen       total 56320K, used 22803K [0x00000000c1400000, 0x00000000c4b00000, 0x00000000eb180000)
  object space 56320K, 40% used [0x00000000c1400000,0x00000000c2a44e18,0x00000000c4b00000)
 Metaspace       used 42147K, capacity 42666K, committed 43136K, reserved 1087488K
  class space    used 5498K, capacity 5657K, committed 5760K, reserved 1048576K
}
Event: 62.876 GC heap before
{Heap before GC invocations=18 (full 2):
 PSYoungGen      total 223744K, used 223740K [0x00000000eb180000, 0x00000000fce00000, 0x0000000100000000)
  eden space 214016K, 100% used [0x00000000eb180000,0x00000000f8280000,0x00000000f8280000)
  from space 9728K, 99% used [0x00000000f8280000,0x00000000f8bff270,0x00000000f8c00000)
  to   space 11776K, 0% used [0x00000000fc280000,0x00000000fc280000,0x00000000fce00000)
 ParOldGen       total 56320K, used 22803K [0x00000000c1400000, 0x00000000c4b00000, 0x00000000eb180000)
  object space 56320K, 40% used [0x00000000c1400000,0x00000000c2a44e18,0x00000000c4b00000)
 Metaspace       used 45447K, capacity 46130K, committed 46464K, reserved 1089536K
  class space    used 5963K, capacity 6149K, committed 6272K, reserved 1048576K
Event: 62.941 GC heap after
Heap after GC invocations=18 (full 2):
 PSYoungGen      total 275456K, used 9152K [0x00000000eb180000, 0x00000000fcd00000, 0x0000000100000000)
  eden space 264704K, 0% used [0x00000000eb180000,0x00000000eb180000,0x00000000fb400000)
  from space 10752K, 85% used [0x00000000fc280000,0x00000000fcb701d0,0x00000000fcd00000)
  to   space 12800K, 0% used [0x00000000fb400000,0x00000000fb400000,0x00000000fc080000)
 ParOldGen       total 56320K, used 30017K [0x00000000c1400000, 0x00000000c4b00000, 0x00000000eb180000)
  object space 56320K, 53% used [0x00000000c1400000,0x00000000c3150408,0x00000000c4b00000)
 Metaspace       used 45447K, capacity 46130K, committed 46464K, reserved 1089536K
  class space    used 5963K, capacity 6149K, committed 6272K, reserved 1048576K
}

