# JRE version: Java(TM) SE Runtime Environment (8.0_91-b15) (build 1.8.0_91-b15)
# Java VM: Java HotSpot(TM) 64-Bit Server VM (25.91-b15 mixed mode windows-amd64 compressed oops)
Heap:
 PSYoungGen      total 223744K, used 15089K [0x00000000eb180000, 0x00000000fec80000, 0x0000000100000000)
  eden space 208384K, 0% used [0x00000000eb180000,0x00000000eb180000,0x00000000f7d00000)
  from space 15360K, 98% used [0x00000000fdd80000,0x00000000fec3c5c8,0x00000000fec80000)
  to   space 11776K, 0% used [0x00000000f7d00000,0x00000000f7d00000,0x00000000f8880000)
 ParOldGen       total 58880K, used 25421K [0x00000000c1400000, 0x00000000c4d80000, 0x00000000eb180000)
  object space 58880K, 43% used [0x00000000c1400000,0x00000000c2cd34e0,0x00000000c4d80000)
 Metaspace       used 46564K, capacity 47008K, committed 47232K, reserved 1093632K
  class space    used 6043K, capacity 6181K, committed 6272K, reserved 1048576K
GC Heap History (10 events):
Event: 14.782 GC heap after
Heap after GC invocations=7 (full 1):
 PSYoungGen      total 124928K, used 5177K [0x00000000eb180000, 0x00000000f4000000, 0x0000000100000000)
  eden space 119296K, 0% used [0x00000000eb180000,0x00000000eb180000,0x00000000f2600000)
  from space 5632K, 91% used [0x00000000f3a80000,0x00000000f3f8e688,0x00000000f4000000)
  to   space 8704K, 0% used [0x00000000f2f00000,0x00000000f2f00000,0x00000000f3780000)
 ParOldGen       total 38912K, used 12480K [0x00000000c1400000, 0x00000000c3a00000, 0x00000000eb180000)
  object space 38912K, 32% used [0x00000000c1400000,0x00000000c20303e8,0x00000000c3a00000)
 Metaspace       used 23882K, capacity 24280K, committed 24448K, reserved 1071104K
  class space    used 3020K, capacity 3129K, committed 3200K, reserved 1048576K
}
Event: 23.009 GC heap before
{Heap before GC invocations=8 (full 1):
 PSYoungGen      total 124928K, used 124473K [0x00000000eb180000, 0x00000000f4000000, 0x0000000100000000)
  eden space 119296K, 100% used [0x00000000eb180000,0x00000000f2600000,0x00000000f2600000)
  from space 5632K, 91% used [0x00000000f3a80000,0x00000000f3f8e688,0x00000000f4000000)
  to   space 8704K, 0% used [0x00000000f2f00000,0x00000000f2f00000,0x00000000f3780000)
 ParOldGen       total 38912K, used 12480K [0x00000000c1400000, 0x00000000c3a00000, 0x00000000eb180000)
  object space 38912K, 32% used [0x00000000c1400000,0x00000000c20303e8,0x00000000c3a00000)
 Metaspace       used 24914K, capacity 25294K, committed 25600K, reserved 1071104K
  class space    used 3153K, capacity 3266K, committed 3328K, reserved 1048576K
Event: 23.026 GC heap after
Heap after GC invocations=8 (full 1):
 PSYoungGen      total 137216K, used 6042K [0x00000000eb180000, 0x00000000f9100000, 0x0000000100000000)
  eden space 128512K, 0% used [0x00000000eb180000,0x00000000eb180000,0x00000000f2f00000)
  from space 8704K, 69% used [0x00000000f2f00000,0x00000000f34e6b58,0x00000000f3780000)
  to   space 8704K, 0% used [0x00000000f8880000,0x00000000f8880000,0x00000000f9100000)
 ParOldGen       total 38912K, used 12488K [0x00000000c1400000, 0x00000000c3a00000, 0x00000000eb180000)
  object space 38912K, 32% used [0x00000000c1400000,0x00000000c20323e8,0x00000000c3a00000)
 Metaspace       used 24914K, capacity 25294K, committed 25600K, reserved 1071104K
  class space    used 3153K, capacity 3266K, committed 3328K, reserved 1048576K
}
Event: 27.890 GC heap before
{Heap before GC invocations=9 (full 1):
 PSYoungGen      total 137216K, used 134554K [0x00000000eb180000, 0x00000000f9100000, 0x0000000100000000)
  eden space 128512K, 100% used [0x00000000eb180000,0x00000000f2f00000,0x00000000f2f00000)
  from space 8704K, 69% used [0x00000000f2f00000,0x00000000f34e6b58,0x00000000f3780000)
  to   space 8704K, 0% used [0x00000000f8880000,0x00000000f8880000,0x00000000f9100000)
 ParOldGen       total 38912K, used 12488K [0x00000000c1400000, 0x00000000c3a00000, 0x00000000eb180000)
  object space 38912K, 32% used [0x00000000c1400000,0x00000000c20323e8,0x00000000c3a00000)
 Metaspace       used 28141K, capacity 28598K, committed 28800K, reserved 1075200K
  class space    used 3586K, capacity 3694K, committed 3712K, reserved 1048576K
Event: 27.906 GC heap after
Heap after GC invocations=9 (full 1):
 PSYoungGen      total 217088K, used 8678K [0x00000000eb180000, 0x00000000fa100000, 0x0000000100000000)
  eden space 208384K, 0% used [0x00000000eb180000,0x00000000eb180000,0x00000000f7d00000)
  from space 8704K, 99% used [0x00000000f8880000,0x00000000f90f9968,0x00000000f9100000)
  to   space 11776K, 0% used [0x00000000f7d00000,0x00000000f7d00000,0x00000000f8880000)
 ParOldGen       total 38912K, used 16923K [0x00000000c1400000, 0x00000000c3a00000, 0x00000000eb180000)
  object space 38912K, 43% used [0x00000000c1400000,0x00000000c2486ed0,0x00000000c3a00000)
 Metaspace       used 28141K, capacity 28598K, committed 28800K, reserved 1075200K
  class space    used 3586K, capacity 3694K, committed 3712K, reserved 1048576K
}
Event: 50.546 GC heap before
{Heap before GC invocations=10 (full 1):
 PSYoungGen      total 217088K, used 217062K [0x00000000eb180000, 0x00000000fa100000, 0x0000000100000000)
  eden space 208384K, 100% used [0x00000000eb180000,0x00000000f7d00000,0x00000000f7d00000)
  from space 8704K, 99% used [0x00000000f8880000,0x00000000f90f9968,0x00000000f9100000)
  to   space 11776K, 0% used [0x00000000f7d00000,0x00000000f7d00000,0x00000000f8880000)
 ParOldGen       total 38912K, used 16923K [0x00000000c1400000, 0x00000000c3a00000, 0x00000000eb180000)
  object space 38912K, 43% used [0x00000000c1400000,0x00000000c2486ed0,0x00000000c3a00000)
 Metaspace       used 34952K, capacity 35346K, committed 35456K, reserved 1081344K
  class space    used 4350K, capacity 4440K, committed 4480K, reserved 1048576K
Event: 50.583 GC heap after
Heap after GC invocations=10 (full 1):
 PSYoungGen      total 220160K, used 11771K [0x00000000eb180000, 0x00000000fec80000, 0x0000000100000000)
  eden space 208384K, 0% used [0x00000000eb180000,0x00000000eb180000,0x00000000f7d00000)
  from space 11776K, 99% used [0x00000000f7d00000,0x00000000f887eec8,0x00000000f8880000)
  to   space 15360K, 0% used [0x00000000fdd80000,0x00000000fdd80000,0x00000000fec80000)
 ParOldGen       total 38912K, used 22755K [0x00000000c1400000, 0x00000000c3a00000, 0x00000000eb180000)
  object space 38912K, 58% used [0x00000000c1400000,0x00000000c2a38f18,0x00000000c3a00000)
 Metaspace       used 34952K, capacity 35346K, committed 35456K, reserved 1081344K
  class space    used 4350K, capacity 4440K, committed 4480K, reserved 1048576K
}
Event: 50.583 GC heap before
{Heap before GC invocations=11 (full 2):
 PSYoungGen      total 220160K, used 11771K [0x00000000eb180000, 0x00000000fec80000, 0x0000000100000000)
  eden space 208384K, 0% used [0x00000000eb180000,0x00000000eb180000,0x00000000f7d00000)
  from space 11776K, 99% used [0x00000000f7d00000,0x00000000f887eec8,0x00000000f8880000)
  to   space 15360K, 0% used [0x00000000fdd80000,0x00000000fdd80000,0x00000000fec80000)
 ParOldGen       total 38912K, used 22755K [0x00000000c1400000, 0x00000000c3a00000, 0x00000000eb180000)
  object space 38912K, 58% used [0x00000000c1400000,0x00000000c2a38f18,0x00000000c3a00000)
 Metaspace       used 34952K, capacity 35346K, committed 35456K, reserved 1081344K
  class space    used 4350K, capacity 4440K, committed 4480K, reserved 1048576K
Event: 50.716 GC heap after
Heap after GC invocations=11 (full 2):
 PSYoungGen      total 220160K, used 0K [0x00000000eb180000, 0x00000000fec80000, 0x0000000100000000)
  eden space 208384K, 0% used [0x00000000eb180000,0x00000000eb180000,0x00000000f7d00000)
  from space 11776K, 0% used [0x00000000f7d00000,0x00000000f7d00000,0x00000000f8880000)
  to   space 15360K, 0% used [0x00000000fdd80000,0x00000000fdd80000,0x00000000fec80000)
 ParOldGen       total 58880K, used 25413K [0x00000000c1400000, 0x00000000c4d80000, 0x00000000eb180000)
  object space 58880K, 43% used [0x00000000c1400000,0x00000000c2cd14e0,0x00000000c4d80000)
 Metaspace       used 34952K, capacity 35346K, committed 35456K, reserved 1081344K
  class space    used 4350K, capacity 4440K, committed 4480K, reserved 1048576K
}
Event: 76.639 GC heap before
{Heap before GC invocations=12 (full 2):
 PSYoungGen      total 220160K, used 175211K [0x00000000eb180000, 0x00000000fec80000, 0x0000000100000000)
  eden space 208384K, 84% used [0x00000000eb180000,0x00000000f5c9ae88,0x00000000f7d00000)
  from space 11776K, 0% used [0x00000000f7d00000,0x00000000f7d00000,0x00000000f8880000)
  to   space 15360K, 0% used [0x00000000fdd80000,0x00000000fdd80000,0x00000000fec80000)
 ParOldGen       total 58880K, used 25413K [0x00000000c1400000, 0x00000000c4d80000, 0x00000000eb180000)
  object space 58880K, 43% used [0x00000000c1400000,0x00000000c2cd14e0,0x00000000c4d80000)
 Metaspace       used 46564K, capacity 47008K, committed 47232K, reserved 1093632K
  class space    used 6043K, capacity 6181K, committed 6272K, reserved 1048576K

