# JRE version: Java(TM) SE Runtime Environment (8.0_91-b15) (build 1.8.0_91-b15)
# Java VM: Java HotSpot(TM) 64-Bit Server VM (25.91-b15 mixed mode windows-amd64 compressed oops)
Heap:
 PSYoungGen      total 22016K, used 8232K [0x00000000eb180000, 0x00000000ecf00000, 0x0000000100000000)
  eden space 15360K, 13% used [0x00000000eb180000,0x00000000eb386728,0x00000000ec080000)
  from space 6656K, 92% used [0x00000000ec780000,0x00000000ecd83c38,0x00000000ece00000)
  to   space 7168K, 0% used [0x00000000ec080000,0x00000000ec080000,0x00000000ec780000)
 ParOldGen       total 23040K, used 6898K [0x00000000c1400000, 0x00000000c2a80000, 0x00000000eb180000)
  object space 23040K, 29% used [0x00000000c1400000,0x00000000c1abc918,0x00000000c2a80000)
 Metaspace       used 21223K, capacity 21406K, committed 21760K, reserved 1069056K
  class space    used 2678K, capacity 2714K, committed 2816K, reserved 1048576K
GC Heap History (10 events):
Event: 77.871 GC heap before
{Heap before GC invocations=5 (full 1):
 PSYoungGen      total 18944K, used 2552K [0x00000000eb180000, 0x00000000ec680000, 0x0000000100000000)
  eden space 16384K, 0% used [0x00000000eb180000,0x00000000eb180000,0x00000000ec180000)
  from space 2560K, 99% used [0x00000000ec400000,0x00000000ec67e030,0x00000000ec680000)
  to   space 2560K, 0% used [0x00000000ec180000,0x00000000ec180000,0x00000000ec400000)
 ParOldGen       total 44032K, used 6267K [0x00000000c1400000, 0x00000000c3f00000, 0x00000000eb180000)
  object space 44032K, 14% used [0x00000000c1400000,0x00000000c1a1eec8,0x00000000c3f00000)
 Metaspace       used 14398K, capacity 14572K, committed 14720K, reserved 1067008K
  class space    used 1785K, capacity 1824K, committed 1920K, reserved 1048576K
Event: 77.901 GC heap after
Heap after GC invocations=5 (full 1):
 PSYoungGen      total 18944K, used 0K [0x00000000eb180000, 0x00000000ec680000, 0x0000000100000000)
  eden space 16384K, 0% used [0x00000000eb180000,0x00000000eb180000,0x00000000ec180000)
  from space 2560K, 0% used [0x00000000ec400000,0x00000000ec400000,0x00000000ec680000)
  to   space 2560K, 0% used [0x00000000ec180000,0x00000000ec180000,0x00000000ec400000)
 ParOldGen       total 23040K, used 3875K [0x00000000c1400000, 0x00000000c2a80000, 0x00000000eb180000)
  object space 23040K, 16% used [0x00000000c1400000,0x00000000c17c8fb0,0x00000000c2a80000)
 Metaspace       used 14398K, capacity 14572K, committed 14720K, reserved 1064960K
  class space    used 1785K, capacity 1824K, committed 1920K, reserved 1048576K
}
Event: 80.215 GC heap before
{Heap before GC invocations=6 (full 1):
 PSYoungGen      total 18944K, used 16384K [0x00000000eb180000, 0x00000000ec680000, 0x0000000100000000)
  eden space 16384K, 100% used [0x00000000eb180000,0x00000000ec180000,0x00000000ec180000)
  from space 2560K, 0% used [0x00000000ec400000,0x00000000ec400000,0x00000000ec680000)
  to   space 2560K, 0% used [0x00000000ec180000,0x00000000ec180000,0x00000000ec400000)
 ParOldGen       total 23040K, used 3875K [0x00000000c1400000, 0x00000000c2a80000, 0x00000000eb180000)
  object space 23040K, 16% used [0x00000000c1400000,0x00000000c17c8fb0,0x00000000c2a80000)
 Metaspace       used 16450K, capacity 16606K, committed 16768K, reserved 1064960K
  class space    used 2077K, capacity 2115K, committed 2176K, reserved 1048576K
Event: 80.219 GC heap after
Heap after GC invocations=6 (full 1):
 PSYoungGen      total 18944K, used 2549K [0x00000000eb180000, 0x00000000ecb80000, 0x0000000100000000)
  eden space 16384K, 0% used [0x00000000eb180000,0x00000000eb180000,0x00000000ec180000)
  from space 2560K, 99% used [0x00000000ec180000,0x00000000ec3fd710,0x00000000ec400000)
  to   space 5120K, 0% used [0x00000000ec680000,0x00000000ec680000,0x00000000ecb80000)
 ParOldGen       total 23040K, used 5502K [0x00000000c1400000, 0x00000000c2a80000, 0x00000000eb180000)
  object space 23040K, 23% used [0x00000000c1400000,0x00000000c195f8d0,0x00000000c2a80000)
 Metaspace       used 16450K, capacity 16606K, committed 16768K, reserved 1064960K
  class space    used 2077K, capacity 2115K, committed 2176K, reserved 1048576K
}
Event: 96.224 GC heap before
{Heap before GC invocations=7 (full 1):
 PSYoungGen      total 18944K, used 18933K [0x00000000eb180000, 0x00000000ecb80000, 0x0000000100000000)
  eden space 16384K, 100% used [0x00000000eb180000,0x00000000ec180000,0x00000000ec180000)
  from space 2560K, 99% used [0x00000000ec180000,0x00000000ec3fd710,0x00000000ec400000)
  to   space 5120K, 0% used [0x00000000ec680000,0x00000000ec680000,0x00000000ecb80000)
 ParOldGen       total 23040K, used 5502K [0x00000000c1400000, 0x00000000c2a80000, 0x00000000eb180000)
  object space 23040K, 23% used [0x00000000c1400000,0x00000000c195f8d0,0x00000000c2a80000)
 Metaspace       used 18030K, capacity 18206K, committed 18560K, reserved 1067008K
  class space    used 2279K, capacity 2307K, committed 2432K, reserved 1048576K
Event: 96.236 GC heap after
Heap after GC invocations=7 (full 1):
 PSYoungGen      total 20992K, used 5109K [0x00000000eb180000, 0x00000000ecc80000, 0x0000000100000000)
  eden space 15872K, 0% used [0x00000000eb180000,0x00000000eb180000,0x00000000ec100000)
  from space 5120K, 99% used [0x00000000ec680000,0x00000000ecb7d4f0,0x00000000ecb80000)
  to   space 5632K, 0% used [0x00000000ec100000,0x00000000ec100000,0x00000000ec680000)
 ParOldGen       total 23040K, used 5720K [0x00000000c1400000, 0x00000000c2a80000, 0x00000000eb180000)
  object space 23040K, 24% used [0x00000000c1400000,0x00000000c19960e0,0x00000000c2a80000)
 Metaspace       used 18030K, capacity 18206K, committed 18560K, reserved 1067008K
  class space    used 2279K, capacity 2307K, committed 2432K, reserved 1048576K
}
Event: 114.146 GC heap before
{Heap before GC invocations=8 (full 1):
 PSYoungGen      total 20992K, used 20981K [0x00000000eb180000, 0x00000000ecc80000, 0x0000000100000000)
  eden space 15872K, 100% used [0x00000000eb180000,0x00000000ec100000,0x00000000ec100000)
  from space 5120K, 99% used [0x00000000ec680000,0x00000000ecb7d4f0,0x00000000ecb80000)
  to   space 5632K, 0% used [0x00000000ec100000,0x00000000ec100000,0x00000000ec680000)
 ParOldGen       total 23040K, used 5720K [0x00000000c1400000, 0x00000000c2a80000, 0x00000000eb180000)
  object space 23040K, 24% used [0x00000000c1400000,0x00000000c19960e0,0x00000000c2a80000)
 Metaspace       used 20434K, capacity 20680K, committed 20864K, reserved 1069056K
  class space    used 2605K, capacity 2673K, committed 2688K, reserved 1048576K
Event: 114.155 GC heap after
Heap after GC invocations=8 (full 1):
 PSYoungGen      total 21504K, used 5612K [0x00000000eb180000, 0x00000000ece00000, 0x0000000100000000)
  eden space 15872K, 0% used [0x00000000eb180000,0x00000000eb180000,0x00000000ec100000)
  from space 5632K, 99% used [0x00000000ec100000,0x00000000ec67b240,0x00000000ec680000)
  to   space 6656K, 0% used [0x00000000ec780000,0x00000000ec780000,0x00000000ece00000)
 ParOldGen       total 23040K, used 6890K [0x00000000c1400000, 0x00000000c2a80000, 0x00000000eb180000)
  object space 23040K, 29% used [0x00000000c1400000,0x00000000c1aba918,0x00000000c2a80000)
 Metaspace       used 20434K, capacity 20680K, committed 20864K, reserved 1069056K
  class space    used 2605K, capacity 2673K, committed 2688K, reserved 1048576K
}
Event: 119.937 GC heap before
{Heap before GC invocations=9 (full 1):
 PSYoungGen      total 21504K, used 21484K [0x00000000eb180000, 0x00000000ece00000, 0x0000000100000000)
  eden space 15872K, 100% used [0x00000000eb180000,0x00000000ec100000,0x00000000ec100000)
  from space 5632K, 99% used [0x00000000ec100000,0x00000000ec67b240,0x00000000ec680000)
  to   space 6656K, 0% used [0x00000000ec780000,0x00000000ec780000,0x00000000ece00000)
 ParOldGen       total 23040K, used 6890K [0x00000000c1400000, 0x00000000c2a80000, 0x00000000eb180000)
  object space 23040K, 29% used [0x00000000c1400000,0x00000000c1aba918,0x00000000c2a80000)
 Metaspace       used 21059K, capacity 21278K, committed 21504K, reserved 1069056K
  class space    used 2663K, capacity 2714K, committed 2816K, reserved 1048576K
Event: 119.945 GC heap after
Heap after GC invocations=9 (full 1):
 PSYoungGen      total 22016K, used 6159K [0x00000000eb180000, 0x00000000ecf00000, 0x0000000100000000)
  eden space 15360K, 0% used [0x00000000eb180000,0x00000000eb180000,0x00000000ec080000)
  from space 6656K, 92% used [0x00000000ec780000,0x00000000ecd83c38,0x00000000ece00000)
  to   space 7168K, 0% used [0x00000000ec080000,0x00000000ec080000,0x00000000ec780000)
 ParOldGen       total 23040K, used 6898K [0x00000000c1400000, 0x00000000c2a80000, 0x00000000eb180000)
  object space 23040K, 29% used [0x00000000c1400000,0x00000000c1abc918,0x00000000c2a80000)
 Metaspace       used 21059K, capacity 21278K, committed 21504K, reserved 1069056K
  class space    used 2663K, capacity 2714K, committed 2816K, reserved 1048576K
}

