# JRE version: Java(TM) SE Runtime Environment (8.0_91-b15) (build 1.8.0_91-b15)
# Java VM: Java HotSpot(TM) 64-Bit Server VM (25.91-b15 mixed mode windows-amd64 compressed oops)
Heap:
 PSYoungGen      total 327680K, used 301420K [0x00000000eb180000, 0x0000000100000000, 0x0000000100000000)
  eden space 313856K, 92% used [0x00000000eb180000,0x00000000fcdc5a10,0x00000000fe400000)
  from space 13824K, 74% used [0x00000000ff280000,0x00000000ffc959e0,0x0000000100000000)
  to   space 14336K, 0% used [0x00000000fe400000,0x00000000fe400000,0x00000000ff200000)
 ParOldGen       total 58368K, used 31198K [0x00000000c1400000, 0x00000000c4d00000, 0x00000000eb180000)
  object space 58368K, 53% used [0x00000000c1400000,0x00000000c3277848,0x00000000c4d00000)
 Metaspace       used 54235K, capacity 55125K, committed 55296K, reserved 1097728K
  class space    used 6834K, capacity 7050K, committed 7168K, reserved 1048576K
GC Heap History (10 events):
Event: 14.111 GC heap before
{Heap before GC invocations=12 (full 1):
 PSYoungGen      total 182784K, used 65016K [0x00000000eb180000, 0x00000000f7480000, 0x0000000100000000)
  eden space 173056K, 31% used [0x00000000eb180000,0x00000000ee77e388,0x00000000f5a80000)
  from space 9728K, 99% used [0x00000000f6700000,0x00000000f707fde0,0x00000000f7080000)
  to   space 12800K, 0% used [0x00000000f5a80000,0x00000000f5a80000,0x00000000f6700000)
 ParOldGen       total 36864K, used 17163K [0x00000000c1400000, 0x00000000c3800000, 0x00000000eb180000)
  object space 36864K, 46% used [0x00000000c1400000,0x00000000c24c2c00,0x00000000c3800000)
 Metaspace       used 34853K, capacity 35182K, committed 35456K, reserved 1081344K
  class space    used 4361K, capacity 4460K, committed 4480K, reserved 1048576K
Event: 14.142 GC heap after
Heap after GC invocations=12 (full 1):
 PSYoungGen      total 185856K, used 3438K [0x00000000eb180000, 0x00000000fc000000, 0x0000000100000000)
  eden space 173056K, 0% used [0x00000000eb180000,0x00000000eb180000,0x00000000f5a80000)
  from space 12800K, 26% used [0x00000000f5a80000,0x00000000f5ddb8b8,0x00000000f6700000)
  to   space 12800K, 0% used [0x00000000fb380000,0x00000000fb380000,0x00000000fc000000)
 ParOldGen       total 36864K, used 24521K [0x00000000c1400000, 0x00000000c3800000, 0x00000000eb180000)
  object space 36864K, 66% used [0x00000000c1400000,0x00000000c2bf2628,0x00000000c3800000)
 Metaspace       used 34853K, capacity 35182K, committed 35456K, reserved 1081344K
  class space    used 4361K, capacity 4460K, committed 4480K, reserved 1048576K
}
Event: 14.142 GC heap before
{Heap before GC invocations=13 (full 2):
 PSYoungGen      total 185856K, used 3438K [0x00000000eb180000, 0x00000000fc000000, 0x0000000100000000)
  eden space 173056K, 0% used [0x00000000eb180000,0x00000000eb180000,0x00000000f5a80000)
  from space 12800K, 26% used [0x00000000f5a80000,0x00000000f5ddb8b8,0x00000000f6700000)
  to   space 12800K, 0% used [0x00000000fb380000,0x00000000fb380000,0x00000000fc000000)
 ParOldGen       total 36864K, used 24521K [0x00000000c1400000, 0x00000000c3800000, 0x00000000eb180000)
  object space 36864K, 66% used [0x00000000c1400000,0x00000000c2bf2628,0x00000000c3800000)
 Metaspace       used 34853K, capacity 35182K, committed 35456K, reserved 1081344K
  class space    used 4361K, capacity 4460K, committed 4480K, reserved 1048576K
Event: 14.275 GC heap after
Heap after GC invocations=13 (full 2):
 PSYoungGen      total 185856K, used 0K [0x00000000eb180000, 0x00000000fc000000, 0x0000000100000000)
  eden space 173056K, 0% used [0x00000000eb180000,0x00000000eb180000,0x00000000f5a80000)
  from space 12800K, 0% used [0x00000000f5a80000,0x00000000f5a80000,0x00000000f6700000)
  to   space 12800K, 0% used [0x00000000fb380000,0x00000000fb380000,0x00000000fc000000)
 ParOldGen       total 58368K, used 22052K [0x00000000c1400000, 0x00000000c4d00000, 0x00000000eb180000)
  object space 58368K, 37% used [0x00000000c1400000,0x00000000c29893c8,0x00000000c4d00000)
 Metaspace       used 34853K, capacity 35182K, committed 35456K, reserved 1081344K
  class space    used 4361K, capacity 4460K, committed 4480K, reserved 1048576K
}
Event: 19.994 GC heap before
{Heap before GC invocations=14 (full 2):
 PSYoungGen      total 185856K, used 173056K [0x00000000eb180000, 0x00000000fc000000, 0x0000000100000000)
  eden space 173056K, 100% used [0x00000000eb180000,0x00000000f5a80000,0x00000000f5a80000)
  from space 12800K, 0% used [0x00000000f5a80000,0x00000000f5a80000,0x00000000f6700000)
  to   space 12800K, 0% used [0x00000000fb380000,0x00000000fb380000,0x00000000fc000000)
 ParOldGen       total 58368K, used 22052K [0x00000000c1400000, 0x00000000c4d00000, 0x00000000eb180000)
  object space 58368K, 37% used [0x00000000c1400000,0x00000000c29893c8,0x00000000c4d00000)
 Metaspace       used 42539K, capacity 43036K, committed 43648K, reserved 1087488K
  class space    used 5515K, capacity 5654K, committed 5760K, reserved 1048576K
Event: 20.101 GC heap after
Heap after GC invocations=14 (full 2):
 PSYoungGen      total 253440K, used 10070K [0x00000000eb180000, 0x00000000fbd80000, 0x0000000100000000)
  eden space 243200K, 0% used [0x00000000eb180000,0x00000000eb180000,0x00000000f9f00000)
  from space 10240K, 98% used [0x00000000fb380000,0x00000000fbd55850,0x00000000fbd80000)
  to   space 13824K, 0% used [0x00000000fa280000,0x00000000fa280000,0x00000000fb000000)
 ParOldGen       total 58368K, used 22060K [0x00000000c1400000, 0x00000000c4d00000, 0x00000000eb180000)
  object space 58368K, 37% used [0x00000000c1400000,0x00000000c298b3c8,0x00000000c4d00000)
 Metaspace       used 42539K, capacity 43036K, committed 43648K, reserved 1087488K
  class space    used 5515K, capacity 5654K, committed 5760K, reserved 1048576K
}
Event: 21.956 GC heap before
{Heap before GC invocations=15 (full 2):
 PSYoungGen      total 253440K, used 253270K [0x00000000eb180000, 0x00000000fbd80000, 0x0000000100000000)
  eden space 243200K, 100% used [0x00000000eb180000,0x00000000f9f00000,0x00000000f9f00000)
  from space 10240K, 98% used [0x00000000fb380000,0x00000000fbd55850,0x00000000fbd80000)
  to   space 13824K, 0% used [0x00000000fa280000,0x00000000fa280000,0x00000000fb000000)
 ParOldGen       total 58368K, used 22060K [0x00000000c1400000, 0x00000000c4d00000, 0x00000000eb180000)
  object space 58368K, 37% used [0x00000000c1400000,0x00000000c298b3c8,0x00000000c4d00000)
 Metaspace       used 45345K, capacity 46008K, committed 46336K, reserved 1089536K
  class space    used 5870K, capacity 6048K, committed 6144K, reserved 1048576K
Event: 22.083 GC heap after
Heap after GC invocations=15 (full 2):
 PSYoungGen      total 260608K, used 8374K [0x00000000eb180000, 0x0000000100000000, 0x0000000100000000)
  eden space 246784K, 0% used [0x00000000eb180000,0x00000000eb180000,0x00000000fa280000)
  from space 13824K, 60% used [0x00000000fa280000,0x00000000faaadb88,0x00000000fb000000)
  to   space 13824K, 0% used [0x00000000ff280000,0x00000000ff280000,0x0000000100000000)
 ParOldGen       total 58368K, used 27766K [0x00000000c1400000, 0x00000000c4d00000, 0x00000000eb180000)
  object space 58368K, 47% used [0x00000000c1400000,0x00000000c2f1d9b8,0x00000000c4d00000)
 Metaspace       used 45345K, capacity 46008K, committed 46336K, reserved 1089536K
  class space    used 5870K, capacity 6048K, committed 6144K, reserved 1048576K
}
Event: 358.550 GC heap before
{Heap before GC invocations=16 (full 2):
 PSYoungGen      total 260608K, used 255158K [0x00000000eb180000, 0x0000000100000000, 0x0000000100000000)
  eden space 246784K, 100% used [0x00000000eb180000,0x00000000fa280000,0x00000000fa280000)
  from space 13824K, 60% used [0x00000000fa280000,0x00000000faaadb88,0x00000000fb000000)
  to   space 13824K, 0% used [0x00000000ff280000,0x00000000ff280000,0x0000000100000000)
 ParOldGen       total 58368K, used 27766K [0x00000000c1400000, 0x00000000c4d00000, 0x00000000eb180000)
  object space 58368K, 47% used [0x00000000c1400000,0x00000000c2f1d9b8,0x00000000c4d00000)
 Metaspace       used 53165K, capacity 54003K, committed 54144K, reserved 1095680K
  class space    used 6815K, capacity 7023K, committed 7040K, reserved 1048576K
Event: 358.592 GC heap after
Heap after GC invocations=16 (full 2):
 PSYoungGen      total 327680K, used 10326K [0x00000000eb180000, 0x0000000100000000, 0x0000000100000000)
  eden space 313856K, 0% used [0x00000000eb180000,0x00000000eb180000,0x00000000fe400000)
  from space 13824K, 74% used [0x00000000ff280000,0x00000000ffc959e0,0x0000000100000000)
  to   space 14336K, 0% used [0x00000000fe400000,0x00000000fe400000,0x00000000ff200000)
 ParOldGen       total 58368K, used 31198K [0x00000000c1400000, 0x00000000c4d00000, 0x00000000eb180000)
  object space 58368K, 53% used [0x00000000c1400000,0x00000000c3277848,0x00000000c4d00000)
 Metaspace       used 53165K, capacity 54003K, committed 54144K, reserved 1095680K
  class space    used 6815K, capacity 7023K, committed 7040K, reserved 1048576K
}

