# JRE version: Java(TM) SE Runtime Environment (8.0_91-b15) (build 1.8.0_91-b15)
# Java VM: Java HotSpot(TM) 64-Bit Server VM (25.91-b15 mixed mode windows-amd64 compressed oops)
Heap:
 PSYoungGen      total 194048K, used 53453K [0x00000000eb180000, 0x00000000f8180000, 0x0000000100000000)
  eden space 184320K, 23% used [0x00000000eb180000,0x00000000edc352e0,0x00000000f6580000)
  from space 9728K, 99% used [0x00000000f7280000,0x00000000f7bfe258,0x00000000f7c00000)
  to   space 13312K, 0% used [0x00000000f6580000,0x00000000f6580000,0x00000000f7280000)
 ParOldGen       total 34816K, used 18194K [0x00000000c1400000, 0x00000000c3600000, 0x00000000eb180000)
  object space 34816K, 52% used [0x00000000c1400000,0x00000000c25c4930,0x00000000c3600000)
 Metaspace       used 34664K, capacity 34958K, committed 35456K, reserved 1081344K
  class space    used 4329K, capacity 4428K, committed 4480K, reserved 1048576K
GC Heap History (10 events):
Event: 8.254 GC heap before
{Heap before GC invocations=7 (full 1):
 PSYoungGen      total 73216K, used 5189K [0x00000000eb180000, 0x00000000f0180000, 0x0000000100000000)
  eden space 65536K, 0% used [0x00000000eb180000,0x00000000eb180000,0x00000000ef180000)
  from space 7680K, 67% used [0x00000000efa00000,0x00000000eff116e0,0x00000000f0180000)
  to   space 8192K, 0% used [0x00000000ef180000,0x00000000ef180000,0x00000000ef980000)
 ParOldGen       total 44032K, used 13681K [0x00000000c1400000, 0x00000000c3f00000, 0x00000000eb180000)
  object space 44032K, 31% used [0x00000000c1400000,0x00000000c215c7d8,0x00000000c3f00000)
 Metaspace       used 20923K, capacity 21144K, committed 21296K, reserved 1069056K
  class space    used 2586K, capacity 2649K, committed 2688K, reserved 1048576K
Event: 8.301 GC heap after
Heap after GC invocations=7 (full 1):
 PSYoungGen      total 73216K, used 0K [0x00000000eb180000, 0x00000000f0180000, 0x0000000100000000)
  eden space 65536K, 0% used [0x00000000eb180000,0x00000000eb180000,0x00000000ef180000)
  from space 7680K, 0% used [0x00000000efa00000,0x00000000efa00000,0x00000000f0180000)
  to   space 8192K, 0% used [0x00000000ef180000,0x00000000ef180000,0x00000000ef980000)
 ParOldGen       total 34816K, used 10030K [0x00000000c1400000, 0x00000000c3600000, 0x00000000eb180000)
  object space 34816K, 28% used [0x00000000c1400000,0x00000000c1dcbbc8,0x00000000c3600000)
 Metaspace       used 20923K, capacity 21144K, committed 21296K, reserved 1069056K
  class space    used 2586K, capacity 2649K, committed 2688K, reserved 1048576K
}
Event: 10.093 GC heap before
{Heap before GC invocations=8 (full 1):
 PSYoungGen      total 73216K, used 65536K [0x00000000eb180000, 0x00000000f0180000, 0x0000000100000000)
  eden space 65536K, 100% used [0x00000000eb180000,0x00000000ef180000,0x00000000ef180000)
  from space 7680K, 0% used [0x00000000efa00000,0x00000000efa00000,0x00000000f0180000)
  to   space 8192K, 0% used [0x00000000ef180000,0x00000000ef180000,0x00000000ef980000)
 ParOldGen       total 34816K, used 10030K [0x00000000c1400000, 0x00000000c3600000, 0x00000000eb180000)
  object space 34816K, 28% used [0x00000000c1400000,0x00000000c1dcbbc8,0x00000000c3600000)
 Metaspace       used 24733K, capacity 25068K, committed 25216K, reserved 1071104K
  class space    used 3085K, capacity 3185K, committed 3200K, reserved 1048576K
Event: 10.103 GC heap after
Heap after GC invocations=8 (full 1):
 PSYoungGen      total 73728K, used 5738K [0x00000000eb180000, 0x00000000f3780000, 0x0000000100000000)
  eden space 65536K, 0% used [0x00000000eb180000,0x00000000eb180000,0x00000000ef180000)
  from space 8192K, 70% used [0x00000000ef180000,0x00000000ef71a960,0x00000000ef980000)
  to   space 8192K, 0% used [0x00000000f2f80000,0x00000000f2f80000,0x00000000f3780000)
 ParOldGen       total 34816K, used 10030K [0x00000000c1400000, 0x00000000c3600000, 0x00000000eb180000)
  object space 34816K, 28% used [0x00000000c1400000,0x00000000c1dcbbc8,0x00000000c3600000)
 Metaspace       used 24733K, capacity 25068K, committed 25216K, reserved 1071104K
  class space    used 3085K, capacity 3185K, committed 3200K, reserved 1048576K
}
Event: 10.582 GC heap before
{Heap before GC invocations=9 (full 1):
 PSYoungGen      total 73728K, used 71274K [0x00000000eb180000, 0x00000000f3780000, 0x0000000100000000)
  eden space 65536K, 100% used [0x00000000eb180000,0x00000000ef180000,0x00000000ef180000)
  from space 8192K, 70% used [0x00000000ef180000,0x00000000ef71a960,0x00000000ef980000)
  to   space 8192K, 0% used [0x00000000f2f80000,0x00000000f2f80000,0x00000000f3780000)
 ParOldGen       total 34816K, used 10030K [0x00000000c1400000, 0x00000000c3600000, 0x00000000eb180000)
  object space 34816K, 28% used [0x00000000c1400000,0x00000000c1dcbbc8,0x00000000c3600000)
 Metaspace       used 25333K, capacity 25662K, committed 25856K, reserved 1071104K
  class space    used 3156K, capacity 3252K, committed 3328K, reserved 1048576K
Event: 10.740 GC heap after
Heap after GC invocations=9 (full 1):
 PSYoungGen      total 129024K, used 4513K [0x00000000eb180000, 0x00000000f3d80000, 0x0000000100000000)
  eden space 120832K, 0% used [0x00000000eb180000,0x00000000eb180000,0x00000000f2780000)
  from space 8192K, 55% used [0x00000000f2f80000,0x00000000f33e86e8,0x00000000f3780000)
  to   space 8192K, 0% used [0x00000000f2780000,0x00000000f2780000,0x00000000f2f80000)
 ParOldGen       total 34816K, used 10030K [0x00000000c1400000, 0x00000000c3600000, 0x00000000eb180000)
  object space 34816K, 28% used [0x00000000c1400000,0x00000000c1dcbbc8,0x00000000c3600000)
 Metaspace       used 25333K, capacity 25662K, committed 25856K, reserved 1071104K
  class space    used 3156K, capacity 3252K, committed 3328K, reserved 1048576K
}
Event: 15.181 GC heap before
{Heap before GC invocations=10 (full 1):
 PSYoungGen      total 129024K, used 125345K [0x00000000eb180000, 0x00000000f3d80000, 0x0000000100000000)
  eden space 120832K, 100% used [0x00000000eb180000,0x00000000f2780000,0x00000000f2780000)
  from space 8192K, 55% used [0x00000000f2f80000,0x00000000f33e86e8,0x00000000f3780000)
  to   space 8192K, 0% used [0x00000000f2780000,0x00000000f2780000,0x00000000f2f80000)
 ParOldGen       total 34816K, used 10030K [0x00000000c1400000, 0x00000000c3600000, 0x00000000eb180000)
  object space 34816K, 28% used [0x00000000c1400000,0x00000000c1dcbbc8,0x00000000c3600000)
 Metaspace       used 29380K, capacity 29726K, committed 30208K, reserved 1075200K
  class space    used 3640K, capacity 3716K, committed 3840K, reserved 1048576K
Event: 15.220 GC heap after
Heap after GC invocations=10 (full 1):
 PSYoungGen      total 129024K, used 8161K [0x00000000eb180000, 0x00000000f7c00000, 0x0000000100000000)
  eden space 120832K, 0% used [0x00000000eb180000,0x00000000eb180000,0x00000000f2780000)
  from space 8192K, 99% used [0x00000000f2780000,0x00000000f2f787e8,0x00000000f2f80000)
  to   space 9728K, 0% used [0x00000000f7280000,0x00000000f7280000,0x00000000f7c00000)
 ParOldGen       total 34816K, used 12346K [0x00000000c1400000, 0x00000000c3600000, 0x00000000eb180000)
  object space 34816K, 35% used [0x00000000c1400000,0x00000000c200eb48,0x00000000c3600000)
 Metaspace       used 29380K, capacity 29726K, committed 30208K, reserved 1075200K
  class space    used 3640K, capacity 3716K, committed 3840K, reserved 1048576K
}
Event: 24.770 GC heap before
{Heap before GC invocations=11 (full 1):
 PSYoungGen      total 129024K, used 128993K [0x00000000eb180000, 0x00000000f7c00000, 0x0000000100000000)
  eden space 120832K, 100% used [0x00000000eb180000,0x00000000f2780000,0x00000000f2780000)
  from space 8192K, 99% used [0x00000000f2780000,0x00000000f2f787e8,0x00000000f2f80000)
  to   space 9728K, 0% used [0x00000000f7280000,0x00000000f7280000,0x00000000f7c00000)
 ParOldGen       total 34816K, used 12346K [0x00000000c1400000, 0x00000000c3600000, 0x00000000eb180000)
  object space 34816K, 35% used [0x00000000c1400000,0x00000000c200eb48,0x00000000c3600000)
 Metaspace       used 32600K, capacity 32974K, committed 33408K, reserved 1079296K
  class space    used 4020K, capacity 4108K, committed 4224K, reserved 1048576K
Event: 24.817 GC heap after
Heap after GC invocations=11 (full 1):
 PSYoungGen      total 194048K, used 9720K [0x00000000eb180000, 0x00000000f8180000, 0x0000000100000000)
  eden space 184320K, 0% used [0x00000000eb180000,0x00000000eb180000,0x00000000f6580000)
  from space 9728K, 99% used [0x00000000f7280000,0x00000000f7bfe258,0x00000000f7c00000)
  to   space 13312K, 0% used [0x00000000f6580000,0x00000000f6580000,0x00000000f7280000)
 ParOldGen       total 34816K, used 18194K [0x00000000c1400000, 0x00000000c3600000, 0x00000000eb180000)
  object space 34816K, 52% used [0x00000000c1400000,0x00000000c25c4930,0x00000000c3600000)
 Metaspace       used 32600K, capacity 32974K, committed 33408K, reserved 1079296K
  class space    used 4020K, capacity 4108K, committed 4224K, reserved 1048576K
}

