# JRE version: Java(TM) SE Runtime Environment (8.0_91-b15) (build 1.8.0_91-b15)
# Java VM: Java HotSpot(TM) 64-Bit Server VM (25.91-b15 mixed mode windows-amd64 compressed oops)
Heap:
 PSYoungGen      total 133120K, used 63752K [0x00000000eb180000, 0x00000000f8000000, 0x0000000100000000)
  eden space 124928K, 44% used [0x00000000eb180000,0x00000000ee7c8730,0x00000000f2b80000)
  from space 8192K, 99% used [0x00000000f2b80000,0x00000000f3379b60,0x00000000f3380000)
  to   space 9728K, 0% used [0x00000000f7680000,0x00000000f7680000,0x00000000f8000000)
 ParOldGen       total 33792K, used 11545K [0x00000000c1400000, 0x00000000c3500000, 0x00000000eb180000)
  object space 33792K, 34% used [0x00000000c1400000,0x00000000c1f46490,0x00000000c3500000)
 Metaspace       used 31317K, capacity 31678K, committed 31872K, reserved 1077248K
  class space    used 3846K, capacity 3940K, committed 3968K, reserved 1048576K
GC Heap History (10 events):
Event: 12.627 GC heap before
{Heap before GC invocations=6 (full 0):
 PSYoungGen      total 35328K, used 15441K [0x00000000eb180000, 0x00000000f0280000, 0x0000000100000000)
  eden space 32768K, 39% used [0x00000000eb180000,0x00000000ebe17278,0x00000000ed180000)
  from space 2560K, 99% used [0x00000000ed180000,0x00000000ed3fd2c0,0x00000000ed400000)
  to   space 8704K, 0% used [0x00000000efa00000,0x00000000efa00000,0x00000000f0280000)
 ParOldGen       total 44032K, used 13654K [0x00000000c1400000, 0x00000000c3f00000, 0x00000000eb180000)
  object space 44032K, 31% used [0x00000000c1400000,0x00000000c2155968,0x00000000c3f00000)
 Metaspace       used 20959K, capacity 21186K, committed 21296K, reserved 1069056K
  class space    used 2567K, capacity 2638K, committed 2688K, reserved 1048576K
Event: 12.637 GC heap after
Heap after GC invocations=6 (full 0):
 PSYoungGen      total 74240K, used 4281K [0x00000000eb180000, 0x00000000f0280000, 0x0000000100000000)
  eden space 65536K, 0% used [0x00000000eb180000,0x00000000eb180000,0x00000000ef180000)
  from space 8704K, 49% used [0x00000000efa00000,0x00000000efe2e578,0x00000000f0280000)
  to   space 8704K, 0% used [0x00000000ef180000,0x00000000ef180000,0x00000000efa00000)
 ParOldGen       total 44032K, used 13662K [0x00000000c1400000, 0x00000000c3f00000, 0x00000000eb180000)
  object space 44032K, 31% used [0x00000000c1400000,0x00000000c2157968,0x00000000c3f00000)
 Metaspace       used 20959K, capacity 21186K, committed 21296K, reserved 1069056K
  class space    used 2567K, capacity 2638K, committed 2688K, reserved 1048576K
}
Event: 12.637 GC heap before
{Heap before GC invocations=7 (full 1):
 PSYoungGen      total 74240K, used 4281K [0x00000000eb180000, 0x00000000f0280000, 0x0000000100000000)
  eden space 65536K, 0% used [0x00000000eb180000,0x00000000eb180000,0x00000000ef180000)
  from space 8704K, 49% used [0x00000000efa00000,0x00000000efe2e578,0x00000000f0280000)
  to   space 8704K, 0% used [0x00000000ef180000,0x00000000ef180000,0x00000000efa00000)
 ParOldGen       total 44032K, used 13662K [0x00000000c1400000, 0x00000000c3f00000, 0x00000000eb180000)
  object space 44032K, 31% used [0x00000000c1400000,0x00000000c2157968,0x00000000c3f00000)
 Metaspace       used 20959K, capacity 21186K, committed 21296K, reserved 1069056K
  class space    used 2567K, capacity 2638K, committed 2688K, reserved 1048576K
Event: 12.679 GC heap after
Heap after GC invocations=7 (full 1):
 PSYoungGen      total 74240K, used 0K [0x00000000eb180000, 0x00000000f0280000, 0x0000000100000000)
  eden space 65536K, 0% used [0x00000000eb180000,0x00000000eb180000,0x00000000ef180000)
  from space 8704K, 0% used [0x00000000efa00000,0x00000000efa00000,0x00000000f0280000)
  to   space 8704K, 0% used [0x00000000ef180000,0x00000000ef180000,0x00000000efa00000)
 ParOldGen       total 33792K, used 9582K [0x00000000c1400000, 0x00000000c3500000, 0x00000000eb180000)
  object space 33792K, 28% used [0x00000000c1400000,0x00000000c1d5b9d8,0x00000000c3500000)
 Metaspace       used 20959K, capacity 21186K, committed 21296K, reserved 1069056K
  class space    used 2567K, capacity 2638K, committed 2688K, reserved 1048576K
}
Event: 15.646 GC heap before
{Heap before GC invocations=8 (full 1):
 PSYoungGen      total 74240K, used 65536K [0x00000000eb180000, 0x00000000f0280000, 0x0000000100000000)
  eden space 65536K, 100% used [0x00000000eb180000,0x00000000ef180000,0x00000000ef180000)
  from space 8704K, 0% used [0x00000000efa00000,0x00000000efa00000,0x00000000f0280000)
  to   space 8704K, 0% used [0x00000000ef180000,0x00000000ef180000,0x00000000efa00000)
 ParOldGen       total 33792K, used 9582K [0x00000000c1400000, 0x00000000c3500000, 0x00000000eb180000)
  object space 33792K, 28% used [0x00000000c1400000,0x00000000c1d5b9d8,0x00000000c3500000)
 Metaspace       used 24570K, capacity 24902K, committed 25216K, reserved 1071104K
  class space    used 3070K, capacity 3152K, committed 3200K, reserved 1048576K
Event: 15.660 GC heap after
Heap after GC invocations=8 (full 1):
 PSYoungGen      total 74240K, used 4538K [0x00000000eb180000, 0x00000000f3b80000, 0x0000000100000000)
  eden space 65536K, 0% used [0x00000000eb180000,0x00000000eb180000,0x00000000ef180000)
  from space 8704K, 52% used [0x00000000ef180000,0x00000000ef5eebc0,0x00000000efa00000)
  to   space 8192K, 0% used [0x00000000f3380000,0x00000000f3380000,0x00000000f3b80000)
 ParOldGen       total 33792K, used 9590K [0x00000000c1400000, 0x00000000c3500000, 0x00000000eb180000)
  object space 33792K, 28% used [0x00000000c1400000,0x00000000c1d5d9d8,0x00000000c3500000)
 Metaspace       used 24570K, capacity 24902K, committed 25216K, reserved 1071104K
  class space    used 3070K, capacity 3152K, committed 3200K, reserved 1048576K
}
Event: 16.004 GC heap before
{Heap before GC invocations=9 (full 1):
 PSYoungGen      total 74240K, used 70074K [0x00000000eb180000, 0x00000000f3b80000, 0x0000000100000000)
  eden space 65536K, 100% used [0x00000000eb180000,0x00000000ef180000,0x00000000ef180000)
  from space 8704K, 52% used [0x00000000ef180000,0x00000000ef5eebc0,0x00000000efa00000)
  to   space 8192K, 0% used [0x00000000f3380000,0x00000000f3380000,0x00000000f3b80000)
 ParOldGen       total 33792K, used 9590K [0x00000000c1400000, 0x00000000c3500000, 0x00000000eb180000)
  object space 33792K, 28% used [0x00000000c1400000,0x00000000c1d5d9d8,0x00000000c3500000)
 Metaspace       used 25086K, capacity 25426K, committed 25600K, reserved 1071104K
  class space    used 3118K, capacity 3218K, committed 3328K, reserved 1048576K
Event: 16.017 GC heap after
Heap after GC invocations=9 (full 1):
 PSYoungGen      total 133120K, used 4260K [0x00000000eb180000, 0x00000000f3b80000, 0x0000000100000000)
  eden space 124928K, 0% used [0x00000000eb180000,0x00000000eb180000,0x00000000f2b80000)
  from space 8192K, 52% used [0x00000000f3380000,0x00000000f37a90b0,0x00000000f3b80000)
  to   space 8192K, 0% used [0x00000000f2b80000,0x00000000f2b80000,0x00000000f3380000)
 ParOldGen       total 33792K, used 9598K [0x00000000c1400000, 0x00000000c3500000, 0x00000000eb180000)
  object space 33792K, 28% used [0x00000000c1400000,0x00000000c1d5f9d8,0x00000000c3500000)
 Metaspace       used 25086K, capacity 25426K, committed 25600K, reserved 1071104K
  class space    used 3118K, capacity 3218K, committed 3328K, reserved 1048576K
}
Event: 17.658 GC heap before
{Heap before GC invocations=10 (full 1):
 PSYoungGen      total 133120K, used 129188K [0x00000000eb180000, 0x00000000f3b80000, 0x0000000100000000)
  eden space 124928K, 100% used [0x00000000eb180000,0x00000000f2b80000,0x00000000f2b80000)
  from space 8192K, 52% used [0x00000000f3380000,0x00000000f37a90b0,0x00000000f3b80000)
  to   space 8192K, 0% used [0x00000000f2b80000,0x00000000f2b80000,0x00000000f3380000)
 ParOldGen       total 33792K, used 9598K [0x00000000c1400000, 0x00000000c3500000, 0x00000000eb180000)
  object space 33792K, 28% used [0x00000000c1400000,0x00000000c1d5f9d8,0x00000000c3500000)
 Metaspace       used 28996K, capacity 29368K, committed 29568K, reserved 1075200K
  class space    used 3592K, capacity 3683K, committed 3712K, reserved 1048576K
Event: 17.680 GC heap after
Heap after GC invocations=10 (full 1):
 PSYoungGen      total 133120K, used 8166K [0x00000000eb180000, 0x00000000f8000000, 0x0000000100000000)
  eden space 124928K, 0% used [0x00000000eb180000,0x00000000eb180000,0x00000000f2b80000)
  from space 8192K, 99% used [0x00000000f2b80000,0x00000000f3379b60,0x00000000f3380000)
  to   space 9728K, 0% used [0x00000000f7680000,0x00000000f7680000,0x00000000f8000000)
 ParOldGen       total 33792K, used 11545K [0x00000000c1400000, 0x00000000c3500000, 0x00000000eb180000)
  object space 33792K, 34% used [0x00000000c1400000,0x00000000c1f46490,0x00000000c3500000)
 Metaspace       used 28996K, capacity 29368K, committed 29568K, reserved 1075200K
  class space    used 3592K, capacity 3683K, committed 3712K, reserved 1048576K
}

