# JRE version: Java(TM) SE Runtime Environment (8.0_91-b15) (build 1.8.0_91-b15)
# Java VM: Java HotSpot(TM) 64-Bit Server VM (25.91-b15 mixed mode windows-amd64 compressed oops)
Heap:
 PSYoungGen      total 282624K, used 199771K [0x00000000eb180000, 0x00000000fd780000, 0x0000000100000000)
  eden space 272896K, 69% used [0x00000000eb180000,0x00000000f6b2e520,0x00000000fbc00000)
  from space 9728K, 99% used [0x00000000fce00000,0x00000000fd7689f8,0x00000000fd780000)
  to   space 13312K, 0% used [0x00000000fbd80000,0x00000000fbd80000,0x00000000fca80000)
 ParOldGen       total 55808K, used 25328K [0x00000000c1400000, 0x00000000c4a80000, 0x00000000eb180000)
  object space 55808K, 45% used [0x00000000c1400000,0x00000000c2cbc0c0,0x00000000c4a80000)
 Metaspace       used 44663K, capacity 45174K, committed 45392K, reserved 1089536K
  class space    used 5832K, capacity 5979K, committed 6016K, reserved 1048576K
GC Heap History (10 events):
Event: 8.950 GC heap before
{Heap before GC invocations=10 (full 1):
 PSYoungGen      total 128512K, used 128397K [0x00000000eb180000, 0x00000000f3e80000, 0x0000000100000000)
  eden space 123904K, 100% used [0x00000000eb180000,0x00000000f2a80000,0x00000000f2a80000)
  from space 4608K, 97% used [0x00000000f3a00000,0x00000000f3e63588,0x00000000f3e80000)
  to   space 8704K, 0% used [0x00000000f2d80000,0x00000000f2d80000,0x00000000f3600000)
 ParOldGen       total 32768K, used 8675K [0x00000000c1400000, 0x00000000c3400000, 0x00000000eb180000)
  object space 32768K, 26% used [0x00000000c1400000,0x00000000c1c78d00,0x00000000c3400000)
 Metaspace       used 25837K, capacity 26206K, committed 26368K, reserved 1073152K
  class space    used 3233K, capacity 3322K, committed 3328K, reserved 1048576K
Event: 9.073 GC heap after
Heap after GC invocations=10 (full 1):
 PSYoungGen      total 135680K, used 7010K [0x00000000eb180000, 0x00000000f7c80000, 0x0000000100000000)
  eden space 126976K, 0% used [0x00000000eb180000,0x00000000eb180000,0x00000000f2d80000)
  from space 8704K, 80% used [0x00000000f2d80000,0x00000000f3458be8,0x00000000f3600000)
  to   space 9216K, 0% used [0x00000000f7380000,0x00000000f7380000,0x00000000f7c80000)
 ParOldGen       total 32768K, used 8675K [0x00000000c1400000, 0x00000000c3400000, 0x00000000eb180000)
  object space 32768K, 26% used [0x00000000c1400000,0x00000000c1c78d00,0x00000000c3400000)
 Metaspace       used 25837K, capacity 26206K, committed 26368K, reserved 1073152K
  class space    used 3233K, capacity 3322K, committed 3328K, reserved 1048576K
}
Event: 12.870 GC heap before
{Heap before GC invocations=11 (full 1):
 PSYoungGen      total 135680K, used 133986K [0x00000000eb180000, 0x00000000f7c80000, 0x0000000100000000)
  eden space 126976K, 100% used [0x00000000eb180000,0x00000000f2d80000,0x00000000f2d80000)
  from space 8704K, 80% used [0x00000000f2d80000,0x00000000f3458be8,0x00000000f3600000)
  to   space 9216K, 0% used [0x00000000f7380000,0x00000000f7380000,0x00000000f7c80000)
 ParOldGen       total 32768K, used 8675K [0x00000000c1400000, 0x00000000c3400000, 0x00000000eb180000)
  object space 32768K, 26% used [0x00000000c1400000,0x00000000c1c78d00,0x00000000c3400000)
 Metaspace       used 31324K, capacity 31706K, committed 32000K, reserved 1077248K
  class space    used 3881K, capacity 3972K, committed 4096K, reserved 1048576K
Event: 12.931 GC heap after
Heap after GC invocations=11 (full 1):
 PSYoungGen      total 196096K, used 9212K [0x00000000eb180000, 0x00000000f8400000, 0x0000000100000000)
  eden space 186880K, 0% used [0x00000000eb180000,0x00000000eb180000,0x00000000f6800000)
  from space 9216K, 99% used [0x00000000f7380000,0x00000000f7c7f398,0x00000000f7c80000)
  to   space 11776K, 0% used [0x00000000f6800000,0x00000000f6800000,0x00000000f7380000)
 ParOldGen       total 32768K, used 12538K [0x00000000c1400000, 0x00000000c3400000, 0x00000000eb180000)
  object space 32768K, 38% used [0x00000000c1400000,0x00000000c203ebd8,0x00000000c3400000)
 Metaspace       used 31324K, capacity 31706K, committed 32000K, reserved 1077248K
  class space    used 3881K, capacity 3972K, committed 4096K, reserved 1048576K
}
Event: 15.079 GC heap before
{Heap before GC invocations=12 (full 1):
 PSYoungGen      total 196096K, used 150409K [0x00000000eb180000, 0x00000000f8400000, 0x0000000100000000)
  eden space 186880K, 75% used [0x00000000eb180000,0x00000000f3b63228,0x00000000f6800000)
  from space 9216K, 99% used [0x00000000f7380000,0x00000000f7c7f398,0x00000000f7c80000)
  to   space 11776K, 0% used [0x00000000f6800000,0x00000000f6800000,0x00000000f7380000)
 ParOldGen       total 32768K, used 12538K [0x00000000c1400000, 0x00000000c3400000, 0x00000000eb180000)
  object space 32768K, 38% used [0x00000000c1400000,0x00000000c203ebd8,0x00000000c3400000)
 Metaspace       used 35386K, capacity 35732K, committed 36048K, reserved 1081344K
  class space    used 4495K, capacity 4595K, committed 4608K, reserved 1048576K
Event: 15.136 GC heap after
Heap after GC invocations=12 (full 1):
 PSYoungGen      total 198656K, used 9153K [0x00000000eb180000, 0x00000000fda00000, 0x0000000100000000)
  eden space 186880K, 0% used [0x00000000eb180000,0x00000000eb180000,0x00000000f6800000)
  from space 11776K, 77% used [0x00000000f6800000,0x00000000f70f0678,0x00000000f7380000)
  to   space 12288K, 0% used [0x00000000fce00000,0x00000000fce00000,0x00000000fda00000)
 ParOldGen       total 32768K, used 19656K [0x00000000c1400000, 0x00000000c3400000, 0x00000000eb180000)
  object space 32768K, 59% used [0x00000000c1400000,0x00000000c2732068,0x00000000c3400000)
 Metaspace       used 35386K, capacity 35732K, committed 36048K, reserved 1081344K
  class space    used 4495K, capacity 4595K, committed 4608K, reserved 1048576K
}
Event: 15.136 GC heap before
{Heap before GC invocations=13 (full 2):
 PSYoungGen      total 198656K, used 9153K [0x00000000eb180000, 0x00000000fda00000, 0x0000000100000000)
  eden space 186880K, 0% used [0x00000000eb180000,0x00000000eb180000,0x00000000f6800000)
  from space 11776K, 77% used [0x00000000f6800000,0x00000000f70f0678,0x00000000f7380000)
  to   space 12288K, 0% used [0x00000000fce00000,0x00000000fce00000,0x00000000fda00000)
 ParOldGen       total 32768K, used 19656K [0x00000000c1400000, 0x00000000c3400000, 0x00000000eb180000)
  object space 32768K, 59% used [0x00000000c1400000,0x00000000c2732068,0x00000000c3400000)
 Metaspace       used 35386K, capacity 35732K, committed 36048K, reserved 1081344K
  class space    used 4495K, capacity 4595K, committed 4608K, reserved 1048576K
Event: 15.513 GC heap after
Heap after GC invocations=13 (full 2):
 PSYoungGen      total 198656K, used 0K [0x00000000eb180000, 0x00000000fda00000, 0x0000000100000000)
  eden space 186880K, 0% used [0x00000000eb180000,0x00000000eb180000,0x00000000f6800000)
  from space 11776K, 0% used [0x00000000f6800000,0x00000000f6800000,0x00000000f7380000)
  to   space 12288K, 0% used [0x00000000fce00000,0x00000000fce00000,0x00000000fda00000)
 ParOldGen       total 55808K, used 25328K [0x00000000c1400000, 0x00000000c4a80000, 0x00000000eb180000)
  object space 55808K, 45% used [0x00000000c1400000,0x00000000c2cbc0c0,0x00000000c4a80000)
 Metaspace       used 35386K, capacity 35732K, committed 36048K, reserved 1081344K
  class space    used 4495K, capacity 4595K, committed 4608K, reserved 1048576K
}
Event: 29.091 GC heap before
{Heap before GC invocations=14 (full 2):
 PSYoungGen      total 198656K, used 186880K [0x00000000eb180000, 0x00000000fda00000, 0x0000000100000000)
  eden space 186880K, 100% used [0x00000000eb180000,0x00000000f6800000,0x00000000f6800000)
  from space 11776K, 0% used [0x00000000f6800000,0x00000000f6800000,0x00000000f7380000)
  to   space 12288K, 0% used [0x00000000fce00000,0x00000000fce00000,0x00000000fda00000)
 ParOldGen       total 55808K, used 25328K [0x00000000c1400000, 0x00000000c4a80000, 0x00000000eb180000)
  object space 55808K, 45% used [0x00000000c1400000,0x00000000c2cbc0c0,0x00000000c4a80000)
 Metaspace       used 42402K, capacity 42872K, committed 43088K, reserved 1087488K
  class space    used 5532K, capacity 5686K, committed 5760K, reserved 1048576K
Event: 30.761 GC heap after
Heap after GC invocations=14 (full 2):
 PSYoungGen      total 282624K, used 9634K [0x00000000eb180000, 0x00000000fd780000, 0x0000000100000000)
  eden space 272896K, 0% used [0x00000000eb180000,0x00000000eb180000,0x00000000fbc00000)
  from space 9728K, 99% used [0x00000000fce00000,0x00000000fd7689f8,0x00000000fd780000)
  to   space 13312K, 0% used [0x00000000fbd80000,0x00000000fbd80000,0x00000000fca80000)
 ParOldGen       total 55808K, used 25328K [0x00000000c1400000, 0x00000000c4a80000, 0x00000000eb180000)
  object space 55808K, 45% used [0x00000000c1400000,0x00000000c2cbc0c0,0x00000000c4a80000)
 Metaspace       used 42402K, capacity 42872K, committed 43088K, reserved 1087488K
  class space    used 5532K, capacity 5686K, committed 5760K, reserved 1048576K
}

