# JRE version: Java(TM) SE Runtime Environment (8.0_91-b15) (build 1.8.0_91-b15)
# Java VM: Java HotSpot(TM) 64-Bit Server VM (25.91-b15 mixed mode windows-amd64 compressed oops)
Heap:
 PSYoungGen      total 192000K, used 126296K [0x00000000eb180000, 0x00000000f7e80000, 0x0000000100000000)
  eden space 182272K, 63% used [0x00000000eb180000,0x00000000f2359100,0x00000000f6380000)
  from space 9728K, 99% used [0x00000000f7000000,0x00000000f797d218,0x00000000f7980000)
  to   space 12800K, 0% used [0x00000000f6380000,0x00000000f6380000,0x00000000f7000000)
 ParOldGen       total 52224K, used 23528K [0x00000000c1400000, 0x00000000c4700000, 0x00000000eb180000)
  object space 52224K, 45% used [0x00000000c1400000,0x00000000c2afa0a0,0x00000000c4700000)
 Metaspace       used 45660K, capacity 46146K, committed 46592K, reserved 1089536K
  class space    used 5921K, capacity 6071K, committed 6144K, reserved 1048576K
GC Heap History (10 events):
Event: 12.629 GC heap before
{Heap before GC invocations=10 (full 1):
 PSYoungGen      total 129536K, used 125636K [0x00000000eb180000, 0x00000000f3900000, 0x0000000100000000)
  eden space 121344K, 100% used [0x00000000eb180000,0x00000000f2800000,0x00000000f2800000)
  from space 8192K, 52% used [0x00000000f3000000,0x00000000f34310b0,0x00000000f3800000)
  to   space 8192K, 0% used [0x00000000f2800000,0x00000000f2800000,0x00000000f3000000)
 ParOldGen       total 33792K, used 9084K [0x00000000c1400000, 0x00000000c3500000, 0x00000000eb180000)
  object space 33792K, 26% used [0x00000000c1400000,0x00000000c1cdf338,0x00000000c3500000)
 Metaspace       used 28592K, capacity 28984K, committed 29312K, reserved 1075200K
  class space    used 3546K, capacity 3619K, committed 3712K, reserved 1048576K
Event: 12.720 GC heap after
Heap after GC invocations=10 (full 1):
 PSYoungGen      total 129536K, used 8176K [0x00000000eb180000, 0x00000000f7980000, 0x0000000100000000)
  eden space 121344K, 0% used [0x00000000eb180000,0x00000000eb180000,0x00000000f2800000)
  from space 8192K, 99% used [0x00000000f2800000,0x00000000f2ffc248,0x00000000f3000000)
  to   space 9728K, 0% used [0x00000000f7000000,0x00000000f7000000,0x00000000f7980000)
 ParOldGen       total 33792K, used 10673K [0x00000000c1400000, 0x00000000c3500000, 0x00000000eb180000)
  object space 33792K, 31% used [0x00000000c1400000,0x00000000c1e6c5f8,0x00000000c3500000)
 Metaspace       used 28592K, capacity 28984K, committed 29312K, reserved 1075200K
  class space    used 3546K, capacity 3619K, committed 3712K, reserved 1048576K
}
Event: 20.605 GC heap before
{Heap before GC invocations=11 (full 1):
 PSYoungGen      total 129536K, used 129520K [0x00000000eb180000, 0x00000000f7980000, 0x0000000100000000)
  eden space 121344K, 100% used [0x00000000eb180000,0x00000000f2800000,0x00000000f2800000)
  from space 8192K, 99% used [0x00000000f2800000,0x00000000f2ffc248,0x00000000f3000000)
  to   space 9728K, 0% used [0x00000000f7000000,0x00000000f7000000,0x00000000f7980000)
 ParOldGen       total 33792K, used 10673K [0x00000000c1400000, 0x00000000c3500000, 0x00000000eb180000)
  object space 33792K, 31% used [0x00000000c1400000,0x00000000c1e6c5f8,0x00000000c3500000)
 Metaspace       used 32389K, capacity 32808K, committed 33280K, reserved 1079296K
  class space    used 3988K, capacity 4075K, committed 4096K, reserved 1048576K
Event: 20.822 GC heap after
Heap after GC invocations=11 (full 1):
 PSYoungGen      total 192000K, used 9719K [0x00000000eb180000, 0x00000000f7e80000, 0x0000000100000000)
  eden space 182272K, 0% used [0x00000000eb180000,0x00000000eb180000,0x00000000f6380000)
  from space 9728K, 99% used [0x00000000f7000000,0x00000000f797dc08,0x00000000f7980000)
  to   space 12800K, 0% used [0x00000000f6380000,0x00000000f6380000,0x00000000f7000000)
 ParOldGen       total 33792K, used 16233K [0x00000000c1400000, 0x00000000c3500000, 0x00000000eb180000)
  object space 33792K, 48% used [0x00000000c1400000,0x00000000c23da700,0x00000000c3500000)
 Metaspace       used 32389K, capacity 32808K, committed 33280K, reserved 1079296K
  class space    used 3988K, capacity 4075K, committed 4096K, reserved 1048576K
}
Event: 22.225 GC heap before
{Heap before GC invocations=12 (full 1):
 PSYoungGen      total 192000K, used 72429K [0x00000000eb180000, 0x00000000f7e80000, 0x0000000100000000)
  eden space 182272K, 34% used [0x00000000eb180000,0x00000000eeebd828,0x00000000f6380000)
  from space 9728K, 99% used [0x00000000f7000000,0x00000000f797dc08,0x00000000f7980000)
  to   space 12800K, 0% used [0x00000000f6380000,0x00000000f6380000,0x00000000f7000000)
 ParOldGen       total 33792K, used 16233K [0x00000000c1400000, 0x00000000c3500000, 0x00000000eb180000)
  object space 33792K, 48% used [0x00000000c1400000,0x00000000c23da700,0x00000000c3500000)
 Metaspace       used 34861K, capacity 35182K, committed 35456K, reserved 1081344K
  class space    used 4359K, capacity 4460K, committed 4480K, reserved 1048576K
Event: 22.347 GC heap after
Heap after GC invocations=12 (full 1):
 PSYoungGen      total 195072K, used 3780K [0x00000000eb180000, 0x00000000f7e80000, 0x0000000100000000)
  eden space 182272K, 0% used [0x00000000eb180000,0x00000000eb180000,0x00000000f6380000)
  from space 12800K, 29% used [0x00000000f6380000,0x00000000f6731288,0x00000000f7000000)
  to   space 9728K, 0% used [0x00000000f7000000,0x00000000f7000000,0x00000000f7980000)
 ParOldGen       total 33792K, used 23496K [0x00000000c1400000, 0x00000000c3500000, 0x00000000eb180000)
  object space 33792K, 69% used [0x00000000c1400000,0x00000000c2af2128,0x00000000c3500000)
 Metaspace       used 34861K, capacity 35182K, committed 35456K, reserved 1081344K
  class space    used 4359K, capacity 4460K, committed 4480K, reserved 1048576K
}
Event: 22.347 GC heap before
{Heap before GC invocations=13 (full 2):
 PSYoungGen      total 195072K, used 3780K [0x00000000eb180000, 0x00000000f7e80000, 0x0000000100000000)
  eden space 182272K, 0% used [0x00000000eb180000,0x00000000eb180000,0x00000000f6380000)
  from space 12800K, 29% used [0x00000000f6380000,0x00000000f6731288,0x00000000f7000000)
  to   space 9728K, 0% used [0x00000000f7000000,0x00000000f7000000,0x00000000f7980000)
 ParOldGen       total 33792K, used 23496K [0x00000000c1400000, 0x00000000c3500000, 0x00000000eb180000)
  object space 33792K, 69% used [0x00000000c1400000,0x00000000c2af2128,0x00000000c3500000)
 Metaspace       used 34861K, capacity 35182K, committed 35456K, reserved 1081344K
  class space    used 4359K, capacity 4460K, committed 4480K, reserved 1048576K
Event: 22.583 GC heap after
Heap after GC invocations=13 (full 2):
 PSYoungGen      total 195072K, used 0K [0x00000000eb180000, 0x00000000f7e80000, 0x0000000100000000)
  eden space 182272K, 0% used [0x00000000eb180000,0x00000000eb180000,0x00000000f6380000)
  from space 12800K, 0% used [0x00000000f6380000,0x00000000f6380000,0x00000000f7000000)
  to   space 9728K, 0% used [0x00000000f7000000,0x00000000f7000000,0x00000000f7980000)
 ParOldGen       total 52224K, used 22011K [0x00000000c1400000, 0x00000000c4700000, 0x00000000eb180000)
  object space 52224K, 42% used [0x00000000c1400000,0x00000000c297edd0,0x00000000c4700000)
 Metaspace       used 34861K, capacity 35182K, committed 35456K, reserved 1081344K
  class space    used 4359K, capacity 4460K, committed 4480K, reserved 1048576K
}
Event: 28.144 GC heap before
{Heap before GC invocations=14 (full 2):
 PSYoungGen      total 195072K, used 182272K [0x00000000eb180000, 0x00000000f7e80000, 0x0000000100000000)
  eden space 182272K, 100% used [0x00000000eb180000,0x00000000f6380000,0x00000000f6380000)
  from space 12800K, 0% used [0x00000000f6380000,0x00000000f6380000,0x00000000f7000000)
  to   space 9728K, 0% used [0x00000000f7000000,0x00000000f7000000,0x00000000f7980000)
 ParOldGen       total 52224K, used 22011K [0x00000000c1400000, 0x00000000c4700000, 0x00000000eb180000)
  object space 52224K, 42% used [0x00000000c1400000,0x00000000c297edd0,0x00000000c4700000)
 Metaspace       used 43622K, capacity 44124K, committed 44544K, reserved 1087488K
  class space    used 5649K, capacity 5782K, committed 5888K, reserved 1048576K
Event: 28.187 GC heap after
Heap after GC invocations=14 (full 2):
 PSYoungGen      total 192000K, used 9716K [0x00000000eb180000, 0x00000000f7e80000, 0x0000000100000000)
  eden space 182272K, 0% used [0x00000000eb180000,0x00000000eb180000,0x00000000f6380000)
  from space 9728K, 99% used [0x00000000f7000000,0x00000000f797d218,0x00000000f7980000)
  to   space 12800K, 0% used [0x00000000f6380000,0x00000000f6380000,0x00000000f7000000)
 ParOldGen       total 52224K, used 23528K [0x00000000c1400000, 0x00000000c4700000, 0x00000000eb180000)
  object space 52224K, 45% used [0x00000000c1400000,0x00000000c2afa0a0,0x00000000c4700000)
 Metaspace       used 43622K, capacity 44124K, committed 44544K, reserved 1087488K
  class space    used 5649K, capacity 5782K, committed 5888K, reserved 1048576K
}

