# JRE version: Java(TM) SE Runtime Environment (8.0_91-b15) (build 1.8.0_91-b15)
# Java VM: Java HotSpot(TM) 64-Bit Server VM (25.91-b15 mixed mode windows-amd64 compressed oops)
Heap:
 PSYoungGen      total 206848K, used 4078K [0x00000000eb180000, 0x00000000f8c00000, 0x0000000100000000)
  eden space 195072K, 2% used [0x00000000eb180000,0x00000000eb57b888,0x00000000f7000000)
  from space 11776K, 0% used [0x00000000f7000000,0x00000000f7000000,0x00000000f7b80000)
  to   space 9216K, 0% used [0x00000000f7b80000,0x00000000f7b80000,0x00000000f8480000)
 ParOldGen       total 35840K, used 25156K [0x00000000c1400000, 0x00000000c3700000, 0x00000000eb180000)
  object space 35840K, 70% used [0x00000000c1400000,0x00000000c2c911e0,0x00000000c3700000)
 Metaspace       used 35957K, capacity 36276K, committed 36688K, reserved 1081344K
  class space    used 4600K, capacity 4691K, committed 4812K, reserved 1048576K
GC Heap History (10 events):
Event: 17.880 GC heap before
{Heap before GC invocations=9 (full 1):
 PSYoungGen      total 74240K, used 65536K [0x00000000eb180000, 0x00000000f4280000, 0x0000000100000000)
  eden space 65536K, 100% used [0x00000000eb180000,0x00000000ef180000,0x00000000ef180000)
  from space 8704K, 0% used [0x00000000ef180000,0x00000000ef180000,0x00000000efa00000)
  to   space 8704K, 0% used [0x00000000f3a00000,0x00000000f3a00000,0x00000000f4280000)
 ParOldGen       total 35840K, used 11541K [0x00000000c1400000, 0x00000000c3700000, 0x00000000eb180000)
  object space 35840K, 32% used [0x00000000c1400000,0x00000000c1f455d8,0x00000000c3700000)
 Metaspace       used 24477K, capacity 24776K, committed 25036K, reserved 1071104K
  class space    used 3079K, capacity 3153K, committed 3276K, reserved 1048576K
Event: 18.067 GC heap after
Heap after GC invocations=9 (full 1):
 PSYoungGen      total 131584K, used 5406K [0x00000000eb180000, 0x00000000f3f80000, 0x0000000100000000)
  eden space 125952K, 0% used [0x00000000eb180000,0x00000000eb180000,0x00000000f2c80000)
  from space 5632K, 95% used [0x00000000f3a00000,0x00000000f3f47930,0x00000000f3f80000)
  to   space 8704K, 0% used [0x00000000f2e80000,0x00000000f2e80000,0x00000000f3700000)
 ParOldGen       total 35840K, used 11549K [0x00000000c1400000, 0x00000000c3700000, 0x00000000eb180000)
  object space 35840K, 32% used [0x00000000c1400000,0x00000000c1f475d8,0x00000000c3700000)
 Metaspace       used 24477K, capacity 24776K, committed 25036K, reserved 1071104K
  class space    used 3079K, capacity 3153K, committed 3276K, reserved 1048576K
}
Event: 19.741 GC heap before
{Heap before GC invocations=10 (full 1):
 PSYoungGen      total 131584K, used 131358K [0x00000000eb180000, 0x00000000f3f80000, 0x0000000100000000)
  eden space 125952K, 100% used [0x00000000eb180000,0x00000000f2c80000,0x00000000f2c80000)
  from space 5632K, 95% used [0x00000000f3a00000,0x00000000f3f47930,0x00000000f3f80000)
  to   space 8704K, 0% used [0x00000000f2e80000,0x00000000f2e80000,0x00000000f3700000)
 ParOldGen       total 35840K, used 11549K [0x00000000c1400000, 0x00000000c3700000, 0x00000000eb180000)
  object space 35840K, 32% used [0x00000000c1400000,0x00000000c1f475d8,0x00000000c3700000)
 Metaspace       used 26388K, capacity 26724K, committed 26956K, reserved 1073152K
  class space    used 3312K, capacity 3387K, committed 3404K, reserved 1048576K
Event: 20.130 GC heap after
Heap after GC invocations=10 (full 1):
 PSYoungGen      total 136704K, used 7298K [0x00000000eb180000, 0x00000000f8480000, 0x0000000100000000)
  eden space 128000K, 0% used [0x00000000eb180000,0x00000000eb180000,0x00000000f2e80000)
  from space 8704K, 83% used [0x00000000f2e80000,0x00000000f35a0858,0x00000000f3700000)
  to   space 9216K, 0% used [0x00000000f7b80000,0x00000000f7b80000,0x00000000f8480000)
 ParOldGen       total 35840K, used 11557K [0x00000000c1400000, 0x00000000c3700000, 0x00000000eb180000)
  object space 35840K, 32% used [0x00000000c1400000,0x00000000c1f495d8,0x00000000c3700000)
 Metaspace       used 26388K, capacity 26724K, committed 26956K, reserved 1073152K
  class space    used 3312K, capacity 3387K, committed 3404K, reserved 1048576K
}
Event: 24.179 GC heap before
{Heap before GC invocations=11 (full 1):
 PSYoungGen      total 136704K, used 135298K [0x00000000eb180000, 0x00000000f8480000, 0x0000000100000000)
  eden space 128000K, 100% used [0x00000000eb180000,0x00000000f2e80000,0x00000000f2e80000)
  from space 8704K, 83% used [0x00000000f2e80000,0x00000000f35a0858,0x00000000f3700000)
  to   space 9216K, 0% used [0x00000000f7b80000,0x00000000f7b80000,0x00000000f8480000)
 ParOldGen       total 35840K, used 11557K [0x00000000c1400000, 0x00000000c3700000, 0x00000000eb180000)
  object space 35840K, 32% used [0x00000000c1400000,0x00000000c1f495d8,0x00000000c3700000)
 Metaspace       used 31602K, capacity 31942K, committed 32204K, reserved 1077248K
  class space    used 3933K, capacity 4006K, committed 4044K, reserved 1048576K
Event: 24.465 GC heap after
Heap after GC invocations=11 (full 1):
 PSYoungGen      total 204288K, used 9209K [0x00000000eb180000, 0x00000000f8c00000, 0x0000000100000000)
  eden space 195072K, 0% used [0x00000000eb180000,0x00000000eb180000,0x00000000f7000000)
  from space 9216K, 99% used [0x00000000f7b80000,0x00000000f847e5b0,0x00000000f8480000)
  to   space 11776K, 0% used [0x00000000f7000000,0x00000000f7000000,0x00000000f7b80000)
 ParOldGen       total 35840K, used 15939K [0x00000000c1400000, 0x00000000c3700000, 0x00000000eb180000)
  object space 35840K, 44% used [0x00000000c1400000,0x00000000c2390f58,0x00000000c3700000)
 Metaspace       used 31602K, capacity 31942K, committed 32204K, reserved 1077248K
  class space    used 3933K, capacity 4006K, committed 4044K, reserved 1048576K
}
Event: 26.664 GC heap before
{Heap before GC invocations=12 (full 1):
 PSYoungGen      total 204288K, used 137053K [0x00000000eb180000, 0x00000000f8c00000, 0x0000000100000000)
  eden space 195072K, 65% used [0x00000000eb180000,0x00000000f2e58e60,0x00000000f7000000)
  from space 9216K, 99% used [0x00000000f7b80000,0x00000000f847e5b0,0x00000000f8480000)
  to   space 11776K, 0% used [0x00000000f7000000,0x00000000f7000000,0x00000000f7b80000)
 ParOldGen       total 35840K, used 15939K [0x00000000c1400000, 0x00000000c3700000, 0x00000000eb180000)
  object space 35840K, 44% used [0x00000000c1400000,0x00000000c2390f58,0x00000000c3700000)
 Metaspace       used 35423K, capacity 35764K, committed 36048K, reserved 1081344K
  class space    used 4501K, capacity 4627K, committed 4684K, reserved 1048576K
Event: 26.920 GC heap after
Heap after GC invocations=12 (full 1):
 PSYoungGen      total 206848K, used 8570K [0x00000000eb180000, 0x00000000f8c00000, 0x0000000100000000)
  eden space 195072K, 0% used [0x00000000eb180000,0x00000000eb180000,0x00000000f7000000)
  from space 11776K, 72% used [0x00000000f7000000,0x00000000f785e898,0x00000000f7b80000)
  to   space 9216K, 0% used [0x00000000f7b80000,0x00000000f7b80000,0x00000000f8480000)
 ParOldGen       total 35840K, used 22660K [0x00000000c1400000, 0x00000000c3700000, 0x00000000eb180000)
  object space 35840K, 63% used [0x00000000c1400000,0x00000000c2a213d8,0x00000000c3700000)
 Metaspace       used 35423K, capacity 35764K, committed 36048K, reserved 1081344K
  class space    used 4501K, capacity 4627K, committed 4684K, reserved 1048576K
}
Event: 26.920 GC heap before
{Heap before GC invocations=13 (full 2):
 PSYoungGen      total 206848K, used 8570K [0x00000000eb180000, 0x00000000f8c00000, 0x0000000100000000)
  eden space 195072K, 0% used [0x00000000eb180000,0x00000000eb180000,0x00000000f7000000)
  from space 11776K, 72% used [0x00000000f7000000,0x00000000f785e898,0x00000000f7b80000)
  to   space 9216K, 0% used [0x00000000f7b80000,0x00000000f7b80000,0x00000000f8480000)
 ParOldGen       total 35840K, used 22660K [0x00000000c1400000, 0x00000000c3700000, 0x00000000eb180000)
  object space 35840K, 63% used [0x00000000c1400000,0x00000000c2a213d8,0x00000000c3700000)
 Metaspace       used 35423K, capacity 35764K, committed 36048K, reserved 1081344K
  class space    used 4501K, capacity 4627K, committed 4684K, reserved 1048576K
Event: 28.118 GC heap after
Heap after GC invocations=13 (full 2):
 PSYoungGen      total 206848K, used 0K [0x00000000eb180000, 0x00000000f8c00000, 0x0000000100000000)
  eden space 195072K, 0% used [0x00000000eb180000,0x00000000eb180000,0x00000000f7000000)
  from space 11776K, 0% used [0x00000000f7000000,0x00000000f7000000,0x00000000f7b80000)
  to   space 9216K, 0% used [0x00000000f7b80000,0x00000000f7b80000,0x00000000f8480000)
 ParOldGen       total 35840K, used 25156K [0x00000000c1400000, 0x00000000c3700000, 0x00000000eb180000)
  object space 35840K, 70% used [0x00000000c1400000,0x00000000c2c911e0,0x00000000c3700000)
 Metaspace       used 35423K, capacity 35764K, committed 36048K, reserved 1081344K
  class space    used 4501K, capacity 4627K, committed 4684K, reserved 1048576K
}

