# JRE version: Java(TM) SE Runtime Environment (8.0_91-b15) (build 1.8.0_91-b15)
# Java VM: Java HotSpot(TM) 64-Bit Server VM (25.91-b15 mixed mode windows-amd64 compressed oops)
Heap:
 PSYoungGen      total 224256K, used 109453K [0x00000000eb180000, 0x00000000ff580000, 0x0000000100000000)
  eden space 211968K, 47% used [0x00000000eb180000,0x00000000f135fb78,0x00000000f8080000)
  from space 12288K, 75% used [0x00000000f8080000,0x00000000f8983a00,0x00000000f8c80000)
  to   space 12800K, 0% used [0x00000000fe900000,0x00000000fe900000,0x00000000ff580000)
 ParOldGen       total 60416K, used 27910K [0x00000000c1400000, 0x00000000c4f00000, 0x00000000eb180000)
  object space 60416K, 46% used [0x00000000c1400000,0x00000000c2f419a8,0x00000000c4f00000)
 Metaspace       used 46405K, capacity 47116K, committed 47232K, reserved 1089536K
  class space    used 6065K, capacity 6244K, committed 6272K, reserved 1048576K
GC Heap History (10 events):
Event: 15.029 GC heap before
{Heap before GC invocations=11 (full 1):
 PSYoungGen      total 114688K, used 114686K [0x00000000eb180000, 0x00000000f5980000, 0x0000000100000000)
  eden space 107008K, 100% used [0x00000000eb180000,0x00000000f1a00000,0x00000000f1a00000)
  from space 7680K, 99% used [0x00000000f1a00000,0x00000000f217f9c0,0x00000000f2180000)
  to   space 9216K, 0% used [0x00000000f5080000,0x00000000f5080000,0x00000000f5980000)
 ParOldGen       total 38400K, used 11985K [0x00000000c1400000, 0x00000000c3980000, 0x00000000eb180000)
  object space 38400K, 31% used [0x00000000c1400000,0x00000000c1fb4638,0x00000000c3980000)
 Metaspace       used 31957K, capacity 32332K, committed 32768K, reserved 1077248K
  class space    used 3971K, capacity 4071K, committed 4096K, reserved 1048576K
Event: 15.185 GC heap after
Heap after GC invocations=11 (full 1):
 PSYoungGen      total 159744K, used 9214K [0x00000000eb180000, 0x00000000f5f80000, 0x0000000100000000)
  eden space 150528K, 0% used [0x00000000eb180000,0x00000000eb180000,0x00000000f4480000)
  from space 9216K, 99% used [0x00000000f5080000,0x00000000f597f850,0x00000000f5980000)
  to   space 12288K, 0% used [0x00000000f4480000,0x00000000f4480000,0x00000000f5080000)
 ParOldGen       total 38400K, used 17445K [0x00000000c1400000, 0x00000000c3980000, 0x00000000eb180000)
  object space 38400K, 45% used [0x00000000c1400000,0x00000000c2509608,0x00000000c3980000)
 Metaspace       used 31957K, capacity 32332K, committed 32768K, reserved 1077248K
  class space    used 3971K, capacity 4071K, committed 4096K, reserved 1048576K
}
Event: 16.474 GC heap before
{Heap before GC invocations=12 (full 1):
 PSYoungGen      total 159744K, used 87101K [0x00000000eb180000, 0x00000000f5f80000, 0x0000000100000000)
  eden space 150528K, 51% used [0x00000000eb180000,0x00000000efd8fcc8,0x00000000f4480000)
  from space 9216K, 99% used [0x00000000f5080000,0x00000000f597f850,0x00000000f5980000)
  to   space 12288K, 0% used [0x00000000f4480000,0x00000000f4480000,0x00000000f5080000)
 ParOldGen       total 38400K, used 17445K [0x00000000c1400000, 0x00000000c3980000, 0x00000000eb180000)
  object space 38400K, 45% used [0x00000000c1400000,0x00000000c2509608,0x00000000c3980000)
 Metaspace       used 34883K, capacity 35178K, committed 35496K, reserved 1081344K
  class space    used 4425K, capacity 4524K, committed 4608K, reserved 1048576K
Event: 16.494 GC heap after
Heap after GC invocations=12 (full 1):
 PSYoungGen      total 162816K, used 5352K [0x00000000eb180000, 0x00000000f9800000, 0x0000000100000000)
  eden space 150528K, 0% used [0x00000000eb180000,0x00000000eb180000,0x00000000f4480000)
  from space 12288K, 43% used [0x00000000f4480000,0x00000000f49ba120,0x00000000f5080000)
  to   space 11776K, 0% used [0x00000000f8c80000,0x00000000f8c80000,0x00000000f9800000)
 ParOldGen       total 38400K, used 23947K [0x00000000c1400000, 0x00000000c3980000, 0x00000000eb180000)
  object space 38400K, 62% used [0x00000000c1400000,0x00000000c2b62d68,0x00000000c3980000)
 Metaspace       used 34883K, capacity 35178K, committed 35496K, reserved 1081344K
  class space    used 4425K, capacity 4524K, committed 4608K, reserved 1048576K
}
Event: 16.494 GC heap before
{Heap before GC invocations=13 (full 2):
 PSYoungGen      total 162816K, used 5352K [0x00000000eb180000, 0x00000000f9800000, 0x0000000100000000)
  eden space 150528K, 0% used [0x00000000eb180000,0x00000000eb180000,0x00000000f4480000)
  from space 12288K, 43% used [0x00000000f4480000,0x00000000f49ba120,0x00000000f5080000)
  to   space 11776K, 0% used [0x00000000f8c80000,0x00000000f8c80000,0x00000000f9800000)
 ParOldGen       total 38400K, used 23947K [0x00000000c1400000, 0x00000000c3980000, 0x00000000eb180000)
  object space 38400K, 62% used [0x00000000c1400000,0x00000000c2b62d68,0x00000000c3980000)
 Metaspace       used 34883K, capacity 35178K, committed 35496K, reserved 1081344K
  class space    used 4425K, capacity 4524K, committed 4608K, reserved 1048576K
Event: 16.676 GC heap after
Heap after GC invocations=13 (full 2):
 PSYoungGen      total 162816K, used 0K [0x00000000eb180000, 0x00000000f9800000, 0x0000000100000000)
  eden space 150528K, 0% used [0x00000000eb180000,0x00000000eb180000,0x00000000f4480000)
  from space 12288K, 0% used [0x00000000f4480000,0x00000000f4480000,0x00000000f5080000)
  to   space 11776K, 0% used [0x00000000f8c80000,0x00000000f8c80000,0x00000000f9800000)
 ParOldGen       total 60416K, used 22985K [0x00000000c1400000, 0x00000000c4f00000, 0x00000000eb180000)
  object space 60416K, 38% used [0x00000000c1400000,0x00000000c2a72478,0x00000000c4f00000)
 Metaspace       used 34883K, capacity 35178K, committed 35496K, reserved 1081344K
  class space    used 4425K, capacity 4524K, committed 4608K, reserved 1048576K
}
Event: 30.853 GC heap before
{Heap before GC invocations=14 (full 2):
 PSYoungGen      total 162816K, used 150528K [0x00000000eb180000, 0x00000000f9800000, 0x0000000100000000)
  eden space 150528K, 100% used [0x00000000eb180000,0x00000000f4480000,0x00000000f4480000)
  from space 12288K, 0% used [0x00000000f4480000,0x00000000f4480000,0x00000000f5080000)
  to   space 11776K, 0% used [0x00000000f8c80000,0x00000000f8c80000,0x00000000f9800000)
 ParOldGen       total 60416K, used 22985K [0x00000000c1400000, 0x00000000c4f00000, 0x00000000eb180000)
  object space 60416K, 38% used [0x00000000c1400000,0x00000000c2a72478,0x00000000c4f00000)
 Metaspace       used 42068K, capacity 42584K, committed 42880K, reserved 1087488K
  class space    used 5503K, capacity 5654K, committed 5760K, reserved 1048576K
Event: 32.140 GC heap after
Heap after GC invocations=14 (full 2):
 PSYoungGen      total 223744K, used 8892K [0x00000000eb180000, 0x00000000f9c80000, 0x0000000100000000)
  eden space 211968K, 0% used [0x00000000eb180000,0x00000000eb180000,0x00000000f8080000)
  from space 11776K, 75% used [0x00000000f8c80000,0x00000000f952f1e0,0x00000000f9800000)
  to   space 12288K, 0% used [0x00000000f8080000,0x00000000f8080000,0x00000000f8c80000)
 ParOldGen       total 60416K, used 22985K [0x00000000c1400000, 0x00000000c4f00000, 0x00000000eb180000)
  object space 60416K, 38% used [0x00000000c1400000,0x00000000c2a72478,0x00000000c4f00000)
 Metaspace       used 42068K, capacity 42584K, committed 42880K, reserved 1087488K
  class space    used 5503K, capacity 5654K, committed 5760K, reserved 1048576K
}
Event: 36.429 GC heap before
{Heap before GC invocations=15 (full 2):
 PSYoungGen      total 223744K, used 220860K [0x00000000eb180000, 0x00000000f9c80000, 0x0000000100000000)
  eden space 211968K, 100% used [0x00000000eb180000,0x00000000f8080000,0x00000000f8080000)
  from space 11776K, 75% used [0x00000000f8c80000,0x00000000f952f1e0,0x00000000f9800000)
  to   space 12288K, 0% used [0x00000000f8080000,0x00000000f8080000,0x00000000f8c80000)
 ParOldGen       total 60416K, used 22985K [0x00000000c1400000, 0x00000000c4f00000, 0x00000000eb180000)
  object space 60416K, 38% used [0x00000000c1400000,0x00000000c2a72478,0x00000000c4f00000)
 Metaspace       used 44959K, capacity 45620K, committed 45824K, reserved 1089536K
  class space    used 5872K, capacity 6048K, committed 6144K, reserved 1048576K
Event: 36.741 GC heap after
Heap after GC invocations=15 (full 2):
 PSYoungGen      total 224256K, used 9230K [0x00000000eb180000, 0x00000000ff580000, 0x0000000100000000)
  eden space 211968K, 0% used [0x00000000eb180000,0x00000000eb180000,0x00000000f8080000)
  from space 12288K, 75% used [0x00000000f8080000,0x00000000f8983a00,0x00000000f8c80000)
  to   space 12800K, 0% used [0x00000000fe900000,0x00000000fe900000,0x00000000ff580000)
 ParOldGen       total 60416K, used 27910K [0x00000000c1400000, 0x00000000c4f00000, 0x00000000eb180000)
  object space 60416K, 46% used [0x00000000c1400000,0x00000000c2f419a8,0x00000000c4f00000)
 Metaspace       used 44959K, capacity 45620K, committed 45824K, reserved 1089536K
  class space    used 5872K, capacity 6048K, committed 6144K, reserved 1048576K
}

