# JRE version: Java(TM) SE Runtime Environment (8.0_91-b15) (build 1.8.0_91-b15)
# Java VM: Java HotSpot(TM) 64-Bit Server VM (25.91-b15 mixed mode windows-amd64 compressed oops)
Heap:
 PSYoungGen      total 195072K, used 47637K [0x00000000eb180000, 0x00000000f8080000, 0x0000000100000000)
  eden space 185344K, 20% used [0x00000000eb180000,0x00000000ed686b58,0x00000000f6680000)
  from space 9728K, 99% used [0x00000000f7300000,0x00000000f7c7ea58,0x00000000f7c80000)
  to   space 12800K, 0% used [0x00000000f6680000,0x00000000f6680000,0x00000000f7300000)
 ParOldGen       total 33280K, used 16534K [0x00000000c1400000, 0x00000000c3480000, 0x00000000eb180000)
  object space 33280K, 49% used [0x00000000c1400000,0x00000000c2425b10,0x00000000c3480000)
 Metaspace       used 32789K, capacity 33134K, committed 33664K, reserved 1079296K
  class space    used 4047K, capacity 4140K, committed 4224K, reserved 1048576K
GC Heap History (10 events):
Event: 11.967 GC heap before
{Heap before GC invocations=7 (full 1):
 PSYoungGen      total 74240K, used 3751K [0x00000000eb180000, 0x00000000f0280000, 0x0000000100000000)
  eden space 65536K, 0% used [0x00000000eb180000,0x00000000eb180000,0x00000000ef180000)
  from space 8704K, 43% used [0x00000000efa00000,0x00000000efda9eb8,0x00000000f0280000)
  to   space 8704K, 0% used [0x00000000ef180000,0x00000000ef180000,0x00000000efa00000)
 ParOldGen       total 44032K, used 13749K [0x00000000c1400000, 0x00000000c3f00000, 0x00000000eb180000)
  object space 44032K, 31% used [0x00000000c1400000,0x00000000c216d4e8,0x00000000c3f00000)
 Metaspace       used 20904K, capacity 21148K, committed 21296K, reserved 1069056K
  class space    used 2561K, capacity 2633K, committed 2688K, reserved 1048576K
Event: 12.022 GC heap after
Heap after GC invocations=7 (full 1):
 PSYoungGen      total 74240K, used 0K [0x00000000eb180000, 0x00000000f0280000, 0x0000000100000000)
  eden space 65536K, 0% used [0x00000000eb180000,0x00000000eb180000,0x00000000ef180000)
  from space 8704K, 0% used [0x00000000efa00000,0x00000000efa00000,0x00000000f0280000)
  to   space 8704K, 0% used [0x00000000ef180000,0x00000000ef180000,0x00000000efa00000)
 ParOldGen       total 33280K, used 9096K [0x00000000c1400000, 0x00000000c3480000, 0x00000000eb180000)
  object space 33280K, 27% used [0x00000000c1400000,0x00000000c1ce2360,0x00000000c3480000)
 Metaspace       used 20904K, capacity 21148K, committed 21296K, reserved 1069056K
  class space    used 2561K, capacity 2633K, committed 2688K, reserved 1048576K
}
Event: 15.730 GC heap before
{Heap before GC invocations=8 (full 1):
 PSYoungGen      total 74240K, used 65536K [0x00000000eb180000, 0x00000000f0280000, 0x0000000100000000)
  eden space 65536K, 100% used [0x00000000eb180000,0x00000000ef180000,0x00000000ef180000)
  from space 8704K, 0% used [0x00000000efa00000,0x00000000efa00000,0x00000000f0280000)
  to   space 8704K, 0% used [0x00000000ef180000,0x00000000ef180000,0x00000000efa00000)
 ParOldGen       total 33280K, used 9096K [0x00000000c1400000, 0x00000000c3480000, 0x00000000eb180000)
  object space 33280K, 27% used [0x00000000c1400000,0x00000000c1ce2360,0x00000000c3480000)
 Metaspace       used 24532K, capacity 24838K, committed 25216K, reserved 1071104K
  class space    used 3074K, capacity 3152K, committed 3200K, reserved 1048576K
Event: 15.739 GC heap after
Heap after GC invocations=8 (full 1):
 PSYoungGen      total 74240K, used 4819K [0x00000000eb180000, 0x00000000f3980000, 0x0000000100000000)
  eden space 65536K, 0% used [0x00000000eb180000,0x00000000eb180000,0x00000000ef180000)
  from space 8704K, 55% used [0x00000000ef180000,0x00000000ef634c90,0x00000000efa00000)
  to   space 8192K, 0% used [0x00000000f3180000,0x00000000f3180000,0x00000000f3980000)
 ParOldGen       total 33280K, used 9096K [0x00000000c1400000, 0x00000000c3480000, 0x00000000eb180000)
  object space 33280K, 27% used [0x00000000c1400000,0x00000000c1ce2360,0x00000000c3480000)
 Metaspace       used 24532K, capacity 24838K, committed 25216K, reserved 1071104K
  class space    used 3074K, capacity 3152K, committed 3200K, reserved 1048576K
}
Event: 16.122 GC heap before
{Heap before GC invocations=9 (full 1):
 PSYoungGen      total 74240K, used 70355K [0x00000000eb180000, 0x00000000f3980000, 0x0000000100000000)
  eden space 65536K, 100% used [0x00000000eb180000,0x00000000ef180000,0x00000000ef180000)
  from space 8704K, 55% used [0x00000000ef180000,0x00000000ef634c90,0x00000000efa00000)
  to   space 8192K, 0% used [0x00000000f3180000,0x00000000f3180000,0x00000000f3980000)
 ParOldGen       total 33280K, used 9096K [0x00000000c1400000, 0x00000000c3480000, 0x00000000eb180000)
  object space 33280K, 27% used [0x00000000c1400000,0x00000000c1ce2360,0x00000000c3480000)
 Metaspace       used 25062K, capacity 25426K, committed 25856K, reserved 1071104K
  class space    used 3120K, capacity 3218K, committed 3328K, reserved 1048576K
Event: 16.155 GC heap after
Heap after GC invocations=9 (full 1):
 PSYoungGen      total 131072K, used 4416K [0x00000000eb180000, 0x00000000f3b80000, 0x0000000100000000)
  eden space 122880K, 0% used [0x00000000eb180000,0x00000000eb180000,0x00000000f2980000)
  from space 8192K, 53% used [0x00000000f3180000,0x00000000f35d0340,0x00000000f3980000)
  to   space 8192K, 0% used [0x00000000f2980000,0x00000000f2980000,0x00000000f3180000)
 ParOldGen       total 33280K, used 9096K [0x00000000c1400000, 0x00000000c3480000, 0x00000000eb180000)
  object space 33280K, 27% used [0x00000000c1400000,0x00000000c1ce2360,0x00000000c3480000)
 Metaspace       used 25062K, capacity 25426K, committed 25856K, reserved 1071104K
  class space    used 3120K, capacity 3218K, committed 3328K, reserved 1048576K
}
Event: 17.418 GC heap before
{Heap before GC invocations=10 (full 1):
 PSYoungGen      total 131072K, used 127296K [0x00000000eb180000, 0x00000000f3b80000, 0x0000000100000000)
  eden space 122880K, 100% used [0x00000000eb180000,0x00000000f2980000,0x00000000f2980000)
  from space 8192K, 53% used [0x00000000f3180000,0x00000000f35d0340,0x00000000f3980000)
  to   space 8192K, 0% used [0x00000000f2980000,0x00000000f2980000,0x00000000f3180000)
 ParOldGen       total 33280K, used 9096K [0x00000000c1400000, 0x00000000c3480000, 0x00000000eb180000)
  object space 33280K, 27% used [0x00000000c1400000,0x00000000c1ce2360,0x00000000c3480000)
 Metaspace       used 28574K, capacity 28856K, committed 29312K, reserved 1075200K
  class space    used 3548K, capacity 3619K, committed 3712K, reserved 1048576K
Event: 17.436 GC heap after
Heap after GC invocations=10 (full 1):
 PSYoungGen      total 131072K, used 8166K [0x00000000eb180000, 0x00000000f7c80000, 0x0000000100000000)
  eden space 122880K, 0% used [0x00000000eb180000,0x00000000eb180000,0x00000000f2980000)
  from space 8192K, 99% used [0x00000000f2980000,0x00000000f3179978,0x00000000f3180000)
  to   space 9728K, 0% used [0x00000000f7300000,0x00000000f7300000,0x00000000f7c80000)
 ParOldGen       total 33280K, used 10789K [0x00000000c1400000, 0x00000000c3480000, 0x00000000eb180000)
  object space 33280K, 32% used [0x00000000c1400000,0x00000000c1e89648,0x00000000c3480000)
 Metaspace       used 28574K, capacity 28856K, committed 29312K, reserved 1075200K
  class space    used 3548K, capacity 3619K, committed 3712K, reserved 1048576K
}
Event: 24.973 GC heap before
{Heap before GC invocations=11 (full 1):
 PSYoungGen      total 131072K, used 131046K [0x00000000eb180000, 0x00000000f7c80000, 0x0000000100000000)
  eden space 122880K, 100% used [0x00000000eb180000,0x00000000f2980000,0x00000000f2980000)
  from space 8192K, 99% used [0x00000000f2980000,0x00000000f3179978,0x00000000f3180000)
  to   space 9728K, 0% used [0x00000000f7300000,0x00000000f7300000,0x00000000f7c80000)
 ParOldGen       total 33280K, used 10789K [0x00000000c1400000, 0x00000000c3480000, 0x00000000eb180000)
  object space 33280K, 32% used [0x00000000c1400000,0x00000000c1e89648,0x00000000c3480000)
 Metaspace       used 32386K, capacity 32744K, committed 33024K, reserved 1079296K
  class space    used 3990K, capacity 4075K, committed 4096K, reserved 1048576K
Event: 25.021 GC heap after
Heap after GC invocations=11 (full 1):
 PSYoungGen      total 195072K, used 9722K [0x00000000eb180000, 0x00000000f8080000, 0x0000000100000000)
  eden space 185344K, 0% used [0x00000000eb180000,0x00000000eb180000,0x00000000f6680000)
  from space 9728K, 99% used [0x00000000f7300000,0x00000000f7c7ea58,0x00000000f7c80000)
  to   space 12800K, 0% used [0x00000000f6680000,0x00000000f6680000,0x00000000f7300000)
 ParOldGen       total 33280K, used 16534K [0x00000000c1400000, 0x00000000c3480000, 0x00000000eb180000)
  object space 33280K, 49% used [0x00000000c1400000,0x00000000c2425b10,0x00000000c3480000)
 Metaspace       used 32386K, capacity 32744K, committed 33024K, reserved 1079296K
  class space    used 3990K, capacity 4075K, committed 4096K, reserved 1048576K
}

