# JRE version: Java(TM) SE Runtime Environment (8.0_91-b15) (build 1.8.0_91-b15)
# Java VM: Java HotSpot(TM) 64-Bit Server VM (25.91-b15 mixed mode windows-amd64 compressed oops)
Heap:
 PSYoungGen      total 196608K, used 158935K [0x00000000eb180000, 0x00000000f7f00000, 0x0000000100000000)
  eden space 183808K, 86% used [0x00000000eb180000,0x00000000f4cb5f50,0x00000000f6500000)
  from space 12800K, 0% used [0x00000000f6500000,0x00000000f6500000,0x00000000f7180000)
  to   space 9728K, 0% used [0x00000000f7180000,0x00000000f7180000,0x00000000f7b00000)
 ParOldGen       total 34304K, used 22175K [0x00000000c1400000, 0x00000000c3580000, 0x00000000eb180000)
  object space 34304K, 64% used [0x00000000c1400000,0x00000000c29a7c20,0x00000000c3580000)
 Metaspace       used 43283K, capacity 43766K, committed 44160K, reserved 1087488K
  class space    used 5608K, capacity 5749K, committed 5760K, reserved 1048576K
GC Heap History (10 events):
Event: 7.741 GC heap before
{Heap before GC invocations=9 (full 1):
 PSYoungGen      total 74240K, used 70145K [0x00000000eb180000, 0x00000000f3900000, 0x0000000100000000)
  eden space 65536K, 100% used [0x00000000eb180000,0x00000000ef180000,0x00000000ef180000)
  from space 8704K, 52% used [0x00000000ef180000,0x00000000ef6005d8,0x00000000efa00000)
  to   space 8192K, 0% used [0x00000000f3100000,0x00000000f3100000,0x00000000f3900000)
 ParOldGen       total 34304K, used 9487K [0x00000000c1400000, 0x00000000c3580000, 0x00000000eb180000)
  object space 34304K, 27% used [0x00000000c1400000,0x00000000c1d43ea8,0x00000000c3580000)
 Metaspace       used 25099K, capacity 25426K, committed 25600K, reserved 1071104K
  class space    used 3119K, capacity 3218K, committed 3328K, reserved 1048576K
Event: 7.793 GC heap after
Heap after GC invocations=9 (full 1):
 PSYoungGen      total 130560K, used 4481K [0x00000000eb180000, 0x00000000f3b00000, 0x0000000100000000)
  eden space 122368K, 0% used [0x00000000eb180000,0x00000000eb180000,0x00000000f2900000)
  from space 8192K, 54% used [0x00000000f3100000,0x00000000f3560780,0x00000000f3900000)
  to   space 8192K, 0% used [0x00000000f2900000,0x00000000f2900000,0x00000000f3100000)
 ParOldGen       total 34304K, used 9495K [0x00000000c1400000, 0x00000000c3580000, 0x00000000eb180000)
  object space 34304K, 27% used [0x00000000c1400000,0x00000000c1d45ea8,0x00000000c3580000)
 Metaspace       used 25099K, capacity 25426K, committed 25600K, reserved 1071104K
  class space    used 3119K, capacity 3218K, committed 3328K, reserved 1048576K
}
Event: 9.050 GC heap before
{Heap before GC invocations=10 (full 1):
 PSYoungGen      total 130560K, used 126849K [0x00000000eb180000, 0x00000000f3b00000, 0x0000000100000000)
  eden space 122368K, 100% used [0x00000000eb180000,0x00000000f2900000,0x00000000f2900000)
  from space 8192K, 54% used [0x00000000f3100000,0x00000000f3560780,0x00000000f3900000)
  to   space 8192K, 0% used [0x00000000f2900000,0x00000000f2900000,0x00000000f3100000)
 ParOldGen       total 34304K, used 9495K [0x00000000c1400000, 0x00000000c3580000, 0x00000000eb180000)
  object space 34304K, 27% used [0x00000000c1400000,0x00000000c1d45ea8,0x00000000c3580000)
 Metaspace       used 28601K, capacity 29016K, committed 29312K, reserved 1075200K
  class space    used 3548K, capacity 3651K, committed 3712K, reserved 1048576K
Event: 9.068 GC heap after
Heap after GC invocations=10 (full 1):
 PSYoungGen      total 130560K, used 8160K [0x00000000eb180000, 0x00000000f7b00000, 0x0000000100000000)
  eden space 122368K, 0% used [0x00000000eb180000,0x00000000eb180000,0x00000000f2900000)
  from space 8192K, 99% used [0x00000000f2900000,0x00000000f30f80d0,0x00000000f3100000)
  to   space 9728K, 0% used [0x00000000f7180000,0x00000000f7180000,0x00000000f7b00000)
 ParOldGen       total 34304K, used 11146K [0x00000000c1400000, 0x00000000c3580000, 0x00000000eb180000)
  object space 34304K, 32% used [0x00000000c1400000,0x00000000c1ee2888,0x00000000c3580000)
 Metaspace       used 28601K, capacity 29016K, committed 29312K, reserved 1075200K
  class space    used 3548K, capacity 3651K, committed 3712K, reserved 1048576K
}
Event: 11.108 GC heap before
{Heap before GC invocations=11 (full 1):
 PSYoungGen      total 130560K, used 130528K [0x00000000eb180000, 0x00000000f7b00000, 0x0000000100000000)
  eden space 122368K, 100% used [0x00000000eb180000,0x00000000f2900000,0x00000000f2900000)
  from space 8192K, 99% used [0x00000000f2900000,0x00000000f30f80d0,0x00000000f3100000)
  to   space 9728K, 0% used [0x00000000f7180000,0x00000000f7180000,0x00000000f7b00000)
 ParOldGen       total 34304K, used 11146K [0x00000000c1400000, 0x00000000c3580000, 0x00000000eb180000)
  object space 34304K, 32% used [0x00000000c1400000,0x00000000c1ee2888,0x00000000c3580000)
 Metaspace       used 32434K, capacity 32808K, committed 33024K, reserved 1079296K
  class space    used 3995K, capacity 4075K, committed 4096K, reserved 1048576K
Event: 11.130 GC heap after
Heap after GC invocations=11 (full 1):
 PSYoungGen      total 193536K, used 9718K [0x00000000eb180000, 0x00000000f7f00000, 0x0000000100000000)
  eden space 183808K, 0% used [0x00000000eb180000,0x00000000eb180000,0x00000000f6500000)
  from space 9728K, 99% used [0x00000000f7180000,0x00000000f7afd8e0,0x00000000f7b00000)
  to   space 12800K, 0% used [0x00000000f6500000,0x00000000f6500000,0x00000000f7180000)
 ParOldGen       total 34304K, used 17039K [0x00000000c1400000, 0x00000000c3580000, 0x00000000eb180000)
  object space 34304K, 49% used [0x00000000c1400000,0x00000000c24a3f60,0x00000000c3580000)
 Metaspace       used 32434K, capacity 32808K, committed 33024K, reserved 1079296K
  class space    used 3995K, capacity 4075K, committed 4096K, reserved 1048576K
}
Event: 11.981 GC heap before
{Heap before GC invocations=12 (full 1):
 PSYoungGen      total 193536K, used 70804K [0x00000000eb180000, 0x00000000f7f00000, 0x0000000100000000)
  eden space 183808K, 33% used [0x00000000eb180000,0x00000000eed27758,0x00000000f6500000)
  from space 9728K, 99% used [0x00000000f7180000,0x00000000f7afd8e0,0x00000000f7b00000)
  to   space 12800K, 0% used [0x00000000f6500000,0x00000000f6500000,0x00000000f7180000)
 ParOldGen       total 34304K, used 17039K [0x00000000c1400000, 0x00000000c3580000, 0x00000000eb180000)
  object space 34304K, 49% used [0x00000000c1400000,0x00000000c24a3f60,0x00000000c3580000)
 Metaspace       used 34982K, capacity 35246K, committed 35456K, reserved 1081344K
  class space    used 4382K, capacity 4460K, committed 4480K, reserved 1048576K
Event: 12.029 GC heap after
Heap after GC invocations=12 (full 1):
 PSYoungGen      total 196608K, used 3731K [0x00000000eb180000, 0x00000000f7f00000, 0x0000000100000000)
  eden space 183808K, 0% used [0x00000000eb180000,0x00000000eb180000,0x00000000f6500000)
  from space 12800K, 29% used [0x00000000f6500000,0x00000000f68a4d20,0x00000000f7180000)
  to   space 9728K, 0% used [0x00000000f7180000,0x00000000f7180000,0x00000000f7b00000)
 ParOldGen       total 34304K, used 24466K [0x00000000c1400000, 0x00000000c3580000, 0x00000000eb180000)
  object space 34304K, 71% used [0x00000000c1400000,0x00000000c2be4998,0x00000000c3580000)
 Metaspace       used 34982K, capacity 35246K, committed 35456K, reserved 1081344K
  class space    used 4382K, capacity 4460K, committed 4480K, reserved 1048576K
}
Event: 12.029 GC heap before
{Heap before GC invocations=13 (full 2):
 PSYoungGen      total 196608K, used 3731K [0x00000000eb180000, 0x00000000f7f00000, 0x0000000100000000)
  eden space 183808K, 0% used [0x00000000eb180000,0x00000000eb180000,0x00000000f6500000)
  from space 12800K, 29% used [0x00000000f6500000,0x00000000f68a4d20,0x00000000f7180000)
  to   space 9728K, 0% used [0x00000000f7180000,0x00000000f7180000,0x00000000f7b00000)
 ParOldGen       total 34304K, used 24466K [0x00000000c1400000, 0x00000000c3580000, 0x00000000eb180000)
  object space 34304K, 71% used [0x00000000c1400000,0x00000000c2be4998,0x00000000c3580000)
 Metaspace       used 34982K, capacity 35246K, committed 35456K, reserved 1081344K
  class space    used 4382K, capacity 4460K, committed 4480K, reserved 1048576K
Event: 12.175 GC heap after
Heap after GC invocations=13 (full 2):
 PSYoungGen      total 196608K, used 0K [0x00000000eb180000, 0x00000000f7f00000, 0x0000000100000000)
  eden space 183808K, 0% used [0x00000000eb180000,0x00000000eb180000,0x00000000f6500000)
  from space 12800K, 0% used [0x00000000f6500000,0x00000000f6500000,0x00000000f7180000)
  to   space 9728K, 0% used [0x00000000f7180000,0x00000000f7180000,0x00000000f7b00000)
 ParOldGen       total 34304K, used 22175K [0x00000000c1400000, 0x00000000c3580000, 0x00000000eb180000)
  object space 34304K, 64% used [0x00000000c1400000,0x00000000c29a7c20,0x00000000c3580000)
 Metaspace       used 34982K, capacity 35246K, committed 35456K, reserved 1081344K
  class space    used 4382K, capacity 4460K, committed 4480K, reserved 1048576K
}

