# JRE version: Java(TM) SE Runtime Environment (8.0_91-b15) (build 1.8.0_91-b15)
# Java VM: Java HotSpot(TM) 64-Bit Server VM (25.91-b15 mixed mode windows-amd64 compressed oops)
Heap:
 PSYoungGen      total 321024K, used 167432K [0x00000000eb180000, 0x0000000100000000, 0x0000000100000000)
  eden space 300544K, 51% used [0x00000000eb180000,0x00000000f4838af0,0x00000000fd700000)
  from space 20480K, 63% used [0x00000000fec00000,0x00000000ff8c9848,0x0000000100000000)
  to   space 20992K, 0% used [0x00000000fd700000,0x00000000fd700000,0x00000000feb80000)
 ParOldGen       total 65536K, used 30027K [0x00000000c1400000, 0x00000000c5400000, 0x00000000eb180000)
  object space 65536K, 45% used [0x00000000c1400000,0x00000000c3152ed0,0x00000000c5400000)
 Metaspace       used 46873K, capacity 47582K, committed 47832K, reserved 1091584K
  class space    used 5963K, capacity 6131K, committed 6144K, reserved 1048576K
GC Heap History (10 events):
Event: 8.335 GC heap before
{Heap before GC invocations=10 (full 1):
 PSYoungGen      total 199168K, used 199159K [0x00000000eb180000, 0x00000000f9800000, 0x0000000100000000)
  eden space 189952K, 100% used [0x00000000eb180000,0x00000000f6b00000,0x00000000f6b00000)
  from space 9216K, 99% used [0x00000000f7700000,0x00000000f7ffdca8,0x00000000f8000000)
  to   space 12288K, 0% used [0x00000000f6b00000,0x00000000f6b00000,0x00000000f7700000)
 ParOldGen       total 36864K, used 11905K [0x00000000c1400000, 0x00000000c3800000, 0x00000000eb180000)
  object space 36864K, 32% used [0x00000000c1400000,0x00000000c1fa0658,0x00000000c3800000)
 Metaspace       used 34097K, capacity 34486K, committed 34816K, reserved 1079296K
  class space    used 4255K, capacity 4334K, committed 4352K, reserved 1048576K
Event: 8.360 GC heap after
Heap after GC invocations=10 (full 1):
 PSYoungGen      total 202240K, used 12271K [0x00000000eb180000, 0x00000000fd480000, 0x0000000100000000)
  eden space 189952K, 0% used [0x00000000eb180000,0x00000000eb180000,0x00000000f6b00000)
  from space 12288K, 99% used [0x00000000f6b00000,0x00000000f76fbc30,0x00000000f7700000)
  to   space 17920K, 0% used [0x00000000fc300000,0x00000000fc300000,0x00000000fd480000)
 ParOldGen       total 36864K, used 22301K [0x00000000c1400000, 0x00000000c3800000, 0x00000000eb180000)
  object space 36864K, 60% used [0x00000000c1400000,0x00000000c29c7570,0x00000000c3800000)
 Metaspace       used 34097K, capacity 34486K, committed 34816K, reserved 1079296K
  class space    used 4255K, capacity 4334K, committed 4352K, reserved 1048576K
}
Event: 9.356 GC heap before
{Heap before GC invocations=11 (full 1):
 PSYoungGen      total 202240K, used 112574K [0x00000000eb180000, 0x00000000fd480000, 0x0000000100000000)
  eden space 189952K, 52% used [0x00000000eb180000,0x00000000f1373d40,0x00000000f6b00000)
  from space 12288K, 99% used [0x00000000f6b00000,0x00000000f76fbc30,0x00000000f7700000)
  to   space 17920K, 0% used [0x00000000fc300000,0x00000000fc300000,0x00000000fd480000)
 ParOldGen       total 36864K, used 22301K [0x00000000c1400000, 0x00000000c3800000, 0x00000000eb180000)
  object space 36864K, 60% used [0x00000000c1400000,0x00000000c29c7570,0x00000000c3800000)
 Metaspace       used 34881K, capacity 35320K, committed 35416K, reserved 1081344K
  class space    used 4346K, capacity 4473K, committed 4480K, reserved 1048576K
Event: 9.375 GC heap after
Heap after GC invocations=11 (full 1):
 PSYoungGen      total 276992K, used 10666K [0x00000000eb180000, 0x00000000fd300000, 0x0000000100000000)
  eden space 260608K, 0% used [0x00000000eb180000,0x00000000eb180000,0x00000000fb000000)
  from space 16384K, 65% used [0x00000000fc300000,0x00000000fcd6aa80,0x00000000fd300000)
  to   space 17920K, 0% used [0x00000000fb000000,0x00000000fb000000,0x00000000fc180000)
 ParOldGen       total 36864K, used 27865K [0x00000000c1400000, 0x00000000c3800000, 0x00000000eb180000)
  object space 36864K, 75% used [0x00000000c1400000,0x00000000c2f365e0,0x00000000c3800000)
 Metaspace       used 34881K, capacity 35320K, committed 35416K, reserved 1081344K
  class space    used 4346K, capacity 4473K, committed 4480K, reserved 1048576K
}
Event: 9.375 GC heap before
{Heap before GC invocations=12 (full 2):
 PSYoungGen      total 276992K, used 10666K [0x00000000eb180000, 0x00000000fd300000, 0x0000000100000000)
  eden space 260608K, 0% used [0x00000000eb180000,0x00000000eb180000,0x00000000fb000000)
  from space 16384K, 65% used [0x00000000fc300000,0x00000000fcd6aa80,0x00000000fd300000)
  to   space 17920K, 0% used [0x00000000fb000000,0x00000000fb000000,0x00000000fc180000)
 ParOldGen       total 36864K, used 27865K [0x00000000c1400000, 0x00000000c3800000, 0x00000000eb180000)
  object space 36864K, 75% used [0x00000000c1400000,0x00000000c2f365e0,0x00000000c3800000)
 Metaspace       used 34881K, capacity 35320K, committed 35416K, reserved 1081344K
  class space    used 4346K, capacity 4473K, committed 4480K, reserved 1048576K
Event: 9.482 GC heap after
Heap after GC invocations=12 (full 2):
 PSYoungGen      total 276992K, used 0K [0x00000000eb180000, 0x00000000fd300000, 0x0000000100000000)
  eden space 260608K, 0% used [0x00000000eb180000,0x00000000eb180000,0x00000000fb000000)
  from space 16384K, 0% used [0x00000000fc300000,0x00000000fc300000,0x00000000fd300000)
  to   space 17920K, 0% used [0x00000000fb000000,0x00000000fb000000,0x00000000fc180000)
 ParOldGen       total 65536K, used 26283K [0x00000000c1400000, 0x00000000c5400000, 0x00000000eb180000)
  object space 65536K, 40% used [0x00000000c1400000,0x00000000c2daaec0,0x00000000c5400000)
 Metaspace       used 34881K, capacity 35320K, committed 35416K, reserved 1081344K
  class space    used 4346K, capacity 4473K, committed 4480K, reserved 1048576K
}
Event: 10.884 GC heap before
{Heap before GC invocations=13 (full 2):
 PSYoungGen      total 276992K, used 260608K [0x00000000eb180000, 0x00000000fd300000, 0x0000000100000000)
  eden space 260608K, 100% used [0x00000000eb180000,0x00000000fb000000,0x00000000fb000000)
  from space 16384K, 0% used [0x00000000fc300000,0x00000000fc300000,0x00000000fd300000)
  to   space 17920K, 0% used [0x00000000fb000000,0x00000000fb000000,0x00000000fc180000)
 ParOldGen       total 65536K, used 26283K [0x00000000c1400000, 0x00000000c5400000, 0x00000000eb180000)
  object space 65536K, 40% used [0x00000000c1400000,0x00000000c2daaec0,0x00000000c5400000)
 Metaspace       used 37149K, capacity 37616K, committed 37848K, reserved 1083392K
  class space    used 4662K, capacity 4765K, committed 4864K, reserved 1048576K
Event: 10.923 GC heap after
Heap after GC invocations=13 (full 2):
 PSYoungGen      total 278528K, used 17658K [0x00000000eb180000, 0x0000000100000000, 0x0000000100000000)
  eden space 260608K, 0% used [0x00000000eb180000,0x00000000eb180000,0x00000000fb000000)
  from space 17920K, 98% used [0x00000000fb000000,0x00000000fc13e890,0x00000000fc180000)
  to   space 20480K, 0% used [0x00000000fec00000,0x00000000fec00000,0x0000000100000000)
 ParOldGen       total 65536K, used 26291K [0x00000000c1400000, 0x00000000c5400000, 0x00000000eb180000)
  object space 65536K, 40% used [0x00000000c1400000,0x00000000c2dacec0,0x00000000c5400000)
 Metaspace       used 37149K, capacity 37616K, committed 37848K, reserved 1083392K
  class space    used 4662K, capacity 4765K, committed 4864K, reserved 1048576K
}
Event: 12.456 GC heap before
{Heap before GC invocations=14 (full 2):
 PSYoungGen      total 278528K, used 278266K [0x00000000eb180000, 0x0000000100000000, 0x0000000100000000)
  eden space 260608K, 100% used [0x00000000eb180000,0x00000000fb000000,0x00000000fb000000)
  from space 17920K, 98% used [0x00000000fb000000,0x00000000fc13e890,0x00000000fc180000)
  to   space 20480K, 0% used [0x00000000fec00000,0x00000000fec00000,0x0000000100000000)
 ParOldGen       total 65536K, used 26291K [0x00000000c1400000, 0x00000000c5400000, 0x00000000eb180000)
  object space 65536K, 40% used [0x00000000c1400000,0x00000000c2dacec0,0x00000000c5400000)
 Metaspace       used 38995K, capacity 39716K, committed 39896K, reserved 1083392K
  class space    used 4875K, capacity 5019K, committed 5120K, reserved 1048576K
Event: 12.500 GC heap after
Heap after GC invocations=14 (full 2):
 PSYoungGen      total 321024K, used 13094K [0x00000000eb180000, 0x0000000100000000, 0x0000000100000000)
  eden space 300544K, 0% used [0x00000000eb180000,0x00000000eb180000,0x00000000fd700000)
  from space 20480K, 63% used [0x00000000fec00000,0x00000000ff8c9848,0x0000000100000000)
  to   space 20992K, 0% used [0x00000000fd700000,0x00000000fd700000,0x00000000feb80000)
 ParOldGen       total 65536K, used 30027K [0x00000000c1400000, 0x00000000c5400000, 0x00000000eb180000)
  object space 65536K, 45% used [0x00000000c1400000,0x00000000c3152ed0,0x00000000c5400000)
 Metaspace       used 38995K, capacity 39716K, committed 39896K, reserved 1083392K
  class space    used 4875K, capacity 5019K, committed 5120K, reserved 1048576K
}

