# JRE version: Java(TM) SE Runtime Environment (8.0_91-b15) (build 1.8.0_91-b15)
# Java VM: Java HotSpot(TM) 64-Bit Server VM (25.91-b15 mixed mode windows-amd64 compressed oops)
Heap:
 PSYoungGen      total 322560K, used 86179K [0x00000000eb180000, 0x0000000100000000, 0x0000000100000000)
  eden space 302592K, 21% used [0x00000000eb180000,0x00000000ef22e408,0x00000000fd900000)
  from space 19968K, 99% used [0x00000000fd900000,0x00000000fec7a968,0x00000000fec80000)
  to   space 19968K, 0% used [0x00000000fec80000,0x00000000fec80000,0x0000000100000000)
 ParOldGen       total 65536K, used 36906K [0x00000000c1400000, 0x00000000c5400000, 0x00000000eb180000)
  object space 65536K, 56% used [0x00000000c1400000,0x00000000c380aae0,0x00000000c5400000)
 Metaspace       used 42058K, capacity 42738K, committed 42880K, reserved 1087488K
  class space    used 5270K, capacity 5445K, committed 5504K, reserved 1048576K
GC Heap History (10 events):
Event: 14.169 GC heap before
{Heap before GC invocations=9 (full 1):
 PSYoungGen      total 136192K, used 131777K [0x00000000eb180000, 0x00000000fad80000, 0x0000000100000000)
  eden space 125952K, 100% used [0x00000000eb180000,0x00000000f2c80000,0x00000000f2c80000)
  from space 10240K, 56% used [0x00000000f2c80000,0x00000000f32307a8,0x00000000f3680000)
  to   space 9728K, 0% used [0x00000000fa400000,0x00000000fa400000,0x00000000fad80000)
 ParOldGen       total 34816K, used 8659K [0x00000000c1400000, 0x00000000c3600000, 0x00000000eb180000)
  object space 34816K, 24% used [0x00000000c1400000,0x00000000c1c74e40,0x00000000c3600000)
 Metaspace       used 30551K, capacity 30942K, committed 31104K, reserved 1077248K
  class space    used 3853K, capacity 3946K, committed 3968K, reserved 1048576K
Event: 14.215 GC heap after
Heap after GC invocations=9 (full 1):
 PSYoungGen      total 245248K, used 9713K [0x00000000eb180000, 0x00000000fb300000, 0x0000000100000000)
  eden space 235520K, 0% used [0x00000000eb180000,0x00000000eb180000,0x00000000f9780000)
  from space 9728K, 99% used [0x00000000fa400000,0x00000000fad7c6d0,0x00000000fad80000)
  to   space 12800K, 0% used [0x00000000f9780000,0x00000000f9780000,0x00000000fa400000)
 ParOldGen       total 34816K, used 12257K [0x00000000c1400000, 0x00000000c3600000, 0x00000000eb180000)
  object space 34816K, 35% used [0x00000000c1400000,0x00000000c1ff8490,0x00000000c3600000)
 Metaspace       used 30551K, capacity 30942K, committed 31104K, reserved 1077248K
  class space    used 3853K, capacity 3946K, committed 3968K, reserved 1048576K
}
Event: 17.175 GC heap before
{Heap before GC invocations=10 (full 1):
 PSYoungGen      total 245248K, used 245233K [0x00000000eb180000, 0x00000000fb300000, 0x0000000100000000)
  eden space 235520K, 100% used [0x00000000eb180000,0x00000000f9780000,0x00000000f9780000)
  from space 9728K, 99% used [0x00000000fa400000,0x00000000fad7c6d0,0x00000000fad80000)
  to   space 12800K, 0% used [0x00000000f9780000,0x00000000f9780000,0x00000000fa400000)
 ParOldGen       total 34816K, used 12257K [0x00000000c1400000, 0x00000000c3600000, 0x00000000eb180000)
  object space 34816K, 35% used [0x00000000c1400000,0x00000000c1ff8490,0x00000000c3600000)
 Metaspace       used 34434K, capacity 34830K, committed 34944K, reserved 1079296K
  class space    used 4291K, capacity 4402K, committed 4480K, reserved 1048576K
Event: 17.207 GC heap after
Heap after GC invocations=10 (full 1):
 PSYoungGen      total 248320K, used 12793K [0x00000000eb180000, 0x0000000100000000, 0x0000000100000000)
  eden space 235520K, 0% used [0x00000000eb180000,0x00000000eb180000,0x00000000f9780000)
  from space 12800K, 99% used [0x00000000f9780000,0x00000000fa3fe418,0x00000000fa400000)
  to   space 19968K, 0% used [0x00000000fec80000,0x00000000fec80000,0x0000000100000000)
 ParOldGen       total 34816K, used 25003K [0x00000000c1400000, 0x00000000c3600000, 0x00000000eb180000)
  object space 34816K, 71% used [0x00000000c1400000,0x00000000c2c6ae20,0x00000000c3600000)
 Metaspace       used 34434K, capacity 34830K, committed 34944K, reserved 1079296K
  class space    used 4291K, capacity 4402K, committed 4480K, reserved 1048576K
}
Event: 17.207 GC heap before
{Heap before GC invocations=11 (full 2):
 PSYoungGen      total 248320K, used 12793K [0x00000000eb180000, 0x0000000100000000, 0x0000000100000000)
  eden space 235520K, 0% used [0x00000000eb180000,0x00000000eb180000,0x00000000f9780000)
  from space 12800K, 99% used [0x00000000f9780000,0x00000000fa3fe418,0x00000000fa400000)
  to   space 19968K, 0% used [0x00000000fec80000,0x00000000fec80000,0x0000000100000000)
 ParOldGen       total 34816K, used 25003K [0x00000000c1400000, 0x00000000c3600000, 0x00000000eb180000)
  object space 34816K, 71% used [0x00000000c1400000,0x00000000c2c6ae20,0x00000000c3600000)
 Metaspace       used 34434K, capacity 34830K, committed 34944K, reserved 1079296K
  class space    used 4291K, capacity 4402K, committed 4480K, reserved 1048576K
Event: 17.326 GC heap after
Heap after GC invocations=11 (full 2):
 PSYoungGen      total 248320K, used 0K [0x00000000eb180000, 0x0000000100000000, 0x0000000100000000)
  eden space 235520K, 0% used [0x00000000eb180000,0x00000000eb180000,0x00000000f9780000)
  from space 12800K, 0% used [0x00000000f9780000,0x00000000f9780000,0x00000000fa400000)
  to   space 19968K, 0% used [0x00000000fec80000,0x00000000fec80000,0x0000000100000000)
 ParOldGen       total 65536K, used 33112K [0x00000000c1400000, 0x00000000c5400000, 0x00000000eb180000)
  object space 65536K, 50% used [0x00000000c1400000,0x00000000c34563e8,0x00000000c5400000)
 Metaspace       used 34434K, capacity 34830K, committed 34944K, reserved 1079296K
  class space    used 4291K, capacity 4402K, committed 4480K, reserved 1048576K
}
Event: 19.257 GC heap before
{Heap before GC invocations=12 (full 2):
 PSYoungGen      total 248320K, used 235520K [0x00000000eb180000, 0x0000000100000000, 0x0000000100000000)
  eden space 235520K, 100% used [0x00000000eb180000,0x00000000f9780000,0x00000000f9780000)
  from space 12800K, 0% used [0x00000000f9780000,0x00000000f9780000,0x00000000fa400000)
  to   space 19968K, 0% used [0x00000000fec80000,0x00000000fec80000,0x0000000100000000)
 ParOldGen       total 65536K, used 33112K [0x00000000c1400000, 0x00000000c5400000, 0x00000000eb180000)
  object space 65536K, 50% used [0x00000000c1400000,0x00000000c34563e8,0x00000000c5400000)
 Metaspace       used 36093K, capacity 36516K, committed 36736K, reserved 1081344K
  class space    used 4515K, capacity 4635K, committed 4736K, reserved 1048576K
Event: 19.288 GC heap after
Heap after GC invocations=12 (full 2):
 PSYoungGen      total 322560K, used 12691K [0x00000000eb180000, 0x0000000100000000, 0x0000000100000000)
  eden space 302592K, 0% used [0x00000000eb180000,0x00000000eb180000,0x00000000fd900000)
  from space 19968K, 63% used [0x00000000fec80000,0x00000000ff8e4c70,0x0000000100000000)
  to   space 19968K, 0% used [0x00000000fd900000,0x00000000fd900000,0x00000000fec80000)
 ParOldGen       total 65536K, used 33120K [0x00000000c1400000, 0x00000000c5400000, 0x00000000eb180000)
  object space 65536K, 50% used [0x00000000c1400000,0x00000000c34583e8,0x00000000c5400000)
 Metaspace       used 36093K, capacity 36516K, committed 36736K, reserved 1081344K
  class space    used 4515K, capacity 4635K, committed 4736K, reserved 1048576K
}
Event: 21.334 GC heap before
{Heap before GC invocations=13 (full 2):
 PSYoungGen      total 322560K, used 315283K [0x00000000eb180000, 0x0000000100000000, 0x0000000100000000)
  eden space 302592K, 100% used [0x00000000eb180000,0x00000000fd900000,0x00000000fd900000)
  from space 19968K, 63% used [0x00000000fec80000,0x00000000ff8e4c70,0x0000000100000000)
  to   space 19968K, 0% used [0x00000000fd900000,0x00000000fd900000,0x00000000fec80000)
 ParOldGen       total 65536K, used 33120K [0x00000000c1400000, 0x00000000c5400000, 0x00000000eb180000)
  object space 65536K, 50% used [0x00000000c1400000,0x00000000c34583e8,0x00000000c5400000)
 Metaspace       used 38671K, capacity 39232K, committed 39296K, reserved 1083392K
  class space    used 4843K, capacity 4965K, committed 4992K, reserved 1048576K
Event: 21.956 GC heap after
Heap after GC invocations=13 (full 2):
 PSYoungGen      total 322560K, used 19946K [0x00000000eb180000, 0x0000000100000000, 0x0000000100000000)
  eden space 302592K, 0% used [0x00000000eb180000,0x00000000eb180000,0x00000000fd900000)
  from space 19968K, 99% used [0x00000000fd900000,0x00000000fec7a968,0x00000000fec80000)
  to   space 19968K, 0% used [0x00000000fec80000,0x00000000fec80000,0x0000000100000000)
 ParOldGen       total 65536K, used 36906K [0x00000000c1400000, 0x00000000c5400000, 0x00000000eb180000)
  object space 65536K, 56% used [0x00000000c1400000,0x00000000c380aae0,0x00000000c5400000)
 Metaspace       used 38671K, capacity 39232K, committed 39296K, reserved 1083392K
  class space    used 4843K, capacity 4965K, committed 4992K, reserved 1048576K
}

