# JRE version: Java(TM) SE Runtime Environment (8.0_91-b15) (build 1.8.0_91-b15)
# Java VM: Java HotSpot(TM) 64-Bit Server VM (25.91-b15 mixed mode windows-amd64 compressed oops)
Heap:
 PSYoungGen      total 108032K, used 37312K [0x00000000eb180000, 0x00000000f5a00000, 0x0000000100000000)
  eden space 100864K, 30% used [0x00000000eb180000,0x00000000ecf2d280,0x00000000f1400000)
  from space 7168K, 96% used [0x00000000f1400000,0x00000000f1ac2ec0,0x00000000f1b00000)
  to   space 7680K, 0% used [0x00000000f5280000,0x00000000f5280000,0x00000000f5a00000)
 ParOldGen       total 30720K, used 12947K [0x00000000c1400000, 0x00000000c3200000, 0x00000000eb180000)
  object space 30720K, 42% used [0x00000000c1400000,0x00000000c20a4fd8,0x00000000c3200000)
 Metaspace       used 30880K, capacity 31240K, committed 31488K, reserved 1077248K
  class space    used 3964K, capacity 4073K, committed 4096K, reserved 1048576K
GC Heap History (10 events):
Event: 11.034 GC heap before
{Heap before GC invocations=8 (full 1):
 PSYoungGen      total 39936K, used 3169K [0x00000000eb180000, 0x00000000eff80000, 0x0000000100000000)
  eden space 32768K, 0% used [0x00000000eb180000,0x00000000eb180000,0x00000000ed180000)
  from space 7168K, 44% used [0x00000000ed180000,0x00000000ed498420,0x00000000ed880000)
  to   space 7168K, 0% used [0x00000000ef880000,0x00000000ef880000,0x00000000eff80000)
 ParOldGen       total 44032K, used 13368K [0x00000000c1400000, 0x00000000c3f00000, 0x00000000eb180000)
  object space 44032K, 30% used [0x00000000c1400000,0x00000000c210e120,0x00000000c3f00000)
 Metaspace       used 20874K, capacity 21112K, committed 21248K, reserved 1067008K
  class space    used 2629K, capacity 2705K, committed 2816K, reserved 1048576K
Event: 11.081 GC heap after
Heap after GC invocations=8 (full 1):
 PSYoungGen      total 39936K, used 0K [0x00000000eb180000, 0x00000000eff80000, 0x0000000100000000)
  eden space 32768K, 0% used [0x00000000eb180000,0x00000000eb180000,0x00000000ed180000)
  from space 7168K, 0% used [0x00000000ed180000,0x00000000ed180000,0x00000000ed880000)
  to   space 7168K, 0% used [0x00000000ef880000,0x00000000ef880000,0x00000000eff80000)
 ParOldGen       total 30720K, used 8956K [0x00000000c1400000, 0x00000000c3200000, 0x00000000eb180000)
  object space 30720K, 29% used [0x00000000c1400000,0x00000000c1cbf018,0x00000000c3200000)
 Metaspace       used 20874K, capacity 21112K, committed 21248K, reserved 1067008K
  class space    used 2629K, capacity 2705K, committed 2816K, reserved 1048576K
}
Event: 12.009 GC heap before
{Heap before GC invocations=9 (full 1):
 PSYoungGen      total 39936K, used 32768K [0x00000000eb180000, 0x00000000eff80000, 0x0000000100000000)
  eden space 32768K, 100% used [0x00000000eb180000,0x00000000ed180000,0x00000000ed180000)
  from space 7168K, 0% used [0x00000000ed180000,0x00000000ed180000,0x00000000ed880000)
  to   space 7168K, 0% used [0x00000000ef880000,0x00000000ef880000,0x00000000eff80000)
 ParOldGen       total 30720K, used 8956K [0x00000000c1400000, 0x00000000c3200000, 0x00000000eb180000)
  object space 30720K, 29% used [0x00000000c1400000,0x00000000c1cbf018,0x00000000c3200000)
 Metaspace       used 22987K, capacity 23328K, committed 23552K, reserved 1069056K
  class space    used 2928K, capacity 3021K, committed 3072K, reserved 1048576K
Event: 12.013 GC heap after
Heap after GC invocations=9 (full 1):
 PSYoungGen      total 70656K, used 2714K [0x00000000eb180000, 0x00000000efe80000, 0x0000000100000000)
  eden space 64512K, 0% used [0x00000000eb180000,0x00000000eb180000,0x00000000ef080000)
  from space 6144K, 44% used [0x00000000ef880000,0x00000000efb269d0,0x00000000efe80000)
  to   space 7168K, 0% used [0x00000000ef080000,0x00000000ef080000,0x00000000ef780000)
 ParOldGen       total 30720K, used 8964K [0x00000000c1400000, 0x00000000c3200000, 0x00000000eb180000)
  object space 30720K, 29% used [0x00000000c1400000,0x00000000c1cc1018,0x00000000c3200000)
 Metaspace       used 22987K, capacity 23328K, committed 23552K, reserved 1069056K
  class space    used 2928K, capacity 3021K, committed 3072K, reserved 1048576K
}
Event: 21.654 GC heap before
{Heap before GC invocations=10 (full 1):
 PSYoungGen      total 70656K, used 67226K [0x00000000eb180000, 0x00000000efe80000, 0x0000000100000000)
  eden space 64512K, 100% used [0x00000000eb180000,0x00000000ef080000,0x00000000ef080000)
  from space 6144K, 44% used [0x00000000ef880000,0x00000000efb269d0,0x00000000efe80000)
  to   space 7168K, 0% used [0x00000000ef080000,0x00000000ef080000,0x00000000ef780000)
 ParOldGen       total 30720K, used 8964K [0x00000000c1400000, 0x00000000c3200000, 0x00000000eb180000)
  object space 30720K, 29% used [0x00000000c1400000,0x00000000c1cc1018,0x00000000c3200000)
 Metaspace       used 24948K, capacity 25292K, committed 25600K, reserved 1071104K
  class space    used 3178K, capacity 3247K, committed 3328K, reserved 1048576K
Event: 21.665 GC heap after
Heap after GC invocations=10 (full 1):
 PSYoungGen      total 71680K, used 4708K [0x00000000eb180000, 0x00000000f2280000, 0x0000000100000000)
  eden space 64512K, 0% used [0x00000000eb180000,0x00000000eb180000,0x00000000ef080000)
  from space 7168K, 65% used [0x00000000ef080000,0x00000000ef519100,0x00000000ef780000)
  to   space 7168K, 0% used [0x00000000f1b80000,0x00000000f1b80000,0x00000000f2280000)
 ParOldGen       total 30720K, used 8972K [0x00000000c1400000, 0x00000000c3200000, 0x00000000eb180000)
  object space 30720K, 29% used [0x00000000c1400000,0x00000000c1cc3018,0x00000000c3200000)
 Metaspace       used 24948K, capacity 25292K, committed 25600K, reserved 1071104K
  class space    used 3178K, capacity 3247K, committed 3328K, reserved 1048576K
}
Event: 22.596 GC heap before
{Heap before GC invocations=11 (full 1):
 PSYoungGen      total 71680K, used 69220K [0x00000000eb180000, 0x00000000f2280000, 0x0000000100000000)
  eden space 64512K, 100% used [0x00000000eb180000,0x00000000ef080000,0x00000000ef080000)
  from space 7168K, 65% used [0x00000000ef080000,0x00000000ef519100,0x00000000ef780000)
  to   space 7168K, 0% used [0x00000000f1b80000,0x00000000f1b80000,0x00000000f2280000)
 ParOldGen       total 30720K, used 8972K [0x00000000c1400000, 0x00000000c3200000, 0x00000000eb180000)
  object space 30720K, 29% used [0x00000000c1400000,0x00000000c1cc3018,0x00000000c3200000)
 Metaspace       used 25673K, capacity 26044K, committed 26240K, reserved 1073152K
  class space    used 3273K, capacity 3383K, committed 3456K, reserved 1048576K
Event: 22.632 GC heap after
Heap after GC invocations=11 (full 1):
 PSYoungGen      total 107520K, used 4556K [0x00000000eb180000, 0x00000000f2200000, 0x0000000100000000)
  eden space 100864K, 0% used [0x00000000eb180000,0x00000000eb180000,0x00000000f1400000)
  from space 6656K, 68% used [0x00000000f1b80000,0x00000000f1ff3378,0x00000000f2200000)
  to   space 7168K, 0% used [0x00000000f1400000,0x00000000f1400000,0x00000000f1b00000)
 ParOldGen       total 30720K, used 9868K [0x00000000c1400000, 0x00000000c3200000, 0x00000000eb180000)
  object space 30720K, 32% used [0x00000000c1400000,0x00000000c1da3018,0x00000000c3200000)
 Metaspace       used 25673K, capacity 26044K, committed 26240K, reserved 1073152K
  class space    used 3273K, capacity 3383K, committed 3456K, reserved 1048576K
}
Event: 24.468 GC heap before
{Heap before GC invocations=12 (full 1):
 PSYoungGen      total 107520K, used 105420K [0x00000000eb180000, 0x00000000f2200000, 0x0000000100000000)
  eden space 100864K, 100% used [0x00000000eb180000,0x00000000f1400000,0x00000000f1400000)
  from space 6656K, 68% used [0x00000000f1b80000,0x00000000f1ff3378,0x00000000f2200000)
  to   space 7168K, 0% used [0x00000000f1400000,0x00000000f1400000,0x00000000f1b00000)
 ParOldGen       total 30720K, used 9868K [0x00000000c1400000, 0x00000000c3200000, 0x00000000eb180000)
  object space 30720K, 32% used [0x00000000c1400000,0x00000000c1da3018,0x00000000c3200000)
 Metaspace       used 29593K, capacity 29988K, committed 30336K, reserved 1075200K
  class space    used 3824K, capacity 3939K, committed 3968K, reserved 1048576K
Event: 24.492 GC heap after
Heap after GC invocations=12 (full 1):
 PSYoungGen      total 108032K, used 6923K [0x00000000eb180000, 0x00000000f5a00000, 0x0000000100000000)
  eden space 100864K, 0% used [0x00000000eb180000,0x00000000eb180000,0x00000000f1400000)
  from space 7168K, 96% used [0x00000000f1400000,0x00000000f1ac2ec0,0x00000000f1b00000)
  to   space 7680K, 0% used [0x00000000f5280000,0x00000000f5280000,0x00000000f5a00000)
 ParOldGen       total 30720K, used 12947K [0x00000000c1400000, 0x00000000c3200000, 0x00000000eb180000)
  object space 30720K, 42% used [0x00000000c1400000,0x00000000c20a4fd8,0x00000000c3200000)
 Metaspace       used 29593K, capacity 29988K, committed 30336K, reserved 1075200K
  class space    used 3824K, capacity 3939K, committed 3968K, reserved 1048576K
}

