# JRE version: Java(TM) SE Runtime Environment (8.0_91-b15) (build 1.8.0_91-b15)
# Java VM: Java HotSpot(TM) 64-Bit Server VM (25.91-b15 mixed mode windows-amd64 compressed oops)
Heap:
 PSYoungGen      total 309760K, used 116588K [0x00000000eb180000, 0x00000000ff900000, 0x0000000100000000)
  eden space 300032K, 35% used [0x00000000eb180000,0x00000000f19e7660,0x00000000fd680000)
  from space 9728K, 99% used [0x00000000fef80000,0x00000000ff8f3c00,0x00000000ff900000)
  to   space 16384K, 0% used [0x00000000fd900000,0x00000000fd900000,0x00000000fe900000)
 ParOldGen       total 59392K, used 24433K [0x00000000c1400000, 0x00000000c4e00000, 0x00000000eb180000)
  object space 59392K, 41% used [0x00000000c1400000,0x00000000c2bdc7a0,0x00000000c4e00000)
 Metaspace       used 38503K, capacity 39274K, committed 39424K, reserved 1083392K
  class space    used 4903K, capacity 5064K, committed 5120K, reserved 1048576K
GC Heap History (10 events):
Event: 15.917 GC heap before
{Heap before GC invocations=8 (full 1):
 PSYoungGen      total 127488K, used 127164K [0x00000000eb180000, 0x00000000f4100000, 0x0000000100000000)
  eden space 121856K, 100% used [0x00000000eb180000,0x00000000f2880000,0x00000000f2880000)
  from space 5632K, 94% used [0x00000000f3b80000,0x00000000f40af008,0x00000000f4100000)
  to   space 9728K, 0% used [0x00000000f2e00000,0x00000000f2e00000,0x00000000f3780000)
 ParOldGen       total 38912K, used 12169K [0x00000000c1400000, 0x00000000c3a00000, 0x00000000eb180000)
  object space 38912K, 31% used [0x00000000c1400000,0x00000000c1fe2718,0x00000000c3a00000)
 Metaspace       used 26723K, capacity 27032K, committed 27136K, reserved 1073152K
  class space    used 3439K, capacity 3513K, committed 3584K, reserved 1048576K
Event: 15.969 GC heap after
Heap after GC invocations=8 (full 1):
 PSYoungGen      total 137216K, used 8002K [0x00000000eb180000, 0x00000000fa280000, 0x0000000100000000)
  eden space 127488K, 0% used [0x00000000eb180000,0x00000000eb180000,0x00000000f2e00000)
  from space 9728K, 82% used [0x00000000f2e00000,0x00000000f35d0920,0x00000000f3780000)
  to   space 10240K, 0% used [0x00000000f9880000,0x00000000f9880000,0x00000000fa280000)
 ParOldGen       total 38912K, used 12169K [0x00000000c1400000, 0x00000000c3a00000, 0x00000000eb180000)
  object space 38912K, 31% used [0x00000000c1400000,0x00000000c1fe2718,0x00000000c3a00000)
 Metaspace       used 26723K, capacity 27032K, committed 27136K, reserved 1073152K
  class space    used 3439K, capacity 3513K, committed 3584K, reserved 1048576K
}
Event: 22.571 GC heap before
{Heap before GC invocations=9 (full 1):
 PSYoungGen      total 137216K, used 135490K [0x00000000eb180000, 0x00000000fa280000, 0x0000000100000000)
  eden space 127488K, 100% used [0x00000000eb180000,0x00000000f2e00000,0x00000000f2e00000)
  from space 9728K, 82% used [0x00000000f2e00000,0x00000000f35d0920,0x00000000f3780000)
  to   space 10240K, 0% used [0x00000000f9880000,0x00000000f9880000,0x00000000fa280000)
 ParOldGen       total 38912K, used 12169K [0x00000000c1400000, 0x00000000c3a00000, 0x00000000eb180000)
  object space 38912K, 31% used [0x00000000c1400000,0x00000000c1fe2718,0x00000000c3a00000)
 Metaspace       used 32421K, capacity 32766K, committed 33024K, reserved 1077248K
  class space    used 4133K, capacity 4234K, committed 4352K, reserved 1048576K
Event: 22.598 GC heap after
Heap after GC invocations=9 (full 1):
 PSYoungGen      total 233472K, used 10230K [0x00000000eb180000, 0x00000000fae80000, 0x0000000100000000)
  eden space 223232K, 0% used [0x00000000eb180000,0x00000000eb180000,0x00000000f8b80000)
  from space 10240K, 99% used [0x00000000f9880000,0x00000000fa27db60,0x00000000fa280000)
  to   space 13312K, 0% used [0x00000000f8b80000,0x00000000f8b80000,0x00000000f9880000)
 ParOldGen       total 38912K, used 15793K [0x00000000c1400000, 0x00000000c3a00000, 0x00000000eb180000)
  object space 38912K, 40% used [0x00000000c1400000,0x00000000c236c7e8,0x00000000c3a00000)
 Metaspace       used 32421K, capacity 32766K, committed 33024K, reserved 1077248K
  class space    used 4133K, capacity 4234K, committed 4352K, reserved 1048576K
}
Event: 31.766 GC heap before
{Heap before GC invocations=10 (full 1):
 PSYoungGen      total 233472K, used 168269K [0x00000000eb180000, 0x00000000fae80000, 0x0000000100000000)
  eden space 223232K, 70% used [0x00000000eb180000,0x00000000f4bd5980,0x00000000f8b80000)
  from space 10240K, 99% used [0x00000000f9880000,0x00000000fa27db60,0x00000000fa280000)
  to   space 13312K, 0% used [0x00000000f8b80000,0x00000000f8b80000,0x00000000f9880000)
 ParOldGen       total 38912K, used 15793K [0x00000000c1400000, 0x00000000c3a00000, 0x00000000eb180000)
  object space 38912K, 40% used [0x00000000c1400000,0x00000000c236c7e8,0x00000000c3a00000)
 Metaspace       used 34903K, capacity 35300K, committed 35496K, reserved 1081344K
  class space    used 4468K, capacity 4571K, committed 4608K, reserved 1048576K
Event: 31.808 GC heap after
Heap after GC invocations=10 (full 1):
 PSYoungGen      total 236544K, used 13309K [0x00000000eb180000, 0x0000000100000000, 0x0000000100000000)
  eden space 223232K, 0% used [0x00000000eb180000,0x00000000eb180000,0x00000000f8b80000)
  from space 13312K, 99% used [0x00000000f8b80000,0x00000000f987f638,0x00000000f9880000)
  to   space 16896K, 0% used [0x00000000fef80000,0x00000000fef80000,0x0000000100000000)
 ParOldGen       total 38912K, used 19151K [0x00000000c1400000, 0x00000000c3a00000, 0x00000000eb180000)
  object space 38912K, 49% used [0x00000000c1400000,0x00000000c26b3ea0,0x00000000c3a00000)
 Metaspace       used 34903K, capacity 35300K, committed 35496K, reserved 1081344K
  class space    used 4468K, capacity 4571K, committed 4608K, reserved 1048576K
}
Event: 31.808 GC heap before
{Heap before GC invocations=11 (full 2):
 PSYoungGen      total 236544K, used 13309K [0x00000000eb180000, 0x0000000100000000, 0x0000000100000000)
  eden space 223232K, 0% used [0x00000000eb180000,0x00000000eb180000,0x00000000f8b80000)
  from space 13312K, 99% used [0x00000000f8b80000,0x00000000f987f638,0x00000000f9880000)
  to   space 16896K, 0% used [0x00000000fef80000,0x00000000fef80000,0x0000000100000000)
 ParOldGen       total 38912K, used 19151K [0x00000000c1400000, 0x00000000c3a00000, 0x00000000eb180000)
  object space 38912K, 49% used [0x00000000c1400000,0x00000000c26b3ea0,0x00000000c3a00000)
 Metaspace       used 34903K, capacity 35300K, committed 35496K, reserved 1081344K
  class space    used 4468K, capacity 4571K, committed 4608K, reserved 1048576K
Event: 32.308 GC heap after
Heap after GC invocations=11 (full 2):
 PSYoungGen      total 236544K, used 0K [0x00000000eb180000, 0x0000000100000000, 0x0000000100000000)
  eden space 223232K, 0% used [0x00000000eb180000,0x00000000eb180000,0x00000000f8b80000)
  from space 13312K, 0% used [0x00000000f8b80000,0x00000000f8b80000,0x00000000f9880000)
  to   space 16896K, 0% used [0x00000000fef80000,0x00000000fef80000,0x0000000100000000)
 ParOldGen       total 59392K, used 24425K [0x00000000c1400000, 0x00000000c4e00000, 0x00000000eb180000)
  object space 59392K, 41% used [0x00000000c1400000,0x00000000c2bda7a0,0x00000000c4e00000)
 Metaspace       used 34903K, capacity 35300K, committed 35496K, reserved 1081344K
  class space    used 4468K, capacity 4571K, committed 4608K, reserved 1048576K
}
Event: 37.051 GC heap before
{Heap before GC invocations=12 (full 2):
 PSYoungGen      total 236544K, used 223232K [0x00000000eb180000, 0x0000000100000000, 0x0000000100000000)
  eden space 223232K, 100% used [0x00000000eb180000,0x00000000f8b80000,0x00000000f8b80000)
  from space 13312K, 0% used [0x00000000f8b80000,0x00000000f8b80000,0x00000000f9880000)
  to   space 16896K, 0% used [0x00000000fef80000,0x00000000fef80000,0x0000000100000000)
 ParOldGen       total 59392K, used 24425K [0x00000000c1400000, 0x00000000c4e00000, 0x00000000eb180000)
  object space 59392K, 41% used [0x00000000c1400000,0x00000000c2bda7a0,0x00000000c4e00000)
 Metaspace       used 37711K, capacity 38462K, committed 38528K, reserved 1083392K
  class space    used 4815K, capacity 4982K, committed 4992K, reserved 1048576K
Event: 37.155 GC heap after
Heap after GC invocations=12 (full 2):
 PSYoungGen      total 309760K, used 9679K [0x00000000eb180000, 0x00000000ff900000, 0x0000000100000000)
  eden space 300032K, 0% used [0x00000000eb180000,0x00000000eb180000,0x00000000fd680000)
  from space 9728K, 99% used [0x00000000fef80000,0x00000000ff8f3c00,0x00000000ff900000)
  to   space 16384K, 0% used [0x00000000fd900000,0x00000000fd900000,0x00000000fe900000)
 ParOldGen       total 59392K, used 24433K [0x00000000c1400000, 0x00000000c4e00000, 0x00000000eb180000)
  object space 59392K, 41% used [0x00000000c1400000,0x00000000c2bdc7a0,0x00000000c4e00000)
 Metaspace       used 37711K, capacity 38462K, committed 38528K, reserved 1083392K
  class space    used 4815K, capacity 4982K, committed 4992K, reserved 1048576K
}

