# JRE version: Java(TM) SE Runtime Environment (8.0_91-b15) (build 1.8.0_91-b15)
# Java VM: Java HotSpot(TM) 64-Bit Server VM (25.91-b15 mixed mode windows-amd64 compressed oops)
Heap:
 PSYoungGen      total 130048K, used 61916K [0x00000000eb180000, 0x00000000f4100000, 0x0000000100000000)
  eden space 124928K, 45% used [0x00000000eb180000,0x00000000ee961420,0x00000000f2b80000)
  from space 5120K, 91% used [0x00000000f3c00000,0x00000000f4095d30,0x00000000f4100000)
  to   space 10240K, 0% used [0x00000000f2d00000,0x00000000f2d00000,0x00000000f3700000)
 ParOldGen       total 34304K, used 8565K [0x00000000c1400000, 0x00000000c3580000, 0x00000000eb180000)
  object space 34304K, 24% used [0x00000000c1400000,0x00000000c1c5d4e0,0x00000000c3580000)
 Metaspace       used 24171K, capacity 24468K, committed 24704K, reserved 1071104K
  class space    used 3057K, capacity 3155K, committed 3200K, reserved 1048576K
GC Heap History (10 events):
Event: 5.285 GC heap before
{Heap before GC invocations=3 (full 0):
 PSYoungGen      total 35328K, used 35299K [0x00000000eb180000, 0x00000000ed680000, 0x0000000100000000)
  eden space 32768K, 100% used [0x00000000eb180000,0x00000000ed180000,0x00000000ed180000)
  from space 2560K, 98% used [0x00000000ed400000,0x00000000ed678da8,0x00000000ed680000)
  to   space 2560K, 0% used [0x00000000ed180000,0x00000000ed180000,0x00000000ed400000)
 ParOldGen       total 44032K, used 3271K [0x00000000c1400000, 0x00000000c3f00000, 0x00000000eb180000)
  object space 44032K, 7% used [0x00000000c1400000,0x00000000c1731e20,0x00000000c3f00000)
 Metaspace       used 15019K, capacity 15244K, committed 15488K, reserved 1062912K
  class space    used 1876K, capacity 1920K, committed 1920K, reserved 1048576K
Event: 5.301 GC heap after
Heap after GC invocations=3 (full 0):
 PSYoungGen      total 35328K, used 2547K [0x00000000eb180000, 0x00000000ef680000, 0x0000000100000000)
  eden space 32768K, 0% used [0x00000000eb180000,0x00000000eb180000,0x00000000ed180000)
  from space 2560K, 99% used [0x00000000ed180000,0x00000000ed3fcd98,0x00000000ed400000)
  to   space 2560K, 0% used [0x00000000ef400000,0x00000000ef400000,0x00000000ef680000)
 ParOldGen       total 44032K, used 9722K [0x00000000c1400000, 0x00000000c3f00000, 0x00000000eb180000)
  object space 44032K, 22% used [0x00000000c1400000,0x00000000c1d7e838,0x00000000c3f00000)
 Metaspace       used 15019K, capacity 15244K, committed 15488K, reserved 1062912K
  class space    used 1876K, capacity 1920K, committed 1920K, reserved 1048576K
}
Event: 6.370 GC heap before
{Heap before GC invocations=4 (full 0):
 PSYoungGen      total 35328K, used 35315K [0x00000000eb180000, 0x00000000ef680000, 0x0000000100000000)
  eden space 32768K, 100% used [0x00000000eb180000,0x00000000ed180000,0x00000000ed180000)
  from space 2560K, 99% used [0x00000000ed180000,0x00000000ed3fcd98,0x00000000ed400000)
  to   space 2560K, 0% used [0x00000000ef400000,0x00000000ef400000,0x00000000ef680000)
 ParOldGen       total 44032K, used 9722K [0x00000000c1400000, 0x00000000c3f00000, 0x00000000eb180000)
  object space 44032K, 22% used [0x00000000c1400000,0x00000000c1d7e838,0x00000000c3f00000)
 Metaspace       used 20733K, capacity 21066K, committed 21120K, reserved 1067008K
  class space    used 2580K, capacity 2668K, committed 2688K, reserved 1048576K
Event: 6.396 GC heap after
Heap after GC invocations=4 (full 0):
 PSYoungGen      total 68096K, used 2547K [0x00000000eb180000, 0x00000000ef680000, 0x0000000100000000)
  eden space 65536K, 0% used [0x00000000eb180000,0x00000000eb180000,0x00000000ef180000)
  from space 2560K, 99% used [0x00000000ef400000,0x00000000ef67cdb8,0x00000000ef680000)
  to   space 2560K, 0% used [0x00000000ef180000,0x00000000ef180000,0x00000000ef400000)
 ParOldGen       total 44032K, used 14839K [0x00000000c1400000, 0x00000000c3f00000, 0x00000000eb180000)
  object space 44032K, 33% used [0x00000000c1400000,0x00000000c227df68,0x00000000c3f00000)
 Metaspace       used 20733K, capacity 21066K, committed 21120K, reserved 1067008K
  class space    used 2580K, capacity 2668K, committed 2688K, reserved 1048576K
}
Event: 6.426 GC heap before
{Heap before GC invocations=5 (full 0):
 PSYoungGen      total 68096K, used 4008K [0x00000000eb180000, 0x00000000ef680000, 0x0000000100000000)
  eden space 65536K, 2% used [0x00000000eb180000,0x00000000eb2ed458,0x00000000ef180000)
  from space 2560K, 99% used [0x00000000ef400000,0x00000000ef67cdb8,0x00000000ef680000)
  to   space 2560K, 0% used [0x00000000ef180000,0x00000000ef180000,0x00000000ef400000)
 ParOldGen       total 44032K, used 14839K [0x00000000c1400000, 0x00000000c3f00000, 0x00000000eb180000)
  object space 44032K, 33% used [0x00000000c1400000,0x00000000c227df68,0x00000000c3f00000)
 Metaspace       used 20849K, capacity 21130K, committed 21296K, reserved 1069056K
  class space    used 2594K, capacity 2668K, committed 2688K, reserved 1048576K
Event: 6.440 GC heap after
Heap after GC invocations=5 (full 0):
 PSYoungGen      total 68096K, used 2531K [0x00000000eb180000, 0x00000000f4680000, 0x0000000100000000)
  eden space 65536K, 0% used [0x00000000eb180000,0x00000000eb180000,0x00000000ef180000)
  from space 2560K, 98% used [0x00000000ef180000,0x00000000ef3f8de8,0x00000000ef400000)
  to   space 10752K, 0% used [0x00000000f3c00000,0x00000000f3c00000,0x00000000f4680000)
 ParOldGen       total 44032K, used 14963K [0x00000000c1400000, 0x00000000c3f00000, 0x00000000eb180000)
  object space 44032K, 33% used [0x00000000c1400000,0x00000000c229cca8,0x00000000c3f00000)
 Metaspace       used 20849K, capacity 21130K, committed 21296K, reserved 1069056K
  class space    used 2594K, capacity 2668K, committed 2688K, reserved 1048576K
}
Event: 6.440 GC heap before
{Heap before GC invocations=6 (full 1):
 PSYoungGen      total 68096K, used 2531K [0x00000000eb180000, 0x00000000f4680000, 0x0000000100000000)
  eden space 65536K, 0% used [0x00000000eb180000,0x00000000eb180000,0x00000000ef180000)
  from space 2560K, 98% used [0x00000000ef180000,0x00000000ef3f8de8,0x00000000ef400000)
  to   space 10752K, 0% used [0x00000000f3c00000,0x00000000f3c00000,0x00000000f4680000)
 ParOldGen       total 44032K, used 14963K [0x00000000c1400000, 0x00000000c3f00000, 0x00000000eb180000)
  object space 44032K, 33% used [0x00000000c1400000,0x00000000c229cca8,0x00000000c3f00000)
 Metaspace       used 20849K, capacity 21130K, committed 21296K, reserved 1069056K
  class space    used 2594K, capacity 2668K, committed 2688K, reserved 1048576K
Event: 6.486 GC heap after
Heap after GC invocations=6 (full 1):
 PSYoungGen      total 68096K, used 0K [0x00000000eb180000, 0x00000000f4680000, 0x0000000100000000)
  eden space 65536K, 0% used [0x00000000eb180000,0x00000000eb180000,0x00000000ef180000)
  from space 2560K, 0% used [0x00000000ef180000,0x00000000ef180000,0x00000000ef400000)
  to   space 10752K, 0% used [0x00000000f3c00000,0x00000000f3c00000,0x00000000f4680000)
 ParOldGen       total 34304K, used 8557K [0x00000000c1400000, 0x00000000c3580000, 0x00000000eb180000)
  object space 34304K, 24% used [0x00000000c1400000,0x00000000c1c5b4e0,0x00000000c3580000)
 Metaspace       used 20849K, capacity 21130K, committed 21296K, reserved 1069056K
  class space    used 2594K, capacity 2668K, committed 2688K, reserved 1048576K
}
Event: 9.379 GC heap before
{Heap before GC invocations=7 (full 1):
 PSYoungGen      total 68096K, used 65536K [0x00000000eb180000, 0x00000000f4680000, 0x0000000100000000)
  eden space 65536K, 100% used [0x00000000eb180000,0x00000000ef180000,0x00000000ef180000)
  from space 2560K, 0% used [0x00000000ef180000,0x00000000ef180000,0x00000000ef400000)
  to   space 10752K, 0% used [0x00000000f3c00000,0x00000000f3c00000,0x00000000f4680000)
 ParOldGen       total 34304K, used 8557K [0x00000000c1400000, 0x00000000c3580000, 0x00000000eb180000)
  object space 34304K, 24% used [0x00000000c1400000,0x00000000c1c5b4e0,0x00000000c3580000)
 Metaspace       used 23713K, capacity 24002K, committed 24192K, reserved 1071104K
  class space    used 2999K, capacity 3088K, committed 3200K, reserved 1048576K
Event: 9.398 GC heap after
Heap after GC invocations=7 (full 1):
 PSYoungGen      total 130048K, used 4695K [0x00000000eb180000, 0x00000000f4100000, 0x0000000100000000)
  eden space 124928K, 0% used [0x00000000eb180000,0x00000000eb180000,0x00000000f2b80000)
  from space 5120K, 91% used [0x00000000f3c00000,0x00000000f4095d30,0x00000000f4100000)
  to   space 10240K, 0% used [0x00000000f2d00000,0x00000000f2d00000,0x00000000f3700000)
 ParOldGen       total 34304K, used 8565K [0x00000000c1400000, 0x00000000c3580000, 0x00000000eb180000)
  object space 34304K, 24% used [0x00000000c1400000,0x00000000c1c5d4e0,0x00000000c3580000)
 Metaspace       used 23713K, capacity 24002K, committed 24192K, reserved 1071104K
  class space    used 2999K, capacity 3088K, committed 3200K, reserved 1048576K
}

