# JRE version: Java(TM) SE Runtime Environment (8.0_91-b15) (build 1.8.0_91-b15)
# Java VM: Java HotSpot(TM) 64-Bit Server VM (25.91-b15 mixed mode windows-amd64 compressed oops)
Heap:
 PSYoungGen      total 100864K, used 78720K [0x00000000eb180000, 0x00000000f3d80000, 0x0000000100000000)
  eden space 92672K, 84% used [0x00000000eb180000,0x00000000efe601a0,0x00000000f0c00000)
  from space 8192K, 0% used [0x00000000f0c00000,0x00000000f0c00000,0x00000000f1400000)
  to   space 7680K, 0% used [0x00000000f3600000,0x00000000f3600000,0x00000000f3d80000)
 ParOldGen       total 41984K, used 18857K [0x00000000c1400000, 0x00000000c3d00000, 0x00000000eb180000)
  object space 41984K, 44% used [0x00000000c1400000,0x00000000c266a490,0x00000000c3d00000)
 Metaspace       used 40465K, capacity 41189K, committed 41344K, reserved 1085440K
  class space    used 5040K, capacity 5211K, committed 5248K, reserved 1048576K
GC Heap History (10 events):
Event: 62.263 GC heap before
{Heap before GC invocations=17 (full 1):
 PSYoungGen      total 50176K, used 45809K [0x00000000eb180000, 0x00000000f0200000, 0x0000000100000000)
  eden space 42496K, 100% used [0x00000000eb180000,0x00000000edb00000,0x00000000edb00000)
  from space 7680K, 43% used [0x00000000edb00000,0x00000000ede3c628,0x00000000ee280000)
  to   space 7680K, 0% used [0x00000000efa80000,0x00000000efa80000,0x00000000f0200000)
 ParOldGen       total 32256K, used 14729K [0x00000000c1400000, 0x00000000c3380000, 0x00000000eb180000)
  object space 32256K, 45% used [0x00000000c1400000,0x00000000c22625c0,0x00000000c3380000)
 Metaspace       used 29150K, capacity 29547K, committed 29696K, reserved 1075200K
  class space    used 3664K, capacity 3757K, committed 3840K, reserved 1048576K
Event: 62.441 GC heap after
Heap after GC invocations=17 (full 1):
 PSYoungGen      total 73728K, used 3879K [0x00000000eb180000, 0x00000000f0100000, 0x0000000100000000)
  eden space 67072K, 0% used [0x00000000eb180000,0x00000000eb180000,0x00000000ef300000)
  from space 6656K, 58% used [0x00000000efa80000,0x00000000efe49fe0,0x00000000f0100000)
  to   space 7168K, 0% used [0x00000000ef300000,0x00000000ef300000,0x00000000efa00000)
 ParOldGen       total 32256K, used 16982K [0x00000000c1400000, 0x00000000c3380000, 0x00000000eb180000)
  object space 32256K, 52% used [0x00000000c1400000,0x00000000c24958f0,0x00000000c3380000)
 Metaspace       used 29150K, capacity 29547K, committed 29696K, reserved 1075200K
  class space    used 3664K, capacity 3757K, committed 3840K, reserved 1048576K
}
Event: 66.441 GC heap before
{Heap before GC invocations=18 (full 1):
 PSYoungGen      total 73728K, used 70951K [0x00000000eb180000, 0x00000000f0100000, 0x0000000100000000)
  eden space 67072K, 100% used [0x00000000eb180000,0x00000000ef300000,0x00000000ef300000)
  from space 6656K, 58% used [0x00000000efa80000,0x00000000efe49fe0,0x00000000f0100000)
  to   space 7168K, 0% used [0x00000000ef300000,0x00000000ef300000,0x00000000efa00000)
 ParOldGen       total 32256K, used 16982K [0x00000000c1400000, 0x00000000c3380000, 0x00000000eb180000)
  object space 32256K, 52% used [0x00000000c1400000,0x00000000c24958f0,0x00000000c3380000)
 Metaspace       used 31330K, capacity 31761K, committed 32000K, reserved 1077248K
  class space    used 3914K, capacity 4030K, committed 4096K, reserved 1048576K
Event: 66.532 GC heap after
Heap after GC invocations=18 (full 1):
 PSYoungGen      total 74240K, used 5380K [0x00000000eb180000, 0x00000000f1b80000, 0x0000000100000000)
  eden space 67072K, 0% used [0x00000000eb180000,0x00000000eb180000,0x00000000ef300000)
  from space 7168K, 75% used [0x00000000ef300000,0x00000000ef841228,0x00000000efa00000)
  to   space 7680K, 0% used [0x00000000f1400000,0x00000000f1400000,0x00000000f1b80000)
 ParOldGen       total 32256K, used 18851K [0x00000000c1400000, 0x00000000c3380000, 0x00000000eb180000)
  object space 32256K, 58% used [0x00000000c1400000,0x00000000c2668f18,0x00000000c3380000)
 Metaspace       used 31330K, capacity 31761K, committed 32000K, reserved 1077248K
  class space    used 3914K, capacity 4030K, committed 4096K, reserved 1048576K
}
Event: 72.322 GC heap before
{Heap before GC invocations=19 (full 1):
 PSYoungGen      total 74240K, used 72452K [0x00000000eb180000, 0x00000000f1b80000, 0x0000000100000000)
  eden space 67072K, 100% used [0x00000000eb180000,0x00000000ef300000,0x00000000ef300000)
  from space 7168K, 75% used [0x00000000ef300000,0x00000000ef841228,0x00000000efa00000)
  to   space 7680K, 0% used [0x00000000f1400000,0x00000000f1400000,0x00000000f1b80000)
 ParOldGen       total 32256K, used 18851K [0x00000000c1400000, 0x00000000c3380000, 0x00000000eb180000)
  object space 32256K, 58% used [0x00000000c1400000,0x00000000c2668f18,0x00000000c3380000)
 Metaspace       used 32866K, capacity 33361K, committed 33408K, reserved 1079296K
  class space    used 4116K, capacity 4218K, committed 4224K, reserved 1048576K
Event: 72.452 GC heap after
Heap after GC invocations=19 (full 1):
 PSYoungGen      total 100352K, used 5024K [0x00000000eb180000, 0x00000000f1c80000, 0x0000000100000000)
  eden space 92672K, 0% used [0x00000000eb180000,0x00000000eb180000,0x00000000f0c00000)
  from space 7680K, 65% used [0x00000000f1400000,0x00000000f18e8000,0x00000000f1b80000)
  to   space 8192K, 0% used [0x00000000f0c00000,0x00000000f0c00000,0x00000000f1400000)
 ParOldGen       total 32256K, used 23152K [0x00000000c1400000, 0x00000000c3380000, 0x00000000eb180000)
  object space 32256K, 71% used [0x00000000c1400000,0x00000000c2a9c208,0x00000000c3380000)
 Metaspace       used 32866K, capacity 33361K, committed 33408K, reserved 1079296K
  class space    used 4116K, capacity 4218K, committed 4224K, reserved 1048576K
}
Event: 85.792 GC heap before
{Heap before GC invocations=20 (full 1):
 PSYoungGen      total 100352K, used 93828K [0x00000000eb180000, 0x00000000f1c80000, 0x0000000100000000)
  eden space 92672K, 95% used [0x00000000eb180000,0x00000000f08392d8,0x00000000f0c00000)
  from space 7680K, 65% used [0x00000000f1400000,0x00000000f18e8000,0x00000000f1b80000)
  to   space 8192K, 0% used [0x00000000f0c00000,0x00000000f0c00000,0x00000000f1400000)
 ParOldGen       total 32256K, used 23152K [0x00000000c1400000, 0x00000000c3380000, 0x00000000eb180000)
  object space 32256K, 71% used [0x00000000c1400000,0x00000000c2a9c208,0x00000000c3380000)
 Metaspace       used 34707K, capacity 35381K, committed 35456K, reserved 1081344K
  class space    used 4315K, capacity 4460K, committed 4480K, reserved 1048576K
Event: 85.816 GC heap after
Heap after GC invocations=20 (full 1):
 PSYoungGen      total 100864K, used 2394K [0x00000000eb180000, 0x00000000f3d80000, 0x0000000100000000)
  eden space 92672K, 0% used [0x00000000eb180000,0x00000000eb180000,0x00000000f0c00000)
  from space 8192K, 29% used [0x00000000f0c00000,0x00000000f0e56bf8,0x00000000f1400000)
  to   space 7680K, 0% used [0x00000000f3600000,0x00000000f3600000,0x00000000f3d80000)
 ParOldGen       total 32256K, used 25248K [0x00000000c1400000, 0x00000000c3380000, 0x00000000eb180000)
  object space 32256K, 78% used [0x00000000c1400000,0x00000000c2ca8098,0x00000000c3380000)
 Metaspace       used 34707K, capacity 35381K, committed 35456K, reserved 1081344K
  class space    used 4315K, capacity 4460K, committed 4480K, reserved 1048576K
}
Event: 85.816 GC heap before
{Heap before GC invocations=21 (full 2):
 PSYoungGen      total 100864K, used 2394K [0x00000000eb180000, 0x00000000f3d80000, 0x0000000100000000)
  eden space 92672K, 0% used [0x00000000eb180000,0x00000000eb180000,0x00000000f0c00000)
  from space 8192K, 29% used [0x00000000f0c00000,0x00000000f0e56bf8,0x00000000f1400000)
  to   space 7680K, 0% used [0x00000000f3600000,0x00000000f3600000,0x00000000f3d80000)
 ParOldGen       total 32256K, used 25248K [0x00000000c1400000, 0x00000000c3380000, 0x00000000eb180000)
  object space 32256K, 78% used [0x00000000c1400000,0x00000000c2ca8098,0x00000000c3380000)
 Metaspace       used 34707K, capacity 35381K, committed 35456K, reserved 1081344K
  class space    used 4315K, capacity 4460K, committed 4480K, reserved 1048576K
Event: 85.933 GC heap after
Heap after GC invocations=21 (full 2):
 PSYoungGen      total 100864K, used 0K [0x00000000eb180000, 0x00000000f3d80000, 0x0000000100000000)
  eden space 92672K, 0% used [0x00000000eb180000,0x00000000eb180000,0x00000000f0c00000)
  from space 8192K, 0% used [0x00000000f0c00000,0x00000000f0c00000,0x00000000f1400000)
  to   space 7680K, 0% used [0x00000000f3600000,0x00000000f3600000,0x00000000f3d80000)
 ParOldGen       total 41984K, used 18857K [0x00000000c1400000, 0x00000000c3d00000, 0x00000000eb180000)
  object space 41984K, 44% used [0x00000000c1400000,0x00000000c266a490,0x00000000c3d00000)
 Metaspace       used 34707K, capacity 35381K, committed 35456K, reserved 1081344K
  class space    used 4315K, capacity 4460K, committed 4480K, reserved 1048576K
}

