# JRE version: Java(TM) SE Runtime Environment (8.0_91-b15) (build 1.8.0_91-b15)
# Java VM: Java HotSpot(TM) 64-Bit Server VM (25.91-b15 mixed mode windows-amd64 compressed oops)
Heap:
 PSYoungGen      total 245248K, used 176327K [0x00000000eb180000, 0x00000000fb100000, 0x0000000100000000)
  eden space 235520K, 74% used [0x00000000eb180000,0x00000000f5db1d98,0x00000000f9780000)
  from space 9728K, 0% used [0x00000000fa380000,0x00000000fa380000,0x00000000fad00000)
  to   space 12288K, 0% used [0x00000000f9780000,0x00000000f9780000,0x00000000fa380000)
 ParOldGen       total 57856K, used 26598K [0x00000000c1400000, 0x00000000c4c80000, 0x00000000eb180000)
  object space 57856K, 45% used [0x00000000c1400000,0x00000000c2df99d8,0x00000000c4c80000)
 Metaspace       used 44117K, capacity 44802K, committed 45056K, reserved 1089536K
  class space    used 5651K, capacity 5807K, committed 5888K, reserved 1048576K
GC Heap History (10 events):
Event: 5.068 GC heap before
{Heap before GC invocations=8 (full 1):
 PSYoungGen      total 130560K, used 130363K [0x00000000eb180000, 0x00000000f4100000, 0x0000000100000000)
  eden space 125440K, 100% used [0x00000000eb180000,0x00000000f2c00000,0x00000000f2c00000)
  from space 5120K, 96% used [0x00000000f3c00000,0x00000000f40ced08,0x00000000f4100000)
  to   space 10240K, 0% used [0x00000000f2d00000,0x00000000f2d00000,0x00000000f3700000)
 ParOldGen       total 36864K, used 11141K [0x00000000c1400000, 0x00000000c3800000, 0x00000000eb180000)
  object space 36864K, 30% used [0x00000000c1400000,0x00000000c1ee1478,0x00000000c3800000)
 Metaspace       used 24922K, capacity 25300K, committed 25600K, reserved 1071104K
  class space    used 3152K, capacity 3257K, committed 3328K, reserved 1048576K
Event: 5.099 GC heap after
Heap after GC invocations=8 (full 1):
 PSYoungGen      total 136704K, used 6239K [0x00000000eb180000, 0x00000000fad00000, 0x0000000100000000)
  eden space 126464K, 0% used [0x00000000eb180000,0x00000000eb180000,0x00000000f2d00000)
  from space 10240K, 60% used [0x00000000f2d00000,0x00000000f3317ce8,0x00000000f3700000)
  to   space 9728K, 0% used [0x00000000fa380000,0x00000000fa380000,0x00000000fad00000)
 ParOldGen       total 36864K, used 11149K [0x00000000c1400000, 0x00000000c3800000, 0x00000000eb180000)
  object space 36864K, 30% used [0x00000000c1400000,0x00000000c1ee3478,0x00000000c3800000)
 Metaspace       used 24922K, capacity 25300K, committed 25600K, reserved 1071104K
  class space    used 3152K, capacity 3257K, committed 3328K, reserved 1048576K
}
Event: 6.817 GC heap before
{Heap before GC invocations=9 (full 1):
 PSYoungGen      total 136704K, used 132703K [0x00000000eb180000, 0x00000000fad00000, 0x0000000100000000)
  eden space 126464K, 100% used [0x00000000eb180000,0x00000000f2d00000,0x00000000f2d00000)
  from space 10240K, 60% used [0x00000000f2d00000,0x00000000f3317ce8,0x00000000f3700000)
  to   space 9728K, 0% used [0x00000000fa380000,0x00000000fa380000,0x00000000fad00000)
 ParOldGen       total 36864K, used 11149K [0x00000000c1400000, 0x00000000c3800000, 0x00000000eb180000)
  object space 36864K, 30% used [0x00000000c1400000,0x00000000c1ee3478,0x00000000c3800000)
 Metaspace       used 30116K, capacity 30472K, committed 30848K, reserved 1077248K
  class space    used 3773K, capacity 3879K, committed 3968K, reserved 1048576K
Event: 6.875 GC heap after
Heap after GC invocations=9 (full 1):
 PSYoungGen      total 245248K, used 9701K [0x00000000eb180000, 0x00000000fb100000, 0x0000000100000000)
  eden space 235520K, 0% used [0x00000000eb180000,0x00000000eb180000,0x00000000f9780000)
  from space 9728K, 99% used [0x00000000fa380000,0x00000000facf9410,0x00000000fad00000)
  to   space 12288K, 0% used [0x00000000f9780000,0x00000000f9780000,0x00000000fa380000)
 ParOldGen       total 36864K, used 14349K [0x00000000c1400000, 0x00000000c3800000, 0x00000000eb180000)
  object space 36864K, 38% used [0x00000000c1400000,0x00000000c2203530,0x00000000c3800000)
 Metaspace       used 30116K, capacity 30472K, committed 30848K, reserved 1077248K
  class space    used 3773K, capacity 3879K, committed 3968K, reserved 1048576K
}
Event: 9.544 GC heap before
{Heap before GC invocations=10 (full 1):
 PSYoungGen      total 245248K, used 245221K [0x00000000eb180000, 0x00000000fb100000, 0x0000000100000000)
  eden space 235520K, 100% used [0x00000000eb180000,0x00000000f9780000,0x00000000f9780000)
  from space 9728K, 99% used [0x00000000fa380000,0x00000000facf9410,0x00000000fad00000)
  to   space 12288K, 0% used [0x00000000f9780000,0x00000000f9780000,0x00000000fa380000)
 ParOldGen       total 36864K, used 14349K [0x00000000c1400000, 0x00000000c3800000, 0x00000000eb180000)
  object space 36864K, 38% used [0x00000000c1400000,0x00000000c2203530,0x00000000c3800000)
 Metaspace       used 34465K, capacity 34852K, committed 34944K, reserved 1079296K
  class space    used 4331K, capacity 4417K, committed 4480K, reserved 1048576K
Event: 9.579 GC heap after
Heap after GC invocations=10 (full 1):
 PSYoungGen      total 247808K, used 12270K [0x00000000eb180000, 0x00000000fb100000, 0x0000000100000000)
  eden space 235520K, 0% used [0x00000000eb180000,0x00000000eb180000,0x00000000f9780000)
  from space 12288K, 99% used [0x00000000f9780000,0x00000000fa37bbe8,0x00000000fa380000)
  to   space 9728K, 0% used [0x00000000fa380000,0x00000000fa380000,0x00000000fad00000)
 ParOldGen       total 36864K, used 23318K [0x00000000c1400000, 0x00000000c3800000, 0x00000000eb180000)
  object space 36864K, 63% used [0x00000000c1400000,0x00000000c2ac5a78,0x00000000c3800000)
 Metaspace       used 34465K, capacity 34852K, committed 34944K, reserved 1079296K
  class space    used 4331K, capacity 4417K, committed 4480K, reserved 1048576K
}
Event: 9.730 GC heap before
{Heap before GC invocations=11 (full 1):
 PSYoungGen      total 247808K, used 33687K [0x00000000eb180000, 0x00000000fb100000, 0x0000000100000000)
  eden space 235520K, 9% used [0x00000000eb180000,0x00000000ec66a1f8,0x00000000f9780000)
  from space 12288K, 99% used [0x00000000f9780000,0x00000000fa37bbe8,0x00000000fa380000)
  to   space 9728K, 0% used [0x00000000fa380000,0x00000000fa380000,0x00000000fad00000)
 ParOldGen       total 36864K, used 23318K [0x00000000c1400000, 0x00000000c3800000, 0x00000000eb180000)
  object space 36864K, 63% used [0x00000000c1400000,0x00000000c2ac5a78,0x00000000c3800000)
 Metaspace       used 34707K, capacity 35268K, committed 35416K, reserved 1081344K
  class space    used 4367K, capacity 4481K, committed 4608K, reserved 1048576K
Event: 9.902 GC heap after
Heap after GC invocations=11 (full 1):
 PSYoungGen      total 245248K, used 7395K [0x00000000eb180000, 0x00000000fb100000, 0x0000000100000000)
  eden space 235520K, 0% used [0x00000000eb180000,0x00000000eb180000,0x00000000f9780000)
  from space 9728K, 76% used [0x00000000fa380000,0x00000000faab8ea0,0x00000000fad00000)
  to   space 12288K, 0% used [0x00000000f9780000,0x00000000f9780000,0x00000000fa380000)
 ParOldGen       total 36864K, used 28885K [0x00000000c1400000, 0x00000000c3800000, 0x00000000eb180000)
  object space 36864K, 78% used [0x00000000c1400000,0x00000000c30356b0,0x00000000c3800000)
 Metaspace       used 34707K, capacity 35268K, committed 35416K, reserved 1081344K
  class space    used 4367K, capacity 4481K, committed 4608K, reserved 1048576K
}
Event: 9.902 GC heap before
{Heap before GC invocations=12 (full 2):
 PSYoungGen      total 245248K, used 7395K [0x00000000eb180000, 0x00000000fb100000, 0x0000000100000000)
  eden space 235520K, 0% used [0x00000000eb180000,0x00000000eb180000,0x00000000f9780000)
  from space 9728K, 76% used [0x00000000fa380000,0x00000000faab8ea0,0x00000000fad00000)
  to   space 12288K, 0% used [0x00000000f9780000,0x00000000f9780000,0x00000000fa380000)
 ParOldGen       total 36864K, used 28885K [0x00000000c1400000, 0x00000000c3800000, 0x00000000eb180000)
  object space 36864K, 78% used [0x00000000c1400000,0x00000000c30356b0,0x00000000c3800000)
 Metaspace       used 34707K, capacity 35268K, committed 35416K, reserved 1081344K
  class space    used 4367K, capacity 4481K, committed 4608K, reserved 1048576K
Event: 10.255 GC heap after
Heap after GC invocations=12 (full 2):
 PSYoungGen      total 245248K, used 0K [0x00000000eb180000, 0x00000000fb100000, 0x0000000100000000)
  eden space 235520K, 0% used [0x00000000eb180000,0x00000000eb180000,0x00000000f9780000)
  from space 9728K, 0% used [0x00000000fa380000,0x00000000fa380000,0x00000000fad00000)
  to   space 12288K, 0% used [0x00000000f9780000,0x00000000f9780000,0x00000000fa380000)
 ParOldGen       total 57856K, used 26598K [0x00000000c1400000, 0x00000000c4c80000, 0x00000000eb180000)
  object space 57856K, 45% used [0x00000000c1400000,0x00000000c2df99d8,0x00000000c4c80000)
 Metaspace       used 34707K, capacity 35268K, committed 35416K, reserved 1081344K
  class space    used 4367K, capacity 4481K, committed 4608K, reserved 1048576K
}

