# JRE version: Java(TM) SE Runtime Environment (8.0_91-b15) (build 1.8.0_91-b15)
# Java VM: Java HotSpot(TM) 64-Bit Server VM (25.91-b15 mixed mode windows-amd64 compressed oops)
Heap:
 PSYoungGen      total 74752K, used 17838K [0x00000000eb180000, 0x00000000f0380000, 0x0000000100000000)
  eden space 65536K, 19% used [0x00000000eb180000,0x00000000ebdb49f0,0x00000000ef180000)
  from space 9216K, 57% used [0x00000000efa80000,0x00000000effb7198,0x00000000f0380000)
  to   space 9216K, 0% used [0x00000000ef180000,0x00000000ef180000,0x00000000efa80000)
 ParOldGen       total 32768K, used 11742K [0x00000000c1400000, 0x00000000c3400000, 0x00000000eb180000)
  object space 32768K, 35% used [0x00000000c1400000,0x00000000c1f779e0,0x00000000c3400000)
 Metaspace       used 28529K, capacity 28984K, committed 29184K, reserved 1075200K
  class space    used 3607K, capacity 3745K, committed 3840K, reserved 1048576K
GC Heap History (10 events):
Event: 5.554 GC heap before
{Heap before GC invocations=7 (full 1):
 PSYoungGen      total 74752K, used 2801K [0x00000000eb180000, 0x00000000f0380000, 0x0000000100000000)
  eden space 65536K, 0% used [0x00000000eb180000,0x00000000eb180000,0x00000000ef180000)
  from space 9216K, 30% used [0x00000000efa80000,0x00000000efd3c778,0x00000000f0380000)
  to   space 9216K, 0% used [0x00000000ef180000,0x00000000ef180000,0x00000000efa80000)
 ParOldGen       total 44032K, used 15123K [0x00000000c1400000, 0x00000000c3f00000, 0x00000000eb180000)
  object space 44032K, 34% used [0x00000000c1400000,0x00000000c22c4d68,0x00000000c3f00000)
 Metaspace       used 20853K, capacity 21156K, committed 21296K, reserved 1069056K
  class space    used 2608K, capacity 2679K, committed 2688K, reserved 1048576K
Event: 5.628 GC heap after
Heap after GC invocations=7 (full 1):
 PSYoungGen      total 74752K, used 0K [0x00000000eb180000, 0x00000000f0380000, 0x0000000100000000)
  eden space 65536K, 0% used [0x00000000eb180000,0x00000000eb180000,0x00000000ef180000)
  from space 9216K, 0% used [0x00000000efa80000,0x00000000efa80000,0x00000000f0380000)
  to   space 9216K, 0% used [0x00000000ef180000,0x00000000ef180000,0x00000000efa80000)
 ParOldGen       total 32768K, used 8646K [0x00000000c1400000, 0x00000000c3400000, 0x00000000eb180000)
  object space 32768K, 26% used [0x00000000c1400000,0x00000000c1c719e0,0x00000000c3400000)
 Metaspace       used 20853K, capacity 21156K, committed 21296K, reserved 1069056K
  class space    used 2608K, capacity 2679K, committed 2688K, reserved 1048576K
}
Event: 11.989 GC heap before
{Heap before GC invocations=8 (full 1):
 PSYoungGen      total 74752K, used 65536K [0x00000000eb180000, 0x00000000f0380000, 0x0000000100000000)
  eden space 65536K, 100% used [0x00000000eb180000,0x00000000ef180000,0x00000000ef180000)
  from space 9216K, 0% used [0x00000000efa80000,0x00000000efa80000,0x00000000f0380000)
  to   space 9216K, 0% used [0x00000000ef180000,0x00000000ef180000,0x00000000efa80000)
 ParOldGen       total 32768K, used 8646K [0x00000000c1400000, 0x00000000c3400000, 0x00000000eb180000)
  object space 32768K, 26% used [0x00000000c1400000,0x00000000c1c719e0,0x00000000c3400000)
 Metaspace       used 24226K, capacity 24582K, committed 24960K, reserved 1071104K
  class space    used 3068K, capacity 3150K, committed 3200K, reserved 1048576K
Event: 11.996 GC heap after
Heap after GC invocations=8 (full 1):
 PSYoungGen      total 74752K, used 4753K [0x00000000eb180000, 0x00000000f0380000, 0x0000000100000000)
  eden space 65536K, 0% used [0x00000000eb180000,0x00000000eb180000,0x00000000ef180000)
  from space 9216K, 51% used [0x00000000ef180000,0x00000000ef624718,0x00000000efa80000)
  to   space 9216K, 0% used [0x00000000efa80000,0x00000000efa80000,0x00000000f0380000)
 ParOldGen       total 32768K, used 8654K [0x00000000c1400000, 0x00000000c3400000, 0x00000000eb180000)
  object space 32768K, 26% used [0x00000000c1400000,0x00000000c1c739e0,0x00000000c3400000)
 Metaspace       used 24226K, capacity 24582K, committed 24960K, reserved 1071104K
  class space    used 3068K, capacity 3150K, committed 3200K, reserved 1048576K
}
Event: 12.253 GC heap before
{Heap before GC invocations=9 (full 1):
 PSYoungGen      total 74752K, used 70289K [0x00000000eb180000, 0x00000000f0380000, 0x0000000100000000)
  eden space 65536K, 100% used [0x00000000eb180000,0x00000000ef180000,0x00000000ef180000)
  from space 9216K, 51% used [0x00000000ef180000,0x00000000ef624718,0x00000000efa80000)
  to   space 9216K, 0% used [0x00000000efa80000,0x00000000efa80000,0x00000000f0380000)
 ParOldGen       total 32768K, used 8654K [0x00000000c1400000, 0x00000000c3400000, 0x00000000eb180000)
  object space 32768K, 26% used [0x00000000c1400000,0x00000000c1c739e0,0x00000000c3400000)
 Metaspace       used 24610K, capacity 24984K, committed 25344K, reserved 1071104K
  class space    used 3116K, capacity 3217K, committed 3328K, reserved 1048576K
Event: 12.261 GC heap after
Heap after GC invocations=9 (full 1):
 PSYoungGen      total 74752K, used 4079K [0x00000000eb180000, 0x00000000f0380000, 0x0000000100000000)
  eden space 65536K, 0% used [0x00000000eb180000,0x00000000eb180000,0x00000000ef180000)
  from space 9216K, 44% used [0x00000000efa80000,0x00000000efe7bc20,0x00000000f0380000)
  to   space 9216K, 0% used [0x00000000ef180000,0x00000000ef180000,0x00000000efa80000)
 ParOldGen       total 32768K, used 8662K [0x00000000c1400000, 0x00000000c3400000, 0x00000000eb180000)
  object space 32768K, 26% used [0x00000000c1400000,0x00000000c1c759e0,0x00000000c3400000)
 Metaspace       used 24610K, capacity 24984K, committed 25344K, reserved 1071104K
  class space    used 3116K, capacity 3217K, committed 3328K, reserved 1048576K
}
Event: 12.701 GC heap before
{Heap before GC invocations=10 (full 1):
 PSYoungGen      total 74752K, used 69615K [0x00000000eb180000, 0x00000000f0380000, 0x0000000100000000)
  eden space 65536K, 100% used [0x00000000eb180000,0x00000000ef180000,0x00000000ef180000)
  from space 9216K, 44% used [0x00000000efa80000,0x00000000efe7bc20,0x00000000f0380000)
  to   space 9216K, 0% used [0x00000000ef180000,0x00000000ef180000,0x00000000efa80000)
 ParOldGen       total 32768K, used 8662K [0x00000000c1400000, 0x00000000c3400000, 0x00000000eb180000)
  object space 32768K, 26% used [0x00000000c1400000,0x00000000c1c759e0,0x00000000c3400000)
 Metaspace       used 25859K, capacity 26230K, committed 26496K, reserved 1073152K
  class space    used 3270K, capacity 3350K, committed 3456K, reserved 1048576K
Event: 12.740 GC heap after
Heap after GC invocations=10 (full 1):
 PSYoungGen      total 74752K, used 6173K [0x00000000eb180000, 0x00000000f0380000, 0x0000000100000000)
  eden space 65536K, 0% used [0x00000000eb180000,0x00000000eb180000,0x00000000ef180000)
  from space 9216K, 66% used [0x00000000ef180000,0x00000000ef787498,0x00000000efa80000)
  to   space 9216K, 0% used [0x00000000efa80000,0x00000000efa80000,0x00000000f0380000)
 ParOldGen       total 32768K, used 8670K [0x00000000c1400000, 0x00000000c3400000, 0x00000000eb180000)
  object space 32768K, 26% used [0x00000000c1400000,0x00000000c1c779e0,0x00000000c3400000)
 Metaspace       used 25859K, capacity 26230K, committed 26496K, reserved 1073152K
  class space    used 3270K, capacity 3350K, committed 3456K, reserved 1048576K
}
Event: 16.769 GC heap before
{Heap before GC invocations=11 (full 1):
 PSYoungGen      total 74752K, used 71709K [0x00000000eb180000, 0x00000000f0380000, 0x0000000100000000)
  eden space 65536K, 100% used [0x00000000eb180000,0x00000000ef180000,0x00000000ef180000)
  from space 9216K, 66% used [0x00000000ef180000,0x00000000ef787498,0x00000000efa80000)
  to   space 9216K, 0% used [0x00000000efa80000,0x00000000efa80000,0x00000000f0380000)
 ParOldGen       total 32768K, used 8670K [0x00000000c1400000, 0x00000000c3400000, 0x00000000eb180000)
  object space 32768K, 26% used [0x00000000c1400000,0x00000000c1c779e0,0x00000000c3400000)
 Metaspace       used 28121K, capacity 28498K, committed 28800K, reserved 1075200K
  class space    used 3557K, capacity 3648K, committed 3712K, reserved 1048576K
Event: 16.788 GC heap after
Heap after GC invocations=11 (full 1):
 PSYoungGen      total 74752K, used 5340K [0x00000000eb180000, 0x00000000f0380000, 0x0000000100000000)
  eden space 65536K, 0% used [0x00000000eb180000,0x00000000eb180000,0x00000000ef180000)
  from space 9216K, 57% used [0x00000000efa80000,0x00000000effb7198,0x00000000f0380000)
  to   space 9216K, 0% used [0x00000000ef180000,0x00000000ef180000,0x00000000efa80000)
 ParOldGen       total 32768K, used 11742K [0x00000000c1400000, 0x00000000c3400000, 0x00000000eb180000)
  object space 32768K, 35% used [0x00000000c1400000,0x00000000c1f779e0,0x00000000c3400000)
 Metaspace       used 28121K, capacity 28498K, committed 28800K, reserved 1075200K
  class space    used 3557K, capacity 3648K, committed 3712K, reserved 1048576K
}

