# JRE version: Java(TM) SE Runtime Environment (8.0_91-b15) (build 1.8.0_91-b15)
# Java VM: Java HotSpot(TM) 64-Bit Server VM (25.91-b15 mixed mode windows-amd64 compressed oops)
Heap:
 PSYoungGen      total 325632K, used 186296K [0x00000000eb180000, 0x0000000100000000, 0x0000000100000000)
  eden space 307712K, 60% used [0x00000000eb180000,0x00000000f676e238,0x00000000fde00000)
  from space 17920K, 0% used [0x00000000fee80000,0x00000000fee80000,0x0000000100000000)
  to   space 16896K, 0% used [0x00000000fde00000,0x00000000fde00000,0x00000000fee80000)
 ParOldGen       total 60928K, used 30003K [0x00000000c1400000, 0x00000000c4f80000, 0x00000000eb180000)
  object space 60928K, 49% used [0x00000000c1400000,0x00000000c314ce20,0x00000000c4f80000)
 Metaspace       used 44117K, capacity 44864K, committed 45056K, reserved 1089536K
  class space    used 5619K, capacity 5780K, committed 5888K, reserved 1048576K
GC Heap History (10 events):
Event: 4.910 GC heap before
{Heap before GC invocations=8 (full 1):
 PSYoungGen      total 130048K, used 129796K [0x00000000eb180000, 0x00000000f4100000, 0x0000000100000000)
  eden space 124928K, 100% used [0x00000000eb180000,0x00000000f2b80000,0x00000000f2b80000)
  from space 5120K, 95% used [0x00000000f3c00000,0x00000000f40c1348,0x00000000f4100000)
  to   space 10240K, 0% used [0x00000000f2d00000,0x00000000f2d00000,0x00000000f3700000)
 ParOldGen       total 37376K, used 11345K [0x00000000c1400000, 0x00000000c3880000, 0x00000000eb180000)
  object space 37376K, 30% used [0x00000000c1400000,0x00000000c1f145b8,0x00000000c3880000)
 Metaspace       used 24937K, capacity 25268K, committed 25600K, reserved 1071104K
  class space    used 3147K, capacity 3225K, committed 3328K, reserved 1048576K
Event: 4.954 GC heap after
Heap after GC invocations=8 (full 1):
 PSYoungGen      total 136704K, used 6123K [0x00000000eb180000, 0x00000000fab00000, 0x0000000100000000)
  eden space 126464K, 0% used [0x00000000eb180000,0x00000000eb180000,0x00000000f2d00000)
  from space 10240K, 59% used [0x00000000f2d00000,0x00000000f32faff8,0x00000000f3700000)
  to   space 9728K, 0% used [0x00000000fa180000,0x00000000fa180000,0x00000000fab00000)
 ParOldGen       total 37376K, used 11353K [0x00000000c1400000, 0x00000000c3880000, 0x00000000eb180000)
  object space 37376K, 30% used [0x00000000c1400000,0x00000000c1f165b8,0x00000000c3880000)
 Metaspace       used 24937K, capacity 25268K, committed 25600K, reserved 1071104K
  class space    used 3147K, capacity 3225K, committed 3328K, reserved 1048576K
}
Event: 6.436 GC heap before
{Heap before GC invocations=9 (full 1):
 PSYoungGen      total 136704K, used 132587K [0x00000000eb180000, 0x00000000fab00000, 0x0000000100000000)
  eden space 126464K, 100% used [0x00000000eb180000,0x00000000f2d00000,0x00000000f2d00000)
  from space 10240K, 59% used [0x00000000f2d00000,0x00000000f32faff8,0x00000000f3700000)
  to   space 9728K, 0% used [0x00000000fa180000,0x00000000fa180000,0x00000000fab00000)
 ParOldGen       total 37376K, used 11353K [0x00000000c1400000, 0x00000000c3880000, 0x00000000eb180000)
  object space 37376K, 30% used [0x00000000c1400000,0x00000000c1f165b8,0x00000000c3880000)
 Metaspace       used 30095K, capacity 30472K, committed 30848K, reserved 1077248K
  class space    used 3776K, capacity 3879K, committed 3968K, reserved 1048576K
Event: 6.469 GC heap after
Heap after GC invocations=9 (full 1):
 PSYoungGen      total 243200K, used 9722K [0x00000000eb180000, 0x00000000faf80000, 0x0000000100000000)
  eden space 233472K, 0% used [0x00000000eb180000,0x00000000eb180000,0x00000000f9580000)
  from space 9728K, 99% used [0x00000000fa180000,0x00000000faafe920,0x00000000fab00000)
  to   space 12288K, 0% used [0x00000000f9580000,0x00000000f9580000,0x00000000fa180000)
 ParOldGen       total 37376K, used 14412K [0x00000000c1400000, 0x00000000c3880000, 0x00000000eb180000)
  object space 37376K, 38% used [0x00000000c1400000,0x00000000c22133b0,0x00000000c3880000)
 Metaspace       used 30095K, capacity 30472K, committed 30848K, reserved 1077248K
  class space    used 3776K, capacity 3879K, committed 3968K, reserved 1048576K
}
Event: 9.581 GC heap before
{Heap before GC invocations=10 (full 1):
 PSYoungGen      total 243200K, used 243194K [0x00000000eb180000, 0x00000000faf80000, 0x0000000100000000)
  eden space 233472K, 100% used [0x00000000eb180000,0x00000000f9580000,0x00000000f9580000)
  from space 9728K, 99% used [0x00000000fa180000,0x00000000faafe920,0x00000000fab00000)
  to   space 12288K, 0% used [0x00000000f9580000,0x00000000f9580000,0x00000000fa180000)
 ParOldGen       total 37376K, used 14412K [0x00000000c1400000, 0x00000000c3880000, 0x00000000eb180000)
  object space 37376K, 38% used [0x00000000c1400000,0x00000000c22133b0,0x00000000c3880000)
 Metaspace       used 34367K, capacity 34788K, committed 34944K, reserved 1079296K
  class space    used 4329K, capacity 4417K, committed 4480K, reserved 1048576K
Event: 9.641 GC heap after
Heap after GC invocations=10 (full 1):
 PSYoungGen      total 245760K, used 12282K [0x00000000eb180000, 0x0000000100000000, 0x0000000100000000)
  eden space 233472K, 0% used [0x00000000eb180000,0x00000000eb180000,0x00000000f9580000)
  from space 12288K, 99% used [0x00000000f9580000,0x00000000fa17ebb8,0x00000000fa180000)
  to   space 17920K, 0% used [0x00000000fee80000,0x00000000fee80000,0x0000000100000000)
 ParOldGen       total 37376K, used 23455K [0x00000000c1400000, 0x00000000c3880000, 0x00000000eb180000)
  object space 37376K, 62% used [0x00000000c1400000,0x00000000c2ae7d28,0x00000000c3880000)
 Metaspace       used 34367K, capacity 34788K, committed 34944K, reserved 1079296K
  class space    used 4329K, capacity 4417K, committed 4480K, reserved 1048576K
}
Event: 9.838 GC heap before
{Heap before GC invocations=11 (full 1):
 PSYoungGen      total 245760K, used 39924K [0x00000000eb180000, 0x0000000100000000, 0x0000000100000000)
  eden space 233472K, 11% used [0x00000000eb180000,0x00000000ecc7e450,0x00000000f9580000)
  from space 12288K, 99% used [0x00000000f9580000,0x00000000fa17ebb8,0x00000000fa180000)
  to   space 17920K, 0% used [0x00000000fee80000,0x00000000fee80000,0x0000000100000000)
 ParOldGen       total 37376K, used 23455K [0x00000000c1400000, 0x00000000c3880000, 0x00000000eb180000)
  object space 37376K, 62% used [0x00000000c1400000,0x00000000c2ae7d28,0x00000000c3880000)
 Metaspace       used 34819K, capacity 35332K, committed 35496K, reserved 1081344K
  class space    used 4380K, capacity 4481K, committed 4608K, reserved 1048576K
Event: 9.884 GC heap after
Heap after GC invocations=11 (full 1):
 PSYoungGen      total 325632K, used 8672K [0x00000000eb180000, 0x0000000100000000, 0x0000000100000000)
  eden space 307712K, 0% used [0x00000000eb180000,0x00000000eb180000,0x00000000fde00000)
  from space 17920K, 48% used [0x00000000fee80000,0x00000000ff6f8000,0x0000000100000000)
  to   space 16896K, 0% used [0x00000000fde00000,0x00000000fde00000,0x00000000fee80000)
 ParOldGen       total 37376K, used 28274K [0x00000000c1400000, 0x00000000c3880000, 0x00000000eb180000)
  object space 37376K, 75% used [0x00000000c1400000,0x00000000c2f9c920,0x00000000c3880000)
 Metaspace       used 34819K, capacity 35332K, committed 35496K, reserved 1081344K
  class space    used 4380K, capacity 4481K, committed 4608K, reserved 1048576K
}
Event: 9.884 GC heap before
{Heap before GC invocations=12 (full 2):
 PSYoungGen      total 325632K, used 8672K [0x00000000eb180000, 0x0000000100000000, 0x0000000100000000)
  eden space 307712K, 0% used [0x00000000eb180000,0x00000000eb180000,0x00000000fde00000)
  from space 17920K, 48% used [0x00000000fee80000,0x00000000ff6f8000,0x0000000100000000)
  to   space 16896K, 0% used [0x00000000fde00000,0x00000000fde00000,0x00000000fee80000)
 ParOldGen       total 37376K, used 28274K [0x00000000c1400000, 0x00000000c3880000, 0x00000000eb180000)
  object space 37376K, 75% used [0x00000000c1400000,0x00000000c2f9c920,0x00000000c3880000)
 Metaspace       used 34819K, capacity 35332K, committed 35496K, reserved 1081344K
  class space    used 4380K, capacity 4481K, committed 4608K, reserved 1048576K
Event: 10.068 GC heap after
Heap after GC invocations=12 (full 2):
 PSYoungGen      total 325632K, used 0K [0x00000000eb180000, 0x0000000100000000, 0x0000000100000000)
  eden space 307712K, 0% used [0x00000000eb180000,0x00000000eb180000,0x00000000fde00000)
  from space 17920K, 0% used [0x00000000fee80000,0x00000000fee80000,0x0000000100000000)
  to   space 16896K, 0% used [0x00000000fde00000,0x00000000fde00000,0x00000000fee80000)
 ParOldGen       total 60928K, used 30003K [0x00000000c1400000, 0x00000000c4f80000, 0x00000000eb180000)
  object space 60928K, 49% used [0x00000000c1400000,0x00000000c314ce20,0x00000000c4f80000)
 Metaspace       used 34819K, capacity 35332K, committed 35496K, reserved 1081344K
  class space    used 4380K, capacity 4481K, committed 4608K, reserved 1048576K
}

