# JRE version: Java(TM) SE Runtime Environment (8.0_91-b15) (build 1.8.0_91-b15)
# Java VM: Java HotSpot(TM) 64-Bit Server VM (25.91-b15 mixed mode windows-amd64 compressed oops)
Heap:
 PSYoungGen      total 89600K, used 64181K [0x00000000eb180000, 0x00000000f1000000, 0x0000000100000000)
  eden space 82432K, 74% used [0x00000000eb180000,0x00000000eed554f0,0x00000000f0200000)
  from space 7168K, 40% used [0x00000000f0900000,0x00000000f0bd81e0,0x00000000f1000000)
  to   space 7168K, 0% used [0x00000000f0200000,0x00000000f0200000,0x00000000f0900000)
 ParOldGen       total 31744K, used 19809K [0x00000000c1400000, 0x00000000c3300000, 0x00000000eb180000)
  object space 31744K, 62% used [0x00000000c1400000,0x00000000c27584b8,0x00000000c3300000)
 Metaspace       used 32138K, capacity 32626K, committed 32896K, reserved 1077248K
  class space    used 4036K, capacity 4176K, committed 4224K, reserved 1048576K
GC Heap History (10 events):
Event: 41.543 GC heap before
{Heap before GC invocations=15 (full 1):
 PSYoungGen      total 31744K, used 24687K [0x00000000eb180000, 0x00000000ee600000, 0x0000000100000000)
  eden space 24064K, 100% used [0x00000000eb180000,0x00000000ec900000,0x00000000ec900000)
  from space 7680K, 8% used [0x00000000ec900000,0x00000000ec99bec8,0x00000000ed080000)
  to   space 7680K, 0% used [0x00000000ede80000,0x00000000ede80000,0x00000000ee600000)
 ParOldGen       total 31744K, used 14609K [0x00000000c1400000, 0x00000000c3300000, 0x00000000eb180000)
  object space 31744K, 46% used [0x00000000c1400000,0x00000000c2244478,0x00000000c3300000)
 Metaspace       used 24780K, capacity 25106K, committed 25344K, reserved 1071104K
  class space    used 3140K, capacity 3216K, committed 3328K, reserved 1048576K
Event: 41.549 GC heap after
Heap after GC invocations=15 (full 1):
 PSYoungGen      total 45056K, used 921K [0x00000000eb180000, 0x00000000ee580000, 0x0000000100000000)
  eden space 37888K, 0% used [0x00000000eb180000,0x00000000eb180000,0x00000000ed680000)
  from space 7168K, 12% used [0x00000000ede80000,0x00000000edf66408,0x00000000ee580000)
  to   space 7680K, 0% used [0x00000000ed680000,0x00000000ed680000,0x00000000ede00000)
 ParOldGen       total 31744K, used 14857K [0x00000000c1400000, 0x00000000c3300000, 0x00000000eb180000)
  object space 31744K, 46% used [0x00000000c1400000,0x00000000c2282478,0x00000000c3300000)
 Metaspace       used 24780K, capacity 25106K, committed 25344K, reserved 1071104K
  class space    used 3140K, capacity 3216K, committed 3328K, reserved 1048576K
}
Event: 41.742 GC heap before
{Heap before GC invocations=16 (full 1):
 PSYoungGen      total 45056K, used 38809K [0x00000000eb180000, 0x00000000ee580000, 0x0000000100000000)
  eden space 37888K, 100% used [0x00000000eb180000,0x00000000ed680000,0x00000000ed680000)
  from space 7168K, 12% used [0x00000000ede80000,0x00000000edf66408,0x00000000ee580000)
  to   space 7680K, 0% used [0x00000000ed680000,0x00000000ed680000,0x00000000ede00000)
 ParOldGen       total 31744K, used 14857K [0x00000000c1400000, 0x00000000c3300000, 0x00000000eb180000)
  object space 31744K, 46% used [0x00000000c1400000,0x00000000c2282478,0x00000000c3300000)
 Metaspace       used 25026K, capacity 25360K, committed 25600K, reserved 1071104K
  class space    used 3170K, capacity 3253K, committed 3328K, reserved 1048576K
Event: 41.748 GC heap after
Heap after GC invocations=16 (full 1):
 PSYoungGen      total 45568K, used 1195K [0x00000000eb180000, 0x00000000ef980000, 0x0000000100000000)
  eden space 37888K, 0% used [0x00000000eb180000,0x00000000eb180000,0x00000000ed680000)
  from space 7680K, 15% used [0x00000000ed680000,0x00000000ed7aac48,0x00000000ede00000)
  to   space 7168K, 0% used [0x00000000ef280000,0x00000000ef280000,0x00000000ef980000)
 ParOldGen       total 31744K, used 15313K [0x00000000c1400000, 0x00000000c3300000, 0x00000000eb180000)
  object space 31744K, 48% used [0x00000000c1400000,0x00000000c22f4478,0x00000000c3300000)
 Metaspace       used 25026K, capacity 25360K, committed 25600K, reserved 1071104K
  class space    used 3170K, capacity 3253K, committed 3328K, reserved 1048576K
}
Event: 42.357 GC heap before
{Heap before GC invocations=17 (full 1):
 PSYoungGen      total 45568K, used 39083K [0x00000000eb180000, 0x00000000ef980000, 0x0000000100000000)
  eden space 37888K, 100% used [0x00000000eb180000,0x00000000ed680000,0x00000000ed680000)
  from space 7680K, 15% used [0x00000000ed680000,0x00000000ed7aac48,0x00000000ede00000)
  to   space 7168K, 0% used [0x00000000ef280000,0x00000000ef280000,0x00000000ef980000)
 ParOldGen       total 31744K, used 15313K [0x00000000c1400000, 0x00000000c3300000, 0x00000000eb180000)
  object space 31744K, 48% used [0x00000000c1400000,0x00000000c22f4478,0x00000000c3300000)
 Metaspace       used 26904K, capacity 27328K, committed 27648K, reserved 1073152K
  class space    used 3430K, capacity 3517K, committed 3584K, reserved 1048576K
Event: 42.459 GC heap after
Heap after GC invocations=17 (full 1):
 PSYoungGen      total 66560K, used 3190K [0x00000000eb180000, 0x00000000efa80000, 0x0000000100000000)
  eden space 59392K, 0% used [0x00000000eb180000,0x00000000eb180000,0x00000000eeb80000)
  from space 7168K, 44% used [0x00000000ef280000,0x00000000ef59d820,0x00000000ef980000)
  to   space 7168K, 0% used [0x00000000eeb80000,0x00000000eeb80000,0x00000000ef280000)
 ParOldGen       total 31744K, used 16025K [0x00000000c1400000, 0x00000000c3300000, 0x00000000eb180000)
  object space 31744K, 50% used [0x00000000c1400000,0x00000000c23a6498,0x00000000c3300000)
 Metaspace       used 26904K, capacity 27328K, committed 27648K, reserved 1073152K
  class space    used 3430K, capacity 3517K, committed 3584K, reserved 1048576K
}
Event: 76.992 GC heap before
{Heap before GC invocations=18 (full 1):
 PSYoungGen      total 66560K, used 62582K [0x00000000eb180000, 0x00000000efa80000, 0x0000000100000000)
  eden space 59392K, 100% used [0x00000000eb180000,0x00000000eeb80000,0x00000000eeb80000)
  from space 7168K, 44% used [0x00000000ef280000,0x00000000ef59d820,0x00000000ef980000)
  to   space 7168K, 0% used [0x00000000eeb80000,0x00000000eeb80000,0x00000000ef280000)
 ParOldGen       total 31744K, used 16025K [0x00000000c1400000, 0x00000000c3300000, 0x00000000eb180000)
  object space 31744K, 50% used [0x00000000c1400000,0x00000000c23a6498,0x00000000c3300000)
 Metaspace       used 29523K, capacity 29944K, committed 30208K, reserved 1075200K
  class space    used 3706K, capacity 3809K, committed 3840K, reserved 1048576K
Event: 77.003 GC heap after
Heap after GC invocations=18 (full 1):
 PSYoungGen      total 66560K, used 4461K [0x00000000eb180000, 0x00000000f1000000, 0x0000000100000000)
  eden space 59392K, 0% used [0x00000000eb180000,0x00000000eb180000,0x00000000eeb80000)
  from space 7168K, 62% used [0x00000000eeb80000,0x00000000eefdb7f8,0x00000000ef280000)
  to   space 7168K, 0% used [0x00000000f0900000,0x00000000f0900000,0x00000000f1000000)
 ParOldGen       total 31744K, used 17097K [0x00000000c1400000, 0x00000000c3300000, 0x00000000eb180000)
  object space 31744K, 53% used [0x00000000c1400000,0x00000000c24b24b8,0x00000000c3300000)
 Metaspace       used 29523K, capacity 29944K, committed 30208K, reserved 1075200K
  class space    used 3706K, capacity 3809K, committed 3840K, reserved 1048576K
}
Event: 78.967 GC heap before
{Heap before GC invocations=19 (full 1):
 PSYoungGen      total 66560K, used 63853K [0x00000000eb180000, 0x00000000f1000000, 0x0000000100000000)
  eden space 59392K, 100% used [0x00000000eb180000,0x00000000eeb80000,0x00000000eeb80000)
  from space 7168K, 62% used [0x00000000eeb80000,0x00000000eefdb7f8,0x00000000ef280000)
  to   space 7168K, 0% used [0x00000000f0900000,0x00000000f0900000,0x00000000f1000000)
 ParOldGen       total 31744K, used 17097K [0x00000000c1400000, 0x00000000c3300000, 0x00000000eb180000)
  object space 31744K, 53% used [0x00000000c1400000,0x00000000c24b24b8,0x00000000c3300000)
 Metaspace       used 30826K, capacity 31280K, committed 31744K, reserved 1077248K
  class space    used 3867K, capacity 3973K, committed 4096K, reserved 1048576K
Event: 78.978 GC heap after
Heap after GC invocations=19 (full 1):
 PSYoungGen      total 89600K, used 2912K [0x00000000eb180000, 0x00000000f1000000, 0x0000000100000000)
  eden space 82432K, 0% used [0x00000000eb180000,0x00000000eb180000,0x00000000f0200000)
  from space 7168K, 40% used [0x00000000f0900000,0x00000000f0bd81e0,0x00000000f1000000)
  to   space 7168K, 0% used [0x00000000f0200000,0x00000000f0200000,0x00000000f0900000)
 ParOldGen       total 31744K, used 19809K [0x00000000c1400000, 0x00000000c3300000, 0x00000000eb180000)
  object space 31744K, 62% used [0x00000000c1400000,0x00000000c27584b8,0x00000000c3300000)
 Metaspace       used 30826K, capacity 31280K, committed 31744K, reserved 1077248K
  class space    used 3867K, capacity 3973K, committed 4096K, reserved 1048576K
}

