# JRE version: Java(TM) SE Runtime Environment (8.0_91-b15) (build 1.8.0_91-b15)
# Java VM: Java HotSpot(TM) 64-Bit Server VM (25.91-b15 mixed mode windows-amd64 compressed oops)
Heap:
 PSYoungGen      total 97792K, used 82347K [0x00000000eb180000, 0x00000000f1c00000, 0x0000000100000000)
  eden space 90624K, 86% used [0x00000000eb180000,0x00000000efe19ec0,0x00000000f0a00000)
  from space 7168K, 54% used [0x00000000f1100000,0x00000000f14d0ea8,0x00000000f1800000)
  to   space 7168K, 0% used [0x00000000f0a00000,0x00000000f0a00000,0x00000000f1100000)
 ParOldGen       total 33280K, used 10353K [0x00000000c1400000, 0x00000000c3480000, 0x00000000eb180000)
  object space 33280K, 31% used [0x00000000c1400000,0x00000000c1e1c640,0x00000000c3480000)
 Metaspace       used 27361K, capacity 27864K, committed 28288K, reserved 1073152K
  class space    used 3471K, capacity 3611K, committed 3712K, reserved 1048576K
GC Heap History (10 events):
Event: 14.342 GC heap before
{Heap before GC invocations=7 (full 0):
 PSYoungGen      total 39424K, used 15995K [0x00000000eb180000, 0x00000000edf80000, 0x0000000100000000)
  eden space 32768K, 36% used [0x00000000eb180000,0x00000000ebd24740,0x00000000ed180000)
  from space 6656K, 61% used [0x00000000ed900000,0x00000000edcfa6b0,0x00000000edf80000)
  to   space 7168K, 0% used [0x00000000ed180000,0x00000000ed180000,0x00000000ed880000)
 ParOldGen       total 44032K, used 12680K [0x00000000c1400000, 0x00000000c3f00000, 0x00000000eb180000)
  object space 44032K, 28% used [0x00000000c1400000,0x00000000c20623d0,0x00000000c3f00000)
 Metaspace       used 20892K, capacity 21158K, committed 21296K, reserved 1069056K
  class space    used 2608K, capacity 2677K, committed 2688K, reserved 1048576K
Event: 14.351 GC heap after
Heap after GC invocations=7 (full 0):
 PSYoungGen      total 39936K, used 3050K [0x00000000eb180000, 0x00000000f0080000, 0x0000000100000000)
  eden space 32768K, 0% used [0x00000000eb180000,0x00000000eb180000,0x00000000ed180000)
  from space 7168K, 42% used [0x00000000ed180000,0x00000000ed47aa48,0x00000000ed880000)
  to   space 7680K, 0% used [0x00000000ef900000,0x00000000ef900000,0x00000000f0080000)
 ParOldGen       total 44032K, used 14264K [0x00000000c1400000, 0x00000000c3f00000, 0x00000000eb180000)
  object space 44032K, 32% used [0x00000000c1400000,0x00000000c21ee218,0x00000000c3f00000)
 Metaspace       used 20892K, capacity 21158K, committed 21296K, reserved 1069056K
  class space    used 2608K, capacity 2677K, committed 2688K, reserved 1048576K
}
Event: 14.351 GC heap before
{Heap before GC invocations=8 (full 1):
 PSYoungGen      total 39936K, used 3050K [0x00000000eb180000, 0x00000000f0080000, 0x0000000100000000)
  eden space 32768K, 0% used [0x00000000eb180000,0x00000000eb180000,0x00000000ed180000)
  from space 7168K, 42% used [0x00000000ed180000,0x00000000ed47aa48,0x00000000ed880000)
  to   space 7680K, 0% used [0x00000000ef900000,0x00000000ef900000,0x00000000f0080000)
 ParOldGen       total 44032K, used 14264K [0x00000000c1400000, 0x00000000c3f00000, 0x00000000eb180000)
  object space 44032K, 32% used [0x00000000c1400000,0x00000000c21ee218,0x00000000c3f00000)
 Metaspace       used 20892K, capacity 21158K, committed 21296K, reserved 1069056K
  class space    used 2608K, capacity 2677K, committed 2688K, reserved 1048576K
Event: 14.396 GC heap after
Heap after GC invocations=8 (full 1):
 PSYoungGen      total 39936K, used 0K [0x00000000eb180000, 0x00000000f0080000, 0x0000000100000000)
  eden space 32768K, 0% used [0x00000000eb180000,0x00000000eb180000,0x00000000ed180000)
  from space 7168K, 0% used [0x00000000ed180000,0x00000000ed180000,0x00000000ed880000)
  to   space 7680K, 0% used [0x00000000ef900000,0x00000000ef900000,0x00000000f0080000)
 ParOldGen       total 33280K, used 9417K [0x00000000c1400000, 0x00000000c3480000, 0x00000000eb180000)
  object space 33280K, 28% used [0x00000000c1400000,0x00000000c1d32640,0x00000000c3480000)
 Metaspace       used 20892K, capacity 21158K, committed 21296K, reserved 1069056K
  class space    used 2608K, capacity 2677K, committed 2688K, reserved 1048576K
}
Event: 15.238 GC heap before
{Heap before GC invocations=9 (full 1):
 PSYoungGen      total 39936K, used 32768K [0x00000000eb180000, 0x00000000f0080000, 0x0000000100000000)
  eden space 32768K, 100% used [0x00000000eb180000,0x00000000ed180000,0x00000000ed180000)
  from space 7168K, 0% used [0x00000000ed180000,0x00000000ed180000,0x00000000ed880000)
  to   space 7680K, 0% used [0x00000000ef900000,0x00000000ef900000,0x00000000f0080000)
 ParOldGen       total 33280K, used 9417K [0x00000000c1400000, 0x00000000c3480000, 0x00000000eb180000)
  object space 33280K, 28% used [0x00000000c1400000,0x00000000c1d32640,0x00000000c3480000)
 Metaspace       used 23665K, capacity 23956K, committed 24192K, reserved 1071104K
  class space    used 3002K, capacity 3077K, committed 3200K, reserved 1048576K
Event: 15.246 GC heap after
Heap after GC invocations=9 (full 1):
 PSYoungGen      total 64000K, used 3149K [0x00000000eb180000, 0x00000000efc80000, 0x0000000100000000)
  eden space 60416K, 0% used [0x00000000eb180000,0x00000000eb180000,0x00000000eec80000)
  from space 3584K, 87% used [0x00000000ef900000,0x00000000efc13570,0x00000000efc80000)
  to   space 7680K, 0% used [0x00000000eed80000,0x00000000eed80000,0x00000000ef500000)
 ParOldGen       total 33280K, used 9425K [0x00000000c1400000, 0x00000000c3480000, 0x00000000eb180000)
  object space 33280K, 28% used [0x00000000c1400000,0x00000000c1d34640,0x00000000c3480000)
 Metaspace       used 23665K, capacity 23956K, committed 24192K, reserved 1071104K
  class space    used 3002K, capacity 3077K, committed 3200K, reserved 1048576K
}
Event: 15.712 GC heap before
{Heap before GC invocations=10 (full 1):
 PSYoungGen      total 64000K, used 63565K [0x00000000eb180000, 0x00000000efc80000, 0x0000000100000000)
  eden space 60416K, 100% used [0x00000000eb180000,0x00000000eec80000,0x00000000eec80000)
  from space 3584K, 87% used [0x00000000ef900000,0x00000000efc13570,0x00000000efc80000)
  to   space 7680K, 0% used [0x00000000eed80000,0x00000000eed80000,0x00000000ef500000)
 ParOldGen       total 33280K, used 9425K [0x00000000c1400000, 0x00000000c3480000, 0x00000000eb180000)
  object space 33280K, 28% used [0x00000000c1400000,0x00000000c1d34640,0x00000000c3480000)
 Metaspace       used 24254K, capacity 24652K, committed 24960K, reserved 1071104K
  class space    used 3073K, capacity 3177K, committed 3200K, reserved 1048576K
Event: 15.718 GC heap after
Heap after GC invocations=10 (full 1):
 PSYoungGen      total 69120K, used 3680K [0x00000000eb180000, 0x00000000f1800000, 0x0000000100000000)
  eden space 61440K, 0% used [0x00000000eb180000,0x00000000eb180000,0x00000000eed80000)
  from space 7680K, 47% used [0x00000000eed80000,0x00000000ef118000,0x00000000ef500000)
  to   space 7168K, 0% used [0x00000000f1100000,0x00000000f1100000,0x00000000f1800000)
 ParOldGen       total 33280K, used 9425K [0x00000000c1400000, 0x00000000c3480000, 0x00000000eb180000)
  object space 33280K, 28% used [0x00000000c1400000,0x00000000c1d34640,0x00000000c3480000)
 Metaspace       used 24254K, capacity 24652K, committed 24960K, reserved 1071104K
  class space    used 3073K, capacity 3177K, committed 3200K, reserved 1048576K
}
Event: 16.062 GC heap before
{Heap before GC invocations=11 (full 1):
 PSYoungGen      total 69120K, used 65120K [0x00000000eb180000, 0x00000000f1800000, 0x0000000100000000)
  eden space 61440K, 100% used [0x00000000eb180000,0x00000000eed80000,0x00000000eed80000)
  from space 7680K, 47% used [0x00000000eed80000,0x00000000ef118000,0x00000000ef500000)
  to   space 7168K, 0% used [0x00000000f1100000,0x00000000f1100000,0x00000000f1800000)
 ParOldGen       total 33280K, used 9425K [0x00000000c1400000, 0x00000000c3480000, 0x00000000eb180000)
  object space 33280K, 28% used [0x00000000c1400000,0x00000000c1d34640,0x00000000c3480000)
 Metaspace       used 24863K, capacity 25264K, committed 25600K, reserved 1071104K
  class space    used 3151K, capacity 3247K, committed 3328K, reserved 1048576K
Event: 16.088 GC heap after
Heap after GC invocations=11 (full 1):
 PSYoungGen      total 97792K, used 3907K [0x00000000eb180000, 0x00000000f1c00000, 0x0000000100000000)
  eden space 90624K, 0% used [0x00000000eb180000,0x00000000eb180000,0x00000000f0a00000)
  from space 7168K, 54% used [0x00000000f1100000,0x00000000f14d0ea8,0x00000000f1800000)
  to   space 7168K, 0% used [0x00000000f0a00000,0x00000000f0a00000,0x00000000f1100000)
 ParOldGen       total 33280K, used 10353K [0x00000000c1400000, 0x00000000c3480000, 0x00000000eb180000)
  object space 33280K, 31% used [0x00000000c1400000,0x00000000c1e1c640,0x00000000c3480000)
 Metaspace       used 24863K, capacity 25264K, committed 25600K, reserved 1071104K
  class space    used 3151K, capacity 3247K, committed 3328K, reserved 1048576K
}

