# JRE version: Java(TM) SE Runtime Environment (8.0_91-b15) (build 1.8.0_91-b15)
# Java VM: Java HotSpot(TM) 64-Bit Server VM (25.91-b15 mixed mode windows-amd64 compressed oops)
Heap:
 PSYoungGen      total 206336K, used 165527K [0x00000000eb180000, 0x00000000f8400000, 0x0000000100000000)
  eden space 197632K, 83% used [0x00000000eb180000,0x00000000f5325f50,0x00000000f7280000)
  from space 8704K, 0% used [0x00000000f7b00000,0x00000000f7b00000,0x00000000f8380000)
  to   space 8704K, 0% used [0x00000000f7280000,0x00000000f7280000,0x00000000f7b00000)
 ParOldGen       total 54784K, used 27507K [0x00000000c1400000, 0x00000000c4980000, 0x00000000eb180000)
  object space 54784K, 50% used [0x00000000c1400000,0x00000000c2edcd98,0x00000000c4980000)
 Metaspace       used 43904K, capacity 44578K, committed 44800K, reserved 1087488K
  class space    used 5622K, capacity 5775K, committed 5888K, reserved 1048576K
GC Heap History (10 events):
Event: 30.195 GC heap before
{Heap before GC invocations=14 (full 1):
 PSYoungGen      total 87552K, used 82041K [0x00000000eb180000, 0x00000000f0f00000, 0x0000000100000000)
  eden space 80384K, 100% used [0x00000000eb180000,0x00000000f0000000,0x00000000f0000000)
  from space 7168K, 23% used [0x00000000f0800000,0x00000000f099e4d8,0x00000000f0f00000)
  to   space 7680K, 0% used [0x00000000f0000000,0x00000000f0000000,0x00000000f0780000)
 ParOldGen       total 31744K, used 13438K [0x00000000c1400000, 0x00000000c3300000, 0x00000000eb180000)
  object space 31744K, 42% used [0x00000000c1400000,0x00000000c211fa50,0x00000000c3300000)
 Metaspace       used 27812K, capacity 28214K, committed 28544K, reserved 1075200K
  class space    used 3518K, capacity 3620K, committed 3712K, reserved 1048576K
Event: 30.228 GC heap after
Heap after GC invocations=14 (full 1):
 PSYoungGen      total 88064K, used 5375K [0x00000000eb180000, 0x00000000f3c00000, 0x0000000100000000)
  eden space 80384K, 0% used [0x00000000eb180000,0x00000000eb180000,0x00000000f0000000)
  from space 7680K, 69% used [0x00000000f0000000,0x00000000f053ffc8,0x00000000f0780000)
  to   space 7680K, 0% used [0x00000000f3480000,0x00000000f3480000,0x00000000f3c00000)
 ParOldGen       total 31744K, used 14310K [0x00000000c1400000, 0x00000000c3300000, 0x00000000eb180000)
  object space 31744K, 45% used [0x00000000c1400000,0x00000000c21f9a70,0x00000000c3300000)
 Metaspace       used 27812K, capacity 28214K, committed 28544K, reserved 1075200K
  class space    used 3518K, capacity 3620K, committed 3712K, reserved 1048576K
}
Event: 33.235 GC heap before
{Heap before GC invocations=15 (full 1):
 PSYoungGen      total 88064K, used 85759K [0x00000000eb180000, 0x00000000f3c00000, 0x0000000100000000)
  eden space 80384K, 100% used [0x00000000eb180000,0x00000000f0000000,0x00000000f0000000)
  from space 7680K, 69% used [0x00000000f0000000,0x00000000f053ffc8,0x00000000f0780000)
  to   space 7680K, 0% used [0x00000000f3480000,0x00000000f3480000,0x00000000f3c00000)
 ParOldGen       total 31744K, used 14310K [0x00000000c1400000, 0x00000000c3300000, 0x00000000eb180000)
  object space 31744K, 45% used [0x00000000c1400000,0x00000000c21f9a70,0x00000000c3300000)
 Metaspace       used 30679K, capacity 31054K, committed 31360K, reserved 1077248K
  class space    used 3856K, capacity 3944K, committed 3968K, reserved 1048576K
Event: 33.259 GC heap after
Heap after GC invocations=15 (full 1):
 PSYoungGen      total 133632K, used 5205K [0x00000000eb180000, 0x00000000f3c80000, 0x0000000100000000)
  eden space 125952K, 0% used [0x00000000eb180000,0x00000000eb180000,0x00000000f2c80000)
  from space 7680K, 67% used [0x00000000f3480000,0x00000000f3995580,0x00000000f3c00000)
  to   space 8192K, 0% used [0x00000000f2c80000,0x00000000f2c80000,0x00000000f3480000)
 ParOldGen       total 31744K, used 17302K [0x00000000c1400000, 0x00000000c3300000, 0x00000000eb180000)
  object space 31744K, 54% used [0x00000000c1400000,0x00000000c24e5a90,0x00000000c3300000)
 Metaspace       used 30679K, capacity 31054K, committed 31360K, reserved 1077248K
  class space    used 3856K, capacity 3944K, committed 3968K, reserved 1048576K
}
Event: 35.213 GC heap before
{Heap before GC invocations=16 (full 1):
 PSYoungGen      total 133632K, used 131157K [0x00000000eb180000, 0x00000000f3c80000, 0x0000000100000000)
  eden space 125952K, 100% used [0x00000000eb180000,0x00000000f2c80000,0x00000000f2c80000)
  from space 7680K, 67% used [0x00000000f3480000,0x00000000f3995580,0x00000000f3c00000)
  to   space 8192K, 0% used [0x00000000f2c80000,0x00000000f2c80000,0x00000000f3480000)
 ParOldGen       total 31744K, used 17302K [0x00000000c1400000, 0x00000000c3300000, 0x00000000eb180000)
  object space 31744K, 54% used [0x00000000c1400000,0x00000000c24e5a90,0x00000000c3300000)
 Metaspace       used 33343K, capacity 33748K, committed 34048K, reserved 1079296K
  class space    used 4204K, capacity 4313K, committed 4352K, reserved 1048576K
Event: 35.287 GC heap after
Heap after GC invocations=16 (full 1):
 PSYoungGen      total 134144K, used 7423K [0x00000000eb180000, 0x00000000f8380000, 0x0000000100000000)
  eden space 125952K, 0% used [0x00000000eb180000,0x00000000eb180000,0x00000000f2c80000)
  from space 8192K, 90% used [0x00000000f2c80000,0x00000000f33bffb8,0x00000000f3480000)
  to   space 8704K, 0% used [0x00000000f7b00000,0x00000000f7b00000,0x00000000f8380000)
 ParOldGen       total 31744K, used 20105K [0x00000000c1400000, 0x00000000c3300000, 0x00000000eb180000)
  object space 31744K, 63% used [0x00000000c1400000,0x00000000c27a2698,0x00000000c3300000)
 Metaspace       used 33343K, capacity 33748K, committed 34048K, reserved 1079296K
  class space    used 4204K, capacity 4313K, committed 4352K, reserved 1048576K
}
Event: 36.346 GC heap before
{Heap before GC invocations=17 (full 1):
 PSYoungGen      total 134144K, used 106627K [0x00000000eb180000, 0x00000000f8380000, 0x0000000100000000)
  eden space 125952K, 78% used [0x00000000eb180000,0x00000000f1260dc0,0x00000000f2c80000)
  from space 8192K, 90% used [0x00000000f2c80000,0x00000000f33bffb8,0x00000000f3480000)
  to   space 8704K, 0% used [0x00000000f7b00000,0x00000000f7b00000,0x00000000f8380000)
 ParOldGen       total 31744K, used 20105K [0x00000000c1400000, 0x00000000c3300000, 0x00000000eb180000)
  object space 31744K, 63% used [0x00000000c1400000,0x00000000c27a2698,0x00000000c3300000)
 Metaspace       used 34812K, capacity 35364K, committed 35496K, reserved 1081344K
  class space    used 4388K, capacity 4513K, committed 4608K, reserved 1048576K
Event: 36.388 GC heap after
Heap after GC invocations=17 (full 1):
 PSYoungGen      total 206336K, used 5088K [0x00000000eb180000, 0x00000000f8400000, 0x0000000100000000)
  eden space 197632K, 0% used [0x00000000eb180000,0x00000000eb180000,0x00000000f7280000)
  from space 8704K, 58% used [0x00000000f7b00000,0x00000000f7ff8000,0x00000000f8380000)
  to   space 8704K, 0% used [0x00000000f7280000,0x00000000f7280000,0x00000000f7b00000)
 ParOldGen       total 31744K, used 25369K [0x00000000c1400000, 0x00000000c3300000, 0x00000000eb180000)
  object space 31744K, 79% used [0x00000000c1400000,0x00000000c2cc6698,0x00000000c3300000)
 Metaspace       used 34812K, capacity 35364K, committed 35496K, reserved 1081344K
  class space    used 4388K, capacity 4513K, committed 4608K, reserved 1048576K
}
Event: 36.388 GC heap before
{Heap before GC invocations=18 (full 2):
 PSYoungGen      total 206336K, used 5088K [0x00000000eb180000, 0x00000000f8400000, 0x0000000100000000)
  eden space 197632K, 0% used [0x00000000eb180000,0x00000000eb180000,0x00000000f7280000)
  from space 8704K, 58% used [0x00000000f7b00000,0x00000000f7ff8000,0x00000000f8380000)
  to   space 8704K, 0% used [0x00000000f7280000,0x00000000f7280000,0x00000000f7b00000)
 ParOldGen       total 31744K, used 25369K [0x00000000c1400000, 0x00000000c3300000, 0x00000000eb180000)
  object space 31744K, 79% used [0x00000000c1400000,0x00000000c2cc6698,0x00000000c3300000)
 Metaspace       used 34812K, capacity 35364K, committed 35496K, reserved 1081344K
  class space    used 4388K, capacity 4513K, committed 4608K, reserved 1048576K
Event: 36.587 GC heap after
Heap after GC invocations=18 (full 2):
 PSYoungGen      total 206336K, used 0K [0x00000000eb180000, 0x00000000f8400000, 0x0000000100000000)
  eden space 197632K, 0% used [0x00000000eb180000,0x00000000eb180000,0x00000000f7280000)
  from space 8704K, 0% used [0x00000000f7b00000,0x00000000f7b00000,0x00000000f8380000)
  to   space 8704K, 0% used [0x00000000f7280000,0x00000000f7280000,0x00000000f7b00000)
 ParOldGen       total 54784K, used 27507K [0x00000000c1400000, 0x00000000c4980000, 0x00000000eb180000)
  object space 54784K, 50% used [0x00000000c1400000,0x00000000c2edcd98,0x00000000c4980000)
 Metaspace       used 34812K, capacity 35364K, committed 35496K, reserved 1081344K
  class space    used 4388K, capacity 4513K, committed 4608K, reserved 1048576K
}

