# JRE version: Java(TM) SE Runtime Environment (8.0_91-b15) (build 1.8.0_91-b15)
# Java VM: Java HotSpot(TM) 64-Bit Server VM (25.91-b15 mixed mode windows-amd64 compressed oops)
Heap:
 PSYoungGen      total 114688K, used 36763K [0x00000000eb180000, 0x00000000f2b80000, 0x0000000100000000)
  eden space 104960K, 29% used [0x00000000eb180000,0x00000000ecff1ea8,0x00000000f1800000)
  from space 9728K, 57% used [0x00000000f2100000,0x00000000f2675088,0x00000000f2a80000)
  to   space 9216K, 0% used [0x00000000f1800000,0x00000000f1800000,0x00000000f2100000)
 ParOldGen       total 38912K, used 11775K [0x00000000c1400000, 0x00000000c3a00000, 0x00000000eb180000)
  object space 38912K, 30% used [0x00000000c1400000,0x00000000c1f7fd88,0x00000000c3a00000)
 Metaspace       used 26516K, capacity 26863K, committed 27136K, reserved 1073152K
  class space    used 3379K, capacity 3491K, committed 3584K, reserved 1048576K
GC Heap History (10 events):
Event: 4.056 GC heap before
{Heap before GC invocations=5 (full 0):
 PSYoungGen      total 68096K, used 17873K [0x00000000eb180000, 0x00000000ef680000, 0x0000000100000000)
  eden space 65536K, 23% used [0x00000000eb180000,0x00000000ec07bf48,0x00000000ef180000)
  from space 2560K, 98% used [0x00000000ef400000,0x00000000ef678798,0x00000000ef680000)
  to   space 2560K, 0% used [0x00000000ef180000,0x00000000ef180000,0x00000000ef400000)
 ParOldGen       total 44032K, used 14860K [0x00000000c1400000, 0x00000000c3f00000, 0x00000000eb180000)
  object space 44032K, 33% used [0x00000000c1400000,0x00000000c2283230,0x00000000c3f00000)
 Metaspace       used 20904K, capacity 21191K, committed 21296K, reserved 1069056K
  class space    used 2605K, capacity 2688K, committed 2688K, reserved 1048576K
Event: 4.065 GC heap after
Heap after GC invocations=5 (full 0):
 PSYoungGen      total 68096K, used 2545K [0x00000000eb180000, 0x00000000ef680000, 0x0000000100000000)
  eden space 65536K, 0% used [0x00000000eb180000,0x00000000eb180000,0x00000000ef180000)
  from space 2560K, 99% used [0x00000000ef180000,0x00000000ef3fc7a8,0x00000000ef400000)
  to   space 2560K, 0% used [0x00000000ef400000,0x00000000ef400000,0x00000000ef680000)
 ParOldGen       total 44032K, used 15613K [0x00000000c1400000, 0x00000000c3f00000, 0x00000000eb180000)
  object space 44032K, 35% used [0x00000000c1400000,0x00000000c233f420,0x00000000c3f00000)
 Metaspace       used 20904K, capacity 21191K, committed 21296K, reserved 1069056K
  class space    used 2605K, capacity 2688K, committed 2688K, reserved 1048576K
}
Event: 4.065 GC heap before
{Heap before GC invocations=6 (full 1):
 PSYoungGen      total 68096K, used 2545K [0x00000000eb180000, 0x00000000ef680000, 0x0000000100000000)
  eden space 65536K, 0% used [0x00000000eb180000,0x00000000eb180000,0x00000000ef180000)
  from space 2560K, 99% used [0x00000000ef180000,0x00000000ef3fc7a8,0x00000000ef400000)
  to   space 2560K, 0% used [0x00000000ef400000,0x00000000ef400000,0x00000000ef680000)
 ParOldGen       total 44032K, used 15613K [0x00000000c1400000, 0x00000000c3f00000, 0x00000000eb180000)
  object space 44032K, 35% used [0x00000000c1400000,0x00000000c233f420,0x00000000c3f00000)
 Metaspace       used 20904K, capacity 21191K, committed 21296K, reserved 1069056K
  class space    used 2605K, capacity 2688K, committed 2688K, reserved 1048576K
Event: 4.124 GC heap after
Heap after GC invocations=6 (full 1):
 PSYoungGen      total 68096K, used 0K [0x00000000eb180000, 0x00000000ef680000, 0x0000000100000000)
  eden space 65536K, 0% used [0x00000000eb180000,0x00000000eb180000,0x00000000ef180000)
  from space 2560K, 0% used [0x00000000ef180000,0x00000000ef180000,0x00000000ef400000)
  to   space 2560K, 0% used [0x00000000ef400000,0x00000000ef400000,0x00000000ef680000)
 ParOldGen       total 38912K, used 9010K [0x00000000c1400000, 0x00000000c3a00000, 0x00000000eb180000)
  object space 38912K, 23% used [0x00000000c1400000,0x00000000c1ccc928,0x00000000c3a00000)
 Metaspace       used 20904K, capacity 21191K, committed 21296K, reserved 1069056K
  class space    used 2605K, capacity 2688K, committed 2688K, reserved 1048576K
}
Event: 5.733 GC heap before
{Heap before GC invocations=7 (full 1):
 PSYoungGen      total 68096K, used 65536K [0x00000000eb180000, 0x00000000ef680000, 0x0000000100000000)
  eden space 65536K, 100% used [0x00000000eb180000,0x00000000ef180000,0x00000000ef180000)
  from space 2560K, 0% used [0x00000000ef180000,0x00000000ef180000,0x00000000ef400000)
  to   space 2560K, 0% used [0x00000000ef400000,0x00000000ef400000,0x00000000ef680000)
 ParOldGen       total 38912K, used 9010K [0x00000000c1400000, 0x00000000c3a00000, 0x00000000eb180000)
  object space 38912K, 23% used [0x00000000c1400000,0x00000000c1ccc928,0x00000000c3a00000)
 Metaspace       used 23810K, capacity 24169K, committed 24448K, reserved 1071104K
  class space    used 3013K, capacity 3122K, committed 3200K, reserved 1048576K
Event: 5.743 GC heap after
Heap after GC invocations=7 (full 1):
 PSYoungGen      total 60928K, used 2560K [0x00000000eb180000, 0x00000000f2d00000, 0x0000000100000000)
  eden space 58368K, 0% used [0x00000000eb180000,0x00000000eb180000,0x00000000eea80000)
  from space 2560K, 100% used [0x00000000ef400000,0x00000000ef680000,0x00000000ef680000)
  to   space 9728K, 0% used [0x00000000eea80000,0x00000000eea80000,0x00000000ef400000)
 ParOldGen       total 38912K, used 11759K [0x00000000c1400000, 0x00000000c3a00000, 0x00000000eb180000)
  object space 38912K, 30% used [0x00000000c1400000,0x00000000c1f7bd88,0x00000000c3a00000)
 Metaspace       used 23810K, capacity 24169K, committed 24448K, reserved 1071104K
  class space    used 3013K, capacity 3122K, committed 3200K, reserved 1048576K
}
Event: 6.072 GC heap before
{Heap before GC invocations=8 (full 1):
 PSYoungGen      total 60928K, used 60928K [0x00000000eb180000, 0x00000000f2d00000, 0x0000000100000000)
  eden space 58368K, 100% used [0x00000000eb180000,0x00000000eea80000,0x00000000eea80000)
  from space 2560K, 100% used [0x00000000ef400000,0x00000000ef680000,0x00000000ef680000)
  to   space 9728K, 0% used [0x00000000eea80000,0x00000000eea80000,0x00000000ef400000)
 ParOldGen       total 38912K, used 11759K [0x00000000c1400000, 0x00000000c3a00000, 0x00000000eb180000)
  object space 38912K, 30% used [0x00000000c1400000,0x00000000c1f7bd88,0x00000000c3a00000)
 Metaspace       used 24201K, capacity 24539K, committed 24704K, reserved 1071104K
  class space    used 3066K, capacity 3157K, committed 3200K, reserved 1048576K
Event: 6.126 GC heap after
Heap after GC invocations=8 (full 1):
 PSYoungGen      total 68096K, used 3801K [0x00000000eb180000, 0x00000000f2a80000, 0x0000000100000000)
  eden space 58368K, 0% used [0x00000000eb180000,0x00000000eb180000,0x00000000eea80000)
  from space 9728K, 39% used [0x00000000eea80000,0x00000000eee364d0,0x00000000ef400000)
  to   space 9728K, 0% used [0x00000000f2100000,0x00000000f2100000,0x00000000f2a80000)
 ParOldGen       total 38912K, used 11767K [0x00000000c1400000, 0x00000000c3a00000, 0x00000000eb180000)
  object space 38912K, 30% used [0x00000000c1400000,0x00000000c1f7dd88,0x00000000c3a00000)
 Metaspace       used 24201K, capacity 24539K, committed 24704K, reserved 1071104K
  class space    used 3066K, capacity 3157K, committed 3200K, reserved 1048576K
}
Event: 6.583 GC heap before
{Heap before GC invocations=9 (full 1):
 PSYoungGen      total 68096K, used 62169K [0x00000000eb180000, 0x00000000f2a80000, 0x0000000100000000)
  eden space 58368K, 100% used [0x00000000eb180000,0x00000000eea80000,0x00000000eea80000)
  from space 9728K, 39% used [0x00000000eea80000,0x00000000eee364d0,0x00000000ef400000)
  to   space 9728K, 0% used [0x00000000f2100000,0x00000000f2100000,0x00000000f2a80000)
 ParOldGen       total 38912K, used 11767K [0x00000000c1400000, 0x00000000c3a00000, 0x00000000eb180000)
  object space 38912K, 30% used [0x00000000c1400000,0x00000000c1f7dd88,0x00000000c3a00000)
 Metaspace       used 25283K, capacity 25657K, committed 25856K, reserved 1071104K
  class space    used 3200K, capacity 3290K, committed 3328K, reserved 1048576K
Event: 6.634 GC heap after
Heap after GC invocations=9 (full 1):
 PSYoungGen      total 114688K, used 5588K [0x00000000eb180000, 0x00000000f2b80000, 0x0000000100000000)
  eden space 104960K, 0% used [0x00000000eb180000,0x00000000eb180000,0x00000000f1800000)
  from space 9728K, 57% used [0x00000000f2100000,0x00000000f2675088,0x00000000f2a80000)
  to   space 9216K, 0% used [0x00000000f1800000,0x00000000f1800000,0x00000000f2100000)
 ParOldGen       total 38912K, used 11775K [0x00000000c1400000, 0x00000000c3a00000, 0x00000000eb180000)
  object space 38912K, 30% used [0x00000000c1400000,0x00000000c1f7fd88,0x00000000c3a00000)
 Metaspace       used 25283K, capacity 25657K, committed 25856K, reserved 1071104K
  class space    used 3200K, capacity 3290K, committed 3328K, reserved 1048576K
}

