# JRE version: Java(TM) SE Runtime Environment (8.0_91-b15) (build 1.8.0_91-b15)
# Java VM: Java HotSpot(TM) 64-Bit Server VM (25.91-b15 mixed mode windows-amd64 compressed oops)
Heap:
 PSYoungGen      total 74240K, used 31366K [0x00000000eb180000, 0x00000000f2200000, 0x0000000100000000)
  eden space 65536K, 38% used [0x00000000eb180000,0x00000000eca2a458,0x00000000ef180000)
  from space 8704K, 70% used [0x00000000ef180000,0x00000000ef7773c8,0x00000000efa00000)
  to   space 8192K, 0% used [0x00000000f1a00000,0x00000000f1a00000,0x00000000f2200000)
 ParOldGen       total 35328K, used 11147K [0x00000000c1400000, 0x00000000c3680000, 0x00000000eb180000)
  object space 35328K, 31% used [0x00000000c1400000,0x00000000c1ee2f30,0x00000000c3680000)
 Metaspace       used 26354K, capacity 26696K, committed 27136K, reserved 1073152K
  class space    used 3358K, capacity 3457K, committed 3584K, reserved 1048576K
GC Heap History (10 events):
Event: 3.397 GC heap before
{Heap before GC invocations=6 (full 0):
 PSYoungGen      total 35328K, used 4314K [0x00000000eb180000, 0x00000000f0280000, 0x0000000100000000)
  eden space 32768K, 5% used [0x00000000eb180000,0x00000000eb33a1a8,0x00000000ed180000)
  from space 2560K, 99% used [0x00000000ed180000,0x00000000ed3fc7a8,0x00000000ed400000)
  to   space 8704K, 0% used [0x00000000efa00000,0x00000000efa00000,0x00000000f0280000)
 ParOldGen       total 44032K, used 14952K [0x00000000c1400000, 0x00000000c3f00000, 0x00000000eb180000)
  object space 44032K, 33% used [0x00000000c1400000,0x00000000c229a0d0,0x00000000c3f00000)
 Metaspace       used 20773K, capacity 21076K, committed 21248K, reserved 1067008K
  class space    used 2584K, capacity 2695K, committed 2816K, reserved 1048576K
Event: 3.434 GC heap after
Heap after GC invocations=6 (full 0):
 PSYoungGen      total 74240K, used 2737K [0x00000000eb180000, 0x00000000f0280000, 0x0000000100000000)
  eden space 65536K, 0% used [0x00000000eb180000,0x00000000eb180000,0x00000000ef180000)
  from space 8704K, 31% used [0x00000000efa00000,0x00000000efcac7a8,0x00000000f0280000)
  to   space 8704K, 0% used [0x00000000ef180000,0x00000000ef180000,0x00000000efa00000)
 ParOldGen       total 44032K, used 14952K [0x00000000c1400000, 0x00000000c3f00000, 0x00000000eb180000)
  object space 44032K, 33% used [0x00000000c1400000,0x00000000c229a0d0,0x00000000c3f00000)
 Metaspace       used 20773K, capacity 21076K, committed 21248K, reserved 1067008K
  class space    used 2584K, capacity 2695K, committed 2816K, reserved 1048576K
}
Event: 3.434 GC heap before
{Heap before GC invocations=7 (full 1):
 PSYoungGen      total 74240K, used 2737K [0x00000000eb180000, 0x00000000f0280000, 0x0000000100000000)
  eden space 65536K, 0% used [0x00000000eb180000,0x00000000eb180000,0x00000000ef180000)
  from space 8704K, 31% used [0x00000000efa00000,0x00000000efcac7a8,0x00000000f0280000)
  to   space 8704K, 0% used [0x00000000ef180000,0x00000000ef180000,0x00000000efa00000)
 ParOldGen       total 44032K, used 14952K [0x00000000c1400000, 0x00000000c3f00000, 0x00000000eb180000)
  object space 44032K, 33% used [0x00000000c1400000,0x00000000c229a0d0,0x00000000c3f00000)
 Metaspace       used 20773K, capacity 21076K, committed 21248K, reserved 1067008K
  class space    used 2584K, capacity 2695K, committed 2816K, reserved 1048576K
Event: 3.485 GC heap after
Heap after GC invocations=7 (full 1):
 PSYoungGen      total 74240K, used 0K [0x00000000eb180000, 0x00000000f0280000, 0x0000000100000000)
  eden space 65536K, 0% used [0x00000000eb180000,0x00000000eb180000,0x00000000ef180000)
  from space 8704K, 0% used [0x00000000efa00000,0x00000000efa00000,0x00000000f0280000)
  to   space 8704K, 0% used [0x00000000ef180000,0x00000000ef180000,0x00000000efa00000)
 ParOldGen       total 35328K, used 11123K [0x00000000c1400000, 0x00000000c3680000, 0x00000000eb180000)
  object space 35328K, 31% used [0x00000000c1400000,0x00000000c1edcf30,0x00000000c3680000)
 Metaspace       used 20773K, capacity 21076K, committed 21248K, reserved 1067008K
  class space    used 2584K, capacity 2695K, committed 2816K, reserved 1048576K
}
Event: 6.730 GC heap before
{Heap before GC invocations=8 (full 1):
 PSYoungGen      total 74240K, used 65536K [0x00000000eb180000, 0x00000000f0280000, 0x0000000100000000)
  eden space 65536K, 100% used [0x00000000eb180000,0x00000000ef180000,0x00000000ef180000)
  from space 8704K, 0% used [0x00000000efa00000,0x00000000efa00000,0x00000000f0280000)
  to   space 8704K, 0% used [0x00000000ef180000,0x00000000ef180000,0x00000000efa00000)
 ParOldGen       total 35328K, used 11123K [0x00000000c1400000, 0x00000000c3680000, 0x00000000eb180000)
  object space 35328K, 31% used [0x00000000c1400000,0x00000000c1edcf30,0x00000000c3680000)
 Metaspace       used 23729K, capacity 24072K, committed 24448K, reserved 1071104K
  class space    used 3000K, capacity 3089K, committed 3200K, reserved 1048576K
Event: 6.754 GC heap after
Heap after GC invocations=8 (full 1):
 PSYoungGen      total 74240K, used 4904K [0x00000000eb180000, 0x00000000f0280000, 0x0000000100000000)
  eden space 65536K, 0% used [0x00000000eb180000,0x00000000eb180000,0x00000000ef180000)
  from space 8704K, 56% used [0x00000000ef180000,0x00000000ef64a0d8,0x00000000efa00000)
  to   space 8704K, 0% used [0x00000000efa00000,0x00000000efa00000,0x00000000f0280000)
 ParOldGen       total 35328K, used 11131K [0x00000000c1400000, 0x00000000c3680000, 0x00000000eb180000)
  object space 35328K, 31% used [0x00000000c1400000,0x00000000c1edef30,0x00000000c3680000)
 Metaspace       used 23729K, capacity 24072K, committed 24448K, reserved 1071104K
  class space    used 3000K, capacity 3089K, committed 3200K, reserved 1048576K
}
Event: 7.040 GC heap before
{Heap before GC invocations=9 (full 1):
 PSYoungGen      total 74240K, used 70440K [0x00000000eb180000, 0x00000000f0280000, 0x0000000100000000)
  eden space 65536K, 100% used [0x00000000eb180000,0x00000000ef180000,0x00000000ef180000)
  from space 8704K, 56% used [0x00000000ef180000,0x00000000ef64a0d8,0x00000000efa00000)
  to   space 8704K, 0% used [0x00000000efa00000,0x00000000efa00000,0x00000000f0280000)
 ParOldGen       total 35328K, used 11131K [0x00000000c1400000, 0x00000000c3680000, 0x00000000eb180000)
  object space 35328K, 31% used [0x00000000c1400000,0x00000000c1edef30,0x00000000c3680000)
 Metaspace       used 24168K, capacity 24474K, committed 24704K, reserved 1071104K
  class space    used 3058K, capacity 3156K, committed 3200K, reserved 1048576K
Event: 7.062 GC heap after
Heap after GC invocations=9 (full 1):
 PSYoungGen      total 74240K, used 4047K [0x00000000eb180000, 0x00000000f0280000, 0x0000000100000000)
  eden space 65536K, 0% used [0x00000000eb180000,0x00000000eb180000,0x00000000ef180000)
  from space 8704K, 46% used [0x00000000efa00000,0x00000000efdf3c20,0x00000000f0280000)
  to   space 8704K, 0% used [0x00000000ef180000,0x00000000ef180000,0x00000000efa00000)
 ParOldGen       total 35328K, used 11139K [0x00000000c1400000, 0x00000000c3680000, 0x00000000eb180000)
  object space 35328K, 31% used [0x00000000c1400000,0x00000000c1ee0f30,0x00000000c3680000)
 Metaspace       used 24168K, capacity 24474K, committed 24704K, reserved 1071104K
  class space    used 3058K, capacity 3156K, committed 3200K, reserved 1048576K
}
Event: 7.455 GC heap before
{Heap before GC invocations=10 (full 1):
 PSYoungGen      total 74240K, used 69583K [0x00000000eb180000, 0x00000000f0280000, 0x0000000100000000)
  eden space 65536K, 100% used [0x00000000eb180000,0x00000000ef180000,0x00000000ef180000)
  from space 8704K, 46% used [0x00000000efa00000,0x00000000efdf3c20,0x00000000f0280000)
  to   space 8704K, 0% used [0x00000000ef180000,0x00000000ef180000,0x00000000efa00000)
 ParOldGen       total 35328K, used 11139K [0x00000000c1400000, 0x00000000c3680000, 0x00000000eb180000)
  object space 35328K, 31% used [0x00000000c1400000,0x00000000c1ee0f30,0x00000000c3680000)
 Metaspace       used 25392K, capacity 25720K, committed 25856K, reserved 1071104K
  class space    used 3208K, capacity 3289K, committed 3328K, reserved 1048576K
Event: 7.465 GC heap after
Heap after GC invocations=10 (full 1):
 PSYoungGen      total 74240K, used 6108K [0x00000000eb180000, 0x00000000f2200000, 0x0000000100000000)
  eden space 65536K, 0% used [0x00000000eb180000,0x00000000eb180000,0x00000000ef180000)
  from space 8704K, 70% used [0x00000000ef180000,0x00000000ef7773c8,0x00000000efa00000)
  to   space 8192K, 0% used [0x00000000f1a00000,0x00000000f1a00000,0x00000000f2200000)
 ParOldGen       total 35328K, used 11147K [0x00000000c1400000, 0x00000000c3680000, 0x00000000eb180000)
  object space 35328K, 31% used [0x00000000c1400000,0x00000000c1ee2f30,0x00000000c3680000)
 Metaspace       used 25392K, capacity 25720K, committed 25856K, reserved 1071104K
  class space    used 3208K, capacity 3289K, committed 3328K, reserved 1048576K
}

