# JRE version: Java(TM) SE Runtime Environment (8.0_91-b15) (build 1.8.0_91-b15)
# Java VM: Java HotSpot(TM) 64-Bit Server VM (25.91-b15 mixed mode windows-amd64 compressed oops)
Heap:
 PSYoungGen      total 120832K, used 97361K [0x00000000eb180000, 0x00000000f3580000, 0x0000000100000000)
  eden space 112640K, 82% used [0x00000000eb180000,0x00000000f0ca7e58,0x00000000f1f80000)
  from space 8192K, 49% used [0x00000000f2780000,0x00000000f2b6c678,0x00000000f2f80000)
  to   space 8192K, 0% used [0x00000000f1f80000,0x00000000f1f80000,0x00000000f2780000)
 ParOldGen       total 38400K, used 11702K [0x00000000c1400000, 0x00000000c3980000, 0x00000000eb180000)
  object space 38400K, 30% used [0x00000000c1400000,0x00000000c1f6dbc0,0x00000000c3980000)
 Metaspace       used 26916K, capacity 27317K, committed 27648K, reserved 1073152K
  class space    used 3405K, capacity 3492K, committed 3584K, reserved 1048576K
GC Heap History (10 events):
Event: 6.683 GC heap before
{Heap before GC invocations=5 (full 0):
 PSYoungGen      total 35328K, used 35313K [0x00000000eb180000, 0x00000000ed680000, 0x0000000100000000)
  eden space 32768K, 100% used [0x00000000eb180000,0x00000000ed180000,0x00000000ed180000)
  from space 2560K, 99% used [0x00000000ed400000,0x00000000ed67c788,0x00000000ed680000)
  to   space 2560K, 0% used [0x00000000ed180000,0x00000000ed180000,0x00000000ed400000)
 ParOldGen       total 44032K, used 10389K [0x00000000c1400000, 0x00000000c3f00000, 0x00000000eb180000)
  object space 44032K, 23% used [0x00000000c1400000,0x00000000c1e255f0,0x00000000c3f00000)
 Metaspace       used 19687K, capacity 19896K, committed 19968K, reserved 1067008K
  class space    used 2460K, capacity 2489K, committed 2560K, reserved 1048576K
Event: 6.710 GC heap after
Heap after GC invocations=5 (full 0):
 PSYoungGen      total 35328K, used 2529K [0x00000000eb180000, 0x00000000f0280000, 0x0000000100000000)
  eden space 32768K, 0% used [0x00000000eb180000,0x00000000eb180000,0x00000000ed180000)
  from space 2560K, 98% used [0x00000000ed180000,0x00000000ed3f87a8,0x00000000ed400000)
  to   space 8704K, 0% used [0x00000000efa00000,0x00000000efa00000,0x00000000f0280000)
 ParOldGen       total 44032K, used 14925K [0x00000000c1400000, 0x00000000c3f00000, 0x00000000eb180000)
  object space 44032K, 33% used [0x00000000c1400000,0x00000000c2293630,0x00000000c3f00000)
 Metaspace       used 19687K, capacity 19896K, committed 19968K, reserved 1067008K
  class space    used 2460K, capacity 2489K, committed 2560K, reserved 1048576K
}
Event: 6.922 GC heap before
{Heap before GC invocations=6 (full 0):
 PSYoungGen      total 35328K, used 16012K [0x00000000eb180000, 0x00000000f0280000, 0x0000000100000000)
  eden space 32768K, 41% used [0x00000000eb180000,0x00000000ebeaabd8,0x00000000ed180000)
  from space 2560K, 98% used [0x00000000ed180000,0x00000000ed3f87a8,0x00000000ed400000)
  to   space 8704K, 0% used [0x00000000efa00000,0x00000000efa00000,0x00000000f0280000)
 ParOldGen       total 44032K, used 14925K [0x00000000c1400000, 0x00000000c3f00000, 0x00000000eb180000)
  object space 44032K, 33% used [0x00000000c1400000,0x00000000c2293630,0x00000000c3f00000)
 Metaspace       used 20915K, capacity 21191K, committed 21296K, reserved 1069056K
  class space    used 2602K, capacity 2688K, committed 2688K, reserved 1048576K
Event: 6.929 GC heap after
Heap after GC invocations=6 (full 0):
 PSYoungGen      total 74240K, used 3409K [0x00000000eb180000, 0x00000000f0280000, 0x0000000100000000)
  eden space 65536K, 0% used [0x00000000eb180000,0x00000000eb180000,0x00000000ef180000)
  from space 8704K, 39% used [0x00000000efa00000,0x00000000efd54798,0x00000000f0280000)
  to   space 8704K, 0% used [0x00000000ef180000,0x00000000ef180000,0x00000000efa00000)
 ParOldGen       total 44032K, used 14933K [0x00000000c1400000, 0x00000000c3f00000, 0x00000000eb180000)
  object space 44032K, 33% used [0x00000000c1400000,0x00000000c2295630,0x00000000c3f00000)
 Metaspace       used 20915K, capacity 21191K, committed 21296K, reserved 1069056K
  class space    used 2602K, capacity 2688K, committed 2688K, reserved 1048576K
}
Event: 6.929 GC heap before
{Heap before GC invocations=7 (full 1):
 PSYoungGen      total 74240K, used 3409K [0x00000000eb180000, 0x00000000f0280000, 0x0000000100000000)
  eden space 65536K, 0% used [0x00000000eb180000,0x00000000eb180000,0x00000000ef180000)
  from space 8704K, 39% used [0x00000000efa00000,0x00000000efd54798,0x00000000f0280000)
  to   space 8704K, 0% used [0x00000000ef180000,0x00000000ef180000,0x00000000efa00000)
 ParOldGen       total 44032K, used 14933K [0x00000000c1400000, 0x00000000c3f00000, 0x00000000eb180000)
  object space 44032K, 33% used [0x00000000c1400000,0x00000000c2295630,0x00000000c3f00000)
 Metaspace       used 20915K, capacity 21191K, committed 21296K, reserved 1069056K
  class space    used 2602K, capacity 2688K, committed 2688K, reserved 1048576K
Event: 6.998 GC heap after
Heap after GC invocations=7 (full 1):
 PSYoungGen      total 74240K, used 0K [0x00000000eb180000, 0x00000000f0280000, 0x0000000100000000)
  eden space 65536K, 0% used [0x00000000eb180000,0x00000000eb180000,0x00000000ef180000)
  from space 8704K, 0% used [0x00000000efa00000,0x00000000efa00000,0x00000000f0280000)
  to   space 8704K, 0% used [0x00000000ef180000,0x00000000ef180000,0x00000000efa00000)
 ParOldGen       total 38400K, used 11686K [0x00000000c1400000, 0x00000000c3980000, 0x00000000eb180000)
  object space 38400K, 30% used [0x00000000c1400000,0x00000000c1f69bc0,0x00000000c3980000)
 Metaspace       used 20915K, capacity 21191K, committed 21296K, reserved 1069056K
  class space    used 2602K, capacity 2688K, committed 2688K, reserved 1048576K
}
Event: 10.423 GC heap before
{Heap before GC invocations=8 (full 1):
 PSYoungGen      total 74240K, used 65536K [0x00000000eb180000, 0x00000000f0280000, 0x0000000100000000)
  eden space 65536K, 100% used [0x00000000eb180000,0x00000000ef180000,0x00000000ef180000)
  from space 8704K, 0% used [0x00000000efa00000,0x00000000efa00000,0x00000000f0280000)
  to   space 8704K, 0% used [0x00000000ef180000,0x00000000ef180000,0x00000000efa00000)
 ParOldGen       total 38400K, used 11686K [0x00000000c1400000, 0x00000000c3980000, 0x00000000eb180000)
  object space 38400K, 30% used [0x00000000c1400000,0x00000000c1f69bc0,0x00000000c3980000)
 Metaspace       used 23853K, capacity 24137K, committed 24448K, reserved 1071104K
  class space    used 3009K, capacity 3090K, committed 3200K, reserved 1048576K
Event: 10.431 GC heap after
Heap after GC invocations=8 (full 1):
 PSYoungGen      total 74240K, used 5264K [0x00000000eb180000, 0x00000000f2f80000, 0x0000000100000000)
  eden space 65536K, 0% used [0x00000000eb180000,0x00000000eb180000,0x00000000ef180000)
  from space 8704K, 60% used [0x00000000ef180000,0x00000000ef6a42a8,0x00000000efa00000)
  to   space 8192K, 0% used [0x00000000f2780000,0x00000000f2780000,0x00000000f2f80000)
 ParOldGen       total 38400K, used 11694K [0x00000000c1400000, 0x00000000c3980000, 0x00000000eb180000)
  object space 38400K, 30% used [0x00000000c1400000,0x00000000c1f6bbc0,0x00000000c3980000)
 Metaspace       used 23853K, capacity 24137K, committed 24448K, reserved 1071104K
  class space    used 3009K, capacity 3090K, committed 3200K, reserved 1048576K
}
Event: 10.690 GC heap before
{Heap before GC invocations=9 (full 1):
 PSYoungGen      total 74240K, used 70800K [0x00000000eb180000, 0x00000000f2f80000, 0x0000000100000000)
  eden space 65536K, 100% used [0x00000000eb180000,0x00000000ef180000,0x00000000ef180000)
  from space 8704K, 60% used [0x00000000ef180000,0x00000000ef6a42a8,0x00000000efa00000)
  to   space 8192K, 0% used [0x00000000f2780000,0x00000000f2780000,0x00000000f2f80000)
 ParOldGen       total 38400K, used 11694K [0x00000000c1400000, 0x00000000c3980000, 0x00000000eb180000)
  object space 38400K, 30% used [0x00000000c1400000,0x00000000c1f6bbc0,0x00000000c3980000)
 Metaspace       used 24323K, capacity 24667K, committed 24960K, reserved 1071104K
  class space    used 3073K, capacity 3157K, committed 3200K, reserved 1048576K
Event: 10.718 GC heap after
Heap after GC invocations=9 (full 1):
 PSYoungGen      total 120832K, used 4017K [0x00000000eb180000, 0x00000000f3580000, 0x0000000100000000)
  eden space 112640K, 0% used [0x00000000eb180000,0x00000000eb180000,0x00000000f1f80000)
  from space 8192K, 49% used [0x00000000f2780000,0x00000000f2b6c678,0x00000000f2f80000)
  to   space 8192K, 0% used [0x00000000f1f80000,0x00000000f1f80000,0x00000000f2780000)
 ParOldGen       total 38400K, used 11702K [0x00000000c1400000, 0x00000000c3980000, 0x00000000eb180000)
  object space 38400K, 30% used [0x00000000c1400000,0x00000000c1f6dbc0,0x00000000c3980000)
 Metaspace       used 24323K, capacity 24667K, committed 24960K, reserved 1071104K
  class space    used 3073K, capacity 3157K, committed 3200K, reserved 1048576K
}

