# JRE version: Java(TM) SE Runtime Environment (8.0_91-b15) (build 1.8.0_91-b15)
# Java VM: Java HotSpot(TM) 64-Bit Server VM (25.91-b15 mixed mode windows-amd64 compressed oops)
Heap:
 PSYoungGen      total 74240K, used 45408K [0x00000000eb180000, 0x00000000f3900000, 0x0000000100000000)
  eden space 65536K, 62% used [0x00000000eb180000,0x00000000ed9ab858,0x00000000ef180000)
  from space 8704K, 61% used [0x00000000ef180000,0x00000000ef6b9348,0x00000000efa00000)
  to   space 8192K, 0% used [0x00000000f3100000,0x00000000f3100000,0x00000000f3900000)
 ParOldGen       total 33792K, used 8984K [0x00000000c1400000, 0x00000000c3500000, 0x00000000eb180000)
  object space 33792K, 26% used [0x00000000c1400000,0x00000000c1cc6168,0x00000000c3500000)
 Metaspace       used 23954K, capacity 24303K, committed 24704K, reserved 1071104K
  class space    used 3030K, capacity 3123K, committed 3200K, reserved 1048576K
GC Heap History (10 events):
Event: 5.245 GC heap before
{Heap before GC invocations=4 (full 0):
 PSYoungGen      total 18944K, used 18929K [0x00000000eb180000, 0x00000000ed680000, 0x0000000100000000)
  eden space 16384K, 100% used [0x00000000eb180000,0x00000000ec180000,0x00000000ec180000)
  from space 2560K, 99% used [0x00000000ec180000,0x00000000ec3fc788,0x00000000ec400000)
  to   space 2560K, 0% used [0x00000000ed400000,0x00000000ed400000,0x00000000ed680000)
 ParOldGen       total 44032K, used 5272K [0x00000000c1400000, 0x00000000c3f00000, 0x00000000eb180000)
  object space 44032K, 11% used [0x00000000c1400000,0x00000000c1926140,0x00000000c3f00000)
 Metaspace       used 15163K, capacity 15404K, committed 15616K, reserved 1062912K
  class space    used 1902K, capacity 1952K, committed 2048K, reserved 1048576K
Event: 5.253 GC heap after
Heap after GC invocations=4 (full 0):
 PSYoungGen      total 35328K, used 2545K [0x00000000eb180000, 0x00000000ed680000, 0x0000000100000000)
  eden space 32768K, 0% used [0x00000000eb180000,0x00000000eb180000,0x00000000ed180000)
  from space 2560K, 99% used [0x00000000ed400000,0x00000000ed67c788,0x00000000ed680000)
  to   space 2560K, 0% used [0x00000000ed180000,0x00000000ed180000,0x00000000ed400000)
 ParOldGen       total 44032K, used 10103K [0x00000000c1400000, 0x00000000c3f00000, 0x00000000eb180000)
  object space 44032K, 22% used [0x00000000c1400000,0x00000000c1ddddc0,0x00000000c3f00000)
 Metaspace       used 15163K, capacity 15404K, committed 15616K, reserved 1062912K
  class space    used 1902K, capacity 1952K, committed 2048K, reserved 1048576K
}
Event: 5.720 GC heap before
{Heap before GC invocations=5 (full 0):
 PSYoungGen      total 35328K, used 35313K [0x00000000eb180000, 0x00000000ed680000, 0x0000000100000000)
  eden space 32768K, 100% used [0x00000000eb180000,0x00000000ed180000,0x00000000ed180000)
  from space 2560K, 99% used [0x00000000ed400000,0x00000000ed67c788,0x00000000ed680000)
  to   space 2560K, 0% used [0x00000000ed180000,0x00000000ed180000,0x00000000ed400000)
 ParOldGen       total 44032K, used 10103K [0x00000000c1400000, 0x00000000c3f00000, 0x00000000eb180000)
  object space 44032K, 22% used [0x00000000c1400000,0x00000000c1ddddc0,0x00000000c3f00000)
 Metaspace       used 19761K, capacity 19992K, committed 20224K, reserved 1067008K
  class space    used 2470K, capacity 2521K, committed 2560K, reserved 1048576K
Event: 5.741 GC heap after
Heap after GC invocations=5 (full 0):
 PSYoungGen      total 35328K, used 2529K [0x00000000eb180000, 0x00000000f0280000, 0x0000000100000000)
  eden space 32768K, 0% used [0x00000000eb180000,0x00000000eb180000,0x00000000ed180000)
  from space 2560K, 98% used [0x00000000ed180000,0x00000000ed3f8798,0x00000000ed400000)
  to   space 8704K, 0% used [0x00000000efa00000,0x00000000efa00000,0x00000000f0280000)
 ParOldGen       total 44032K, used 14894K [0x00000000c1400000, 0x00000000c3f00000, 0x00000000eb180000)
  object space 44032K, 33% used [0x00000000c1400000,0x00000000c228b9d0,0x00000000c3f00000)
 Metaspace       used 19761K, capacity 19992K, committed 20224K, reserved 1067008K
  class space    used 2470K, capacity 2521K, committed 2560K, reserved 1048576K
}
Event: 5.880 GC heap before
{Heap before GC invocations=6 (full 0):
 PSYoungGen      total 35328K, used 15954K [0x00000000eb180000, 0x00000000f0280000, 0x0000000100000000)
  eden space 32768K, 40% used [0x00000000eb180000,0x00000000ebe9c2f8,0x00000000ed180000)
  from space 2560K, 98% used [0x00000000ed180000,0x00000000ed3f8798,0x00000000ed400000)
  to   space 8704K, 0% used [0x00000000efa00000,0x00000000efa00000,0x00000000f0280000)
 ParOldGen       total 44032K, used 14894K [0x00000000c1400000, 0x00000000c3f00000, 0x00000000eb180000)
  object space 44032K, 33% used [0x00000000c1400000,0x00000000c228b9d0,0x00000000c3f00000)
 Metaspace       used 20836K, capacity 21127K, committed 21296K, reserved 1069056K
  class space    used 2603K, capacity 2688K, committed 2688K, reserved 1048576K
Event: 5.907 GC heap after
Heap after GC invocations=6 (full 0):
 PSYoungGen      total 74240K, used 3281K [0x00000000eb180000, 0x00000000f0280000, 0x0000000100000000)
  eden space 65536K, 0% used [0x00000000eb180000,0x00000000eb180000,0x00000000ef180000)
  from space 8704K, 37% used [0x00000000efa00000,0x00000000efd347a8,0x00000000f0280000)
  to   space 8704K, 0% used [0x00000000ef180000,0x00000000ef180000,0x00000000efa00000)
 ParOldGen       total 44032K, used 14902K [0x00000000c1400000, 0x00000000c3f00000, 0x00000000eb180000)
  object space 44032K, 33% used [0x00000000c1400000,0x00000000c228d9d0,0x00000000c3f00000)
 Metaspace       used 20836K, capacity 21127K, committed 21296K, reserved 1069056K
  class space    used 2603K, capacity 2688K, committed 2688K, reserved 1048576K
}
Event: 5.907 GC heap before
{Heap before GC invocations=7 (full 1):
 PSYoungGen      total 74240K, used 3281K [0x00000000eb180000, 0x00000000f0280000, 0x0000000100000000)
  eden space 65536K, 0% used [0x00000000eb180000,0x00000000eb180000,0x00000000ef180000)
  from space 8704K, 37% used [0x00000000efa00000,0x00000000efd347a8,0x00000000f0280000)
  to   space 8704K, 0% used [0x00000000ef180000,0x00000000ef180000,0x00000000efa00000)
 ParOldGen       total 44032K, used 14902K [0x00000000c1400000, 0x00000000c3f00000, 0x00000000eb180000)
  object space 44032K, 33% used [0x00000000c1400000,0x00000000c228d9d0,0x00000000c3f00000)
 Metaspace       used 20836K, capacity 21127K, committed 21296K, reserved 1069056K
  class space    used 2603K, capacity 2688K, committed 2688K, reserved 1048576K
Event: 5.949 GC heap after
Heap after GC invocations=7 (full 1):
 PSYoungGen      total 74240K, used 0K [0x00000000eb180000, 0x00000000f0280000, 0x0000000100000000)
  eden space 65536K, 0% used [0x00000000eb180000,0x00000000eb180000,0x00000000ef180000)
  from space 8704K, 0% used [0x00000000efa00000,0x00000000efa00000,0x00000000f0280000)
  to   space 8704K, 0% used [0x00000000ef180000,0x00000000ef180000,0x00000000efa00000)
 ParOldGen       total 33792K, used 8984K [0x00000000c1400000, 0x00000000c3500000, 0x00000000eb180000)
  object space 33792K, 26% used [0x00000000c1400000,0x00000000c1cc6168,0x00000000c3500000)
 Metaspace       used 20836K, capacity 21127K, committed 21296K, reserved 1069056K
  class space    used 2603K, capacity 2688K, committed 2688K, reserved 1048576K
}
Event: 7.305 GC heap before
{Heap before GC invocations=8 (full 1):
 PSYoungGen      total 74240K, used 65536K [0x00000000eb180000, 0x00000000f0280000, 0x0000000100000000)
  eden space 65536K, 100% used [0x00000000eb180000,0x00000000ef180000,0x00000000ef180000)
  from space 8704K, 0% used [0x00000000efa00000,0x00000000efa00000,0x00000000f0280000)
  to   space 8704K, 0% used [0x00000000ef180000,0x00000000ef180000,0x00000000efa00000)
 ParOldGen       total 33792K, used 8984K [0x00000000c1400000, 0x00000000c3500000, 0x00000000eb180000)
  object space 33792K, 26% used [0x00000000c1400000,0x00000000c1cc6168,0x00000000c3500000)
 Metaspace       used 23784K, capacity 24169K, committed 24448K, reserved 1071104K
  class space    used 3013K, capacity 3122K, committed 3200K, reserved 1048576K
Event: 7.325 GC heap after
Heap after GC invocations=8 (full 1):
 PSYoungGen      total 74240K, used 5348K [0x00000000eb180000, 0x00000000f3900000, 0x0000000100000000)
  eden space 65536K, 0% used [0x00000000eb180000,0x00000000eb180000,0x00000000ef180000)
  from space 8704K, 61% used [0x00000000ef180000,0x00000000ef6b9348,0x00000000efa00000)
  to   space 8192K, 0% used [0x00000000f3100000,0x00000000f3100000,0x00000000f3900000)
 ParOldGen       total 33792K, used 8984K [0x00000000c1400000, 0x00000000c3500000, 0x00000000eb180000)
  object space 33792K, 26% used [0x00000000c1400000,0x00000000c1cc6168,0x00000000c3500000)
 Metaspace       used 23784K, capacity 24169K, committed 24448K, reserved 1071104K
  class space    used 3013K, capacity 3122K, committed 3200K, reserved 1048576K
}

