# JRE version: Java(TM) SE Runtime Environment (8.0_91-b15) (build 1.8.0_91-b15)
# Java VM: Java HotSpot(TM) 64-Bit Server VM (25.91-b15 mixed mode windows-amd64 compressed oops)
Heap:
 PSYoungGen      total 130048K, used 44802K [0x00000000eb180000, 0x00000000f3a00000, 0x0000000100000000)
  eden space 123392K, 33% used [0x00000000eb180000,0x00000000ed95e5e8,0x00000000f2a00000)
  from space 6656K, 59% used [0x00000000f3380000,0x00000000f37622d0,0x00000000f3a00000)
  to   space 8192K, 0% used [0x00000000f2a00000,0x00000000f2a00000,0x00000000f3200000)
 ParOldGen       total 35840K, used 11223K [0x00000000c1400000, 0x00000000c3700000, 0x00000000eb180000)
  object space 35840K, 31% used [0x00000000c1400000,0x00000000c1ef5f28,0x00000000c3700000)
 Metaspace       used 24424K, capacity 24782K, committed 24960K, reserved 1071104K
  class space    used 3092K, capacity 3192K, committed 3200K, reserved 1048576K
GC Heap History (10 events):
Event: 4.214 GC heap before
{Heap before GC invocations=5 (full 0):
 PSYoungGen      total 35328K, used 35313K [0x00000000eb180000, 0x00000000ed680000, 0x0000000100000000)
  eden space 32768K, 100% used [0x00000000eb180000,0x00000000ed180000,0x00000000ed180000)
  from space 2560K, 99% used [0x00000000ed400000,0x00000000ed67c788,0x00000000ed680000)
  to   space 2560K, 0% used [0x00000000ed180000,0x00000000ed180000,0x00000000ed400000)
 ParOldGen       total 44032K, used 10330K [0x00000000c1400000, 0x00000000c3f00000, 0x00000000eb180000)
  object space 44032K, 23% used [0x00000000c1400000,0x00000000c1e169c8,0x00000000c3f00000)
 Metaspace       used 20799K, capacity 21126K, committed 21296K, reserved 1069056K
  class space    used 2586K, capacity 2668K, committed 2688K, reserved 1048576K
Event: 4.227 GC heap after
Heap after GC invocations=5 (full 0):
 PSYoungGen      total 35328K, used 2529K [0x00000000eb180000, 0x00000000f0280000, 0x0000000100000000)
  eden space 32768K, 0% used [0x00000000eb180000,0x00000000eb180000,0x00000000ed180000)
  from space 2560K, 98% used [0x00000000ed180000,0x00000000ed3f8798,0x00000000ed400000)
  to   space 8704K, 0% used [0x00000000efa00000,0x00000000efa00000,0x00000000f0280000)
 ParOldGen       total 44032K, used 15105K [0x00000000c1400000, 0x00000000c3f00000, 0x00000000eb180000)
  object space 44032K, 34% used [0x00000000c1400000,0x00000000c22c0458,0x00000000c3f00000)
 Metaspace       used 20799K, capacity 21126K, committed 21296K, reserved 1069056K
  class space    used 2586K, capacity 2668K, committed 2688K, reserved 1048576K
}
Event: 4.232 GC heap before
{Heap before GC invocations=6 (full 0):
 PSYoungGen      total 35328K, used 3522K [0x00000000eb180000, 0x00000000f0280000, 0x0000000100000000)
  eden space 32768K, 3% used [0x00000000eb180000,0x00000000eb278188,0x00000000ed180000)
  from space 2560K, 98% used [0x00000000ed180000,0x00000000ed3f8798,0x00000000ed400000)
  to   space 8704K, 0% used [0x00000000efa00000,0x00000000efa00000,0x00000000f0280000)
 ParOldGen       total 44032K, used 15105K [0x00000000c1400000, 0x00000000c3f00000, 0x00000000eb180000)
  object space 44032K, 34% used [0x00000000c1400000,0x00000000c22c0458,0x00000000c3f00000)
 Metaspace       used 20897K, capacity 21190K, committed 21296K, reserved 1069056K
  class space    used 2594K, capacity 2668K, committed 2688K, reserved 1048576K
Event: 4.238 GC heap after
Heap after GC invocations=6 (full 0):
 PSYoungGen      total 73728K, used 2657K [0x00000000eb180000, 0x00000000f0380000, 0x0000000100000000)
  eden space 65024K, 0% used [0x00000000eb180000,0x00000000eb180000,0x00000000ef100000)
  from space 8704K, 30% used [0x00000000efa00000,0x00000000efc987b8,0x00000000f0280000)
  to   space 9216K, 0% used [0x00000000ef100000,0x00000000ef100000,0x00000000efa00000)
 ParOldGen       total 44032K, used 15113K [0x00000000c1400000, 0x00000000c3f00000, 0x00000000eb180000)
  object space 44032K, 34% used [0x00000000c1400000,0x00000000c22c2458,0x00000000c3f00000)
 Metaspace       used 20897K, capacity 21190K, committed 21296K, reserved 1069056K
  class space    used 2594K, capacity 2668K, committed 2688K, reserved 1048576K
}
Event: 4.238 GC heap before
{Heap before GC invocations=7 (full 1):
 PSYoungGen      total 73728K, used 2657K [0x00000000eb180000, 0x00000000f0380000, 0x0000000100000000)
  eden space 65024K, 0% used [0x00000000eb180000,0x00000000eb180000,0x00000000ef100000)
  from space 8704K, 30% used [0x00000000efa00000,0x00000000efc987b8,0x00000000f0280000)
  to   space 9216K, 0% used [0x00000000ef100000,0x00000000ef100000,0x00000000efa00000)
 ParOldGen       total 44032K, used 15113K [0x00000000c1400000, 0x00000000c3f00000, 0x00000000eb180000)
  object space 44032K, 34% used [0x00000000c1400000,0x00000000c22c2458,0x00000000c3f00000)
 Metaspace       used 20897K, capacity 21190K, committed 21296K, reserved 1069056K
  class space    used 2594K, capacity 2668K, committed 2688K, reserved 1048576K
Event: 4.279 GC heap after
Heap after GC invocations=7 (full 1):
 PSYoungGen      total 73728K, used 0K [0x00000000eb180000, 0x00000000f0380000, 0x0000000100000000)
  eden space 65024K, 0% used [0x00000000eb180000,0x00000000eb180000,0x00000000ef100000)
  from space 8704K, 0% used [0x00000000efa00000,0x00000000efa00000,0x00000000f0280000)
  to   space 9216K, 0% used [0x00000000ef100000,0x00000000ef100000,0x00000000efa00000)
 ParOldGen       total 35840K, used 11207K [0x00000000c1400000, 0x00000000c3700000, 0x00000000eb180000)
  object space 35840K, 31% used [0x00000000c1400000,0x00000000c1ef1f28,0x00000000c3700000)
 Metaspace       used 20897K, capacity 21190K, committed 21296K, reserved 1069056K
  class space    used 2594K, capacity 2668K, committed 2688K, reserved 1048576K
}
Event: 7.187 GC heap before
{Heap before GC invocations=8 (full 1):
 PSYoungGen      total 73728K, used 65024K [0x00000000eb180000, 0x00000000f0380000, 0x0000000100000000)
  eden space 65024K, 100% used [0x00000000eb180000,0x00000000ef100000,0x00000000ef100000)
  from space 8704K, 0% used [0x00000000efa00000,0x00000000efa00000,0x00000000f0280000)
  to   space 9216K, 0% used [0x00000000ef100000,0x00000000ef100000,0x00000000efa00000)
 ParOldGen       total 35840K, used 11207K [0x00000000c1400000, 0x00000000c3700000, 0x00000000eb180000)
  object space 35840K, 31% used [0x00000000c1400000,0x00000000c1ef1f28,0x00000000c3700000)
 Metaspace       used 23702K, capacity 24004K, committed 24192K, reserved 1071104K
  class space    used 3002K, capacity 3089K, committed 3200K, reserved 1048576K
Event: 7.194 GC heap after
Heap after GC invocations=8 (full 1):
 PSYoungGen      total 74240K, used 4650K [0x00000000eb180000, 0x00000000f3c00000, 0x0000000100000000)
  eden space 65024K, 0% used [0x00000000eb180000,0x00000000eb180000,0x00000000ef100000)
  from space 9216K, 50% used [0x00000000ef100000,0x00000000ef58a960,0x00000000efa00000)
  to   space 8704K, 0% used [0x00000000f3380000,0x00000000f3380000,0x00000000f3c00000)
 ParOldGen       total 35840K, used 11215K [0x00000000c1400000, 0x00000000c3700000, 0x00000000eb180000)
  object space 35840K, 31% used [0x00000000c1400000,0x00000000c1ef3f28,0x00000000c3700000)
 Metaspace       used 23702K, capacity 24004K, committed 24192K, reserved 1071104K
  class space    used 3002K, capacity 3089K, committed 3200K, reserved 1048576K
}
Event: 7.473 GC heap before
{Heap before GC invocations=9 (full 1):
 PSYoungGen      total 74240K, used 69674K [0x00000000eb180000, 0x00000000f3c00000, 0x0000000100000000)
  eden space 65024K, 100% used [0x00000000eb180000,0x00000000ef100000,0x00000000ef100000)
  from space 9216K, 50% used [0x00000000ef100000,0x00000000ef58a960,0x00000000efa00000)
  to   space 8704K, 0% used [0x00000000f3380000,0x00000000f3380000,0x00000000f3c00000)
 ParOldGen       total 35840K, used 11215K [0x00000000c1400000, 0x00000000c3700000, 0x00000000eb180000)
  object space 35840K, 31% used [0x00000000c1400000,0x00000000c1ef3f28,0x00000000c3700000)
 Metaspace       used 24117K, capacity 24470K, committed 24704K, reserved 1071104K
  class space    used 3051K, capacity 3156K, committed 3200K, reserved 1048576K
Event: 7.480 GC heap after
Heap after GC invocations=9 (full 1):
 PSYoungGen      total 130048K, used 3976K [0x00000000eb180000, 0x00000000f3a00000, 0x0000000100000000)
  eden space 123392K, 0% used [0x00000000eb180000,0x00000000eb180000,0x00000000f2a00000)
  from space 6656K, 59% used [0x00000000f3380000,0x00000000f37622d0,0x00000000f3a00000)
  to   space 8192K, 0% used [0x00000000f2a00000,0x00000000f2a00000,0x00000000f3200000)
 ParOldGen       total 35840K, used 11223K [0x00000000c1400000, 0x00000000c3700000, 0x00000000eb180000)
  object space 35840K, 31% used [0x00000000c1400000,0x00000000c1ef5f28,0x00000000c3700000)
 Metaspace       used 24117K, capacity 24470K, committed 24704K, reserved 1071104K
  class space    used 3051K, capacity 3156K, committed 3200K, reserved 1048576K
}

